<?xml version="1.0" encoding="UTF-8"?>
<coverage generated="1499322672318" clover="3.2.0">
  <project timestamp="1499322672318" name="All files">
    <metrics statements="4768" coveredstatements="557" conditionals="3098" coveredconditionals="170" methods="931" coveredmethods="76" elements="8797" coveredelements="803" complexity="0" loc="4768" ncloc="4768" packages="18" files="54" classes="54">
      <package name="common">
        <metrics statements="20" coveredstatements="4" conditionals="9" coveredconditionals="0" methods="8" coveredmethods="1"/>
        <file name="Navigation.js" path="/Users/Elf/ReactNative/payever-mobile-rn/src/common/Navigation.js">
          <metrics statements="20" coveredstatements="4" conditionals="9" coveredconditionals="0" methods="8" coveredmethods="1"/>
          <line num="10" count="1" type="stmt"/>
          <line num="12" count="1" type="stmt"/>
          <line num="25" count="0" type="stmt"/>
          <line num="28" count="0" type="stmt"/>
          <line num="29" count="0" type="cond" truecount="0" falsecount="2"/>
          <line num="31" count="0" type="stmt"/>
          <line num="32" count="0" type="stmt"/>
          <line num="37" count="0" type="stmt"/>
          <line num="38" count="0" type="cond" truecount="0" falsecount="2"/>
          <line num="39" count="0" type="stmt"/>
          <line num="43" count="0" type="stmt"/>
          <line num="48" count="0" type="stmt"/>
          <line num="49" count="0" type="cond" truecount="0" falsecount="2"/>
          <line num="50" count="0" type="stmt"/>
          <line num="55" count="0" type="stmt"/>
          <line num="75" count="0" type="stmt"/>
          <line num="83" count="0" type="stmt"/>
          <line num="94" count="1" type="stmt"/>
          <line num="95" count="1" type="stmt"/>
          <line num="96" count="0" type="stmt"/>
        </file>
      </package>
      <package name="common.api.MessengerApi">
        <metrics statements="200" coveredstatements="10" conditionals="106" coveredconditionals="0" methods="66" coveredmethods="0"/>
        <file name="SocketApi.js" path="/Users/Elf/ReactNative/payever-mobile-rn/src/common/api/MessengerApi/SocketApi.js">
          <metrics statements="44" coveredstatements="0" conditionals="36" coveredconditionals="0" methods="22" coveredmethods="0"/>
          <line num="9" count="0" type="stmt"/>
          <line num="10" count="0" type="stmt"/>
          <line num="11" count="0" type="stmt"/>
          <line num="12" count="0" type="stmt"/>
          <line num="24" count="0" type="cond" truecount="0" falsecount="4"/>
          <line num="26" count="0" type="stmt"/>
          <line num="27" count="0" type="stmt"/>
          <line num="30" count="0" type="stmt"/>
          <line num="31" count="0" type="stmt"/>
          <line num="34" count="0" type="stmt"/>
          <line num="35" count="0" type="stmt"/>
          <line num="38" count="0" type="stmt"/>
          <line num="42" count="0" type="stmt"/>
          <line num="55" count="0" type="stmt"/>
          <line num="65" count="0" type="stmt"/>
          <line num="71" count="0" type="stmt"/>
          <line num="75" count="0" type="cond" truecount="0" falsecount="2"/>
          <line num="76" count="0" type="stmt"/>
          <line num="79" count="0" type="stmt"/>
          <line num="85" count="0" type="stmt"/>
          <line num="91" count="0" type="cond" truecount="0" falsecount="2"/>
          <line num="93" count="0" type="stmt"/>
          <line num="99" count="0" type="stmt"/>
          <line num="109" count="0" type="stmt"/>
          <line num="115" count="0" type="stmt"/>
          <line num="121" count="0" type="stmt"/>
          <line num="127" count="0" type="stmt"/>
          <line num="133" count="0" type="stmt"/>
          <line num="139" count="0" type="stmt"/>
          <line num="145" count="0" type="stmt"/>
          <line num="146" count="0" type="cond" truecount="0" falsecount="3"/>
          <line num="148" count="0" type="stmt"/>
          <line num="152" count="0" type="stmt"/>
          <line num="153" count="0" type="stmt"/>
          <line num="154" count="0" type="cond" truecount="0" falsecount="2"/>
          <line num="155" count="0" type="stmt"/>
          <line num="157" count="0" type="cond" truecount="0" falsecount="2"/>
          <line num="158" count="0" type="stmt"/>
          <line num="165" count="0" type="stmt"/>
          <line num="172" count="0" type="stmt"/>
          <line num="173" count="0" type="stmt"/>
          <line num="174" count="0" type="stmt"/>
          <line num="179" count="0" type="stmt"/>
          <line num="183" count="0" type="stmt"/>
        </file>
        <file name="WampClient.js" path="/Users/Elf/ReactNative/payever-mobile-rn/src/common/api/MessengerApi/WampClient.js">
          <metrics statements="128" coveredstatements="10" conditionals="59" coveredconditionals="0" methods="25" coveredmethods="0"/>
          <line num="5" count="1" type="stmt"/>
          <line num="6" count="1" type="stmt"/>
          <line num="7" count="1" type="stmt"/>
          <line num="8" count="1" type="stmt"/>
          <line num="9" count="1" type="stmt"/>
          <line num="10" count="1" type="stmt"/>
          <line num="11" count="1" type="stmt"/>
          <line num="12" count="1" type="stmt"/>
          <line num="13" count="1" type="stmt"/>
          <line num="15" count="1" type="stmt"/>
          <line num="39" count="0" type="stmt"/>
          <line num="41" count="0" type="stmt"/>
          <line num="42" count="0" type="stmt"/>
          <line num="44" count="0" type="stmt"/>
          <line num="45" count="0" type="stmt"/>
          <line num="46" count="0" type="stmt"/>
          <line num="48" count="0" type="stmt"/>
          <line num="49" count="0" type="stmt"/>
          <line num="53" count="0" type="cond" truecount="0" falsecount="2"/>
          <line num="57" count="0" type="stmt"/>
          <line num="59" count="0" type="cond" truecount="0" falsecount="2"/>
          <line num="60" count="0" type="stmt"/>
          <line num="63" count="0" type="stmt"/>
          <line num="67" count="0" type="stmt"/>
          <line num="68" count="0" type="stmt"/>
          <line num="69" count="0" type="stmt"/>
          <line num="73" count="0" type="cond" truecount="0" falsecount="2"/>
          <line num="74" count="0" type="cond" truecount="0" falsecount="2"/>
          <line num="76" count="0" type="stmt"/>
          <line num="78" count="0" type="stmt"/>
          <line num="82" count="0" type="stmt"/>
          <line num="87" count="0" type="cond" truecount="0" falsecount="2"/>
          <line num="88" count="0" type="stmt"/>
          <line num="91" count="0" type="stmt"/>
          <line num="96" count="0" type="cond" truecount="0" falsecount="2"/>
          <line num="97" count="0" type="stmt"/>
          <line num="102" count="0" type="stmt"/>
          <line num="103" count="0" type="stmt"/>
          <line num="104" count="0" type="stmt"/>
          <line num="106" count="0" type="stmt"/>
          <line num="107" count="0" type="stmt"/>
          <line num="110" count="0" type="stmt"/>
          <line num="112" count="0" type="cond" truecount="0" falsecount="2"/>
          <line num="113" count="0" type="stmt"/>
          <line num="117" count="0" type="cond" truecount="0" falsecount="4"/>
          <line num="119" count="0" type="stmt"/>
          <line num="120" count="0" type="stmt"/>
          <line num="124" count="0" type="stmt"/>
          <line num="125" count="0" type="stmt"/>
          <line num="130" count="0" type="stmt"/>
          <line num="131" count="0" type="stmt"/>
          <line num="132" count="0" type="stmt"/>
          <line num="134" count="0" type="stmt"/>
          <line num="135" count="0" type="cond" truecount="0" falsecount="2"/>
          <line num="136" count="0" type="stmt"/>
          <line num="137" count="0" type="stmt"/>
          <line num="138" count="0" type="cond" truecount="0" falsecount="2"/>
          <line num="139" count="0" type="stmt"/>
          <line num="143" count="0" type="cond" truecount="0" falsecount="2"/>
          <line num="144" count="0" type="stmt"/>
          <line num="145" count="0" type="stmt"/>
          <line num="146" count="0" type="stmt"/>
          <line num="147" count="0" type="cond" truecount="0" falsecount="2"/>
          <line num="148" count="0" type="stmt"/>
          <line num="149" count="0" type="stmt"/>
          <line num="152" count="0" type="cond" truecount="0" falsecount="2"/>
          <line num="153" count="0" type="stmt"/>
          <line num="155" count="0" type="stmt"/>
          <line num="157" count="0" type="stmt"/>
          <line num="163" count="0" type="stmt"/>
          <line num="164" count="0" type="cond" truecount="0" falsecount="2"/>
          <line num="165" count="0" type="stmt"/>
          <line num="170" count="0" type="cond" truecount="0" falsecount="2"/>
          <line num="171" count="0" type="stmt"/>
          <line num="178" count="0" type="stmt"/>
          <line num="179" count="0" type="stmt"/>
          <line num="180" count="0" type="cond" truecount="0" falsecount="2"/>
          <line num="181" count="0" type="stmt"/>
          <line num="187" count="0" type="stmt"/>
          <line num="190" count="0" type="cond" truecount="0" falsecount="2"/>
          <line num="191" count="0" type="stmt"/>
          <line num="192" count="0" type="stmt"/>
          <line num="193" count="0" type="stmt"/>
          <line num="195" count="0" type="cond" truecount="0" falsecount="2"/>
          <line num="196" count="0" type="stmt"/>
          <line num="197" count="0" type="stmt"/>
          <line num="202" count="0" type="stmt"/>
          <line num="204" count="0" type="stmt"/>
          <line num="213" count="0" type="stmt"/>
          <line num="216" count="0" type="stmt"/>
          <line num="217" count="0" type="stmt"/>
          <line num="218" count="0" type="stmt"/>
          <line num="219" count="0" type="stmt"/>
          <line num="220" count="0" type="cond" truecount="0" falsecount="2"/>
          <line num="222" count="0" type="stmt"/>
          <line num="223" count="0" type="cond" truecount="0" falsecount="2"/>
          <line num="225" count="0" type="stmt"/>
          <line num="231" count="0" type="stmt"/>
          <line num="232" count="0" type="stmt"/>
          <line num="233" count="0" type="stmt"/>
          <line num="237" count="0" type="stmt"/>
          <line num="238" count="0" type="stmt"/>
          <line num="242" count="0" type="cond" truecount="0" falsecount="2"/>
          <line num="243" count="0" type="stmt"/>
          <line num="245" count="0" type="cond" truecount="0" falsecount="4"/>
          <line num="246" count="0" type="stmt"/>
          <line num="251" count="0" type="stmt"/>
          <line num="252" count="0" type="cond" truecount="0" falsecount="2"/>
          <line num="253" count="0" type="stmt"/>
          <line num="254" count="0" type="stmt"/>
          <line num="255" count="0" type="cond" truecount="0" falsecount="2"/>
          <line num="258" count="0" type="stmt"/>
          <line num="260" count="0" type="cond" truecount="0" falsecount="2"/>
          <line num="261" count="0" type="stmt"/>
          <line num="266" count="0" type="stmt"/>
          <line num="270" count="0" type="stmt"/>
          <line num="271" count="0" type="stmt"/>
          <line num="272" count="0" type="stmt"/>
          <line num="273" count="0" type="stmt"/>
          <line num="274" count="0" type="stmt"/>
          <line num="275" count="0" type="cond" truecount="0" falsecount="2"/>
          <line num="276" count="0" type="stmt"/>
          <line num="278" count="0" type="stmt"/>
          <line num="281" count="0" type="stmt"/>
          <line num="282" count="0" type="stmt"/>
          <line num="283" count="0" type="cond" truecount="0" falsecount="2"/>
          <line num="284" count="0" type="stmt"/>
          <line num="285" count="0" type="stmt"/>
        </file>
        <file name="index.js" path="/Users/Elf/ReactNative/payever-mobile-rn/src/common/api/MessengerApi/index.js">
          <metrics statements="28" coveredstatements="0" conditionals="11" coveredconditionals="0" methods="19" coveredmethods="0"/>
          <line num="15" count="0" type="stmt"/>
          <line num="19" count="0" type="stmt"/>
          <line num="23" count="0" type="stmt"/>
          <line num="27" count="0" type="cond" truecount="0" falsecount="2"/>
          <line num="28" count="0" type="stmt"/>
          <line num="31" count="0" type="stmt"/>
          <line num="33" count="0" type="stmt"/>
          <line num="34" count="0" type="stmt"/>
          <line num="35" count="0" type="stmt"/>
          <line num="42" count="0" type="cond" truecount="0" falsecount="2"/>
          <line num="43" count="0" type="stmt"/>
          <line num="45" count="0" type="stmt"/>
          <line num="53" count="0" type="stmt"/>
          <line num="64" count="0" type="stmt"/>
          <line num="72" count="0" type="stmt"/>
          <line num="80" count="0" type="stmt"/>
          <line num="84" count="0" type="stmt"/>
          <line num="99" count="0" type="stmt"/>
          <line num="112" count="0" type="stmt"/>
          <line num="120" count="0" type="stmt"/>
          <line num="138" count="0" type="stmt"/>
          <line num="160" count="0" type="cond" truecount="0" falsecount="2"/>
          <line num="162" count="0" type="stmt"/>
          <line num="171" count="0" type="stmt"/>
          <line num="181" count="0" type="stmt"/>
          <line num="196" count="0" type="stmt"/>
          <line num="197" count="0" type="stmt"/>
          <line num="199" count="0" type="stmt"/>
        </file>
      </package>
      <package name="common.ui">
        <metrics statements="73" coveredstatements="19" conditionals="50" coveredconditionals="10" methods="19" coveredmethods="4"/>
        <file name="Button.js" path="/Users/Elf/ReactNative/payever-mobile-rn/src/common/ui/Button.js">
          <metrics statements="22" coveredstatements="1" conditionals="22" coveredconditionals="0" methods="3" coveredmethods="0"/>
          <line num="23" count="0" type="stmt"/>
          <line num="25" count="0" type="cond" truecount="0" falsecount="2"/>
          <line num="27" count="0" type="stmt"/>
          <line num="33" count="0" type="stmt"/>
          <line num="34" count="0" type="stmt"/>
          <line num="36" count="0" type="cond" truecount="0" falsecount="4"/>
          <line num="38" count="0" type="cond" truecount="0" falsecount="4"/>
          <line num="39" count="0" type="stmt"/>
          <line num="44" count="0" type="cond" truecount="0" falsecount="4"/>
          <line num="45" count="0" type="stmt"/>
          <line num="54" count="0" type="stmt"/>
          <line num="55" count="0" type="stmt"/>
          <line num="56" count="0" type="stmt"/>
          <line num="58" count="0" type="cond" truecount="0" falsecount="2"/>
          <line num="59" count="0" type="stmt"/>
          <line num="62" count="0" type="cond" truecount="0" falsecount="2"/>
          <line num="63" count="0" type="stmt"/>
          <line num="66" count="0" type="cond" truecount="0" falsecount="2"/>
          <line num="67" count="0" type="stmt"/>
          <line num="68" count="0" type="stmt"/>
          <line num="71" count="0" type="stmt"/>
          <line num="89" count="1" type="stmt"/>
        </file>
        <file name="DataSource.js" path="/Users/Elf/ReactNative/payever-mobile-rn/src/common/ui/DataSource.js">
          <metrics statements="14" coveredstatements="8" conditionals="12" coveredconditionals="6" methods="6" coveredmethods="3"/>
          <line num="11" count="1" type="stmt"/>
          <line num="18" count="1" type="stmt"/>
          <line num="19" count="1" type="cond" truecount="2" falsecount="0"/>
          <line num="21" count="1" type="stmt"/>
          <line num="25" count="0" type="cond" truecount="0" falsecount="2"/>
          <line num="26" count="0" type="stmt"/>
          <line num="30" count="0" type="cond" truecount="0" falsecount="2"/>
          <line num="31" count="0" type="stmt"/>
          <line num="35" count="3" type="cond" truecount="2" falsecount="0"/>
          <line num="36" count="3" type="stmt"/>
          <line num="40" count="2" type="cond" truecount="2" falsecount="0"/>
          <line num="41" count="2" type="stmt"/>
          <line num="45" count="0" type="cond" truecount="0" falsecount="2"/>
          <line num="46" count="0" type="stmt"/>
        </file>
        <file name="Loader.js" path="/Users/Elf/ReactNative/payever-mobile-rn/src/common/ui/Loader.js">
          <metrics statements="22" coveredstatements="1" conditionals="8" coveredconditionals="0" methods="7" coveredmethods="0"/>
          <line num="16" count="0" type="stmt"/>
          <line num="17" count="0" type="stmt"/>
          <line num="21" count="0" type="stmt"/>
          <line num="26" count="0" type="stmt"/>
          <line num="27" count="0" type="stmt"/>
          <line num="33" count="0" type="stmt"/>
          <line num="37" count="0" type="stmt"/>
          <line num="38" count="0" type="cond" truecount="0" falsecount="2"/>
          <line num="39" count="0" type="stmt"/>
          <line num="43" count="0" type="stmt"/>
          <line num="48" count="0" type="stmt"/>
          <line num="60" count="0" type="stmt"/>
          <line num="61" count="0" type="cond" truecount="0" falsecount="2"/>
          <line num="62" count="0" type="cond" truecount="0" falsecount="2"/>
          <line num="63" count="0" type="stmt"/>
          <line num="65" count="0" type="stmt"/>
          <line num="67" count="0" type="stmt"/>
          <line num="71" count="0" type="stmt"/>
          <line num="72" count="0" type="cond" truecount="0" falsecount="2"/>
          <line num="73" count="0" type="stmt"/>
          <line num="75" count="0" type="stmt"/>
          <line num="79" count="1" type="stmt"/>
        </file>
        <file name="StyleSheet.js" path="/Users/Elf/ReactNative/payever-mobile-rn/src/common/ui/StyleSheet.js">
          <metrics statements="10" coveredstatements="7" conditionals="8" coveredconditionals="4" methods="1" coveredmethods="1"/>
          <line num="5" count="1" type="stmt"/>
          <line num="9" count="1" type="stmt"/>
          <line num="34" count="1" type="stmt"/>
          <line num="37" count="1" type="cond" truecount="1" falsecount="1"/>
          <line num="38" count="0" type="stmt"/>
          <line num="41" count="1" type="cond" truecount="1" falsecount="1"/>
          <line num="42" count="0" type="stmt"/>
          <line num="45" count="1" type="cond" truecount="1" falsecount="1"/>
          <line num="46" count="0" type="stmt"/>
          <line num="49" count="1" type="stmt"/>
        </file>
        <file name="Text.js" path="/Users/Elf/ReactNative/payever-mobile-rn/src/common/ui/Text.js">
          <metrics statements="2" coveredstatements="1" conditionals="0" coveredconditionals="0" methods="1" coveredmethods="0"/>
          <line num="14" count="0" type="stmt"/>
          <line num="23" count="1" type="stmt"/>
        </file>
        <file name="TextButton.js" path="/Users/Elf/ReactNative/payever-mobile-rn/src/common/ui/TextButton.js">
          <metrics statements="3" coveredstatements="1" conditionals="0" coveredconditionals="0" methods="1" coveredmethods="0"/>
          <line num="16" count="0" type="stmt"/>
          <line num="18" count="0" type="stmt"/>
          <line num="33" count="1" type="stmt"/>
        </file>
      </package>
      <package name="common.ui.Html">
        <metrics statements="30" coveredstatements="29" conditionals="17" coveredconditionals="14" methods="5" coveredmethods="5"/>
        <file name="parseHtml.js" path="/Users/Elf/ReactNative/payever-mobile-rn/src/common/ui/Html/parseHtml.js">
          <metrics statements="30" coveredstatements="29" conditionals="17" coveredconditionals="14" methods="5" coveredmethods="5"/>
          <line num="4" count="1" type="stmt"/>
          <line num="11" count="1" type="stmt"/>
          <line num="16" count="1" type="stmt"/>
          <line num="24" count="1" type="stmt"/>
          <line num="26" count="1" type="stmt"/>
          <line num="34" count="2" type="stmt"/>
          <line num="36" count="2" type="cond" truecount="1" falsecount="1"/>
          <line num="38" count="2" type="cond" truecount="2" falsecount="0"/>
          <line num="39" count="1" type="stmt"/>
          <line num="42" count="2" type="stmt"/>
          <line num="46" count="1" type="stmt"/>
          <line num="50" count="1" type="stmt"/>
          <line num="52" count="1" type="stmt"/>
          <line num="54" count="1" type="stmt"/>
          <line num="55" count="1" type="stmt"/>
          <line num="56" count="1" type="stmt"/>
          <line num="60" count="3" type="stmt"/>
          <line num="61" count="3" type="cond" truecount="2" falsecount="0"/>
          <line num="62" count="3" type="stmt"/>
          <line num="63" count="3" type="stmt"/>
          <line num="64" count="3" type="cond" truecount="2" falsecount="0"/>
          <line num="65" count="1" type="stmt"/>
          <line num="70" count="2" type="stmt"/>
          <line num="71" count="2" type="cond" truecount="4" falsecount="0"/>
          <line num="72" count="1" type="stmt"/>
          <line num="75" count="1" type="stmt"/>
          <line num="76" count="1" type="stmt"/>
          <line num="77" count="1" type="cond" truecount="1" falsecount="1"/>
          <line num="78" count="0" type="stmt"/>
          <line num="80" count="1" type="stmt"/>
        </file>
      </package>
      <package name="common.ui.Html.vendors">
        <metrics statements="3652" coveredstatements="439" conditionals="2443" coveredconditionals="110" methods="584" coveredmethods="60"/>
        <file name="htmlparser2.js" path="/Users/Elf/ReactNative/payever-mobile-rn/src/common/ui/Html/vendors/htmlparser2.js">
          <metrics statements="3652" coveredstatements="439" conditionals="2443" coveredconditionals="110" methods="584" coveredmethods="60"/>
          <line num="2" count="1" type="stmt"/>
          <line num="3" count="1" type="cond" truecount="3" falsecount="1"/>
          <line num="4" count="1" type="stmt"/>
          <line num="5" count="0" type="cond" truecount="0" falsecount="4"/>
          <line num="6" count="0" type="stmt"/>
          <line num="9" count="0" type="cond" truecount="0" falsecount="2"/>
          <line num="10" count="0" type="stmt"/>
          <line num="11" count="0" type="cond" truecount="0" falsecount="2"/>
          <line num="12" count="0" type="stmt"/>
          <line num="13" count="0" type="cond" truecount="0" falsecount="2"/>
          <line num="14" count="0" type="stmt"/>
          <line num="16" count="0" type="stmt"/>
          <line num="18" count="0" type="stmt"/>
          <line num="22" count="1" type="stmt"/>
          <line num="24" count="20" type="cond" truecount="2" falsecount="0"/>
          <line num="25" count="17" type="cond" truecount="1" falsecount="1"/>
          <line num="26" count="0" type="cond" truecount="0" falsecount="2"/>
          <line num="27" count="0" type="cond" truecount="0" falsecount="4"/>
          <line num="28" count="0" type="cond" truecount="0" falsecount="2"/>
          <line num="29" count="0" type="stmt"/>
          <line num="30" count="0" type="stmt"/>
          <line num="32" count="17" type="stmt"/>
          <line num="33" count="17" type="stmt"/>
          <line num="34" count="19" type="stmt"/>
          <line num="35" count="19" type="cond" truecount="1" falsecount="1"/>
          <line num="38" count="20" type="stmt"/>
          <line num="41" count="1" type="cond" truecount="2" falsecount="0"/>
          <line num="42" count="1" type="stmt"/>
          <line num="43" count="1" type="stmt"/>
          <line num="46" count="0" type="stmt"/>
          <line num="49" count="0" type="cond" truecount="0" falsecount="2"/>
          <line num="50" count="0" type="stmt"/>
          <line num="53" count="0" type="stmt"/>
          <line num="54" count="0" type="stmt"/>
          <line num="55" count="0" type="cond" truecount="0" falsecount="2"/>
          <line num="56" count="0" type="stmt"/>
          <line num="57" count="0" type="stmt"/>
          <line num="58" count="0" type="stmt"/>
          <line num="59" count="0" type="cond" truecount="0" falsecount="2"/>
          <line num="61" count="0" type="cond" truecount="0" falsecount="2"/>
          <line num="62" count="0" type="stmt"/>
          <line num="63" count="0" type="stmt"/>
          <line num="64" count="0" type="stmt"/>
          <line num="65" count="0" type="cond" truecount="0" falsecount="2"/>
          <line num="67" count="0" type="cond" truecount="0" falsecount="2"/>
          <line num="68" count="0" type="stmt"/>
          <line num="69" count="0" type="stmt"/>
          <line num="70" count="0" type="stmt"/>
          <line num="71" count="0" type="cond" truecount="0" falsecount="2"/>
          <line num="74" count="0" type="stmt"/>
          <line num="78" count="0" type="stmt"/>
          <line num="79" count="0" type="stmt"/>
          <line num="80" count="0" type="cond" truecount="0" falsecount="2"/>
          <line num="83" count="0" type="stmt"/>
          <line num="84" count="0" type="cond" truecount="0" falsecount="2"/>
          <line num="86" count="0" type="stmt"/>
          <line num="87" count="0" type="cond" truecount="0" falsecount="2"/>
          <line num="89" count="0" type="stmt"/>
          <line num="91" count="0" type="cond" truecount="0" falsecount="2"/>
          <line num="92" count="0" type="stmt"/>
          <line num="93" count="0" type="cond" truecount="0" falsecount="2"/>
          <line num="94" count="0" type="stmt"/>
          <line num="96" count="0" type="stmt"/>
          <line num="104" count="0" type="stmt"/>
          <line num="105" count="0" type="stmt"/>
          <line num="106" count="0" type="stmt"/>
          <line num="110" count="0" type="stmt"/>
          <line num="113" count="0" type="stmt"/>
          <line num="115" count="0" type="stmt"/>
          <line num="118" count="0" type="stmt"/>
          <line num="122" count="0" type="stmt"/>
          <line num="126" count="0" type="stmt"/>
          <line num="132" count="0" type="stmt"/>
          <line num="133" count="0" type="cond" truecount="0" falsecount="2"/>
          <line num="136" count="0" type="stmt"/>
          <line num="137" count="0" type="cond" truecount="0" falsecount="3"/>
          <line num="140" count="0" type="stmt"/>
          <line num="141" count="0" type="stmt"/>
          <line num="142" count="0" type="stmt"/>
          <line num="145" count="0" type="cond" truecount="0" falsecount="2"/>
          <line num="146" count="0" type="cond" truecount="0" falsecount="2"/>
          <line num="147" count="0" type="stmt"/>
          <line num="149" count="0" type="stmt"/>
          <line num="150" count="0" type="stmt"/>
          <line num="151" count="0" type="stmt"/>
          <line num="152" count="0" type="cond" truecount="0" falsecount="5"/>
          <line num="153" count="0" type="stmt"/>
          <line num="154" count="0" type="cond" truecount="0" falsecount="2"/>
          <line num="155" count="0" type="stmt"/>
          <line num="157" count="0" type="stmt"/>
          <line num="158" count="0" type="stmt"/>
          <line num="160" count="0" type="stmt"/>
          <line num="162" count="0" type="stmt"/>
          <line num="163" count="0" type="stmt"/>
          <line num="164" count="0" type="cond" truecount="0" falsecount="5"/>
          <line num="165" count="0" type="cond" truecount="0" falsecount="4"/>
          <line num="166" count="0" type="cond" truecount="0" falsecount="2"/>
          <line num="167" count="0" type="stmt"/>
          <line num="170" count="0" type="stmt"/>
          <line num="172" count="0" type="stmt"/>
          <line num="173" count="0" type="stmt"/>
          <line num="174" count="0" type="stmt"/>
          <line num="175" count="0" type="stmt"/>
          <line num="176" count="0" type="stmt"/>
          <line num="177" count="0" type="cond" truecount="0" falsecount="2"/>
          <line num="178" count="0" type="stmt"/>
          <line num="180" count="0" type="stmt"/>
          <line num="181" count="0" type="stmt"/>
          <line num="183" count="0" type="stmt"/>
          <line num="185" count="0" type="stmt"/>
          <line num="186" count="0" type="stmt"/>
          <line num="187" count="0" type="stmt"/>
          <line num="188" count="0" type="stmt"/>
          <line num="189" count="0" type="cond" truecount="0" falsecount="2"/>
          <line num="190" count="0" type="stmt"/>
          <line num="194" count="0" type="stmt"/>
          <line num="195" count="0" type="stmt"/>
          <line num="200" count="0" type="stmt"/>
          <line num="204" count="1" type="stmt"/>
          <line num="229" count="1" type="stmt"/>
          <line num="239" count="1" type="stmt"/>
          <line num="262" count="1" type="stmt"/>
          <line num="296" count="1" type="stmt"/>
          <line num="299" count="1" type="cond" truecount="1" falsecount="1"/>
          <line num="300" count="1" type="cond" truecount="1" falsecount="1"/>
          <line num="302" count="1" type="stmt"/>
          <line num="303" count="1" type="stmt"/>
          <line num="304" count="1" type="stmt"/>
          <line num="305" count="1" type="stmt"/>
          <line num="306" count="1" type="stmt"/>
          <line num="308" count="1" type="stmt"/>
          <line num="309" count="1" type="stmt"/>
          <line num="311" count="1" type="cond" truecount="1" falsecount="1"/>
          <line num="314" count="1" type="cond" truecount="1" falsecount="1"/>
          <line num="318" count="1" type="stmt"/>
          <line num="320" count="1" type="cond" truecount="1" falsecount="1"/>
          <line num="323" count="1" type="stmt"/>
          <line num="325" count="1" type="stmt"/>
          <line num="326" count="4" type="cond" truecount="2" falsecount="0"/>
          <line num="327" count="1" type="cond" truecount="1" falsecount="1"/>
          <line num="328" count="1" type="stmt"/>
          <line num="330" count="0" type="stmt"/>
          <line num="333" count="3" type="stmt"/>
          <line num="334" count="4" type="stmt"/>
          <line num="338" count="1" type="stmt"/>
          <line num="339" count="2" type="stmt"/>
          <line num="340" count="2" type="stmt"/>
          <line num="342" count="2" type="cond" truecount="1" falsecount="1"/>
          <line num="345" count="1" type="stmt"/>
          <line num="346" count="1" type="cond" truecount="1" falsecount="1"/>
          <line num="347" count="1" type="stmt"/>
          <line num="350" count="1" type="stmt"/>
          <line num="352" count="1" type="cond" truecount="3" falsecount="1"/>
          <line num="353" count="0" type="stmt"/>
          <line num="360" count="1" type="cond" truecount="3" falsecount="1"/>
          <line num="361" count="1" type="stmt"/>
          <line num="364" count="1" type="cond" truecount="1" falsecount="1"/>
          <line num="365" count="1" type="cond" truecount="1" falsecount="1"/>
          <line num="368" count="1" type="stmt"/>
          <line num="369" count="1" type="stmt"/>
          <line num="371" count="1" type="cond" truecount="1" falsecount="1"/>
          <line num="372" count="1" type="cond" truecount="1" falsecount="1"/>
          <line num="373" count="1" type="stmt"/>
          <line num="376" count="1" type="cond" truecount="4" falsecount="1"/>
          <line num="377" count="0" type="stmt"/>
          <line num="380" count="1" type="stmt"/>
          <line num="383" count="1" type="stmt"/>
          <line num="384" count="1" type="stmt"/>
          <line num="386" count="1" type="cond" truecount="1" falsecount="1"/>
          <line num="387" count="1" type="stmt"/>
          <line num="390" count="1" type="cond" truecount="3" falsecount="2"/>
          <line num="391" count="1" type="stmt"/>
          <line num="392" count="1" type="cond" truecount="1" falsecount="1"/>
          <line num="393" count="1" type="cond" truecount="1" falsecount="1"/>
          <line num="394" count="1" type="stmt"/>
          <line num="395" count="1" type="stmt"/>
          <line num="397" count="0" type="stmt"/>
          <line num="398" count="0" type="cond" truecount="0" falsecount="4"/>
          <line num="399" count="0" type="stmt"/>
          <line num="400" count="0" type="stmt"/>
          <line num="402" count="0" type="cond" truecount="0" falsecount="5"/>
          <line num="403" count="0" type="stmt"/>
          <line num="404" count="0" type="stmt"/>
          <line num="408" count="1" type="stmt"/>
          <line num="409" count="0" type="cond" truecount="0" falsecount="4"/>
          <line num="410" count="0" type="stmt"/>
          <line num="412" count="0" type="stmt"/>
          <line num="416" count="1" type="stmt"/>
          <line num="417" count="0" type="stmt"/>
          <line num="419" count="0" type="stmt"/>
          <line num="423" count="0" type="cond" truecount="0" falsecount="2"/>
          <line num="424" count="0" type="cond" truecount="0" falsecount="2"/>
          <line num="425" count="0" type="stmt"/>
          <line num="427" count="0" type="stmt"/>
          <line num="431" count="1" type="stmt"/>
          <line num="432" count="0" type="cond" truecount="0" falsecount="2"/>
          <line num="433" count="0" type="stmt"/>
          <line num="435" count="0" type="stmt"/>
          <line num="438" count="1" type="stmt"/>
          <line num="439" count="0" type="stmt"/>
          <line num="442" count="1" type="stmt"/>
          <line num="443" count="0" type="cond" truecount="0" falsecount="2"/>
          <line num="444" count="0" type="cond" truecount="0" falsecount="2"/>
          <line num="447" count="0" type="stmt"/>
          <line num="449" count="0" type="stmt"/>
          <line num="450" count="0" type="stmt"/>
          <line num="453" count="1" type="stmt"/>
          <line num="454" count="0" type="stmt"/>
          <line num="455" count="0" type="cond" truecount="0" falsecount="2"/>
          <line num="457" count="0" type="cond" truecount="0" falsecount="2"/>
          <line num="458" count="0" type="stmt"/>
          <line num="461" count="0" type="stmt"/>
          <line num="464" count="1" type="stmt"/>
          <line num="465" count="0" type="cond" truecount="0" falsecount="2"/>
          <line num="466" count="0" type="stmt"/>
          <line num="467" count="0" type="stmt"/>
          <line num="471" count="1" type="stmt"/>
          <line num="472" count="0" type="cond" truecount="0" falsecount="2"/>
          <line num="473" count="0" type="stmt"/>
          <line num="474" count="0" type="stmt"/>
          <line num="478" count="1" type="stmt"/>
          <line num="479" count="0" type="stmt"/>
          <line num="481" count="0" type="cond" truecount="0" falsecount="2"/>
          <line num="482" count="0" type="cond" truecount="0" falsecount="2"/>
          <line num="485" count="1" type="stmt"/>
          <line num="486" count="0" type="stmt"/>
          <line num="488" count="0" type="cond" truecount="0" falsecount="4"/>
          <line num="489" count="0" type="cond" truecount="0" falsecount="2"/>
          <line num="490" count="0" type="cond" truecount="0" falsecount="2"/>
          <line num="491" count="0" type="cond" truecount="0" falsecount="2"/>
          <line num="493" count="0" type="stmt"/>
          <line num="497" count="1" type="stmt"/>
          <line num="498" count="0" type="cond" truecount="0" falsecount="2"/>
          <line num="501" count="1" type="stmt"/>
          <line num="502" count="1" type="cond" truecount="1" falsecount="1"/>
          <line num="503" count="1" type="stmt"/>
          <line num="509" count="1" type="cond" truecount="1" falsecount="1"/>
          <line num="514" count="1" type="stmt"/>
          <line num="515" count="0" type="cond" truecount="0" falsecount="2"/>
          <line num="516" count="0" type="stmt"/>
          <line num="518" count="0" type="stmt"/>
          <line num="519" count="0" type="stmt"/>
          <line num="520" count="0" type="stmt"/>
          <line num="521" count="0" type="stmt"/>
          <line num="523" count="0" type="cond" truecount="0" falsecount="2"/>
          <line num="527" count="1" type="stmt"/>
          <line num="528" count="0" type="stmt"/>
          <line num="529" count="0" type="stmt"/>
          <line num="532" count="1" type="stmt"/>
          <line num="533" count="1" type="stmt"/>
          <line num="536" count="1" type="stmt"/>
          <line num="537" count="1" type="stmt"/>
          <line num="540" count="1" type="stmt"/>
          <line num="541" count="0" type="stmt"/>
          <line num="544" count="1" type="stmt"/>
          <line num="545" count="0" type="stmt"/>
          <line num="549" count="1" type="stmt"/>
          <line num="550" count="1" type="stmt"/>
          <line num="552" count="1" type="stmt"/>
          <line num="556" count="0" type="stmt"/>
          <line num="559" count="0" type="cond" truecount="0" falsecount="2"/>
          <line num="562" count="0" type="stmt"/>
          <line num="563" count="0" type="stmt"/>
          <line num="564" count="0" type="cond" truecount="0" falsecount="2"/>
          <line num="565" count="0" type="stmt"/>
          <line num="566" count="0" type="stmt"/>
          <line num="567" count="0" type="cond" truecount="0" falsecount="2"/>
          <line num="569" count="0" type="cond" truecount="0" falsecount="2"/>
          <line num="570" count="0" type="stmt"/>
          <line num="571" count="0" type="stmt"/>
          <line num="572" count="0" type="cond" truecount="0" falsecount="2"/>
          <line num="574" count="0" type="cond" truecount="0" falsecount="2"/>
          <line num="575" count="0" type="stmt"/>
          <line num="576" count="0" type="stmt"/>
          <line num="577" count="0" type="cond" truecount="0" falsecount="2"/>
          <line num="580" count="0" type="stmt"/>
          <line num="585" count="0" type="stmt"/>
          <line num="587" count="0" type="stmt"/>
          <line num="590" count="0" type="stmt"/>
          <line num="593" count="0" type="stmt"/>
          <line num="595" count="0" type="stmt"/>
          <line num="598" count="0" type="stmt"/>
          <line num="601" count="0" type="stmt"/>
          <line num="603" count="0" type="stmt"/>
          <line num="604" count="0" type="cond" truecount="0" falsecount="2"/>
          <line num="605" count="0" type="stmt"/>
          <line num="606" count="0" type="stmt"/>
          <line num="608" count="0" type="cond" truecount="0" falsecount="2"/>
          <line num="609" count="0" type="stmt"/>
          <line num="610" count="0" type="stmt"/>
          <line num="612" count="0" type="cond" truecount="0" falsecount="2"/>
          <line num="613" count="0" type="stmt"/>
          <line num="614" count="0" type="stmt"/>
          <line num="617" count="0" type="stmt"/>
          <line num="622" count="1" type="stmt"/>
          <line num="624" count="1" type="stmt"/>
          <line num="625" count="1" type="stmt"/>
          <line num="626" count="1" type="stmt"/>
          <line num="627" count="1" type="stmt"/>
          <line num="629" count="1" type="stmt"/>
          <line num="631" count="1" type="stmt"/>
          <line num="632" count="1" type="stmt"/>
          <line num="633" count="1" type="stmt"/>
          <line num="634" count="1" type="stmt"/>
          <line num="635" count="1" type="stmt"/>
          <line num="636" count="1" type="stmt"/>
          <line num="637" count="1" type="stmt"/>
          <line num="640" count="1" type="stmt"/>
          <line num="641" count="1" type="stmt"/>
          <line num="642" count="1" type="stmt"/>
          <line num="643" count="1" type="stmt"/>
          <line num="644" count="1" type="stmt"/>
          <line num="645" count="1" type="stmt"/>
          <line num="646" count="1" type="stmt"/>
          <line num="649" count="1" type="stmt"/>
          <line num="650" count="1" type="stmt"/>
          <line num="653" count="1" type="stmt"/>
          <line num="656" count="1" type="stmt"/>
          <line num="657" count="1" type="stmt"/>
          <line num="658" count="1" type="stmt"/>
          <line num="659" count="1" type="stmt"/>
          <line num="662" count="1" type="stmt"/>
          <line num="663" count="1" type="stmt"/>
          <line num="664" count="1" type="stmt"/>
          <line num="665" count="1" type="stmt"/>
          <line num="666" count="1" type="stmt"/>
          <line num="667" count="1" type="stmt"/>
          <line num="668" count="1" type="stmt"/>
          <line num="669" count="1" type="stmt"/>
          <line num="670" count="1" type="stmt"/>
          <line num="673" count="1" type="stmt"/>
          <line num="674" count="1" type="stmt"/>
          <line num="676" count="1" type="stmt"/>
          <line num="677" count="1" type="stmt"/>
          <line num="678" count="1" type="stmt"/>
          <line num="679" count="1" type="stmt"/>
          <line num="680" count="1" type="stmt"/>
          <line num="681" count="1" type="stmt"/>
          <line num="682" count="1" type="stmt"/>
          <line num="683" count="1" type="stmt"/>
          <line num="684" count="1" type="stmt"/>
          <line num="685" count="1" type="stmt"/>
          <line num="687" count="1" type="stmt"/>
          <line num="688" count="1" type="stmt"/>
          <line num="689" count="1" type="stmt"/>
          <line num="690" count="1" type="stmt"/>
          <line num="691" count="1" type="stmt"/>
          <line num="692" count="1" type="stmt"/>
          <line num="693" count="1" type="stmt"/>
          <line num="694" count="1" type="stmt"/>
          <line num="696" count="1" type="stmt"/>
          <line num="697" count="1" type="stmt"/>
          <line num="698" count="1" type="stmt"/>
          <line num="699" count="1" type="stmt"/>
          <line num="700" count="1" type="stmt"/>
          <line num="702" count="1" type="stmt"/>
          <line num="704" count="1" type="stmt"/>
          <line num="705" count="1" type="stmt"/>
          <line num="706" count="1" type="stmt"/>
          <line num="709" count="2" type="cond" truecount="5" falsecount="0"/>
          <line num="713" count="1" type="stmt"/>
          <line num="714" count="0" type="cond" truecount="0" falsecount="2"/>
          <line num="719" count="14" type="stmt"/>
          <line num="721" count="14" type="cond" truecount="2" falsecount="0"/>
          <line num="722" count="1" type="stmt"/>
          <line num="723" count="0" type="cond" truecount="0" falsecount="2"/>
          <line num="724" count="0" type="stmt"/>
          <line num="726" count="0" type="stmt"/>
          <line num="727" count="0" type="stmt"/>
          <line num="731" count="13" type="stmt"/>
          <line num="732" count="0" type="cond" truecount="0" falsecount="4"/>
          <line num="733" count="0" type="stmt"/>
          <line num="735" count="0" type="stmt"/>
          <line num="736" count="0" type="stmt"/>
          <line num="743" count="7" type="stmt"/>
          <line num="745" count="7" type="stmt"/>
          <line num="746" count="0" type="cond" truecount="0" falsecount="4"/>
          <line num="747" count="0" type="stmt"/>
          <line num="749" count="0" type="stmt"/>
          <line num="750" count="0" type="stmt"/>
          <line num="756" count="1" type="stmt"/>
          <line num="757" count="1" type="stmt"/>
          <line num="758" count="1" type="stmt"/>
          <line num="759" count="1" type="stmt"/>
          <line num="760" count="1" type="stmt"/>
          <line num="761" count="1" type="stmt"/>
          <line num="762" count="1" type="stmt"/>
          <line num="763" count="1" type="stmt"/>
          <line num="764" count="1" type="stmt"/>
          <line num="765" count="1" type="stmt"/>
          <line num="766" count="1" type="cond" truecount="2" falsecount="0"/>
          <line num="767" count="1" type="cond" truecount="2" falsecount="0"/>
          <line num="770" count="1" type="stmt"/>
          <line num="771" count="11" type="cond" truecount="2" falsecount="0"/>
          <line num="772" count="2" type="cond" truecount="2" falsecount="0"/>
          <line num="773" count="1" type="stmt"/>
          <line num="775" count="2" type="stmt"/>
          <line num="776" count="2" type="stmt"/>
          <line num="777" count="9" type="cond" truecount="4" falsecount="1"/>
          <line num="778" count="0" type="cond" truecount="0" falsecount="2"/>
          <line num="779" count="0" type="stmt"/>
          <line num="781" count="0" type="stmt"/>
          <line num="782" count="0" type="stmt"/>
          <line num="783" count="0" type="stmt"/>
          <line num="787" count="1" type="stmt"/>
          <line num="788" count="2" type="cond" truecount="2" falsecount="0"/>
          <line num="789" count="1" type="stmt"/>
          <line num="790" count="1" type="cond" truecount="4" falsecount="1"/>
          <line num="791" count="0" type="stmt"/>
          <line num="792" count="1" type="cond" truecount="1" falsecount="1"/>
          <line num="793" count="0" type="stmt"/>
          <line num="794" count="0" type="stmt"/>
          <line num="795" count="1" type="cond" truecount="1" falsecount="1"/>
          <line num="796" count="0" type="stmt"/>
          <line num="797" count="0" type="stmt"/>
          <line num="798" count="1" type="cond" truecount="1" falsecount="1"/>
          <line num="799" count="0" type="stmt"/>
          <line num="800" count="0" type="stmt"/>
          <line num="802" count="1" type="cond" truecount="4" falsecount="1"/>
          <line num="804" count="1" type="stmt"/>
          <line num="808" count="1" type="stmt"/>
          <line num="809" count="1" type="cond" truecount="3" falsecount="2"/>
          <line num="810" count="1" type="stmt"/>
          <line num="811" count="1" type="stmt"/>
          <line num="812" count="1" type="stmt"/>
          <line num="816" count="1" type="stmt"/>
          <line num="817" count="1" type="cond" truecount="1" falsecount="1"/>
          <line num="818" count="1" type="cond" truecount="1" falsecount="1"/>
          <line num="819" count="0" type="stmt"/>
          <line num="820" count="1" type="cond" truecount="1" falsecount="1"/>
          <line num="821" count="0" type="cond" truecount="0" falsecount="4"/>
          <line num="822" count="0" type="stmt"/>
          <line num="824" count="0" type="stmt"/>
          <line num="825" count="0" type="stmt"/>
          <line num="828" count="1" type="stmt"/>
          <line num="829" count="1" type="stmt"/>
          <line num="833" count="1" type="stmt"/>
          <line num="834" count="1" type="cond" truecount="2" falsecount="2"/>
          <line num="835" count="1" type="stmt"/>
          <line num="836" count="1" type="stmt"/>
          <line num="837" count="1" type="stmt"/>
          <line num="841" count="1" type="stmt"/>
          <line num="843" count="1" type="cond" truecount="1" falsecount="1"/>
          <line num="844" count="1" type="stmt"/>
          <line num="845" count="1" type="stmt"/>
          <line num="849" count="1" type="stmt"/>
          <line num="850" count="1" type="cond" truecount="1" falsecount="1"/>
          <line num="851" count="1" type="stmt"/>
          <line num="852" count="1" type="stmt"/>
          <line num="853" count="1" type="stmt"/>
          <line num="854" count="0" type="cond" truecount="0" falsecount="2"/>
          <line num="855" count="0" type="stmt"/>
          <line num="856" count="0" type="cond" truecount="0" falsecount="2"/>
          <line num="857" count="0" type="stmt"/>
          <line num="858" count="0" type="stmt"/>
          <line num="862" count="1" type="stmt"/>
          <line num="863" count="0" type="cond" truecount="0" falsecount="2"/>
          <line num="864" count="0" type="stmt"/>
          <line num="865" count="0" type="stmt"/>
          <line num="866" count="0" type="stmt"/>
          <line num="867" count="0" type="cond" truecount="0" falsecount="2"/>
          <line num="868" count="0" type="stmt"/>
          <line num="869" count="0" type="stmt"/>
          <line num="873" count="1" type="stmt"/>
          <line num="874" count="0" type="cond" truecount="0" falsecount="6"/>
          <line num="875" count="0" type="stmt"/>
          <line num="876" count="0" type="stmt"/>
          <line num="877" count="0" type="stmt"/>
          <line num="878" count="0" type="stmt"/>
          <line num="882" count="1" type="stmt"/>
          <line num="883" count="0" type="cond" truecount="0" falsecount="2"/>
          <line num="884" count="0" type="stmt"/>
          <line num="885" count="0" type="cond" truecount="0" falsecount="4"/>
          <line num="886" count="0" type="stmt"/>
          <line num="887" count="0" type="stmt"/>
          <line num="888" count="0" type="stmt"/>
          <line num="889" count="0" type="cond" truecount="0" falsecount="2"/>
          <line num="890" count="0" type="stmt"/>
          <line num="891" count="0" type="stmt"/>
          <line num="892" count="0" type="stmt"/>
          <line num="896" count="1" type="stmt"/>
          <line num="897" count="0" type="cond" truecount="0" falsecount="2"/>
          <line num="898" count="0" type="stmt"/>
          <line num="899" count="0" type="stmt"/>
          <line num="900" count="0" type="cond" truecount="0" falsecount="2"/>
          <line num="901" count="0" type="stmt"/>
          <line num="902" count="0" type="stmt"/>
          <line num="903" count="0" type="cond" truecount="0" falsecount="2"/>
          <line num="904" count="0" type="stmt"/>
          <line num="905" count="0" type="stmt"/>
          <line num="906" count="0" type="stmt"/>
          <line num="910" count="1" type="stmt"/>
          <line num="911" count="0" type="cond" truecount="0" falsecount="2"/>
          <line num="912" count="0" type="stmt"/>
          <line num="913" count="0" type="stmt"/>
          <line num="914" count="0" type="stmt"/>
          <line num="915" count="0" type="cond" truecount="0" falsecount="4"/>
          <line num="916" count="0" type="stmt"/>
          <line num="917" count="0" type="stmt"/>
          <line num="918" count="0" type="stmt"/>
          <line num="919" count="0" type="stmt"/>
          <line num="923" count="1" type="stmt"/>
          <line num="924" count="0" type="cond" truecount="0" falsecount="2"/>
          <line num="925" count="0" type="stmt"/>
          <line num="926" count="0" type="stmt"/>
          <line num="927" count="0" type="stmt"/>
          <line num="928" count="0" type="cond" truecount="0" falsecount="4"/>
          <line num="929" count="0" type="stmt"/>
          <line num="930" count="0" type="stmt"/>
          <line num="931" count="0" type="stmt"/>
          <line num="932" count="0" type="stmt"/>
          <line num="936" count="1" type="stmt"/>
          <line num="937" count="0" type="cond" truecount="0" falsecount="4"/>
          <line num="938" count="0" type="stmt"/>
          <line num="939" count="0" type="stmt"/>
          <line num="940" count="0" type="stmt"/>
          <line num="941" count="0" type="stmt"/>
          <line num="942" count="0" type="cond" truecount="0" falsecount="4"/>
          <line num="943" count="0" type="stmt"/>
          <line num="944" count="0" type="stmt"/>
          <line num="945" count="0" type="stmt"/>
          <line num="946" count="0" type="stmt"/>
          <line num="950" count="1" type="stmt"/>
          <line num="951" count="0" type="cond" truecount="0" falsecount="2"/>
          <line num="956" count="1" type="stmt"/>
          <line num="957" count="0" type="cond" truecount="0" falsecount="2"/>
          <line num="958" count="0" type="stmt"/>
          <line num="959" count="0" type="stmt"/>
          <line num="960" count="0" type="stmt"/>
          <line num="964" count="1" type="stmt"/>
          <line num="965" count="0" type="cond" truecount="0" falsecount="2"/>
          <line num="966" count="0" type="stmt"/>
          <line num="967" count="0" type="stmt"/>
          <line num="968" count="0" type="stmt"/>
          <line num="972" count="1" type="stmt"/>
          <line num="973" count="0" type="cond" truecount="0" falsecount="2"/>
          <line num="974" count="0" type="stmt"/>
          <line num="975" count="0" type="stmt"/>
          <line num="977" count="0" type="stmt"/>
          <line num="981" count="1" type="stmt"/>
          <line num="982" count="0" type="cond" truecount="0" falsecount="2"/>
          <line num="985" count="1" type="stmt"/>
          <line num="986" count="0" type="cond" truecount="0" falsecount="2"/>
          <line num="987" count="0" type="stmt"/>
          <line num="989" count="0" type="stmt"/>
          <line num="993" count="1" type="stmt"/>
          <line num="994" count="0" type="cond" truecount="0" falsecount="2"/>
          <line num="996" count="0" type="stmt"/>
          <line num="997" count="0" type="stmt"/>
          <line num="998" count="0" type="stmt"/>
          <line num="999" count="0" type="cond" truecount="0" falsecount="2"/>
          <line num="1000" count="0" type="stmt"/>
          <line num="1005" count="1" type="stmt"/>
          <line num="1006" count="1" type="stmt"/>
          <line num="1007" count="1" type="stmt"/>
          <line num="1008" count="1" type="stmt"/>
          <line num="1009" count="1" type="stmt"/>
          <line num="1011" count="1" type="stmt"/>
          <line num="1012" count="0" type="cond" truecount="0" falsecount="2"/>
          <line num="1013" count="0" type="stmt"/>
          <line num="1014" count="0" type="stmt"/>
          <line num="1016" count="0" type="stmt"/>
          <line num="1017" count="0" type="stmt"/>
          <line num="1021" count="1" type="stmt"/>
          <line num="1022" count="0" type="cond" truecount="0" falsecount="2"/>
          <line num="1025" count="1" type="stmt"/>
          <line num="1027" count="1" type="stmt"/>
          <line num="1028" count="0" type="cond" truecount="0" falsecount="2"/>
          <line num="1030" count="0" type="stmt"/>
          <line num="1031" count="0" type="stmt"/>
          <line num="1032" count="0" type="stmt"/>
          <line num="1033" count="0" type="cond" truecount="0" falsecount="2"/>
          <line num="1034" count="0" type="stmt"/>
          <line num="1039" count="1" type="stmt"/>
          <line num="1040" count="0" type="cond" truecount="0" falsecount="4"/>
          <line num="1041" count="0" type="stmt"/>
          <line num="1042" count="0" type="cond" truecount="0" falsecount="4"/>
          <line num="1043" count="0" type="stmt"/>
          <line num="1045" count="0" type="stmt"/>
          <line num="1046" count="0" type="stmt"/>
          <line num="1050" count="1" type="stmt"/>
          <line num="1051" count="0" type="cond" truecount="0" falsecount="5"/>
          <line num="1052" count="0" type="stmt"/>
          <line num="1053" count="0" type="cond" truecount="0" falsecount="5"/>
          <line num="1054" count="0" type="stmt"/>
          <line num="1056" count="0" type="stmt"/>
          <line num="1059" count="1" type="stmt"/>
          <line num="1060" count="1" type="stmt"/>
          <line num="1061" count="1" type="stmt"/>
          <line num="1062" count="1" type="stmt"/>
          <line num="1064" count="1" type="stmt"/>
          <line num="1065" count="0" type="cond" truecount="0" falsecount="5"/>
          <line num="1066" count="0" type="stmt"/>
          <line num="1068" count="0" type="stmt"/>
          <line num="1069" count="0" type="stmt"/>
          <line num="1072" count="1" type="stmt"/>
          <line num="1073" count="1" type="stmt"/>
          <line num="1074" count="1" type="stmt"/>
          <line num="1075" count="1" type="stmt"/>
          <line num="1077" count="1" type="stmt"/>
          <line num="1078" count="0" type="cond" truecount="0" falsecount="4"/>
          <line num="1079" count="0" type="stmt"/>
          <line num="1080" count="0" type="stmt"/>
          <line num="1081" count="0" type="stmt"/>
          <line num="1082" count="0" type="stmt"/>
          <line num="1084" count="0" type="stmt"/>
          <line num="1087" count="1" type="stmt"/>
          <line num="1088" count="1" type="stmt"/>
          <line num="1089" count="1" type="stmt"/>
          <line num="1091" count="1" type="stmt"/>
          <line num="1092" count="0" type="cond" truecount="0" falsecount="5"/>
          <line num="1093" count="0" type="stmt"/>
          <line num="1095" count="0" type="stmt"/>
          <line num="1096" count="0" type="stmt"/>
          <line num="1099" count="1" type="stmt"/>
          <line num="1100" count="1" type="stmt"/>
          <line num="1101" count="1" type="stmt"/>
          <line num="1103" count="1" type="stmt"/>
          <line num="1104" count="0" type="cond" truecount="0" falsecount="4"/>
          <line num="1105" count="0" type="stmt"/>
          <line num="1106" count="0" type="stmt"/>
          <line num="1107" count="0" type="stmt"/>
          <line num="1108" count="0" type="stmt"/>
          <line num="1110" count="0" type="stmt"/>
          <line num="1113" count="1" type="stmt"/>
          <line num="1114" count="1" type="stmt"/>
          <line num="1117" count="1" type="stmt"/>
          <line num="1119" count="0" type="cond" truecount="0" falsecount="2"/>
          <line num="1120" count="0" type="stmt"/>
          <line num="1121" count="0" type="cond" truecount="0" falsecount="2"/>
          <line num="1123" count="0" type="cond" truecount="0" falsecount="2"/>
          <line num="1124" count="0" type="stmt"/>
          <line num="1125" count="0" type="stmt"/>
          <line num="1132" count="1" type="stmt"/>
          <line num="1133" count="0" type="stmt"/>
          <line num="1134" count="0" type="stmt"/>
          <line num="1136" count="0" type="cond" truecount="0" falsecount="2"/>
          <line num="1138" count="0" type="stmt"/>
          <line num="1139" count="0" type="stmt"/>
          <line num="1141" count="0" type="cond" truecount="0" falsecount="2"/>
          <line num="1142" count="0" type="stmt"/>
          <line num="1143" count="0" type="stmt"/>
          <line num="1144" count="0" type="stmt"/>
          <line num="1146" count="0" type="stmt"/>
          <line num="1151" count="1" type="stmt"/>
          <line num="1152" count="0" type="cond" truecount="0" falsecount="2"/>
          <line num="1153" count="0" type="stmt"/>
          <line num="1154" count="0" type="cond" truecount="0" falsecount="4"/>
          <line num="1155" count="0" type="stmt"/>
          <line num="1157" count="0" type="stmt"/>
          <line num="1158" count="0" type="cond" truecount="0" falsecount="8"/>
          <line num="1159" count="0" type="cond" truecount="0" falsecount="2"/>
          <line num="1160" count="0" type="cond" truecount="0" falsecount="2"/>
          <line num="1161" count="0" type="cond" truecount="0" falsecount="2"/>
          <line num="1162" count="0" type="cond" truecount="0" falsecount="2"/>
          <line num="1163" count="0" type="stmt"/>
          <line num="1166" count="0" type="stmt"/>
          <line num="1169" count="0" type="stmt"/>
          <line num="1170" count="0" type="stmt"/>
          <line num="1174" count="1" type="stmt"/>
          <line num="1175" count="0" type="stmt"/>
          <line num="1177" count="0" type="cond" truecount="0" falsecount="2"/>
          <line num="1179" count="0" type="stmt"/>
          <line num="1180" count="0" type="stmt"/>
          <line num="1182" count="0" type="stmt"/>
          <line num="1183" count="0" type="stmt"/>
          <line num="1185" count="0" type="stmt"/>
          <line num="1188" count="0" type="stmt"/>
          <line num="1191" count="1" type="stmt"/>
          <line num="1192" count="0" type="cond" truecount="0" falsecount="2"/>
          <line num="1193" count="0" type="stmt"/>
          <line num="1194" count="0" type="stmt"/>
          <line num="1195" count="0" type="cond" truecount="0" falsecount="4"/>
          <line num="1196" count="0" type="cond" truecount="0" falsecount="2"/>
          <line num="1197" count="0" type="stmt"/>
          <line num="1199" count="0" type="stmt"/>
          <line num="1201" count="0" type="stmt"/>
          <line num="1205" count="1" type="stmt"/>
          <line num="1206" count="0" type="cond" truecount="0" falsecount="2"/>
          <line num="1207" count="0" type="stmt"/>
          <line num="1208" count="0" type="stmt"/>
          <line num="1209" count="0" type="cond" truecount="0" falsecount="8"/>
          <line num="1210" count="0" type="cond" truecount="0" falsecount="2"/>
          <line num="1211" count="0" type="stmt"/>
          <line num="1213" count="0" type="stmt"/>
          <line num="1215" count="0" type="stmt"/>
          <line num="1219" count="1" type="stmt"/>
          <line num="1220" count="1" type="cond" truecount="1" falsecount="1"/>
          <line num="1221" count="0" type="stmt"/>
          <line num="1222" count="0" type="stmt"/>
          <line num="1223" count="0" type="stmt"/>
          <line num="1224" count="1" type="cond" truecount="1" falsecount="1"/>
          <line num="1225" count="1" type="cond" truecount="1" falsecount="1"/>
          <line num="1226" count="1" type="cond" truecount="1" falsecount="1"/>
          <line num="1227" count="1" type="stmt"/>
          <line num="1229" count="1" type="stmt"/>
          <line num="1230" count="1" type="stmt"/>
          <line num="1231" count="1" type="stmt"/>
          <line num="1232" count="0" type="cond" truecount="0" falsecount="2"/>
          <line num="1234" count="0" type="stmt"/>
          <line num="1235" count="0" type="stmt"/>
          <line num="1236" count="0" type="stmt"/>
          <line num="1239" count="0" type="stmt"/>
          <line num="1240" count="0" type="stmt"/>
          <line num="1241" count="0" type="stmt"/>
          <line num="1244" count="1" type="stmt"/>
          <line num="1249" count="1" type="stmt"/>
          <line num="1250" count="1" type="cond" truecount="1" falsecount="1"/>
          <line num="1252" count="1" type="stmt"/>
          <line num="1253" count="1" type="stmt"/>
          <line num="1256" count="1" type="stmt"/>
          <line num="1257" count="1" type="cond" truecount="2" falsecount="0"/>
          <line num="1258" count="18" type="stmt"/>
          <line num="1259" count="18" type="cond" truecount="2" falsecount="0"/>
          <line num="1260" count="11" type="stmt"/>
          <line num="1261" count="7" type="cond" truecount="2" falsecount="0"/>
          <line num="1262" count="2" type="stmt"/>
          <line num="1263" count="5" type="cond" truecount="2" falsecount="0"/>
          <line num="1264" count="1" type="stmt"/>
          <line num="1265" count="4" type="cond" truecount="2" falsecount="0"/>
          <line num="1266" count="1" type="stmt"/>
          <line num="1267" count="3" type="cond" truecount="2" falsecount="0"/>
          <line num="1268" count="1" type="stmt"/>
          <line num="1269" count="2" type="cond" truecount="2" falsecount="0"/>
          <line num="1270" count="1" type="stmt"/>
          <line num="1271" count="1" type="cond" truecount="1" falsecount="1"/>
          <line num="1272" count="0" type="stmt"/>
          <line num="1278" count="1" type="cond" truecount="1" falsecount="1"/>
          <line num="1279" count="1" type="stmt"/>
          <line num="1280" count="0" type="cond" truecount="0" falsecount="2"/>
          <line num="1281" count="0" type="stmt"/>
          <line num="1282" count="0" type="cond" truecount="0" falsecount="2"/>
          <line num="1283" count="0" type="stmt"/>
          <line num="1284" count="0" type="cond" truecount="0" falsecount="2"/>
          <line num="1285" count="0" type="stmt"/>
          <line num="1286" count="0" type="cond" truecount="0" falsecount="2"/>
          <line num="1287" count="0" type="stmt"/>
          <line num="1288" count="0" type="cond" truecount="0" falsecount="2"/>
          <line num="1289" count="0" type="stmt"/>
          <line num="1290" count="0" type="cond" truecount="0" falsecount="2"/>
          <line num="1291" count="0" type="stmt"/>
          <line num="1297" count="0" type="cond" truecount="0" falsecount="2"/>
          <line num="1298" count="0" type="stmt"/>
          <line num="1299" count="0" type="cond" truecount="0" falsecount="2"/>
          <line num="1300" count="0" type="stmt"/>
          <line num="1306" count="0" type="cond" truecount="0" falsecount="2"/>
          <line num="1307" count="0" type="stmt"/>
          <line num="1313" count="0" type="cond" truecount="0" falsecount="2"/>
          <line num="1314" count="0" type="stmt"/>
          <line num="1315" count="0" type="cond" truecount="0" falsecount="2"/>
          <line num="1316" count="0" type="stmt"/>
          <line num="1317" count="0" type="cond" truecount="0" falsecount="2"/>
          <line num="1318" count="0" type="stmt"/>
          <line num="1319" count="0" type="cond" truecount="0" falsecount="2"/>
          <line num="1320" count="0" type="stmt"/>
          <line num="1326" count="0" type="cond" truecount="0" falsecount="2"/>
          <line num="1327" count="0" type="stmt"/>
          <line num="1328" count="0" type="cond" truecount="0" falsecount="2"/>
          <line num="1329" count="0" type="stmt"/>
          <line num="1330" count="0" type="cond" truecount="0" falsecount="2"/>
          <line num="1331" count="0" type="stmt"/>
          <line num="1332" count="0" type="cond" truecount="0" falsecount="2"/>
          <line num="1333" count="0" type="stmt"/>
          <line num="1334" count="0" type="cond" truecount="0" falsecount="2"/>
          <line num="1335" count="0" type="stmt"/>
          <line num="1336" count="0" type="cond" truecount="0" falsecount="2"/>
          <line num="1337" count="0" type="stmt"/>
          <line num="1338" count="0" type="cond" truecount="0" falsecount="2"/>
          <line num="1339" count="0" type="stmt"/>
          <line num="1340" count="0" type="cond" truecount="0" falsecount="2"/>
          <line num="1341" count="0" type="stmt"/>
          <line num="1342" count="0" type="cond" truecount="0" falsecount="2"/>
          <line num="1343" count="0" type="stmt"/>
          <line num="1349" count="0" type="cond" truecount="0" falsecount="2"/>
          <line num="1350" count="0" type="stmt"/>
          <line num="1351" count="0" type="cond" truecount="0" falsecount="2"/>
          <line num="1352" count="0" type="stmt"/>
          <line num="1358" count="0" type="cond" truecount="0" falsecount="2"/>
          <line num="1359" count="0" type="stmt"/>
          <line num="1360" count="0" type="cond" truecount="0" falsecount="2"/>
          <line num="1361" count="0" type="stmt"/>
          <line num="1362" count="0" type="cond" truecount="0" falsecount="2"/>
          <line num="1363" count="0" type="stmt"/>
          <line num="1364" count="0" type="cond" truecount="0" falsecount="2"/>
          <line num="1365" count="0" type="stmt"/>
          <line num="1366" count="0" type="cond" truecount="0" falsecount="2"/>
          <line num="1367" count="0" type="stmt"/>
          <line num="1370" count="0" type="cond" truecount="0" falsecount="2"/>
          <line num="1371" count="0" type="stmt"/>
          <line num="1372" count="0" type="cond" truecount="0" falsecount="2"/>
          <line num="1373" count="0" type="stmt"/>
          <line num="1374" count="0" type="cond" truecount="0" falsecount="2"/>
          <line num="1375" count="0" type="stmt"/>
          <line num="1376" count="0" type="cond" truecount="0" falsecount="2"/>
          <line num="1377" count="0" type="stmt"/>
          <line num="1378" count="0" type="cond" truecount="0" falsecount="2"/>
          <line num="1379" count="0" type="stmt"/>
          <line num="1385" count="0" type="cond" truecount="0" falsecount="2"/>
          <line num="1386" count="0" type="stmt"/>
          <line num="1387" count="0" type="cond" truecount="0" falsecount="2"/>
          <line num="1388" count="0" type="stmt"/>
          <line num="1389" count="0" type="cond" truecount="0" falsecount="2"/>
          <line num="1390" count="0" type="stmt"/>
          <line num="1391" count="0" type="cond" truecount="0" falsecount="2"/>
          <line num="1392" count="0" type="stmt"/>
          <line num="1395" count="0" type="cond" truecount="0" falsecount="2"/>
          <line num="1396" count="0" type="stmt"/>
          <line num="1397" count="0" type="cond" truecount="0" falsecount="2"/>
          <line num="1398" count="0" type="stmt"/>
          <line num="1399" count="0" type="cond" truecount="0" falsecount="2"/>
          <line num="1400" count="0" type="stmt"/>
          <line num="1401" count="0" type="cond" truecount="0" falsecount="2"/>
          <line num="1402" count="0" type="stmt"/>
          <line num="1408" count="0" type="cond" truecount="0" falsecount="2"/>
          <line num="1409" count="0" type="stmt"/>
          <line num="1410" count="0" type="cond" truecount="0" falsecount="2"/>
          <line num="1411" count="0" type="stmt"/>
          <line num="1412" count="0" type="cond" truecount="0" falsecount="2"/>
          <line num="1413" count="0" type="stmt"/>
          <line num="1414" count="0" type="cond" truecount="0" falsecount="2"/>
          <line num="1415" count="0" type="stmt"/>
          <line num="1416" count="0" type="cond" truecount="0" falsecount="2"/>
          <line num="1417" count="0" type="stmt"/>
          <line num="1421" count="0" type="stmt"/>
          <line num="1424" count="18" type="stmt"/>
          <line num="1427" count="1" type="stmt"/>
          <line num="1430" count="1" type="stmt"/>
          <line num="1431" count="0" type="stmt"/>
          <line num="1433" count="1" type="stmt"/>
          <line num="1434" count="0" type="stmt"/>
          <line num="1436" count="0" type="cond" truecount="0" falsecount="2"/>
          <line num="1437" count="0" type="stmt"/>
          <line num="1439" count="0" type="cond" truecount="0" falsecount="2"/>
          <line num="1440" count="0" type="stmt"/>
          <line num="1444" count="1" type="stmt"/>
          <line num="1445" count="1" type="cond" truecount="1" falsecount="1"/>
          <line num="1446" count="1" type="cond" truecount="1" falsecount="1"/>
          <line num="1448" count="1" type="stmt"/>
          <line num="1450" count="1" type="cond" truecount="1" falsecount="1"/>
          <line num="1453" count="1" type="stmt"/>
          <line num="1455" count="1" type="cond" truecount="1" falsecount="1"/>
          <line num="1456" count="0" type="stmt"/>
          <line num="1459" count="1" type="stmt"/>
          <line num="1462" count="1" type="stmt"/>
          <line num="1463" count="0" type="stmt"/>
          <line num="1465" count="0" type="cond" truecount="0" falsecount="5"/>
          <line num="1466" count="0" type="stmt"/>
          <line num="1467" count="0" type="cond" truecount="0" falsecount="5"/>
          <line num="1468" count="0" type="stmt"/>
          <line num="1469" count="0" type="cond" truecount="0" falsecount="4"/>
          <line num="1470" count="0" type="stmt"/>
          <line num="1471" count="0" type="cond" truecount="0" falsecount="2"/>
          <line num="1472" count="0" type="stmt"/>
          <line num="1473" count="0" type="stmt"/>
          <line num="1475" count="0" type="cond" truecount="0" falsecount="4"/>
          <line num="1476" count="0" type="stmt"/>
          <line num="1477" count="0" type="cond" truecount="0" falsecount="2"/>
          <line num="1478" count="0" type="stmt"/>
          <line num="1479" count="0" type="stmt"/>
          <line num="1481" count="0" type="cond" truecount="0" falsecount="4"/>
          <line num="1482" count="0" type="stmt"/>
          <line num="1483" count="0" type="cond" truecount="0" falsecount="2"/>
          <line num="1484" count="0" type="stmt"/>
          <line num="1485" count="0" type="stmt"/>
          <line num="1487" count="0" type="cond" truecount="0" falsecount="2"/>
          <line num="1498" count="0" type="stmt"/>
          <line num="1504" count="1" type="stmt"/>
          <line num="1505" count="0" type="stmt"/>
          <line num="1508" count="1" type="stmt"/>
          <line num="1509" count="4" type="stmt"/>
          <line num="1512" count="1" type="stmt"/>
          <line num="1513" count="3" type="stmt"/>
          <line num="1516" count="1" type="stmt"/>
          <line num="1517" count="2" type="stmt"/>
          <line num="1518" count="2" type="stmt"/>
          <line num="1521" count="1" type="stmt"/>
          <line num="1522" count="0" type="cond" truecount="0" falsecount="2"/>
          <line num="1523" count="0" type="stmt"/>
          <line num="1525" count="0" type="stmt"/>
          <line num="1536" count="0" type="stmt"/>
          <line num="1538" count="0" type="stmt"/>
          <line num="1539" count="0" type="cond" truecount="0" falsecount="2"/>
          <line num="1542" count="0" type="stmt"/>
          <line num="1544" count="0" type="stmt"/>
          <line num="1546" count="0" type="stmt"/>
          <line num="1547" count="0" type="stmt"/>
          <line num="1551" count="0" type="stmt"/>
          <line num="1553" count="0" type="stmt"/>
          <line num="1554" count="0" type="stmt"/>
          <line num="1555" count="0" type="stmt"/>
          <line num="1560" count="1" type="stmt"/>
          <line num="1571" count="0" type="cond" truecount="0" falsecount="3"/>
          <line num="1577" count="1" type="stmt"/>
          <line num="1579" count="1" type="stmt"/>
          <line num="1580" count="1" type="stmt"/>
          <line num="1581" count="1" type="stmt"/>
          <line num="1584" count="0" type="cond" truecount="0" falsecount="2"/>
          <line num="1585" count="0" type="stmt"/>
          <line num="1586" count="0" type="stmt"/>
          <line num="1587" count="0" type="stmt"/>
          <line num="1588" count="0" type="cond" truecount="0" falsecount="2"/>
          <line num="1589" count="0" type="stmt"/>
          <line num="1590" count="0" type="stmt"/>
          <line num="1592" count="0" type="stmt"/>
          <line num="1593" count="0" type="cond" truecount="0" falsecount="2"/>
          <line num="1594" count="0" type="stmt"/>
          <line num="1595" count="0" type="stmt"/>
          <line num="1596" count="0" type="stmt"/>
          <line num="1597" count="0" type="stmt"/>
          <line num="1598" count="0" type="cond" truecount="0" falsecount="2"/>
          <line num="1602" count="1" type="stmt"/>
          <line num="1607" count="1" type="stmt"/>
          <line num="1608" count="0" type="stmt"/>
          <line num="1612" count="1" type="stmt"/>
          <line num="1613" count="0" type="stmt"/>
          <line num="1617" count="1" type="stmt"/>
          <line num="1618" count="0" type="cond" truecount="0" falsecount="2"/>
          <line num="1619" count="0" type="stmt"/>
          <line num="1620" count="0" type="stmt"/>
          <line num="1621" count="0" type="stmt"/>
          <line num="1624" count="1" type="stmt"/>
          <line num="1626" count="0" type="cond" truecount="0" falsecount="2"/>
          <line num="1627" count="0" type="stmt"/>
          <line num="1629" count="0" type="cond" truecount="0" falsecount="2"/>
          <line num="1633" count="1" type="stmt"/>
          <line num="1635" count="0" type="stmt"/>
          <line num="1636" count="0" type="cond" truecount="0" falsecount="2"/>
          <line num="1639" count="1" type="stmt"/>
          <line num="1640" count="0" type="stmt"/>
          <line num="1641" count="0" type="cond" truecount="0" falsecount="2"/>
          <line num="1642" count="0" type="stmt"/>
          <line num="1644" count="0" type="stmt"/>
          <line num="1646" count="0" type="cond" truecount="0" falsecount="2"/>
          <line num="1647" count="0" type="stmt"/>
          <line num="1650" count="0" type="cond" truecount="0" falsecount="2"/>
          <line num="1651" count="0" type="cond" truecount="0" falsecount="2"/>
          <line num="1654" count="0" type="cond" truecount="0" falsecount="2"/>
          <line num="1655" count="0" type="stmt"/>
          <line num="1656" count="0" type="stmt"/>
          <line num="1658" count="0" type="stmt"/>
          <line num="1661" count="0" type="stmt"/>
          <line num="1662" count="0" type="cond" truecount="0" falsecount="2"/>
          <line num="1665" count="1" type="stmt"/>
          <line num="1666" count="0" type="stmt"/>
          <line num="1673" count="0" type="stmt"/>
          <line num="1675" count="0" type="stmt"/>
          <line num="1678" count="1" type="stmt"/>
          <line num="1681" count="0" type="cond" truecount="0" falsecount="2"/>
          <line num="1685" count="0" type="cond" truecount="0" falsecount="5"/>
          <line num="1686" count="0" type="cond" truecount="0" falsecount="2"/>
          <line num="1687" count="0" type="stmt"/>
          <line num="1689" count="0" type="stmt"/>
          <line num="1692" count="0" type="cond" truecount="0" falsecount="2"/>
          <line num="1698" count="0" type="cond" truecount="0" falsecount="2"/>
          <line num="1699" count="0" type="stmt"/>
          <line num="1701" count="0" type="stmt"/>
          <line num="1704" count="0" type="cond" truecount="0" falsecount="2"/>
          <line num="1705" count="0" type="stmt"/>
          <line num="1708" count="0" type="stmt"/>
          <line num="1716" count="1" type="stmt"/>
          <line num="1717" count="0" type="stmt"/>
          <line num="1719" count="0" type="cond" truecount="0" falsecount="4"/>
          <line num="1720" count="0" type="stmt"/>
          <line num="1721" count="0" type="stmt"/>
          <line num="1724" count="0" type="stmt"/>
          <line num="1729" count="0" type="stmt"/>
          <line num="1730" count="0" type="stmt"/>
          <line num="1733" count="1" type="stmt"/>
          <line num="1734" count="0" type="stmt"/>
          <line num="1742" count="0" type="stmt"/>
          <line num="1743" count="0" type="stmt"/>
          <line num="1746" count="1" type="stmt"/>
          <line num="1747" count="0" type="stmt"/>
          <line num="1750" count="1" type="stmt"/>
          <line num="1751" count="0" type="stmt"/>
          <line num="1758" count="1" type="stmt"/>
          <line num="1763" count="1" type="stmt"/>
          <line num="1764" count="1" type="stmt"/>
          <line num="1766" count="1" type="stmt"/>
          <line num="1770" count="1" type="stmt"/>
          <line num="1771" count="1" type="stmt"/>
          <line num="1772" count="1" type="stmt"/>
          <line num="1774" count="0" type="cond" truecount="0" falsecount="2"/>
          <line num="1777" count="0" type="stmt"/>
          <line num="1778" count="0" type="stmt"/>
          <line num="1787" count="1" type="stmt"/>
          <line num="1789" count="0" type="stmt"/>
          <line num="1790" count="0" type="cond" truecount="0" falsecount="3"/>
[...]
          <line num="441" count="0" type="stmt"/>
          <line num="447" count="0" type="stmt"/>
          <line num="450" count="0" type="stmt"/>
          <line num="451" count="0" type="cond" truecount="0" falsecount="2"/>
          <line num="452" count="0" type="stmt"/>
          <line num="455" count="0" type="stmt"/>
          <line num="458" count="0" type="cond" truecount="0" falsecount="2"/>
          <line num="460" count="0" type="stmt"/>
          <line num="461" count="0" type="stmt"/>
          <line num="464" count="0" type="cond" truecount="0" falsecount="2"/>
          <line num="465" count="0" type="cond" truecount="0" falsecount="4"/>
          <line num="467" count="0" type="stmt"/>
          <line num="468" count="0" type="stmt"/>
          <line num="472" count="0" type="stmt"/>
          <line num="474" count="0" type="stmt"/>
          <line num="475" count="0" type="stmt"/>
          <line num="482" count="0" type="stmt"/>
          <line num="483" count="0" type="stmt"/>
          <line num="491" count="0" type="stmt"/>
          <line num="492" count="0" type="stmt"/>
          <line num="495" count="0" type="stmt"/>
          <line num="500" count="0" type="stmt"/>
          <line num="501" count="0" type="cond" truecount="0" falsecount="4"/>
          <line num="502" count="0" type="stmt"/>
          <line num="505" count="0" type="cond" truecount="0" falsecount="4"/>
          <line num="506" count="0" type="stmt"/>
          <line num="509" count="0" type="cond" truecount="0" falsecount="2"/>
          <line num="510" count="0" type="stmt"/>
          <line num="511" count="0" type="stmt"/>
          <line num="515" count="0" type="stmt"/>
          <line num="520" count="0" type="stmt"/>
          <line num="521" count="0" type="cond" truecount="0" falsecount="4"/>
          <line num="522" count="0" type="stmt"/>
          <line num="529" count="0" type="stmt"/>
          <line num="531" count="0" type="stmt"/>
          <line num="532" count="0" type="cond" truecount="0" falsecount="4"/>
          <line num="533" count="0" type="stmt"/>
          <line num="540" count="0" type="stmt"/>
          <line num="542" count="0" type="stmt"/>
          <line num="547" count="0" type="cond" truecount="0" falsecount="2"/>
          <line num="549" count="0" type="stmt"/>
          <line num="556" count="0" type="stmt"/>
          <line num="557" count="0" type="stmt"/>
          <line num="563" count="0" type="stmt"/>
          <line num="570" count="0" type="stmt"/>
          <line num="575" count="0" type="cond" truecount="0" falsecount="2"/>
          <line num="577" count="0" type="stmt"/>
          <line num="582" count="0" type="stmt"/>
          <line num="583" count="0" type="stmt"/>
          <line num="591" count="0" type="stmt"/>
          <line num="592" count="0" type="cond" truecount="0" falsecount="2"/>
          <line num="598" count="0" type="stmt"/>
          <line num="603" count="0" type="stmt"/>
          <line num="608" count="0" type="stmt"/>
          <line num="609" count="0" type="stmt"/>
          <line num="611" count="0" type="stmt"/>
          <line num="613" count="0" type="stmt"/>
          <line num="619" count="0" type="stmt"/>
          <line num="620" count="0" type="stmt"/>
          <line num="621" count="0" type="stmt"/>
          <line num="625" count="0" type="stmt"/>
          <line num="636" count="0" type="stmt"/>
          <line num="637" count="0" type="stmt"/>
          <line num="643" count="0" type="stmt"/>
          <line num="645" count="0" type="stmt"/>
          <line num="648" count="0" type="stmt"/>
          <line num="654" count="0" type="stmt"/>
          <line num="656" count="0" type="stmt"/>
          <line num="659" count="0" type="stmt"/>
          <line num="665" count="0" type="stmt"/>
          <line num="667" count="0" type="stmt"/>
          <line num="671" count="0" type="stmt"/>
          <line num="672" count="0" type="stmt"/>
          <line num="673" count="0" type="cond" truecount="0" falsecount="2"/>
          <line num="674" count="0" type="stmt"/>
          <line num="680" count="0" type="stmt"/>
          <line num="681" count="0" type="stmt"/>
          <line num="684" count="0" type="stmt"/>
          <line num="690" count="0" type="stmt"/>
          <line num="691" count="0" type="stmt"/>
          <line num="694" count="0" type="stmt"/>
          <line num="700" count="0" type="stmt"/>
          <line num="701" count="0" type="cond" truecount="0" falsecount="2"/>
          <line num="702" count="0" type="stmt"/>
          <line num="703" count="0" type="cond" truecount="0" falsecount="2"/>
          <line num="704" count="0" type="stmt"/>
          <line num="707" count="0" type="stmt"/>
          <line num="712" count="0" type="stmt"/>
          <line num="714" count="0" type="stmt"/>
          <line num="716" count="0" type="stmt"/>
          <line num="717" count="0" type="stmt"/>
          <line num="724" count="0" type="stmt"/>
          <line num="725" count="0" type="stmt"/>
          <line num="727" count="0" type="stmt"/>
          <line num="730" count="0" type="stmt"/>
          <line num="737" count="0" type="stmt"/>
          <line num="738" count="0" type="stmt"/>
          <line num="739" count="0" type="stmt"/>
          <line num="742" count="0" type="stmt"/>
          <line num="743" count="0" type="stmt"/>
          <line num="744" count="0" type="stmt"/>
          <line num="750" count="0" type="stmt"/>
          <line num="752" count="0" type="stmt"/>
          <line num="755" count="0" type="stmt"/>
          <line num="756" count="0" type="stmt"/>
          <line num="759" count="0" type="stmt"/>
          <line num="760" count="0" type="cond" truecount="0" falsecount="2"/>
          <line num="761" count="0" type="cond" truecount="0" falsecount="2"/>
          <line num="764" count="0" type="cond" truecount="0" falsecount="2"/>
          <line num="765" count="0" type="stmt"/>
          <line num="767" count="0" type="stmt"/>
          <line num="770" count="0" type="stmt"/>
          <line num="771" count="0" type="stmt"/>
          <line num="780" count="0" type="stmt"/>
          <line num="781" count="0" type="stmt"/>
          <line num="783" count="0" type="stmt"/>
          <line num="784" count="0" type="stmt"/>
          <line num="787" count="0" type="stmt"/>
          <line num="789" count="0" type="stmt"/>
          <line num="793" count="0" type="stmt"/>
          <line num="795" count="0" type="stmt"/>
          <line num="801" count="0" type="stmt"/>
          <line num="802" count="0" type="stmt"/>
          <line num="803" count="0" type="stmt"/>
          <line num="809" count="0" type="stmt"/>
          <line num="810" count="0" type="stmt"/>
          <line num="812" count="0" type="stmt"/>
          <line num="821" count="0" type="stmt"/>
          <line num="823" count="0" type="cond" truecount="0" falsecount="4"/>
          <line num="824" count="0" type="stmt"/>
          <line num="827" count="0" type="stmt"/>
          <line num="833" count="0" type="stmt"/>
          <line num="835" count="0" type="cond" truecount="0" falsecount="2"/>
          <line num="836" count="0" type="stmt"/>
          <line num="838" count="0" type="stmt"/>
          <line num="839" count="0" type="stmt"/>
        </file>
      </package>
      <package name="store.communication.models">
        <metrics statements="125" coveredstatements="0" conditionals="83" coveredconditionals="0" methods="61" coveredmethods="0"/>
        <file name="Avatar.js" path="/Users/Elf/ReactNative/payever-mobile-rn/src/store/communication/models/Avatar.js">
          <metrics statements="1" coveredstatements="0" conditionals="0" coveredconditionals="0" methods="1" coveredmethods="0"/>
          <line num="7" count="0" type="stmt"/>
        </file>
        <file name="Contact.js" path="/Users/Elf/ReactNative/payever-mobile-rn/src/store/communication/models/Contact.js">
          <metrics statements="0" coveredstatements="0" conditionals="0" coveredconditionals="0" methods="0" coveredmethods="0"/>
        </file>
        <file name="Conversation.js" path="/Users/Elf/ReactNative/payever-mobile-rn/src/store/communication/models/Conversation.js">
          <metrics statements="74" coveredstatements="0" conditionals="56" coveredconditionals="0" methods="29" coveredmethods="0"/>
          <line num="24" count="0" type="cond" truecount="0" falsecount="2"/>
          <line num="26" count="0" type="cond" truecount="0" falsecount="2"/>
          <line num="27" count="0" type="stmt"/>
          <line num="30" count="0" type="stmt"/>
          <line num="32" count="0" type="stmt"/>
          <line num="37" count="0" type="stmt"/>
          <line num="38" count="0" type="stmt"/>
          <line num="43" count="0" type="cond" truecount="0" falsecount="2"/>
          <line num="48" count="0" type="cond" truecount="0" falsecount="2"/>
          <line num="50" count="0" type="cond" truecount="0" falsecount="2"/>
          <line num="55" count="0" type="cond" truecount="0" falsecount="2"/>
          <line num="57" count="0" type="cond" truecount="0" falsecount="2"/>
          <line num="58" count="0" type="stmt"/>
          <line num="63" count="0" type="cond" truecount="0" falsecount="4"/>
          <line num="64" count="0" type="stmt"/>
          <line num="70" count="0" type="cond" truecount="0" falsecount="4"/>
          <line num="71" count="0" type="stmt"/>
          <line num="72" count="0" type="stmt"/>
          <line num="78" count="0" type="cond" truecount="0" falsecount="2"/>
          <line num="79" count="0" type="stmt"/>
          <line num="82" count="0" type="cond" truecount="0" falsecount="2"/>
          <line num="83" count="0" type="stmt"/>
          <line num="86" count="0" type="stmt"/>
          <line num="87" count="0" type="cond" truecount="0" falsecount="2"/>
          <line num="88" count="0" type="stmt"/>
          <line num="89" count="0" type="stmt"/>
          <line num="92" count="0" type="stmt"/>
          <line num="95" count="0" type="cond" truecount="0" falsecount="2"/>
          <line num="96" count="0" type="stmt"/>
          <line num="97" count="0" type="stmt"/>
          <line num="100" count="0" type="cond" truecount="0" falsecount="2"/>
          <line num="101" count="0" type="stmt"/>
          <line num="103" count="0" type="stmt"/>
          <line num="104" count="0" type="cond" truecount="0" falsecount="2"/>
          <line num="105" count="0" type="cond" truecount="0" falsecount="2"/>
          <line num="108" count="0" type="stmt"/>
          <line num="111" count="0" type="stmt"/>
          <line num="114" count="0" type="stmt"/>
          <line num="115" count="0" type="cond" truecount="0" falsecount="2"/>
          <line num="116" count="0" type="stmt"/>
          <line num="119" count="0" type="stmt"/>
          <line num="122" count="0" type="stmt"/>
          <line num="127" count="0" type="stmt"/>
          <line num="128" count="0" type="cond" truecount="0" falsecount="2"/>
          <line num="131" count="0" type="cond" truecount="0" falsecount="2"/>
          <line num="132" count="0" type="stmt"/>
          <line num="133" count="0" type="stmt"/>
          <line num="136" count="0" type="stmt"/>
          <line num="138" count="0" type="cond" truecount="0" falsecount="5"/>
          <line num="139" count="0" type="stmt"/>
          <line num="145" count="0" type="cond" truecount="0" falsecount="2"/>
          <line num="146" count="0" type="stmt"/>
          <line num="147" count="0" type="stmt"/>
          <line num="150" count="0" type="stmt"/>
          <line num="156" count="0" type="stmt"/>
          <line num="165" count="0" type="stmt"/>
          <line num="169" count="0" type="stmt"/>
          <line num="170" count="0" type="stmt"/>
          <line num="171" count="0" type="stmt"/>
          <line num="176" count="0" type="stmt"/>
          <line num="177" count="0" type="stmt"/>
          <line num="178" count="0" type="stmt"/>
          <line num="185" count="0" type="stmt"/>
          <line num="190" count="0" type="cond" truecount="0" falsecount="2"/>
          <line num="191" count="0" type="stmt"/>
          <line num="197" count="0" type="stmt"/>
          <line num="198" count="0" type="stmt"/>
          <line num="206" count="0" type="stmt"/>
          <line num="207" count="0" type="stmt"/>
          <line num="211" count="0" type="stmt"/>
          <line num="214" count="0" type="cond" truecount="0" falsecount="4"/>
          <line num="216" count="0" type="stmt"/>
          <line num="221" count="0" type="stmt"/>
          <line num="226" count="0" type="stmt"/>
        </file>
        <file name="ConversationInfo.js" path="/Users/Elf/ReactNative/payever-mobile-rn/src/store/communication/models/ConversationInfo.js">
          <metrics statements="4" coveredstatements="0" conditionals="0" coveredconditionals="0" methods="4" coveredmethods="0"/>
          <line num="21" count="0" type="stmt"/>
          <line num="25" count="0" type="stmt"/>
          <line num="30" count="0" type="stmt"/>
          <line num="35" count="0" type="stmt"/>
        </file>
        <file name="ConversationSettingsInfo.js" path="/Users/Elf/ReactNative/payever-mobile-rn/src/store/communication/models/ConversationSettingsInfo.js">
          <metrics statements="1" coveredstatements="0" conditionals="0" coveredconditionals="0" methods="1" coveredmethods="0"/>
          <line num="16" count="0" type="stmt"/>
        </file>
        <file name="Group.js" path="/Users/Elf/ReactNative/payever-mobile-rn/src/store/communication/models/Group.js">
          <metrics statements="3" coveredstatements="0" conditionals="2" coveredconditionals="0" methods="3" coveredmethods="0"/>
          <line num="19" count="0" type="stmt"/>
          <line num="24" count="0" type="cond" truecount="0" falsecount="2"/>
          <line num="29" count="0" type="stmt"/>
        </file>
        <file name="GroupMemberInfo.js" path="/Users/Elf/ReactNative/payever-mobile-rn/src/store/communication/models/GroupMemberInfo.js">
          <metrics statements="1" coveredstatements="0" conditionals="0" coveredconditionals="0" methods="1" coveredmethods="0"/>
          <line num="13" count="0" type="stmt"/>
        </file>
        <file name="GroupSettingsInfo.js" path="/Users/Elf/ReactNative/payever-mobile-rn/src/store/communication/models/GroupSettingsInfo.js">
          <metrics statements="4" coveredstatements="0" conditionals="0" coveredconditionals="0" methods="4" coveredmethods="0"/>
          <line num="14" count="0" type="stmt"/>
          <line num="18" count="0" type="stmt"/>
          <line num="22" count="0" type="stmt"/>
          <line num="23" count="0" type="stmt"/>
        </file>
        <file name="Media.js" path="/Users/Elf/ReactNative/payever-mobile-rn/src/store/communication/models/Media.js">
          <metrics statements="2" coveredstatements="0" conditionals="0" coveredconditionals="0" methods="2" coveredmethods="0"/>
          <line num="17" count="0" type="stmt"/>
          <line num="22" count="0" type="stmt"/>
        </file>
        <file name="Message.js" path="/Users/Elf/ReactNative/payever-mobile-rn/src/store/communication/models/Message.js">
          <metrics statements="5" coveredstatements="0" conditionals="6" coveredconditionals="0" methods="2" coveredmethods="0"/>
          <line num="49" count="0" type="cond" truecount="0" falsecount="2"/>
          <line num="50" count="0" type="stmt"/>
          <line num="52" count="0" type="cond" truecount="0" falsecount="4"/>
          <line num="53" count="0" type="stmt"/>
          <line num="56" count="0" type="stmt"/>
        </file>
        <file name="MessengerInfo.js" path="/Users/Elf/ReactNative/payever-mobile-rn/src/store/communication/models/MessengerInfo.js">
          <metrics statements="22" coveredstatements="0" conditionals="17" coveredconditionals="0" methods="13" coveredmethods="0"/>
          <line num="24" count="0" type="cond" truecount="0" falsecount="2"/>
          <line num="25" count="0" type="stmt"/>
          <line num="27" count="0" type="cond" truecount="0" falsecount="2"/>
          <line num="28" count="0" type="stmt"/>
          <line num="30" count="0" type="cond" truecount="0" falsecount="2"/>
          <line num="32" count="0" type="cond" truecount="0" falsecount="2"/>
          <line num="33" count="0" type="stmt"/>
          <line num="35" count="0" type="stmt"/>
          <line num="36" count="0" type="stmt"/>
          <line num="38" count="0" type="stmt"/>
          <line num="42" count="0" type="stmt"/>
          <line num="47" count="0" type="stmt"/>
          <line num="52" count="0" type="stmt"/>
          <line num="56" count="0" type="cond" truecount="0" falsecount="2"/>
          <line num="57" count="0" type="stmt"/>
          <line num="60" count="0" type="cond" truecount="0" falsecount="2"/>
          <line num="61" count="0" type="stmt"/>
          <line num="64" count="0" type="stmt"/>
          <line num="68" count="0" type="cond" truecount="0" falsecount="3"/>
          <line num="74" count="0" type="stmt"/>
          <line num="78" count="0" type="stmt"/>
          <line num="79" count="0" type="cond" truecount="0" falsecount="2"/>
        </file>
        <file name="UserSettings.js" path="/Users/Elf/ReactNative/payever-mobile-rn/src/store/communication/models/UserSettings.js">
          <metrics statements="8" coveredstatements="0" conditionals="2" coveredconditionals="0" methods="1" coveredmethods="0"/>
          <line num="12" count="0" type="cond" truecount="0" falsecount="2"/>
          <line num="13" count="0" type="stmt"/>
          <line num="14" count="0" type="stmt"/>
          <line num="16" count="0" type="stmt"/>
          <line num="17" count="0" type="stmt"/>
          <line num="18" count="0" type="stmt"/>
          <line num="19" count="0" type="stmt"/>
          <line num="22" count="0" type="stmt"/>
        </file>
      </package>
      <package name="store.communication.ui">
        <metrics statements="6" coveredstatements="0" conditionals="0" coveredconditionals="0" methods="6" coveredmethods="0"/>
        <file name="index.js" path="/Users/Elf/ReactNative/payever-mobile-rn/src/store/communication/ui/index.js">
          <metrics statements="6" coveredstatements="0" conditionals="0" coveredconditionals="0" methods="6" coveredmethods="0"/>
          <line num="14" count="0" type="stmt"/>
          <line num="19" count="0" type="stmt"/>
          <line num="24" count="0" type="stmt"/>
          <line num="29" count="0" type="stmt"/>
          <line num="34" count="0" type="stmt"/>
          <line num="39" count="0" type="stmt"/>
        </file>
      </package>
      <package name="store.offers.models">
        <metrics statements="11" coveredstatements="0" conditionals="8" coveredconditionals="0" methods="7" coveredmethods="0"/>
        <file name="Offer.js" path="/Users/Elf/ReactNative/payever-mobile-rn/src/store/offers/models/Offer.js">
          <metrics statements="11" coveredstatements="0" conditionals="8" coveredconditionals="0" methods="7" coveredmethods="0"/>
          <line num="28" count="0" type="stmt"/>
          <line num="29" count="0" type="stmt"/>
          <line num="30" count="0" type="cond" truecount="0" falsecount="4"/>
          <line num="31" count="0" type="stmt"/>
          <line num="34" count="0" type="stmt"/>
          <line num="36" count="0" type="stmt"/>
          <line num="50" count="0" type="cond" truecount="0" falsecount="2"/>
          <line num="51" count="0" type="cond" truecount="0" falsecount="2"/>
          <line num="52" count="0" type="stmt"/>
          <line num="62" count="0" type="stmt"/>
          <line num="72" count="0" type="stmt"/>
        </file>
      </package>
    </metrics>
  </project>
</coverage>
