TN:
SF:/Users/Elf/ReactNative/payever-mobile-rn/__tests__/jest-env.js
FN:6,cloneObject
FN:24,(anonymous_1)
FN:25,(anonymous_2)
FN:29,(anonymous_3)
FN:31,(anonymous_4)
FN:40,(anonymous_5)
FN:45,(anonymous_6)
FN:46,(anonymous_7)
FN:47,(anonymous_8)
FN:48,(anonymous_9)
FN:49,(anonymous_10)
FNF:11
FNH:8
FNDA:1,cloneObject
FNDA:54,(anonymous_1)
FNDA:24,(anonymous_2)
FNDA:50,(anonymous_3)
FNDA:191,(anonymous_4)
FNDA:35,(anonymous_5)
FNDA:28,(anonymous_6)
FNDA:0,(anonymous_7)
FNDA:33,(anonymous_8)
FNDA:0,(anonymous_9)
FNDA:0,(anonymous_10)
DA:4,29
DA:5,29
DA:6,29
DA:7,1
DA:8,0
DA:11,1
DA:12,1
DA:14,0
DA:15,0
DA:21,29
DA:24,54
DA:25,24
DA:29,50
DA:31,191
DA:40,35
DA:45,28
DA:46,0
DA:47,33
DA:48,0
DA:49,0
LF:20
LH:14
BRDA:7,0,0,0
BRDA:7,0,1,1
BRF:2
BRH:1
end_of_record
TN:
SF:/Users/Elf/ReactNative/payever-mobile-rn/src/common/Navigation.js
FN:24,(anonymous_0)
FN:47,registerScreens
FN:50,(anonymous_2)
FN:54,showScreen
FN:74,toggleMenu
FN:82,hideMenu
FN:92,patchRnnScreenClass
FN:95,getChildContext
FNF:8
FNH:1
FNDA:0,(anonymous_0)
FNDA:0,registerScreens
FNDA:0,(anonymous_2)
FNDA:0,showScreen
FNDA:0,toggleMenu
FNDA:0,hideMenu
FNDA:49,patchRnnScreenClass
FNDA:0,getChildContext
DA:10,49
DA:12,49
DA:25,0
DA:28,0
DA:29,0
DA:31,0
DA:32,0
DA:37,0
DA:38,0
DA:39,0
DA:43,0
DA:48,0
DA:49,0
DA:50,0
DA:55,0
DA:75,0
DA:83,0
DA:94,49
DA:95,49
DA:96,0
LF:20
LH:4
BRDA:29,0,0,0
BRDA:29,0,1,0
BRDA:38,1,0,0
BRDA:38,1,1,0
BRDA:49,2,0,0
BRDA:49,2,1,0
BRDA:54,3,0,0
BRDA:74,4,0,0
BRDA:82,5,0,0
BRF:9
BRH:0
end_of_record
TN:
SF:/Users/Elf/ReactNative/payever-mobile-rn/src/common/api/AuthApi.js
FN:6,(anonymous_0)
FN:10,(anonymous_1)
FN:23,(anonymous_2)
FN:37,(anonymous_3)
FN:45,(anonymous_4)
FN:53,(anonymous_5)
FN:64,(anonymous_6)
FN:74,(anonymous_7)
FNF:8
FNH:8
FNDA:205,(anonymous_0)
FNDA:3,(anonymous_1)
FNDA:1,(anonymous_2)
FNDA:3,(anonymous_3)
FNDA:1,(anonymous_4)
FNDA:3,(anonymous_5)
FNDA:1,(anonymous_6)
FNDA:1,(anonymous_7)
DA:7,205
DA:11,3
DA:27,1
DA:38,3
DA:46,1
DA:54,3
DA:65,1
DA:67,1
DA:69,0
DA:71,1
DA:75,1
LF:11
LH:10
BRF:0
BRH:0
end_of_record
TN:
SF:/Users/Elf/ReactNative/payever-mobile-rn/src/common/api/BusinessApi.js
FN:8,(anonymous_0)
FN:12,(anonymous_1)
FN:16,(anonymous_2)
FN:20,(anonymous_3)
FN:25,(anonymous_4)
FN:29,(anonymous_5)
FN:47,(anonymous_6)
FNF:7
FNH:5
FNDA:205,(anonymous_0)
FNDA:1,(anonymous_1)
FNDA:1,(anonymous_2)
FNDA:1,(anonymous_3)
FNDA:1,(anonymous_4)
FNDA:0,(anonymous_5)
FNDA:0,(anonymous_6)
DA:9,205
DA:13,1
DA:17,1
DA:21,1
DA:26,1
DA:33,0
DA:48,0
DA:50,0
LF:8
LH:5
BRDA:48,0,0,0
BRDA:48,0,1,0
BRF:2
BRH:0
end_of_record
TN:
SF:/Users/Elf/ReactNative/payever-mobile-rn/src/common/api/ContactsApi.js
FN:10,(anonymous_0)
FN:14,(anonymous_1)
FN:21,(anonymous_2)
FN:28,(anonymous_3)
FN:32,(anonymous_4)
FN:42,(anonymous_5)
FN:46,(anonymous_6)
FN:64,(anonymous_7)
FNF:8
FNH:7
FNDA:205,(anonymous_0)
FNDA:8,(anonymous_1)
FNDA:8,(anonymous_2)
FNDA:3,(anonymous_3)
FNDA:1,(anonymous_4)
FNDA:1,(anonymous_5)
FNDA:1,(anonymous_6)
FNDA:0,(anonymous_7)
DA:11,205
DA:15,8
DA:22,8
DA:29,3
DA:36,1
DA:43,1
DA:50,1
DA:65,0
DA:67,0
LF:9
LH:7
BRDA:65,0,0,0
BRDA:65,0,1,0
BRF:2
BRH:0
end_of_record
TN:
SF:/Users/Elf/ReactNative/payever-mobile-rn/src/common/api/DashboardApi.js
FN:6,(anonymous_0)
FNF:1
FNH:1
FNDA:205,(anonymous_0)
DA:7,205
LF:1
LH:1
BRF:0
BRH:0
end_of_record
TN:
SF:/Users/Elf/ReactNative/payever-mobile-rn/src/common/api/DeviceApi.js
FN:10,(anonymous_0)
FN:14,(anonymous_1)
FNF:2
FNH:1
FNDA:205,(anonymous_0)
FNDA:0,(anonymous_1)
DA:11,205
DA:18,0
DA:30,0
LF:3
LH:1
BRF:0
BRH:0
end_of_record
TN:
SF:/Users/Elf/ReactNative/payever-mobile-rn/src/common/api/MarketingApi.js
FN:6,(anonymous_0)
FN:10,(anonymous_1)
FN:14,(anonymous_2)
FNF:3
FNH:1
FNDA:205,(anonymous_0)
FNDA:0,(anonymous_1)
FNDA:0,(anonymous_2)
DA:7,205
DA:11,0
DA:15,0
LF:3
LH:1
BRF:0
BRH:0
end_of_record
TN:
SF:/Users/Elf/ReactNative/payever-mobile-rn/src/common/api/MenuApi.js
FN:6,(anonymous_0)
FN:10,(anonymous_1)
FNF:2
FNH:2
FNDA:205,(anonymous_0)
FNDA:1,(anonymous_1)
DA:7,205
DA:11,1
LF:2
LH:2
BRDA:10,0,0,1
BRF:1
BRH:1
end_of_record
TN:
SF:/Users/Elf/ReactNative/payever-mobile-rn/src/common/api/ProfilesApi.js
FN:6,(anonymous_0)
FN:10,(anonymous_1)
FN:24,(anonymous_2)
FN:28,(anonymous_3)
FN:32,(anonymous_4)
FN:39,(anonymous_5)
FN:43,(anonymous_6)
FN:47,(anonymous_7)
FNF:8
FNH:6
FNDA:205,(anonymous_0)
FNDA:2,(anonymous_1)
FNDA:0,(anonymous_2)
FNDA:1,(anonymous_3)
FNDA:6,(anonymous_4)
FNDA:1,(anonymous_5)
FNDA:1,(anonymous_6)
FNDA:0,(anonymous_7)
DA:7,205
DA:11,2
DA:14,2
DA:16,2
DA:18,0
DA:19,0
DA:21,0
DA:25,0
DA:29,1
DA:33,6
DA:40,1
DA:44,1
DA:48,0
LF:13
LH:8
BRDA:16,0,0,2
BRDA:16,0,1,0
BRDA:18,1,0,0
BRDA:18,1,1,0
BRDA:19,2,0,0
BRDA:19,2,1,0
BRF:6
BRH:1
end_of_record
TN:
SF:/Users/Elf/ReactNative/payever-mobile-rn/src/common/api/UserApi.js
FN:6,(anonymous_0)
FNF:1
FNH:1
FNDA:205,(anonymous_0)
DA:7,205
LF:1
LH:1
BRF:0
BRH:0
end_of_record
TN:
SF:/Users/Elf/ReactNative/payever-mobile-rn/src/common/api/index.js
FN:40,(anonymous_0)
FN:48,(anonymous_1)
FN:56,(anonymous_2)
FN:85,(anonymous_3)
FN:94,(anonymous_4)
FN:148,(anonymous_5)
FN:155,(anonymous_6)
FN:165,objectToQueryString
FN:166,(anonymous_8)
FN:171,objectToFormData
FN:179,appendValueToFormData
FN:183,(anonymous_11)
FN:189,(anonymous_12)
FN:200,(anonymous_13)
FNF:14
FNH:9
FNDA:205,(anonymous_0)
FNDA:39,(anonymous_1)
FNDA:20,(anonymous_2)
FNDA:1,(anonymous_3)
FNDA:0,(anonymous_4)
FNDA:0,(anonymous_5)
FNDA:0,(anonymous_6)
FNDA:0,objectToQueryString
FNDA:0,(anonymous_8)
FNDA:18,objectToFormData
FNDA:96,appendValueToFormData
FNDA:48,(anonymous_11)
FNDA:23,(anonymous_12)
FNDA:25,(anonymous_13)
DA:41,205
DA:43,205
DA:44,205
DA:45,205
DA:49,39
DA:53,39
DA:61,20
DA:62,20
DA:64,20
DA:69,20
DA:70,12
DA:73,20
DA:90,1
DA:100,0
DA:101,0
DA:102,0
DA:110,0
DA:113,0
DA:114,0
DA:116,0
DA:117,0
DA:120,0
DA:121,0
DA:122,0
DA:123,0
DA:124,0
DA:125,0
DA:127,0
DA:130,0
DA:131,0
DA:132,0
DA:135,0
DA:136,0
DA:139,0
DA:149,0
DA:156,0
DA:157,0
DA:158,0
DA:161,0
DA:166,0
DA:167,0
DA:172,18
DA:174,18
DA:176,13
DA:177,13
DA:180,96
DA:182,17
DA:183,17
DA:184,48
DA:185,17
DA:189,9
DA:190,23
DA:191,9
DA:194,70
DA:195,70
DA:199,13
DA:200,13
DA:201,25
DA:204,0
DA:207,13
LF:60
LH:31
BRDA:48,0,0,15
BRDA:58,1,0,1
BRDA:59,2,0,12
BRDA:66,3,0,2
BRDA:66,3,1,18
BRDA:69,4,0,12
BRDA:69,4,1,8
BRDA:74,5,0,2
BRDA:74,5,1,18
BRDA:87,6,0,1
BRDA:88,7,0,1
BRDA:96,8,0,0
BRDA:100,9,0,0
BRDA:100,9,1,0
BRDA:100,10,0,0
BRDA:100,10,1,0
BRDA:101,11,0,0
BRDA:101,11,1,0
BRDA:113,12,0,0
BRDA:113,12,1,0
BRDA:116,13,0,0
BRDA:116,13,1,0
BRDA:116,14,0,0
BRDA:116,14,1,0
BRDA:124,15,0,0
BRDA:124,15,1,0
BRDA:124,16,0,0
BRDA:124,16,1,0
BRDA:135,17,0,0
BRDA:135,17,1,0
BRDA:135,18,0,0
BRDA:135,18,1,0
BRDA:155,19,0,0
BRDA:157,20,0,0
BRDA:157,20,1,0
BRDA:157,21,0,0
BRDA:157,21,1,0
BRDA:174,22,0,5
BRDA:174,22,1,13
BRDA:174,23,0,18
BRDA:174,23,1,14
BRDA:180,24,0,17
BRDA:180,24,1,9
BRDA:180,24,2,70
BRF:44
BRH:18
end_of_record
TN:
SF:/Users/Elf/ReactNative/payever-mobile-rn/src/common/api/MessengerApi/SocketApi.js
FN:8,(anonymous_0)
FN:15,(anonymous_1)
FN:47,(anonymous_2)
FN:60,(anonymous_3)
FN:70,(anonymous_4)
FN:74,(anonymous_5)
FN:84,(anonymous_6)
FN:90,(anonymous_7)
FN:98,(anonymous_8)
FN:104,(anonymous_9)
FN:114,(anonymous_10)
FN:120,(anonymous_11)
FN:126,(anonymous_12)
FN:132,(anonymous_13)
FN:138,(anonymous_14)
FN:144,(anonymous_15)
FN:152,(anonymous_16)
FN:153,(anonymous_17)
FN:171,(anonymous_18)
FN:172,(anonymous_19)
FN:178,(anonymous_20)
FN:182,(anonymous_21)
FNF:22
FNH:6
FNDA:9,(anonymous_0)
FNDA:2,(anonymous_1)
FNDA:3,(anonymous_2)
FNDA:0,(anonymous_3)
FNDA:2,(anonymous_4)
FNDA:1,(anonymous_5)
FNDA:0,(anonymous_6)
FNDA:0,(anonymous_7)
FNDA:0,(anonymous_8)
FNDA:0,(anonymous_9)
FNDA:0,(anonymous_10)
FNDA:0,(anonymous_11)
FNDA:0,(anonymous_12)
FNDA:0,(anonymous_13)
FNDA:0,(anonymous_14)
FNDA:0,(anonymous_15)
FNDA:0,(anonymous_16)
FNDA:0,(anonymous_17)
FNDA:0,(anonymous_18)
FNDA:0,(anonymous_19)
FNDA:0,(anonymous_20)
FNDA:9,(anonymous_21)
DA:9,9
DA:10,9
DA:11,9
DA:12,9
DA:24,2
DA:26,2
DA:27,2
DA:30,0
DA:31,0
DA:34,0
DA:35,0
DA:38,0
DA:42,2
DA:55,3
DA:65,0
DA:71,2
DA:75,1
DA:76,0
DA:79,1
DA:85,0
DA:91,0
DA:93,0
DA:99,0
DA:109,0
DA:115,0
DA:121,0
DA:127,0
DA:133,0
DA:139,0
DA:145,0
DA:146,0
DA:148,0
DA:152,0
DA:153,0
DA:154,0
DA:155,0
DA:157,0
DA:158,0
DA:165,0
DA:172,0
DA:173,0
DA:174,0
DA:179,0
DA:183,9
LF:44
LH:13
BRDA:16,0,0,2
BRDA:18,1,0,0
BRDA:19,2,0,2
BRDA:20,3,0,0
BRDA:21,4,0,2
BRDA:24,5,0,2
BRDA:24,5,1,0
BRDA:24,5,2,0
BRDA:24,5,3,0
BRDA:49,6,0,0
BRDA:51,7,0,3
BRDA:52,8,0,2
BRDA:53,9,0,3
BRDA:63,10,0,0
BRDA:70,11,0,2
BRDA:74,12,0,1
BRDA:75,13,0,0
BRDA:75,13,1,1
BRDA:84,14,0,0
BRDA:90,15,0,0
BRDA:91,16,0,0
BRDA:91,16,1,0
BRDA:98,17,0,0
BRDA:107,18,0,0
BRDA:114,19,0,0
BRDA:120,20,0,0
BRDA:126,21,0,0
BRDA:132,22,0,0
BRDA:138,23,0,0
BRDA:146,24,0,0
BRDA:146,24,1,0
BRDA:146,24,2,0
BRDA:154,25,0,0
BRDA:154,25,1,0
BRDA:157,26,0,0
BRDA:157,26,1,0
BRF:36
BRH:10
end_of_record
TN:
SF:/Users/Elf/ReactNative/payever-mobile-rn/src/common/api/MessengerApi/WampClient.js
FN:38,(anonymous_0)
FN:52,(anonymous_1)
FN:56,(anonymous_2)
FN:72,(anonymous_3)
FN:81,(anonymous_4)
FN:86,(anonymous_5)
FN:95,(anonymous_6)
FN:97,(anonymous_7)
FN:101,(anonymous_8)
FN:162,(anonymous_9)
FN:169,(anonymous_10)
FN:177,(anonymous_11)
FN:191,(anonymous_12)
FN:196,(anonymous_13)
FN:212,(anonymous_14)
FN:217,(anonymous_15)
FN:230,(anonymous_16)
FN:236,(anonymous_17)
FN:241,(anonymous_18)
FN:250,(anonymous_19)
FN:265,(anonymous_20)
FN:269,(anonymous_21)
FN:270,(anonymous_22)
FN:273,(anonymous_23)
FN:282,(anonymous_24)
FNF:25
FNH:0
FNDA:0,(anonymous_0)
FNDA:0,(anonymous_1)
FNDA:0,(anonymous_2)
FNDA:0,(anonymous_3)
FNDA:0,(anonymous_4)
FNDA:0,(anonymous_5)
FNDA:0,(anonymous_6)
FNDA:0,(anonymous_7)
FNDA:0,(anonymous_8)
FNDA:0,(anonymous_9)
FNDA:0,(anonymous_10)
FNDA:0,(anonymous_11)
FNDA:0,(anonymous_12)
FNDA:0,(anonymous_13)
FNDA:0,(anonymous_14)
FNDA:0,(anonymous_15)
FNDA:0,(anonymous_16)
FNDA:0,(anonymous_17)
FNDA:0,(anonymous_18)
FNDA:0,(anonymous_19)
FNDA:0,(anonymous_20)
FNDA:0,(anonymous_21)
FNDA:0,(anonymous_22)
FNDA:0,(anonymous_23)
FNDA:0,(anonymous_24)
DA:5,24
DA:6,24
DA:7,24
DA:8,24
DA:9,24
DA:10,24
DA:11,24
DA:12,24
DA:13,24
DA:15,24
DA:39,0
DA:41,0
DA:42,0
DA:44,0
DA:45,0
DA:46,0
DA:48,0
DA:49,0
DA:53,0
DA:57,0
DA:59,0
DA:60,0
DA:63,0
DA:67,0
DA:68,0
DA:69,0
DA:73,0
DA:74,0
DA:76,0
DA:78,0
DA:82,0
DA:87,0
DA:88,0
DA:91,0
DA:96,0
DA:97,0
DA:102,0
DA:103,0
DA:104,0
DA:106,0
DA:107,0
DA:110,0
DA:112,0
DA:113,0
DA:117,0
DA:119,0
DA:120,0
DA:124,0
DA:125,0
DA:130,0
DA:131,0
DA:132,0
DA:134,0
DA:135,0
DA:136,0
DA:137,0
DA:138,0
DA:139,0
DA:143,0
DA:144,0
DA:145,0
DA:146,0
DA:147,0
DA:148,0
DA:149,0
DA:152,0
DA:153,0
DA:155,0
DA:157,0
DA:163,0
DA:164,0
DA:165,0
DA:170,0
DA:171,0
DA:178,0
DA:179,0
DA:180,0
DA:181,0
DA:187,0
DA:190,0
DA:191,0
DA:192,0
DA:193,0
DA:195,0
DA:196,0
DA:197,0
DA:202,0
DA:204,0
DA:213,0
DA:216,0
DA:217,0
DA:218,0
DA:219,0
DA:220,0
DA:222,0
DA:223,0
DA:225,0
DA:231,0
DA:232,0
DA:233,0
DA:237,0
DA:238,0
DA:242,0
DA:243,0
DA:245,0
DA:246,0
DA:251,0
DA:252,0
DA:253,0
DA:254,0
DA:255,0
DA:258,0
DA:260,0
DA:261,0
DA:266,0
DA:270,0
DA:271,0
DA:272,0
DA:273,0
DA:274,0
DA:275,0
DA:276,0
DA:278,0
DA:281,0
DA:282,0
DA:283,0
DA:284,0
DA:285,0
LF:128
LH:10
BRDA:53,0,0,0
BRDA:53,0,1,0
BRDA:59,1,0,0
BRDA:59,1,1,0
BRDA:73,2,0,0
BRDA:73,2,1,0
BRDA:74,3,0,0
BRDA:74,3,1,0
BRDA:81,4,0,0
BRDA:87,5,0,0
BRDA:87,5,1,0
BRDA:96,6,0,0
BRDA:96,6,1,0
BRDA:112,7,0,0
BRDA:112,7,1,0
BRDA:117,8,0,0
BRDA:117,8,1,0
BRDA:117,8,2,0
BRDA:117,8,3,0
BRDA:135,9,0,0
BRDA:135,9,1,0
BRDA:138,10,0,0
BRDA:138,10,1,0
BRDA:143,11,0,0
BRDA:143,11,1,0
BRDA:147,12,0,0
BRDA:147,12,1,0
BRDA:152,13,0,0
BRDA:152,13,1,0
BRDA:164,14,0,0
BRDA:164,14,1,0
BRDA:170,15,0,0
BRDA:170,15,1,0
BRDA:180,16,0,0
BRDA:180,16,1,0
BRDA:190,17,0,0
BRDA:190,17,1,0
BRDA:195,18,0,0
BRDA:195,18,1,0
BRDA:220,19,0,0
BRDA:220,19,1,0
BRDA:223,20,0,0
BRDA:223,20,1,0
BRDA:242,21,0,0
BRDA:242,21,1,0
BRDA:245,22,0,0
BRDA:245,22,1,0
BRDA:245,23,0,0
BRDA:245,23,1,0
BRDA:252,24,0,0
BRDA:252,24,1,0
BRDA:255,25,0,0
BRDA:255,25,1,0
BRDA:260,26,0,0
BRDA:260,26,1,0
BRDA:275,27,0,0
BRDA:275,27,1,0
BRDA:283,28,0,0
BRDA:283,28,1,0
BRF:59
BRH:0
end_of_record
TN:
SF:/Users/Elf/ReactNative/payever-mobile-rn/src/common/api/MessengerApi/index.js
FN:14,(anonymous_0)
FN:18,(anonymous_1)
FN:22,(anonymous_2)
FN:26,(anonymous_3)
FN:41,(anonymous_4)
FN:49,(anonymous_5)
FN:64,(anonymous_6)
FN:68,(anonymous_7)
FN:80,(anonymous_8)
FN:84,(anonymous_9)
FN:94,(anonymous_10)
FN:112,(anonymous_11)
FN:116,(anonymous_12)
FN:132,(anonymous_13)
FN:160,(anonymous_14)
FN:168,(anonymous_15)
FN:181,(anonymous_16)
FN:191,(anonymous_17)
FN:197,(anonymous_18)
FNF:19
FNH:8
FNDA:205,(anonymous_0)
FNDA:4,(anonymous_1)
FNDA:1,(anonymous_2)
FNDA:9,(anonymous_3)
FNDA:8,(anonymous_4)
FNDA:0,(anonymous_5)
FNDA:0,(anonymous_6)
FNDA:1,(anonymous_7)
FNDA:1,(anonymous_8)
FNDA:0,(anonymous_9)
FNDA:0,(anonymous_10)
FNDA:0,(anonymous_11)
FNDA:0,(anonymous_12)
FNDA:2,(anonymous_13)
FNDA:0,(anonymous_14)
FNDA:0,(anonymous_15)
FNDA:0,(anonymous_16)
FNDA:0,(anonymous_17)
FNDA:0,(anonymous_18)
DA:15,205
DA:19,4
DA:23,1
DA:27,9
DA:28,0
DA:31,9
DA:33,9
DA:34,9
DA:35,9
DA:42,8
DA:43,0
DA:46,8
DA:54,0
DA:65,0
DA:73,1
DA:81,1
DA:85,0
DA:100,0
DA:113,0
DA:121,0
DA:139,2
DA:161,0
DA:163,0
DA:172,0
DA:182,0
DA:197,0
DA:198,0
DA:200,0
LF:28
LH:13
BRDA:27,0,0,0
BRDA:27,0,1,9
BRDA:42,1,0,0
BRDA:42,1,1,8
BRDA:71,2,0,1
BRDA:156,3,0,2
BRDA:156,3,1,0
BRDA:156,4,0,2
BRDA:156,4,1,2
BRDA:161,5,0,0
BRDA:161,5,1,0
BRF:11
BRH:6
end_of_record
TN:
SF:/Users/Elf/ReactNative/payever-mobile-rn/src/common/ui/BottomDock.js
FN:17,(anonymous_0)
FN:23,(anonymous_1)
FN:26,(anonymous_2)
FN:29,(anonymous_3)
FN:42,(anonymous_4)
FNF:5
FNH:0
FNDA:0,(anonymous_0)
FNDA:0,(anonymous_1)
FNDA:0,(anonymous_2)
FNDA:0,(anonymous_3)
FNDA:0,(anonymous_4)
DA:18,0
DA:20,0
DA:24,0
DA:26,0
DA:30,0
DA:32,0
DA:42,0
DA:53,24
LF:8
LH:1
BRDA:18,0,0,0
BRDA:18,0,1,0
BRF:2
BRH:0
end_of_record
TN:
SF:/Users/Elf/ReactNative/payever-mobile-rn/src/common/ui/BottomOverlay.js
FN:24,(anonymous_0)
FN:32,(anonymous_1)
FN:39,(anonymous_2)
FN:48,(anonymous_3)
FN:54,(anonymous_4)
FN:61,(anonymous_5)
FNF:6
FNH:0
FNDA:0,(anonymous_0)
FNDA:0,(anonymous_1)
FNDA:0,(anonymous_2)
FNDA:0,(anonymous_3)
FNDA:0,(anonymous_4)
FNDA:0,(anonymous_5)
DA:25,0
DA:27,0
DA:33,0
DA:40,0
DA:41,0
DA:49,0
DA:51,0
DA:55,0
DA:56,0
DA:62,0
DA:64,0
DA:79,24
LF:12
LH:1
BRDA:40,0,0,0
BRDA:40,0,1,0
BRDA:55,1,0,0
BRDA:55,1,1,0
BRF:4
BRH:0
end_of_record
TN:
SF:/Users/Elf/ReactNative/payever-mobile-rn/src/common/ui/Button.js
FN:22,(anonymous_0)
FN:32,(anonymous_1)
FN:53,(anonymous_2)
FNF:3
FNH:2
FNDA:3,(anonymous_0)
FNDA:0,(anonymous_1)
FNDA:3,(anonymous_2)
DA:23,3
DA:25,3
DA:27,3
DA:33,0
DA:34,0
DA:36,0
DA:38,0
DA:39,0
DA:44,0
DA:45,0
DA:54,3
DA:55,3
DA:56,3
DA:58,3
DA:59,0
DA:62,3
DA:63,0
DA:66,3
DA:67,3
DA:68,3
DA:71,3
DA:89,24
LF:22
LH:13
BRDA:25,0,0,3
BRDA:25,0,1,3
BRDA:28,1,0,3
BRDA:28,1,1,0
BRDA:36,2,0,0
BRDA:36,2,1,0
BRDA:36,3,0,0
BRDA:36,3,1,0
BRDA:38,4,0,0
BRDA:38,4,1,0
BRDA:38,5,0,0
BRDA:38,5,1,0
BRDA:44,6,0,0
BRDA:44,6,1,0
BRDA:44,7,0,0
BRDA:44,7,1,0
BRDA:58,8,0,0
BRDA:58,8,1,3
BRDA:62,9,0,0
BRDA:62,9,1,3
BRDA:66,10,0,3
BRDA:66,10,1,0
BRF:22
BRH:6
end_of_record
TN:
SF:/Users/Elf/ReactNative/payever-mobile-rn/src/common/ui/Container.js
FN:16,(anonymous_0)
FNF:1
FNH:1
FNDA:3,(anonymous_0)
DA:17,3
DA:18,3
DA:30,24
LF:3
LH:3
BRF:0
BRH:0
end_of_record
TN:
SF:/Users/Elf/ReactNative/payever-mobile-rn/src/common/ui/DataSource.js
FN:10,(anonymous_0)
FN:24,(anonymous_1)
FN:29,(anonymous_2)
FN:34,(anonymous_3)
FN:39,(anonymous_4)
FN:44,(anonymous_5)
FNF:6
FNH:0
FNDA:0,(anonymous_0)
FNDA:0,(anonymous_1)
FNDA:0,(anonymous_2)
FNDA:0,(anonymous_3)
FNDA:0,(anonymous_4)
FNDA:0,(anonymous_5)
DA:11,0
DA:18,0
DA:19,0
DA:21,0
DA:25,0
DA:26,0
DA:30,0
DA:31,0
DA:35,0
DA:36,0
DA:40,0
DA:41,0
DA:45,0
DA:46,0
LF:14
LH:0
BRDA:19,0,0,0
BRDA:19,0,1,0
BRDA:25,1,0,0
BRDA:25,1,1,0
BRDA:30,2,0,0
BRDA:30,2,1,0
BRDA:35,3,0,0
BRDA:35,3,1,0
BRDA:40,4,0,0
BRDA:40,4,1,0
BRDA:45,5,0,0
BRDA:45,5,1,0
BRF:12
BRH:0
end_of_record
TN:
SF:/Users/Elf/ReactNative/payever-mobile-rn/src/common/ui/Error.js
FN:15,(anonymous_0)
FN:23,(anonymous_1)
FN:28,(anonymous_2)
FN:33,(anonymous_3)
FN:37,(anonymous_4)
FN:42,(anonymous_5)
FN:51,(anonymous_6)
FNF:7
FNH:4
FNDA:1,(anonymous_0)
FNDA:1,(anonymous_1)
FNDA:0,(anonymous_2)
FNDA:0,(anonymous_3)
FNDA:1,(anonymous_4)
FNDA:0,(anonymous_5)
FNDA:1,(anonymous_6)
DA:16,1
DA:18,1
DA:25,1
DA:29,0
DA:30,0
DA:34,0
DA:38,1
DA:40,1
DA:42,1
DA:43,0
DA:44,0
DA:45,0
DA:46,0
DA:52,1
DA:53,1
DA:54,1
DA:57,0
DA:65,23
LF:18
LH:10
BRDA:34,0,0,0
BRDA:34,0,1,0
BRDA:40,1,0,0
BRDA:40,1,1,1
BRDA:40,2,0,1
BRDA:40,2,1,1
BRDA:45,3,0,0
BRDA:45,3,1,0
BRDA:53,4,0,1
BRDA:53,4,1,0
BRDA:53,5,0,1
BRDA:53,5,1,0
BRF:12
BRH:5
end_of_record
TN:
SF:/Users/Elf/ReactNative/payever-mobile-rn/src/common/ui/ErrorBox.js
FN:6,ErrorBox
FNF:1
FNH:1
FNDA:2,ErrorBox
DA:7,2
DA:15,24
LF:2
LH:2
BRF:0
BRH:0
end_of_record
TN:
SF:/Users/Elf/ReactNative/payever-mobile-rn/src/common/ui/FlatTextInput.js
FN:13,(anonymous_0)
FN:42,(anonymous_1)
FN:51,(anonymous_2)
FN:61,(anonymous_3)
FN:71,(anonymous_4)
FN:76,(anonymous_5)
FN:84,(anonymous_6)
FN:94,(anonymous_7)
FN:106,(anonymous_8)
FN:110,(anonymous_9)
FNF:10
FNH:3
FNDA:0,(anonymous_0)
FNDA:1,(anonymous_1)
FNDA:0,(anonymous_2)
FNDA:0,(anonymous_3)
FNDA:0,(anonymous_4)
FNDA:0,(anonymous_5)
FNDA:0,(anonymous_6)
FNDA:1,(anonymous_7)
FNDA:1,(anonymous_8)
FNDA:0,(anonymous_9)
DA:43,1
DA:45,1
DA:52,0
DA:54,0
DA:55,0
DA:58,0
DA:62,0
DA:64,0
DA:65,0
DA:68,0
DA:72,0
DA:73,0
DA:77,0
DA:78,0
DA:81,0
DA:85,0
DA:87,0
DA:88,0
DA:91,0
DA:99,1
DA:100,1
DA:102,1
DA:106,1
DA:110,0
DA:131,22
LF:25
LH:7
BRDA:54,0,0,0
BRDA:54,0,1,0
BRDA:64,1,0,0
BRDA:64,1,1,0
BRDA:77,2,0,0
BRDA:77,2,1,0
BRDA:87,3,0,0
BRDA:87,3,1,0
BRDA:104,4,0,1
BRDA:104,4,1,0
BRF:10
BRH:1
end_of_record
TN:
SF:/Users/Elf/ReactNative/payever-mobile-rn/src/common/ui/GridView.js
FN:8,(anonymous_0)
FN:33,(anonymous_1)
FN:41,(anonymous_2)
FN:45,(anonymous_3)
FN:51,(anonymous_4)
FN:89,(anonymous_5)
FN:92,(anonymous_6)
FNF:7
FNH:5
FNDA:5,(anonymous_0)
FNDA:5,(anonymous_1)
FNDA:0,(anonymous_2)
FNDA:0,(anonymous_3)
FNDA:7,(anonymous_4)
FNDA:7,(anonymous_5)
FNDA:38,(anonymous_6)
DA:8,5
DA:34,5
DA:36,5
DA:42,0
DA:46,0
DA:47,0
DA:65,7
DA:67,7
DA:69,7
DA:72,7
DA:74,7
DA:76,7
DA:77,7
DA:79,7
DA:80,0
DA:83,7
DA:89,7
DA:92,38
DA:105,24
LF:19
LH:15
BRDA:45,0,0,0
BRDA:46,1,0,0
BRDA:46,1,1,0
BRDA:69,2,0,7
BRDA:69,2,1,7
BRDA:79,3,0,0
BRDA:79,3,1,7
BRDA:79,4,0,7
BRDA:79,4,1,0
BRDA:86,5,0,7
BRDA:86,5,1,7
BRDA:86,6,0,7
BRDA:86,6,1,0
BRF:13
BRH:7
end_of_record
TN:
SF:/Users/Elf/ReactNative/payever-mobile-rn/src/common/ui/Header.js
FN:16,(anonymous_0)
FNF:1
FNH:1
FNDA:5,(anonymous_0)
DA:17,5
DA:18,5
DA:19,5
DA:20,5
DA:23,5
DA:31,24
LF:6
LH:6
BRDA:19,0,0,5
BRDA:19,0,1,0
BRF:2
BRH:1
end_of_record
TN:
SF:/Users/Elf/ReactNative/payever-mobile-rn/src/common/ui/IconButton.js
FN:21,(anonymous_0)
FNF:1
FNH:0
FNDA:0,(anonymous_0)
DA:24,0
DA:26,0
DA:27,0
DA:28,0
DA:31,0
DA:49,24
LF:6
LH:1
BRDA:27,0,0,0
BRDA:27,0,1,0
BRF:2
BRH:0
end_of_record
TN:
SF:/Users/Elf/ReactNative/payever-mobile-rn/src/common/ui/IconText.js
FN:25,(anonymous_0)
FNF:1
FNH:1
FNDA:34,(anonymous_0)
DA:29,34
DA:30,34
DA:31,34
DA:32,34
DA:34,34
DA:35,0
DA:36,0
DA:37,0
DA:40,34
DA:41,34
DA:42,34
DA:53,34
DA:54,34
DA:60,34
DA:61,34
DA:63,34
DA:86,24
LF:17
LH:14
BRDA:34,0,0,0
BRDA:34,0,1,34
BRDA:41,1,0,34
BRDA:41,1,1,0
BRF:4
BRH:2
end_of_record
TN:
SF:/Users/Elf/ReactNative/payever-mobile-rn/src/common/ui/ImageButton.js
FN:14,(anonymous_0)
FNF:1
FNH:1
FNDA:1,(anonymous_0)
DA:15,1
DA:17,1
DA:18,1
DA:24,1
LF:4
LH:4
BRF:0
BRH:0
end_of_record
TN:
SF:/Users/Elf/ReactNative/payever-mobile-rn/src/common/ui/Link.js
FN:22,(anonymous_0)
FN:34,(anonymous_1)
FNF:2
FNH:0
FNDA:0,(anonymous_0)
FNDA:0,(anonymous_1)
DA:23,0
DA:24,0
DA:25,0
DA:27,0
DA:35,0
DA:45,24
LF:6
LH:1
BRDA:25,0,0,0
BRDA:25,0,1,0
BRF:2
BRH:0
end_of_record
TN:
SF:/Users/Elf/ReactNative/payever-mobile-rn/src/common/ui/Loader.js
FN:15,(anonymous_0)
FN:20,(anonymous_1)
FN:24,(anonymous_2)
FN:33,(anonymous_3)
FN:36,(anonymous_4)
FN:59,(anonymous_5)
FN:70,(anonymous_6)
FNF:7
FNH:6
FNDA:9,(anonymous_0)
FNDA:9,(anonymous_1)
FNDA:9,(anonymous_2)
FNDA:0,(anonymous_3)
FNDA:3,(anonymous_4)
FNDA:6,(anonymous_5)
FNDA:9,(anonymous_6)
DA:16,9
DA:17,9
DA:21,9
DA:26,9
DA:27,9
DA:33,0
DA:37,3
DA:38,3
DA:39,1
DA:43,2
DA:48,2
DA:60,6
DA:61,6
DA:62,6
DA:63,0
DA:65,6
DA:67,0
DA:71,9
DA:72,9
DA:73,6
DA:75,3
DA:79,23
LF:22
LH:19
BRDA:38,0,0,1
BRDA:38,0,1,2
BRDA:61,1,0,6
BRDA:61,1,1,0
BRDA:62,2,0,0
BRDA:62,2,1,6
BRDA:72,3,0,6
BRDA:72,3,1,3
BRF:8
BRH:6
end_of_record
TN:
SF:/Users/Elf/ReactNative/payever-mobile-rn/src/common/ui/MoveYAnimElement.js
FN:27,(anonymous_0)
FN:35,(anonymous_1)
FN:39,(anonymous_2)
FN:47,(anonymous_3)
FN:50,(anonymous_4)
FN:55,(anonymous_5)
FNF:6
FNH:0
FNDA:0,(anonymous_0)
FNDA:0,(anonymous_1)
FNDA:0,(anonymous_2)
FNDA:0,(anonymous_3)
FNDA:0,(anonymous_4)
FNDA:0,(anonymous_5)
DA:8,24
DA:9,24
DA:10,24
DA:12,24
DA:13,24
DA:28,0
DA:30,0
DA:36,0
DA:40,0
DA:41,0
DA:43,0
DA:47,0
DA:52,0
DA:56,0
DA:57,0
DA:59,0
DA:65,0
DA:70,0
DA:75,0
DA:76,0
DA:81,0
DA:94,24
LF:22
LH:6
BRDA:10,0,0,24
BRDA:10,0,1,0
BRDA:47,1,0,0
BRDA:47,1,1,0
BRF:4
BRH:1
end_of_record
TN:
SF:/Users/Elf/ReactNative/payever-mobile-rn/src/common/ui/RoundSwitch.js
FN:27,(anonymous_0)
FN:36,(anonymous_1)
FN:42,(anonymous_2)
FN:46,(anonymous_3)
FN:55,(anonymous_4)
FN:64,(anonymous_5)
FNF:6
FNH:2
FNDA:10,(anonymous_0)
FNDA:0,(anonymous_1)
FNDA:0,(anonymous_2)
FNDA:0,(anonymous_3)
FNDA:0,(anonymous_4)
FNDA:10,(anonymous_5)
DA:6,24
DA:28,10
DA:30,10
DA:37,0
DA:38,0
DA:39,0
DA:42,0
DA:47,0
DA:48,0
DA:50,0
DA:52,0
DA:56,0
DA:57,0
DA:60,0
DA:65,10
DA:66,10
DA:68,10
DA:74,10
DA:84,10
DA:85,0
DA:86,0
DA:88,10
DA:89,10
DA:90,10
DA:93,10
DA:94,10
DA:97,10
DA:110,24
LF:28
LH:15
BRDA:37,0,0,0
BRDA:37,0,1,0
BRDA:50,1,0,0
BRDA:50,1,1,0
BRDA:56,2,0,0
BRDA:56,2,1,0
BRDA:84,3,0,0
BRDA:84,3,1,10
BRDA:93,4,0,10
BRDA:93,4,1,0
BRF:10
BRH:2
end_of_record
TN:
SF:/Users/Elf/ReactNative/payever-mobile-rn/src/common/ui/SocialIconButton.js
FN:21,(anonymous_0)
FN:29,(anonymous_1)
FN:54,(anonymous_2)
FN:55,(anonymous_3)
FNF:4
FNH:2
FNDA:4,(anonymous_0)
FNDA:4,(anonymous_1)
FNDA:0,(anonymous_2)
FNDA:0,(anonymous_3)
DA:22,4
DA:24,4
DA:32,4
DA:34,4
DA:35,4
DA:36,4
DA:38,4
DA:39,4
DA:40,4
DA:41,0
DA:42,0
DA:43,0
DA:46,4
DA:54,0
DA:55,0
DA:67,24
LF:16
LH:11
BRDA:38,0,0,4
BRDA:38,0,1,0
BRDA:40,1,0,0
BRDA:40,1,1,4
BRF:4
BRH:2
end_of_record
TN:
SF:/Users/Elf/ReactNative/payever-mobile-rn/src/common/ui/SpinnerButton.js
FN:16,(anonymous_0)
FNF:1
FNH:0
FNDA:0,(anonymous_0)
DA:17,0
DA:18,0
DA:19,0
DA:21,0
DA:22,0
DA:25,0
DA:26,0
DA:29,0
DA:30,0
DA:31,0
DA:34,0
DA:35,0
DA:50,24
LF:13
LH:1
BRDA:21,0,0,0
BRDA:21,0,1,0
BRDA:25,1,0,0
BRDA:25,1,1,0
BRDA:29,2,0,0
BRDA:29,2,1,0
BRDA:34,3,0,0
BRDA:34,3,1,0
BRDA:43,4,0,0
BRDA:43,4,1,0
BRF:10
BRH:0
end_of_record
TN:
SF:/Users/Elf/ReactNative/payever-mobile-rn/src/common/ui/StyleSheet.js
FN:36,getRemKoef
FNF:1
FNH:1
FNDA:24,getRemKoef
DA:5,24
DA:9,24
DA:34,24
DA:37,24
DA:38,0
DA:41,24
DA:42,0
DA:45,24
DA:46,24
DA:49,0
LF:10
LH:7
BRDA:31,0,0,24
BRDA:31,0,1,0
BRDA:37,1,0,0
BRDA:37,1,1,24
BRDA:41,2,0,0
BRDA:41,2,1,24
BRDA:45,3,0,24
BRDA:45,3,1,0
BRF:8
BRH:4
end_of_record
TN:
SF:/Users/Elf/ReactNative/payever-mobile-rn/src/common/ui/Text.js
FN:13,(anonymous_0)
FNF:1
FNH:1
FNDA:202,(anonymous_0)
DA:14,202
DA:23,24
LF:2
LH:2
BRF:0
BRH:0
end_of_record
TN:
SF:/Users/Elf/ReactNative/payever-mobile-rn/src/common/ui/TextButton.js
FN:15,(anonymous_0)
FNF:1
FNH:1
FNDA:4,(anonymous_0)
DA:16,4
DA:18,4
DA:33,24
LF:3
LH:3
BRF:0
BRH:0
end_of_record
TN:
SF:/Users/Elf/ReactNative/payever-mobile-rn/src/common/ui/TextInput.js
FN:16,(anonymous_0)
FN:25,(anonymous_1)
FN:29,(anonymous_2)
FN:34,(anonymous_3)
FN:38,(anonymous_4)
FN:41,(anonymous_5)
FNF:6
FNH:2
FNDA:0,(anonymous_0)
FNDA:0,(anonymous_1)
FNDA:0,(anonymous_2)
FNDA:0,(anonymous_3)
FNDA:5,(anonymous_4)
FNDA:5,(anonymous_5)
DA:17,0
DA:21,0
DA:26,0
DA:30,0
DA:31,0
DA:35,0
DA:39,5
DA:41,5
DA:51,24
LF:9
LH:3
BRDA:17,0,0,0
BRDA:17,0,1,0
BRDA:21,1,0,0
BRDA:21,1,1,0
BRDA:21,1,2,0
BRF:5
BRH:0
end_of_record
TN:
SF:/Users/Elf/ReactNative/payever-mobile-rn/src/common/ui/ValidationInformer.js
FN:22,(anonymous_0)
FN:28,(anonymous_1)
FN:34,(anonymous_2)
FN:66,(anonymous_3)
FN:78,(anonymous_4)
FNF:5
FNH:0
FNDA:0,(anonymous_0)
FNDA:0,(anonymous_1)
FNDA:0,(anonymous_2)
FNDA:0,(anonymous_3)
FNDA:0,(anonymous_4)
DA:23,0
DA:24,0
DA:29,0
DA:30,0
DA:37,0
DA:39,0
DA:41,0
DA:47,0
DA:53,0
DA:59,0
DA:67,0
DA:68,0
DA:70,0
DA:78,0
DA:87,24
LF:15
LH:1
BRDA:23,0,0,0
BRDA:23,0,1,0
BRDA:29,1,0,0
BRDA:29,1,1,0
BRDA:39,2,0,0
BRDA:39,2,1,0
BRDA:39,2,2,0
BRDA:39,2,3,0
BRF:8
BRH:0
end_of_record
TN:
SF:/Users/Elf/ReactNative/payever-mobile-rn/src/common/ui/index.js
FNF:0
FNH:0
LF:0
LH:0
BRF:0
BRH:0
end_of_record
TN:
SF:/Users/Elf/ReactNative/payever-mobile-rn/src/common/ui/FlatPicker/index.ios.js
FN:37,(anonymous_0)
FN:48,(anonymous_1)
FN:54,(anonymous_2)
FN:62,(anonymous_3)
FN:72,(anonymous_4)
FN:84,(anonymous_5)
FN:89,(anonymous_6)
FN:102,(anonymous_7)
FN:105,(anonymous_8)
FN:112,(anonymous_9)
FN:138,(anonymous_10)
FN:149,(anonymous_11)
FN:160,(anonymous_12)
FN:170,(anonymous_13)
FN:182,(anonymous_14)
FNF:15
FNH:0
FNDA:0,(anonymous_0)
FNDA:0,(anonymous_1)
FNDA:0,(anonymous_2)
FNDA:0,(anonymous_3)
FNDA:0,(anonymous_4)
FNDA:0,(anonymous_5)
FNDA:0,(anonymous_6)
FNDA:0,(anonymous_7)
FNDA:0,(anonymous_8)
FNDA:0,(anonymous_9)
FNDA:0,(anonymous_10)
FNDA:0,(anonymous_11)
FNDA:0,(anonymous_12)
FNDA:0,(anonymous_13)
FNDA:0,(anonymous_14)
DA:10,24
DA:11,24
DA:38,0
DA:40,0
DA:42,0
DA:49,0
DA:51,0
DA:52,0
DA:54,0
DA:56,0
DA:57,0
DA:63,0
DA:65,0
DA:66,0
DA:69,0
DA:73,0
DA:74,0
DA:76,0
DA:77,0
DA:80,0
DA:81,0
DA:82,0
DA:84,0
DA:85,0
DA:89,0
DA:90,0
DA:94,0
DA:95,0
DA:99,0
DA:102,0
DA:106,0
DA:107,0
DA:108,0
DA:113,0
DA:115,0
DA:116,0
DA:119,0
DA:121,0
DA:123,0
DA:124,0
DA:128,0
DA:129,0
DA:133,0
DA:134,0
DA:138,0
DA:139,0
DA:149,0
DA:150,0
DA:161,0
DA:163,0
DA:164,0
DA:167,0
DA:171,0
DA:172,0
DA:174,0
DA:175,0
DA:176,0
DA:179,0
DA:182,0
DA:213,24
LF:60
LH:3
BRDA:51,0,0,0
BRDA:51,0,1,0
BRDA:65,1,0,0
BRDA:65,1,1,0
BRDA:76,2,0,0
BRDA:76,2,1,0
BRDA:76,3,0,0
BRDA:76,3,1,0
BRDA:76,3,2,0
BRDA:76,3,3,0
BRDA:80,4,0,0
BRDA:80,4,1,0
BRDA:82,5,0,0
BRDA:82,5,1,0
BRDA:82,5,2,0
BRDA:99,6,0,0
BRDA:99,6,1,0
BRDA:102,7,0,0
BRDA:102,7,1,0
BRDA:107,8,0,0
BRDA:107,8,1,0
BRDA:115,9,0,0
BRDA:115,9,1,0
BRDA:115,10,0,0
BRDA:115,10,1,0
BRDA:115,10,2,0
BRDA:119,11,0,0
BRDA:119,11,1,0
BRDA:121,12,0,0
BRDA:121,12,1,0
BRDA:121,12,2,0
BRDA:153,13,0,0
BRDA:153,13,1,0
BRDA:163,14,0,0
BRDA:163,14,1,0
BRDA:175,15,0,0
BRDA:175,15,1,0
BRDA:184,16,0,0
BRDA:184,16,1,0
BRDA:185,17,0,0
BRDA:185,17,1,0
BRF:41
BRH:0
end_of_record
TN:
SF:/Users/Elf/ReactNative/payever-mobile-rn/src/common/ui/Html/htmlToElements.js
FN:8,htmlToElements
FN:16,nodesToElements
FN:27,(anonymous_2)
FN:45,(anonymous_3)
FN:112,hasBlockChildren
FN:114,(anonymous_5)
FNF:6
FNH:3
FNDA:10,htmlToElements
FNDA:20,nodesToElements
FNDA:10,(anonymous_2)
FNDA:0,(anonymous_3)
FNDA:0,hasBlockChildren
FNDA:0,(anonymous_5)
DA:5,24
DA:6,24
DA:12,10
DA:13,10
DA:22,20
DA:24,10
DA:26,10
DA:28,10
DA:30,10
DA:32,0
DA:33,0
DA:40,10
DA:41,10
DA:42,0
DA:45,0
DA:53,10
DA:54,10
DA:55,10
DA:62,10
DA:63,0
DA:64,0
DA:66,0
DA:70,10
DA:75,0
DA:76,0
DA:77,0
DA:78,0
DA:85,0
DA:88,0
DA:89,0
DA:92,0
DA:93,0
DA:94,0
DA:101,0
DA:108,0
DA:113,0
DA:114,0
LF:37
LH:16
BRDA:10,0,0,0
BRDA:22,1,0,10
BRDA:22,1,1,10
BRDA:24,2,0,10
BRDA:24,2,1,0
BRDA:30,3,0,0
BRDA:30,3,1,10
BRDA:30,4,0,10
BRDA:30,4,1,10
BRDA:32,5,0,0
BRDA:32,5,1,0
BRDA:34,6,0,0
BRDA:34,6,1,0
BRDA:40,7,0,10
BRDA:40,7,1,0
BRDA:41,8,0,0
BRDA:41,8,1,10
BRDA:54,9,0,10
BRDA:54,9,1,0
BRDA:54,10,0,10
BRDA:54,10,1,10
BRDA:56,11,0,10
BRDA:56,11,1,0
BRDA:62,12,0,0
BRDA:62,12,1,10
BRDA:63,13,0,0
BRDA:63,13,1,0
BRDA:75,14,0,0
BRDA:75,14,1,0
BRDA:75,15,0,0
BRDA:75,15,1,0
BRDA:76,16,0,0
BRDA:76,16,1,0
BRDA:88,17,0,0
BRDA:88,17,1,0
BRDA:93,18,0,0
BRDA:93,18,1,0
BRDA:113,19,0,0
BRDA:113,19,1,0
BRF:39
BRH:13
end_of_record
TN:
SF:/Users/Elf/ReactNative/payever-mobile-rn/src/common/ui/Html/index.js
FN:19,(anonymous_0)
FN:26,(anonymous_1)
FN:30,(anonymous_2)
FN:34,(anonymous_3)
FN:42,(anonymous_4)
FN:46,(anonymous_5)
FN:59,(anonymous_6)
FN:70,(anonymous_7)
FNF:8
FNH:5
FNDA:10,(anonymous_0)
FNDA:10,(anonymous_1)
FNDA:0,(anonymous_2)
FNDA:0,(anonymous_3)
FNDA:0,(anonymous_4)
FNDA:10,(anonymous_5)
FNDA:10,(anonymous_6)
FNDA:20,(anonymous_7)
DA:20,10
DA:21,10
DA:27,10
DA:31,0
DA:35,0
DA:36,0
DA:37,0
DA:38,0
DA:43,0
DA:47,10
DA:49,10
DA:50,10
DA:52,10
DA:57,10
DA:59,10
DA:60,10
DA:61,10
DA:62,10
DA:63,10
DA:65,10
DA:71,20
DA:72,10
DA:75,10
DA:79,24
DA:80,24
DA:81,24
LF:26
LH:20
BRDA:36,0,0,0
BRDA:36,0,1,0
BRDA:47,1,0,10
BRDA:47,1,1,10
BRDA:49,2,0,0
BRDA:49,2,1,10
BRDA:50,3,0,0
BRDA:50,3,1,10
BRDA:71,4,0,10
BRDA:71,4,1,10
BRF:10
BRH:6
end_of_record
TN:
SF:/Users/Elf/ReactNative/payever-mobile-rn/src/common/ui/Html/parseHtml.js
FN:10,parseHtml
FN:50,(anonymous_1)
FN:52,(anonymous_2)
FN:59,push
FN:69,needToTrimLeft
FNF:5
FNH:5
FNDA:10,parseHtml
FNDA:10,(anonymous_1)
FNDA:10,(anonymous_2)
FNDA:10,push
FNDA:10,needToTrimLeft
DA:4,24
DA:11,10
DA:16,10
DA:24,10
DA:26,0
DA:34,10
DA:36,10
DA:38,10
DA:39,10
DA:42,10
DA:46,0
DA:50,10
DA:52,10
DA:54,10
DA:55,10
DA:56,10
DA:60,10
DA:61,10
DA:62,10
DA:63,10
DA:64,10
DA:65,0
DA:70,10
DA:71,10
DA:72,10
DA:75,0
DA:76,0
DA:77,0
DA:78,0
DA:80,0
LF:30
LH:22
BRDA:29,0,0,0
BRDA:29,0,1,0
BRDA:36,1,0,0
BRDA:36,1,1,10
BRDA:38,2,0,10
BRDA:38,2,1,0
BRDA:59,3,0,0
BRDA:61,4,0,10
BRDA:61,4,1,10
BRDA:64,5,0,0
BRDA:64,5,1,10
BRDA:71,6,0,10
BRDA:71,6,1,0
BRDA:71,7,0,10
BRDA:71,7,1,0
BRDA:77,8,0,0
BRDA:77,8,1,0
BRF:17
BRH:7
end_of_record
TN:
SF:/Users/Elf/ReactNative/payever-mobile-rn/src/common/ui/Html/vendors/autoLinker.js
FNF:0
FNH:0
DA:7,24
DA:9,24
DA:23,24
DA:25,24
DA:27,0
LF:5
LH:4
BRF:0
BRH:0
end_of_record
TN:
SF:/Users/Elf/ReactNative/payever-mobile-rn/src/common/ui/Html/vendors/htmlparser2.js
FN:2,(anonymous_0)
FN:20,(anonymous_1)
FN:22,e
FN:23,s
FN:33,(anonymous_4)
FN:45,(anonymous_5)
FN:48,CollectingHandler
FN:54,(anonymous_7)
FN:57,(anonymous_8)
FN:63,(anonymous_9)
FN:69,(anonymous_10)
FN:78,(anonymous_11)
FN:83,(anonymous_12)
FN:103,(anonymous_13)
FN:109,FeedHandler
FN:117,getElements
FN:121,getOneElement
FN:125,fetch
FN:131,addConditionally
FN:136,(anonymous_19)
FN:140,(anonymous_20)
FN:157,(anonymous_21)
FN:180,(anonymous_22)
FN:203,(anonymous_23)
FN:298,Parser
FN:325,(anonymous_25)
FN:338,(anonymous_26)
FN:345,(anonymous_27)
FN:368,(anonymous_28)
FN:383,(anonymous_29)
FN:408,(anonymous_30)
FN:416,(anonymous_31)
FN:431,(anonymous_32)
FN:438,(anonymous_33)
FN:442,(anonymous_34)
FN:453,(anonymous_35)
FN:464,(anonymous_36)
FN:471,(anonymous_37)
FN:478,(anonymous_38)
FN:485,(anonymous_39)
FN:497,(anonymous_40)
FN:501,(anonymous_41)
FN:514,(anonymous_42)
FN:527,(anonymous_43)
FN:532,(anonymous_44)
FN:536,(anonymous_45)
FN:540,(anonymous_46)
FN:544,(anonymous_47)
FN:555,(anonymous_48)
FN:558,ProxyHandler
FN:563,(anonymous_50)
FN:566,(anonymous_51)
FN:571,(anonymous_52)
FN:576,(anonymous_53)
FN:584,(anonymous_54)
FN:589,Stream
FN:597,Cbs
FN:603,(anonymous_57)
FN:605,(anonymous_58)
FN:609,(anonymous_59)
FN:613,(anonymous_60)
FN:621,(anonymous_61)
FN:708,whitespace
FN:712,characterState
FN:713,(anonymous_64)
FN:718,ifElseState
FN:722,(anonymous_66)
FN:731,(anonymous_67)
FN:742,consumeSpecialNameChar
FN:745,(anonymous_69)
FN:755,Tokenizer
FN:770,(anonymous_71)
FN:787,(anonymous_72)
FN:808,(anonymous_73)
FN:816,(anonymous_74)
FN:833,(anonymous_75)
FN:841,(anonymous_76)
FN:849,(anonymous_77)
FN:862,(anonymous_78)
FN:873,(anonymous_79)
FN:882,(anonymous_80)
FN:896,(anonymous_81)
FN:910,(anonymous_82)
FN:923,(anonymous_83)
FN:936,(anonymous_84)
FN:950,(anonymous_85)
FN:956,(anonymous_86)
FN:964,(anonymous_87)
FN:972,(anonymous_88)
FN:981,(anonymous_89)
FN:985,(anonymous_90)
FN:993,(anonymous_91)
FN:1011,(anonymous_92)
FN:1021,(anonymous_93)
FN:1027,(anonymous_94)
FN:1039,(anonymous_95)
FN:1050,(anonymous_96)
FN:1064,(anonymous_97)
FN:1077,(anonymous_98)
FN:1091,(anonymous_99)
FN:1103,(anonymous_100)
FN:1117,(anonymous_101)
FN:1132,(anonymous_102)
FN:1151,(anonymous_103)
FN:1174,(anonymous_104)
FN:1191,(anonymous_105)
FN:1205,(anonymous_106)
FN:1219,(anonymous_107)
FN:1249,(anonymous_108)
FN:1256,(anonymous_109)
FN:1430,(anonymous_110)
FN:1433,(anonymous_111)
FN:1444,(anonymous_112)
FN:1453,(anonymous_113)
FN:1462,(anonymous_114)
FN:1504,(anonymous_115)
FN:1508,(anonymous_116)
FN:1512,(anonymous_117)
FN:1516,(anonymous_118)
FN:1521,(anonymous_119)
FN:1535,(anonymous_120)
FN:1541,Stream
FN:1546,(anonymous_122)
FN:1553,(anonymous_123)
FN:1558,(anonymous_124)
FN:1570,(anonymous_125)
FN:1576,(anonymous_126)
FN:1583,DomHandler
FN:1607,(anonymous_128)
FN:1612,(anonymous_129)
FN:1617,(anonymous_130)
FN:1625,(anonymous_131)
FN:1633,(anonymous_132)
FN:1639,(anonymous_133)
FN:1665,(anonymous_134)
FN:1678,(anonymous_135)
FN:1716,(anonymous_136)
FN:1733,(anonymous_137)
FN:1746,(anonymous_138)
FN:1750,(anonymous_139)
FN:1761,(anonymous_140)
FN:1770,(anonymous_141)
FN:1773,(anonymous_142)
FN:1776,(anonymous_143)
FN:1784,(anonymous_144)
FN:1817,(anonymous_145)
FN:1820,(anonymous_146)
FN:1823,(anonymous_147)
FN:1831,(anonymous_148)
FN:1841,(anonymous_149)
FN:1842,(anonymous_150)
FN:1855,(anonymous_151)
FN:1858,(anonymous_152)
FN:1919,(anonymous_153)
FN:1973,(anonymous_154)
FN:1985,(anonymous_155)
FN:1999,(anonymous_156)
FN:2003,(anonymous_157)
FN:2024,(anonymous_158)
FN:2026,(anonymous_159)
FN:2032,(anonymous_160)
FN:2037,(anonymous_161)
FN:2039,(anonymous_162)
FN:2043,(anonymous_163)
FN:2048,(anonymous_164)
FN:2050,(anonymous_165)
FN:2054,(anonymous_166)
FN:2061,getAttribCheck
FN:2063,(anonymous_168)
FN:2067,(anonymous_169)
FN:2073,combineFuncs
FN:2074,(anonymous_171)
FN:2079,(anonymous_172)
FN:2080,(anonymous_173)
FN:2091,(anonymous_174)
FN:2096,(anonymous_175)
FN:2100,(anonymous_176)
FN:2105,(anonymous_177)
FN:2106,(anonymous_178)
FN:2116,(anonymous_179)
FN:2134,(anonymous_180)
FN:2145,(anonymous_181)
FN:2165,(anonymous_182)
FN:2184,(anonymous_183)
FN:2196,filter
FN:2205,find
FN:2226,findOneChild
FN:2234,findOne
FN:2250,existsOne
FN:2267,findAll
FN:2281,(anonymous_190)
FN:2292,getInnerHTML
FN:2293,(anonymous_192)
FN:2298,getText
FN:2306,(anonymous_194)
FN:2307,(anonymous_195)
FN:2311,(anonymous_196)
FN:2315,(anonymous_197)
FN:2320,(anonymous_198)
FN:2324,(anonymous_199)
FN:2328,(anonymous_200)
FN:2333,(anonymous_201)
FN:2384,formatAttrs
FN:2434,(anonymous_203)
FN:2460,renderTag
FN:2490,renderDirective
FN:2494,renderText
FN:2505,renderCdata
FN:2509,renderComment
FN:2514,(anonymous_209)
FN:2525,(anonymous_210)
FN:2530,(anonymous_211)
FN:2534,(anonymous_212)
FN:2538,(anonymous_213)
FN:2542,(anonymous_214)
FN:2566,(anonymous_215)
FN:2575,getStrictDecoder
FN:2583,(anonymous_217)
FN:2588,(anonymous_218)
FN:2607,replacer
FN:2613,(anonymous_220)
FN:2618,sorter
FN:2622,getReplacer
FN:2623,replace
FN:2645,(anonymous_224)
FN:2651,decodeCodePoint
FN:2674,(anonymous_226)
FN:2685,getInverseObj
FN:2686,(anonymous_228)
FN:2692,getInverseReplacer
FN:2696,(anonymous_230)
FN:2713,singleCharReplacer
FN:2717,astralReplacer
FN:2725,getInverse
FN:2726,func
FN:2730,(anonymous_235)
FN:2740,escapeXML
FN:2750,(anonymous_237)
FN:2782,(anonymous_238)
FN:4911,(anonymous_239)
FN:5021,(anonymous_240)
FN:5025,(anonymous_241)
FN:5028,(anonymous_242)
FN:5031,(anonymous_243)
FN:5034,(anonymous_244)
FN:5037,(anonymous_245)
FN:5040,(anonymous_246)
FN:5043,(anonymous_247)
FN:5085,(anonymous_248)
FN:5089,(anonymous_249)
FN:5112,Buffer
FN:5176,SlowBuffer
FN:5184,isBuffer
FN:5188,compare
FN:5208,isEncoding
FN:5227,concat
FN:5254,byteLength
FN:5290,toString
FN:5333,equals
FN:5339,inspect
FN:5349,compare
FN:5355,indexOf
FN:5380,arrayIndexOf
FN:5397,get
FN:5403,set
FN:5408,hexWrite
FN:5435,utf8Write
FN:5440,asciiWrite
FN:5445,binaryWrite
FN:5449,base64Write
FN:5454,utf16leWrite
FN:5459,write
FN:5521,toJSON
FN:5528,base64Slice
FN:5536,utf8Slice
FN:5553,asciiSlice
FN:5563,binarySlice
FN:5573,hexSlice
FN:5586,utf16leSlice
FN:5595,slice
FN:5635,checkOffset
FN:5640,readUIntLE
FN:5655,readUIntBE
FN:5671,readUInt8
FN:5676,readUInt16LE
FN:5681,readUInt16BE
FN:5686,readUInt32LE
FN:5695,readUInt32BE
FN:5704,readIntLE
FN:5722,readIntBE
FN:5740,readInt8
FN:5746,readInt16LE
FN:5752,readInt16BE
FN:5758,readInt32LE
FN:5767,readInt32BE
FN:5776,readFloatLE
FN:5781,readFloatBE
FN:5786,readDoubleLE
FN:5791,readDoubleBE
FN:5796,checkInt
FN:5802,writeUIntLE
FN:5818,writeUIntBE
FN:5834,writeUInt8
FN:5843,objectWriteUInt16
FN:5851,writeUInt16LE
FN:5864,writeUInt16BE
FN:5877,objectWriteUInt32
FN:5884,writeUInt32LE
FN:5899,writeUInt32BE
FN:5914,writeIntLE
FN:5936,writeIntBE
FN:5958,writeInt8
FN:5968,writeInt16LE
FN:5981,writeInt16BE
FN:5994,writeInt32LE
FN:6009,writeInt32BE
FN:6025,checkIEEE754
FN:6031,writeFloat
FN:6039,writeFloatLE
FN:6043,writeFloatBE
FN:6047,writeDouble
FN:6055,writeDoubleLE
FN:6059,writeDoubleBE
FN:6064,copy
FN:6102,fill
FN:6136,toArrayBuffer
FN:6160,_augment
FN:6225,base64clean
FN:6237,stringtrim
FN:6242,isArrayish
FN:6248,toHex
FN:6253,utf8ToBytes
FN:6334,asciiToBytes
FN:6343,utf16leToBytes
FN:6359,base64ToBytes
FN:6363,blitBuffer
FN:6371,decodeUtf8Char
FN:6380,(anonymous_337)
FN:6384,(anonymous_338)
FN:6399,decode
FN:6417,b64ToByteArray
FN:6440,push
FN:6463,uint8ToBase64
FN:6469,encode
FN:6473,tripletToBase64
FN:6508,(anonymous_345)
FN:6509,(anonymous_346)
FN:6542,(anonymous_347)
FN:6595,(anonymous_348)
FN:6626,(anonymous_349)
FN:6631,(anonymous_350)
FN:6653,EventEmitter
FN:6672,(anonymous_352)
FN:6679,(anonymous_353)
FN:6737,(anonymous_354)
FN:6790,(anonymous_355)
FN:6796,g
FN:6812,(anonymous_357)
FN:6857,(anonymous_358)
FN:6897,(anonymous_359)
FN:6908,(anonymous_360)
FN:6919,isFunction
FN:6923,isNumber
FN:6927,isObject
FN:6931,isUndefined
FN:6936,(anonymous_365)
FN:6939,inherits
FN:6952,inherits
FN:6954,(anonymous_368)
FN:6963,(anonymous_369)
FN:6964,(anonymous_370)
FN:6969,(anonymous_371)
FN:6976,drainQueue
FN:6995,(anonymous_373)
FN:7009,noop
FN:7020,(anonymous_375)
FN:7025,(anonymous_376)
FN:7028,(anonymous_377)
FN:7031,(anonymous_378)
FN:7036,(anonymous_379)
FN:7040,(anonymous_380)
FN:7041,(anonymous_381)
FN:7071,(anonymous_382)
FN:7089,(anonymous_383)
FN:7094,Duplex
FN:7115,onend
FN:7126,forEach
FN:7134,(anonymous_387)
FN:7171,PassThrough
FN:7178,(anonymous_389)
FN:7183,(anonymous_390)
FN:7184,(anonymous_391)
FN:7222,(anonymous_392)
FN:7242,(anonymous_393)
FN:7250,ReadableState
FN:7318,Readable
FN:7336,(anonymous_396)
FN:7351,(anonymous_397)
FN:7356,readableAddChunk
FN:7411,needMoreData
FN:7419,(anonymous_400)
FN:7430,roundUpToNextPowerOf2
FN:7442,howMuchToRead
FN:7480,(anonymous_403)
FN:7595,chunkInvalid
FN:7604,onEofChunk
FN:7621,emitReadable
FN:7628,(anonymous_407)
FN:7636,emitReadable_
FN:7649,maybeReadMore
FN:7652,(anonymous_410)
FN:7658,maybeReadMore_
FN:7677,(anonymous_412)
FN:7681,(anonymous_413)
FN:7710,onunpipe
FN:7717,onend
FN:7729,cleanup
FN:7752,ondata
FN:7765,onerror
FN:7784,onclose
FN:7790,onfinish
FN:7798,unpipe
FN:7815,pipeOnDrain
FN:7816,(anonymous_423)
FN:7829,(anonymous_424)
FN:7886,(anonymous_425)
FN:7903,(anonymous_426)
FN:7919,(anonymous_427)
FN:7933,resume
FN:7936,(anonymous_429)
FN:7942,resume_
FN:7950,(anonymous_431)
FN:7960,flow
FN:7973,(anonymous_433)
FN:7978,(anonymous_434)
FN:7989,(anonymous_435)
FN:8007,(anonymous_436)
FN:8008,(anonymous_437)
FN:8017,(anonymous_438)
FN:8023,(anonymous_439)
FN:8040,fromList
FN:8104,endReadable
FN:8114,(anonymous_442)
FN:8125,forEach
FN:8131,indexOf
FN:8151,(anonymous_445)
FN:8228,TransformState
FN:8229,(anonymous_447)
FN:8239,afterTransform
FN:8265,Transform
FN:8284,(anonymous_450)
FN:8286,(anonymous_451)
FN:8294,(anonymous_452)
FN:8309,(anonymous_453)
FN:8313,(anonymous_454)
FN:8330,(anonymous_455)
FN:8344,done
FN:8363,(anonymous_457)
FN:8364,(anonymous_458)
FN:8408,WriteReq
FN:8414,WritableState
FN:8478,(anonymous_461)
FN:8502,Writable
FN:8519,(anonymous_463)
FN:8524,writeAfterEnd
FN:8528,(anonymous_465)
FN:8538,validChunk
FN:8543,(anonymous_467)
FN:8551,(anonymous_468)
FN:8566,(anonymous_469)
FN:8579,(anonymous_470)
FN:8585,(anonymous_471)
FN:8597,decodeChunk
FN:8609,writeOrBuffer
FN:8630,doWrite
FN:8642,onwriteError
FN:8644,(anonymous_476)
FN:8657,onwriteStateUpdate
FN:8664,onwrite
FN:8683,(anonymous_479)
FN:8692,afterWrite
FN:8703,onwriteDrain
FN:8712,clearBuffer
FN:8724,(anonymous_483)
FN:8763,(anonymous_484)
FN:8770,(anonymous_485)
FN:8797,needFinish
FN:8802,prefinish
FN:8809,finishMaybe
FN:8822,endWritable
FN:8836,(anonymous_490)
FN:8837,(anonymous_491)
FN:8861,isArray
FN:8867,isBoolean
FN:8873,isNull
FN:8879,isNullOrUndefined
FN:8885,isNumber
FN:8891,isString
FN:8897,isSymbol
FN:8903,isUndefined
FN:8909,isRegExp
FN:8915,isObject
FN:8921,isDate
FN:8927,isError
FN:8934,isFunction
FN:8940,isPrimitive
FN:8951,isBuffer
FN:8957,objectToString
FN:8962,(anonymous_508)
FN:8966,(anonymous_509)
FN:8983,(anonymous_510)
FN:8987,(anonymous_511)
FN:8991,(anonymous_512)
FN:9032,Stream
FN:9036,(anonymous_514)
FN:9039,ondata
FN:9049,ondrain
FN:9066,onend
FN:9074,onclose
FN:9082,onerror
FN:9093,cleanup
FN:9129,(anonymous_521)
FN:9154,(anonymous_522)
FN:9174,assertEncoding
FN:9188,(anonymous_524)
FN:9231,(anonymous_525)
FN:9303,(anonymous_526)
FN:9335,(anonymous_527)
FN:9350,passThroughWrite
FN:9354,utf16DetectIncompleteChar
FN:9359,base64DetectIncompleteChar
FN:9365,(anonymous_531)
FN:9366,isBuffer
FN:9373,(anonymous_533)
FN:9374,(anonymous_534)
FN:9397,(anonymous_535)
FN:9409,(anonymous_536)
FN:9441,(anonymous_537)
FN:9444,(anonymous_538)
FN:9455,deprecated
FN:9475,(anonymous_540)
FN:9482,(anonymous_541)
FN:9487,(anonymous_542)
FN:9503,inspect
FN:9562,stylizeWithColor
FN:9574,stylizeNoColor
FN:9579,arrayToHash
FN:9582,(anonymous_547)
FN:9590,formatValue
FN:9692,(anonymous_549)
FN:9703,formatPrimitive
FN:9722,formatError
FN:9727,formatArray
FN:9737,(anonymous_553)
FN:9747,formatProperty
FN:9773,(anonymous_555)
FN:9777,(anonymous_556)
FN:9806,reduceToSingleString
FN:9808,(anonymous_558)
FN:9829,isArray
FN:9835,isBoolean
FN:9841,isNull
FN:9847,isNullOrUndefined
FN:9853,isNumber
FN:9859,isString
FN:9865,isSymbol
FN:9871,isUndefined
FN:9877,isRegExp
FN:9883,isObject
FN:9889,isDate
FN:9895,isError
FN:9902,isFunction
FN:9908,isPrimitive
FN:9921,objectToString
FN:9926,pad
FN:9935,timestamp
FN:9945,(anonymous_576)
FN:9965,(anonymous_577)
FN:9977,hasOwnProperty
FN:9983,(anonymous_579)
FN:9987,defineProp
FN:10022,(anonymous_581)
FN:10027,(anonymous_582)
FN:10032,(anonymous_583)
FNF:584
FNH:48
FNDA:24,(anonymous_0)
FNDA:24,(anonymous_1)
FNDA:24,e
FNDA:480,s
FNDA:456,(anonymous_4)
FNDA:0,(anonymous_5)
FNDA:0,CollectingHandler
FNDA:0,(anonymous_7)
FNDA:0,(anonymous_8)
FNDA:0,(anonymous_9)
FNDA:0,(anonymous_10)
FNDA:0,(anonymous_11)
FNDA:0,(anonymous_12)
FNDA:0,(anonymous_13)
FNDA:0,FeedHandler
FNDA:0,getElements
FNDA:0,getOneElement
FNDA:0,fetch
FNDA:0,addConditionally
FNDA:0,(anonymous_19)
FNDA:0,(anonymous_20)
FNDA:0,(anonymous_21)
FNDA:0,(anonymous_22)
FNDA:24,(anonymous_23)
FNDA:10,Parser
FNDA:10,(anonymous_25)
FNDA:10,(anonymous_26)
FNDA:0,(anonymous_27)
FNDA:0,(anonymous_28)
FNDA:0,(anonymous_29)
FNDA:0,(anonymous_30)
FNDA:0,(anonymous_31)
FNDA:0,(anonymous_32)
FNDA:0,(anonymous_33)
FNDA:0,(anonymous_34)
FNDA:0,(anonymous_35)
FNDA:0,(anonymous_36)
FNDA:0,(anonymous_37)
FNDA:0,(anonymous_38)
FNDA:0,(anonymous_39)
FNDA:0,(anonymous_40)
FNDA:10,(anonymous_41)
FNDA:0,(anonymous_42)
FNDA:0,(anonymous_43)
FNDA:10,(anonymous_44)
FNDA:10,(anonymous_45)
FNDA:0,(anonymous_46)
FNDA:0,(anonymous_47)
FNDA:0,(anonymous_48)
FNDA:0,ProxyHandler
FNDA:0,(anonymous_50)
FNDA:0,(anonymous_51)
FNDA:0,(anonymous_52)
FNDA:0,(anonymous_53)
FNDA:0,(anonymous_54)
FNDA:0,Stream
FNDA:0,Cbs
FNDA:0,(anonymous_57)
FNDA:0,(anonymous_58)
FNDA:0,(anonymous_59)
FNDA:0,(anonymous_60)
FNDA:24,(anonymous_61)
FNDA:0,whitespace
FNDA:24,characterState
FNDA:0,(anonymous_64)
FNDA:336,ifElseState
FNDA:0,(anonymous_66)
FNDA:0,(anonymous_67)
FNDA:168,consumeSpecialNameChar
FNDA:0,(anonymous_69)
FNDA:10,Tokenizer
FNDA:23,(anonymous_71)
FNDA:0,(anonymous_72)
FNDA:0,(anonymous_73)
FNDA:0,(anonymous_74)
FNDA:0,(anonymous_75)
FNDA:0,(anonymous_76)
FNDA:0,(anonymous_77)
FNDA:0,(anonymous_78)
FNDA:0,(anonymous_79)
FNDA:0,(anonymous_80)
FNDA:0,(anonymous_81)
FNDA:0,(anonymous_82)
FNDA:0,(anonymous_83)
FNDA:0,(anonymous_84)
FNDA:0,(anonymous_85)
FNDA:0,(anonymous_86)
FNDA:0,(anonymous_87)
FNDA:0,(anonymous_88)
FNDA:0,(anonymous_89)
FNDA:0,(anonymous_90)
FNDA:0,(anonymous_91)
FNDA:0,(anonymous_92)
FNDA:0,(anonymous_93)
FNDA:0,(anonymous_94)
FNDA:0,(anonymous_95)
FNDA:0,(anonymous_96)
FNDA:0,(anonymous_97)
FNDA:0,(anonymous_98)
FNDA:0,(anonymous_99)
FNDA:0,(anonymous_100)
FNDA:0,(anonymous_101)
FNDA:0,(anonymous_102)
FNDA:0,(anonymous_103)
FNDA:0,(anonymous_104)
FNDA:0,(anonymous_105)
FNDA:0,(anonymous_106)
FNDA:10,(anonymous_107)
FNDA:10,(anonymous_108)
FNDA:10,(anonymous_109)
FNDA:0,(anonymous_110)
FNDA:0,(anonymous_111)
FNDA:10,(anonymous_112)
FNDA:10,(anonymous_113)
FNDA:0,(anonymous_114)
FNDA:0,(anonymous_115)
FNDA:10,(anonymous_116)
FNDA:0,(anonymous_117)
FNDA:0,(anonymous_118)
FNDA:0,(anonymous_119)
FNDA:0,(anonymous_120)
FNDA:0,Stream
FNDA:0,(anonymous_122)
FNDA:0,(anonymous_123)
FNDA:24,(anonymous_124)
FNDA:0,(anonymous_125)
FNDA:24,(anonymous_126)
FNDA:0,DomHandler
FNDA:0,(anonymous_128)
FNDA:0,(anonymous_129)
FNDA:0,(anonymous_130)
FNDA:0,(anonymous_131)
FNDA:0,(anonymous_132)
FNDA:0,(anonymous_133)
FNDA:0,(anonymous_134)
FNDA:0,(anonymous_135)
FNDA:0,(anonymous_136)
FNDA:0,(anonymous_137)
FNDA:0,(anonymous_138)
FNDA:0,(anonymous_139)
FNDA:24,(anonymous_140)
FNDA:24,(anonymous_141)
FNDA:0,(anonymous_142)
FNDA:0,(anonymous_143)
FNDA:24,(anonymous_144)
FNDA:144,(anonymous_145)
FNDA:0,(anonymous_146)
FNDA:0,(anonymous_147)
FNDA:0,(anonymous_148)
FNDA:0,(anonymous_149)
FNDA:0,(anonymous_150)
FNDA:0,(anonymous_151)
FNDA:0,(anonymous_152)
FNDA:0,(anonymous_153)
FNDA:0,(anonymous_154)
FNDA:0,(anonymous_155)
FNDA:0,(anonymous_156)
FNDA:0,(anonymous_157)
FNDA:0,(anonymous_158)
FNDA:0,(anonymous_159)
FNDA:0,(anonymous_160)
FNDA:0,(anonymous_161)
FNDA:0,(anonymous_162)
FNDA:0,(anonymous_163)
FNDA:0,(anonymous_164)
FNDA:0,(anonymous_165)
FNDA:0,(anonymous_166)
FNDA:0,getAttribCheck
FNDA:0,(anonymous_168)
FNDA:0,(anonymous_169)
FNDA:0,combineFuncs
FNDA:0,(anonymous_171)
FNDA:0,(anonymous_172)
FNDA:0,(anonymous_173)
FNDA:0,(anonymous_174)
FNDA:0,(anonymous_175)
FNDA:0,(anonymous_176)
FNDA:0,(anonymous_177)
FNDA:0,(anonymous_178)
FNDA:0,(anonymous_179)
FNDA:0,(anonymous_180)
FNDA:0,(anonymous_181)
FNDA:0,(anonymous_182)
FNDA:0,(anonymous_183)
FNDA:0,filter
FNDA:0,find
FNDA:0,findOneChild
FNDA:0,findOne
FNDA:0,existsOne
FNDA:0,findAll
FNDA:0,(anonymous_190)
FNDA:0,getInnerHTML
FNDA:0,(anonymous_192)
FNDA:0,getText
FNDA:0,(anonymous_194)
FNDA:0,(anonymous_195)
FNDA:0,(anonymous_196)
FNDA:0,(anonymous_197)
FNDA:0,(anonymous_198)
FNDA:0,(anonymous_199)
FNDA:0,(anonymous_200)
FNDA:0,(anonymous_201)
FNDA:0,formatAttrs
FNDA:0,(anonymous_203)
FNDA:0,renderTag
FNDA:0,renderDirective
FNDA:0,renderText
FNDA:0,renderCdata
FNDA:0,renderComment
FNDA:0,(anonymous_209)
FNDA:0,(anonymous_210)
FNDA:0,(anonymous_211)
FNDA:0,(anonymous_212)
FNDA:0,(anonymous_213)
FNDA:0,(anonymous_214)
FNDA:0,(anonymous_215)
FNDA:0,getStrictDecoder
FNDA:0,(anonymous_217)
FNDA:0,(anonymous_218)
FNDA:0,replacer
FNDA:0,(anonymous_220)
FNDA:0,sorter
FNDA:0,getReplacer
FNDA:0,replace
FNDA:24,(anonymous_224)
FNDA:0,decodeCodePoint
FNDA:0,(anonymous_226)
FNDA:0,getInverseObj
FNDA:0,(anonymous_228)
FNDA:0,getInverseReplacer
FNDA:0,(anonymous_230)
FNDA:0,singleCharReplacer
FNDA:0,astralReplacer
FNDA:0,getInverse
FNDA:0,func
FNDA:0,(anonymous_235)
FNDA:0,escapeXML
FNDA:24,(anonymous_237)
FNDA:24,(anonymous_238)
FNDA:24,(anonymous_239)
FNDA:24,(anonymous_240)
FNDA:24,(anonymous_241)
FNDA:24,(anonymous_242)
FNDA:24,(anonymous_243)
FNDA:24,(anonymous_244)
FNDA:24,(anonymous_245)
FNDA:0,(anonymous_246)
FNDA:0,(anonymous_247)
FNDA:0,(anonymous_248)
FNDA:0,(anonymous_249)
FNDA:0,Buffer
FNDA:0,SlowBuffer
FNDA:0,isBuffer
FNDA:0,compare
FNDA:0,isEncoding
FNDA:0,concat
FNDA:0,byteLength
FNDA:0,toString
FNDA:0,equals
FNDA:0,inspect
FNDA:0,compare
FNDA:0,indexOf
FNDA:0,arrayIndexOf
FNDA:0,get
FNDA:0,set
FNDA:0,hexWrite
FNDA:0,utf8Write
FNDA:0,asciiWrite
FNDA:0,binaryWrite
FNDA:0,base64Write
FNDA:0,utf16leWrite
FNDA:0,write
FNDA:0,toJSON
FNDA:0,base64Slice
FNDA:0,utf8Slice
FNDA:0,asciiSlice
FNDA:0,binarySlice
FNDA:0,hexSlice
FNDA:0,utf16leSlice
FNDA:0,slice
FNDA:0,checkOffset
FNDA:0,readUIntLE
FNDA:0,readUIntBE
FNDA:0,readUInt8
FNDA:0,readUInt16LE
FNDA:0,readUInt16BE
FNDA:0,readUInt32LE
FNDA:0,readUInt32BE
FNDA:0,readIntLE
FNDA:0,readIntBE
FNDA:0,readInt8
FNDA:0,readInt16LE
FNDA:0,readInt16BE
FNDA:0,readInt32LE
FNDA:0,readInt32BE
FNDA:0,readFloatLE
FNDA:0,readFloatBE
FNDA:0,readDoubleLE
FNDA:0,readDoubleBE
FNDA:0,checkInt
FNDA:0,writeUIntLE
FNDA:0,writeUIntBE
FNDA:0,writeUInt8
FNDA:0,objectWriteUInt16
FNDA:0,writeUInt16LE
FNDA:0,writeUInt16BE
FNDA:0,objectWriteUInt32
FNDA:0,writeUInt32LE
FNDA:0,writeUInt32BE
FNDA:0,writeIntLE
FNDA:0,writeIntBE
FNDA:0,writeInt8
FNDA:0,writeInt16LE
FNDA:0,writeInt16BE
FNDA:0,writeInt32LE
FNDA:0,writeInt32BE
FNDA:0,checkIEEE754
FNDA:0,writeFloat
FNDA:0,writeFloatLE
FNDA:0,writeFloatBE
FNDA:0,writeDouble
FNDA:0,writeDoubleLE
FNDA:0,writeDoubleBE
FNDA:0,copy
FNDA:0,fill
FNDA:0,toArrayBuffer
FNDA:0,_augment
FNDA:0,base64clean
FNDA:0,stringtrim
FNDA:0,isArrayish
FNDA:0,toHex
FNDA:0,utf8ToBytes
FNDA:0,asciiToBytes
FNDA:0,utf16leToBytes
FNDA:0,base64ToBytes
FNDA:0,blitBuffer
FNDA:0,decodeUtf8Char
FNDA:0,(anonymous_337)
FNDA:0,(anonymous_338)
FNDA:0,decode
FNDA:0,b64ToByteArray
FNDA:0,push
FNDA:0,uint8ToBase64
FNDA:0,encode
FNDA:0,tripletToBase64
FNDA:0,(anonymous_345)
FNDA:0,(anonymous_346)
FNDA:0,(anonymous_347)
FNDA:0,(anonymous_348)
FNDA:0,(anonymous_349)
FNDA:24,(anonymous_350)
FNDA:0,EventEmitter
FNDA:0,(anonymous_352)
FNDA:0,(anonymous_353)
FNDA:0,(anonymous_354)
FNDA:0,(anonymous_355)
FNDA:0,g
FNDA:0,(anonymous_357)
FNDA:0,(anonymous_358)
FNDA:0,(anonymous_359)
FNDA:0,(anonymous_360)
FNDA:0,isFunction
FNDA:0,isNumber
FNDA:0,isObject
FNDA:0,isUndefined
FNDA:24,(anonymous_365)
FNDA:24,inherits
FNDA:0,inherits
FNDA:0,(anonymous_368)
FNDA:0,(anonymous_369)
FNDA:0,(anonymous_370)
FNDA:24,(anonymous_371)
FNDA:0,drainQueue
FNDA:0,(anonymous_373)
FNDA:0,noop
FNDA:0,(anonymous_375)
FNDA:0,(anonymous_376)
FNDA:0,(anonymous_377)
FNDA:0,(anonymous_378)
FNDA:0,(anonymous_379)
FNDA:0,(anonymous_380)
FNDA:0,(anonymous_381)
FNDA:0,(anonymous_382)
FNDA:0,(anonymous_383)
FNDA:0,Duplex
FNDA:0,onend
FNDA:0,forEach
FNDA:0,(anonymous_387)
FNDA:0,PassThrough
FNDA:0,(anonymous_389)
FNDA:0,(anonymous_390)
FNDA:0,(anonymous_391)
FNDA:0,(anonymous_392)
FNDA:0,(anonymous_393)
FNDA:0,ReadableState
FNDA:0,Readable
FNDA:0,(anonymous_396)
FNDA:0,(anonymous_397)
FNDA:0,readableAddChunk
FNDA:0,needMoreData
FNDA:0,(anonymous_400)
FNDA:0,roundUpToNextPowerOf2
FNDA:0,howMuchToRead
FNDA:0,(anonymous_403)
FNDA:0,chunkInvalid
FNDA:0,onEofChunk
FNDA:0,emitReadable
FNDA:0,(anonymous_407)
FNDA:0,emitReadable_
FNDA:0,maybeReadMore
FNDA:0,(anonymous_410)
FNDA:0,maybeReadMore_
FNDA:0,(anonymous_412)
FNDA:0,(anonymous_413)
FNDA:0,onunpipe
FNDA:0,onend
FNDA:0,cleanup
FNDA:0,ondata
FNDA:0,onerror
FNDA:0,onclose
FNDA:0,onfinish
FNDA:0,unpipe
FNDA:0,pipeOnDrain
FNDA:0,(anonymous_423)
FNDA:0,(anonymous_424)
FNDA:0,(anonymous_425)
FNDA:0,(anonymous_426)
FNDA:0,(anonymous_427)
FNDA:0,resume
FNDA:0,(anonymous_429)
FNDA:0,resume_
FNDA:0,(anonymous_431)
FNDA:0,flow
FNDA:0,(anonymous_433)
FNDA:0,(anonymous_434)
FNDA:0,(anonymous_435)
FNDA:0,(anonymous_436)
FNDA:0,(anonymous_437)
FNDA:0,(anonymous_438)
FNDA:0,(anonymous_439)
FNDA:0,fromList
FNDA:0,endReadable
FNDA:0,(anonymous_442)
FNDA:0,forEach
FNDA:0,indexOf
FNDA:0,(anonymous_445)
FNDA:0,TransformState
FNDA:0,(anonymous_447)
FNDA:0,afterTransform
FNDA:0,Transform
FNDA:0,(anonymous_450)
FNDA:0,(anonymous_451)
FNDA:0,(anonymous_452)
FNDA:0,(anonymous_453)
FNDA:0,(anonymous_454)
FNDA:0,(anonymous_455)
FNDA:0,done
FNDA:0,(anonymous_457)
FNDA:0,(anonymous_458)
FNDA:0,WriteReq
FNDA:0,WritableState
FNDA:0,(anonymous_461)
FNDA:0,Writable
FNDA:0,(anonymous_463)
FNDA:0,writeAfterEnd
FNDA:0,(anonymous_465)
FNDA:0,validChunk
FNDA:0,(anonymous_467)
FNDA:0,(anonymous_468)
FNDA:0,(anonymous_469)
FNDA:0,(anonymous_470)
FNDA:0,(anonymous_471)
FNDA:0,decodeChunk
FNDA:0,writeOrBuffer
FNDA:0,doWrite
FNDA:0,onwriteError
FNDA:0,(anonymous_476)
FNDA:0,onwriteStateUpdate
FNDA:0,onwrite
FNDA:0,(anonymous_479)
FNDA:0,afterWrite
FNDA:0,onwriteDrain
FNDA:0,clearBuffer
FNDA:0,(anonymous_483)
FNDA:0,(anonymous_484)
FNDA:0,(anonymous_485)
FNDA:0,needFinish
FNDA:0,prefinish
FNDA:0,finishMaybe
FNDA:0,endWritable
FNDA:0,(anonymous_490)
FNDA:0,(anonymous_491)
FNDA:0,isArray
FNDA:0,isBoolean
FNDA:0,isNull
FNDA:0,isNullOrUndefined
FNDA:0,isNumber
FNDA:0,isString
FNDA:0,isSymbol
FNDA:0,isUndefined
FNDA:0,isRegExp
FNDA:0,isObject
FNDA:0,isDate
FNDA:0,isError
FNDA:0,isFunction
FNDA:0,isPrimitive
FNDA:0,isBuffer
FNDA:0,objectToString
FNDA:0,(anonymous_508)
FNDA:0,(anonymous_509)
FNDA:0,(anonymous_510)
FNDA:0,(anonymous_511)
FNDA:0,(anonymous_512)
FNDA:0,Stream
FNDA:0,(anonymous_514)
FNDA:0,ondata
FNDA:0,ondrain
FNDA:0,onend
FNDA:0,onclose
FNDA:0,onerror
FNDA:0,cleanup
FNDA:0,(anonymous_521)
FNDA:0,(anonymous_522)
FNDA:0,assertEncoding
FNDA:0,(anonymous_524)
FNDA:0,(anonymous_525)
FNDA:0,(anonymous_526)
FNDA:0,(anonymous_527)
FNDA:0,passThroughWrite
FNDA:0,utf16DetectIncompleteChar
FNDA:0,base64DetectIncompleteChar
FNDA:24,(anonymous_531)
FNDA:0,isBuffer
FNDA:24,(anonymous_533)
FNDA:24,(anonymous_534)
FNDA:0,(anonymous_535)
FNDA:0,(anonymous_536)
FNDA:0,(anonymous_537)
FNDA:0,(anonymous_538)
FNDA:0,deprecated
FNDA:0,(anonymous_540)
FNDA:0,(anonymous_541)
FNDA:0,(anonymous_542)
FNDA:0,inspect
FNDA:0,stylizeWithColor
FNDA:0,stylizeNoColor
FNDA:0,arrayToHash
FNDA:0,(anonymous_547)
FNDA:0,formatValue
FNDA:0,(anonymous_549)
FNDA:0,formatPrimitive
FNDA:0,formatError
FNDA:0,formatArray
FNDA:0,(anonymous_553)
FNDA:0,formatProperty
FNDA:0,(anonymous_555)
FNDA:0,(anonymous_556)
FNDA:0,reduceToSingleString
FNDA:0,(anonymous_558)
FNDA:0,isArray
FNDA:0,isBoolean
FNDA:0,isNull
FNDA:0,isNullOrUndefined
FNDA:0,isNumber
FNDA:0,isString
FNDA:0,isSymbol
FNDA:0,isUndefined
FNDA:0,isRegExp
FNDA:0,isObject
FNDA:0,isDate
FNDA:0,isError
FNDA:0,isFunction
FNDA:0,isPrimitive
FNDA:0,objectToString
FNDA:0,pad
FNDA:0,timestamp
FNDA:0,(anonymous_576)
FNDA:0,(anonymous_577)
FNDA:0,hasOwnProperty
FNDA:24,(anonymous_579)
FNDA:0,defineProp
FNDA:0,(anonymous_581)
FNDA:0,(anonymous_582)
FNDA:0,(anonymous_583)
DA:2,24
DA:3,24
DA:4,24
DA:5,0
DA:6,0
DA:9,0
DA:10,0
DA:11,0
DA:12,0
DA:13,0
DA:14,0
DA:16,0
DA:18,0
DA:22,24
DA:24,480
DA:25,408
DA:26,0
DA:27,0
DA:28,0
DA:29,0
DA:30,0
DA:32,408
DA:33,408
DA:34,456
DA:35,456
DA:38,480
DA:41,24
DA:42,24
DA:43,24
DA:46,0
DA:49,0
DA:50,0
DA:53,0
DA:54,0
DA:55,0
DA:56,0
DA:57,0
DA:58,0
DA:59,0
DA:61,0
DA:62,0
DA:63,0
DA:64,0
DA:65,0
DA:67,0
DA:68,0
DA:69,0
DA:70,0
DA:71,0
DA:74,0
DA:78,0
DA:79,0
DA:80,0
DA:83,0
DA:84,0
DA:86,0
DA:87,0
DA:89,0
DA:91,0
DA:92,0
DA:93,0
DA:94,0
DA:96,0
DA:104,0
DA:105,0
DA:106,0
DA:110,0
DA:113,0
DA:115,0
DA:118,0
DA:122,0
DA:126,0
DA:132,0
DA:133,0
DA:136,0
DA:137,0
DA:140,0
DA:141,0
DA:142,0
DA:145,0
DA:146,0
DA:147,0
DA:149,0
DA:150,0
DA:151,0
DA:152,0
DA:153,0
DA:154,0
DA:155,0
DA:157,0
DA:158,0
DA:160,0
DA:162,0
DA:163,0
DA:164,0
DA:165,0
DA:166,0
DA:167,0
DA:170,0
DA:172,0
DA:173,0
DA:174,0
DA:175,0
DA:176,0
DA:177,0
DA:178,0
DA:180,0
DA:181,0
DA:183,0
DA:185,0
DA:186,0
DA:187,0
DA:188,0
DA:189,0
DA:190,0
DA:194,0
DA:195,0
DA:200,0
DA:204,24
DA:229,24
DA:239,24
DA:262,24
DA:296,24
DA:299,10
DA:300,10
DA:302,10
DA:303,10
DA:304,10
DA:305,10
DA:306,10
DA:308,10
DA:309,10
DA:311,10
DA:314,10
DA:318,10
DA:320,10
DA:323,24
DA:325,24
DA:326,10
DA:327,10
DA:328,10
DA:330,0
DA:333,0
DA:334,10
DA:338,24
DA:339,10
DA:340,10
DA:342,10
DA:345,24
DA:346,0
DA:347,0
DA:350,0
DA:352,0
DA:353,0
DA:360,0
DA:361,0
DA:364,0
DA:365,0
DA:368,24
DA:369,0
DA:371,0
DA:372,0
DA:373,0
DA:376,0
DA:377,0
DA:380,0
DA:383,24
DA:384,0
DA:386,0
DA:387,0
DA:390,0
DA:391,0
DA:392,0
DA:393,0
DA:394,0
DA:395,0
DA:397,0
DA:398,0
DA:399,0
DA:400,0
DA:402,0
DA:403,0
DA:404,0
DA:408,24
DA:409,0
DA:410,0
DA:412,0
DA:416,24
DA:417,0
DA:419,0
DA:423,0
DA:424,0
DA:425,0
DA:427,0
DA:431,24
DA:432,0
DA:433,0
DA:435,0
DA:438,24
DA:439,0
DA:442,24
DA:443,0
DA:444,0
DA:447,0
DA:449,0
DA:450,0
DA:453,24
DA:454,0
DA:455,0
DA:457,0
DA:458,0
DA:461,0
DA:464,24
DA:465,0
DA:466,0
DA:467,0
DA:471,24
DA:472,0
DA:473,0
DA:474,0
DA:478,24
DA:479,0
DA:481,0
DA:482,0
DA:485,24
DA:486,0
DA:488,0
DA:489,0
DA:490,0
DA:491,0
DA:493,0
DA:497,24
DA:498,0
DA:501,24
DA:502,10
DA:503,10
DA:509,10
DA:514,24
DA:515,0
DA:516,0
DA:518,0
DA:519,0
DA:520,0
DA:521,0
DA:523,0
DA:527,24
DA:528,0
DA:529,0
DA:532,24
DA:533,10
DA:536,24
DA:537,10
DA:540,24
DA:541,0
DA:544,24
DA:545,0
DA:549,24
DA:550,24
DA:552,24
DA:556,0
DA:559,0
DA:562,0
DA:563,0
DA:564,0
DA:565,0
DA:566,0
DA:567,0
DA:569,0
DA:570,0
DA:571,0
DA:572,0
DA:574,0
DA:575,0
DA:576,0
DA:577,0
DA:580,0
DA:585,0
DA:587,0
DA:590,0
DA:593,0
DA:595,0
DA:598,0
DA:601,0
DA:603,0
DA:604,0
DA:605,0
DA:606,0
DA:608,0
DA:609,0
DA:610,0
DA:612,0
DA:613,0
DA:614,0
DA:617,0
DA:622,24
DA:624,24
DA:625,24
DA:626,24
DA:627,24
DA:629,24
DA:631,24
DA:632,24
DA:633,24
DA:634,24
DA:635,24
DA:636,24
DA:637,24
DA:640,24
DA:641,24
DA:642,24
DA:643,24
DA:644,24
DA:645,24
DA:646,24
DA:649,24
DA:650,24
DA:653,24
DA:656,24
DA:657,24
DA:658,24
DA:659,24
DA:662,24
DA:663,24
DA:664,24
DA:665,24
DA:666,24
DA:667,24
DA:668,24
DA:669,24
DA:670,24
DA:673,24
DA:674,24
DA:676,24
DA:677,24
DA:678,24
DA:679,24
DA:680,24
DA:681,24
DA:682,24
DA:683,24
DA:684,24
DA:685,24
DA:687,24
DA:688,24
DA:689,24
DA:690,24
DA:691,24
DA:692,24
DA:693,24
DA:694,24
DA:696,24
DA:697,24
DA:698,24
DA:699,24
DA:700,24
DA:702,24
DA:704,24
DA:705,24
DA:706,24
DA:709,0
DA:713,24
DA:714,0
DA:719,336
DA:721,336
DA:722,24
DA:723,0
DA:724,0
DA:726,0
DA:727,0
DA:731,312
DA:732,0
DA:733,0
DA:735,0
DA:736,0
DA:743,168
DA:745,168
DA:746,0
DA:747,0
DA:749,0
DA:750,0
DA:756,10
DA:757,10
DA:758,10
DA:759,10
DA:760,10
DA:761,10
DA:762,10
DA:763,10
DA:764,10
DA:765,10
DA:766,10
DA:767,10
DA:770,24
DA:771,23
DA:772,0
DA:773,0
DA:775,0
DA:776,0
DA:777,23
DA:778,0
DA:779,0
DA:781,0
DA:782,0
DA:783,0
DA:787,24
DA:788,0
DA:789,0
DA:790,0
DA:791,0
DA:792,0
DA:793,0
DA:794,0
DA:795,0
DA:796,0
DA:797,0
DA:798,0
DA:799,0
DA:800,0
DA:802,0
DA:804,0
DA:808,24
DA:809,0
DA:810,0
DA:811,0
DA:812,0
DA:816,24
DA:817,0
DA:818,0
DA:819,0
DA:820,0
DA:821,0
DA:822,0
DA:824,0
DA:825,0
DA:828,0
DA:829,0
DA:833,24
DA:834,0
DA:835,0
DA:836,0
DA:837,0
DA:841,24
DA:843,0
DA:844,0
DA:845,0
DA:849,24
DA:850,0
DA:851,0
DA:852,0
DA:853,0
DA:854,0
DA:855,0
DA:856,0
DA:857,0
DA:858,0
DA:862,24
DA:863,0
DA:864,0
DA:865,0
DA:866,0
DA:867,0
DA:868,0
DA:869,0
DA:873,24
DA:874,0
DA:875,0
DA:876,0
DA:877,0
DA:878,0
DA:882,24
DA:883,0
DA:884,0
DA:885,0
DA:886,0
DA:887,0
DA:888,0
DA:889,0
DA:890,0
DA:891,0
DA:892,0
DA:896,24
DA:897,0
DA:898,0
DA:899,0
DA:900,0
DA:901,0
DA:902,0
DA:903,0
DA:904,0
DA:905,0
DA:906,0
DA:910,24
DA:911,0
DA:912,0
DA:913,0
DA:914,0
DA:915,0
DA:916,0
DA:917,0
DA:918,0
DA:919,0
DA:923,24
DA:924,0
DA:925,0
DA:926,0
DA:927,0
DA:928,0
DA:929,0
DA:930,0
DA:931,0
DA:932,0
DA:936,24
DA:937,0
DA:938,0
DA:939,0
DA:940,0
DA:941,0
DA:942,0
DA:943,0
DA:944,0
DA:945,0
DA:946,0
DA:950,24
DA:951,0
DA:956,24
DA:957,0
DA:958,0
DA:959,0
DA:960,0
DA:964,24
DA:965,0
DA:966,0
DA:967,0
DA:968,0
DA:972,24
DA:973,0
DA:974,0
DA:975,0
DA:977,0
DA:981,24
DA:982,0
DA:985,24
DA:986,0
DA:987,0
DA:989,0
DA:993,24
DA:994,0
DA:996,0
DA:997,0
DA:998,0
DA:999,0
DA:1000,0
DA:1005,24
DA:1006,24
DA:1007,24
DA:1008,24
DA:1009,24
DA:1011,24
DA:1012,0
DA:1013,0
DA:1014,0
DA:1016,0
DA:1017,0
DA:1021,24
DA:1022,0
DA:1025,24
DA:1027,24
DA:1028,0
DA:1030,0
DA:1031,0
DA:1032,0
DA:1033,0
DA:1034,0
DA:1039,24
DA:1040,0
DA:1041,0
DA:1042,0
DA:1043,0
DA:1045,0
DA:1046,0
DA:1050,24
DA:1051,0
DA:1052,0
DA:1053,0
DA:1054,0
DA:1056,0
DA:1059,24
DA:1060,24
DA:1061,24
DA:1062,24
DA:1064,24
DA:1065,0
DA:1066,0
DA:1068,0
DA:1069,0
DA:1072,24
DA:1073,24
DA:1074,24
DA:1075,24
DA:1077,24
DA:1078,0
DA:1079,0
DA:1080,0
DA:1081,0
DA:1082,0
DA:1084,0
DA:1087,24
DA:1088,24
DA:1089,24
DA:1091,24
DA:1092,0
DA:1093,0
DA:1095,0
DA:1096,0
DA:1099,24
DA:1100,24
DA:1101,24
DA:1103,24
DA:1104,0
DA:1105,0
DA:1106,0
DA:1107,0
DA:1108,0
DA:1110,0
DA:1113,24
DA:1114,24
DA:1117,24
DA:1119,0
DA:1120,0
DA:1121,0
DA:1123,0
DA:1124,0
DA:1125,0
DA:1132,24
DA:1133,0
DA:1134,0
DA:1136,0
DA:1138,0
DA:1139,0
DA:1141,0
DA:1142,0
DA:1143,0
DA:1144,0
DA:1146,0
DA:1151,24
DA:1152,0
DA:1153,0
DA:1154,0
DA:1155,0
DA:1157,0
DA:1158,0
DA:1159,0
DA:1160,0
DA:1161,0
DA:1162,0
DA:1163,0
DA:1166,0
DA:1169,0
DA:1170,0
DA:1174,24
DA:1175,0
DA:1177,0
DA:1179,0
DA:1180,0
DA:1182,0
DA:1183,0
DA:1185,0
DA:1188,0
DA:1191,24
DA:1192,0
DA:1193,0
DA:1194,0
DA:1195,0
DA:1196,0
DA:1197,0
DA:1199,0
DA:1201,0
DA:1205,24
DA:1206,0
DA:1207,0
DA:1208,0
DA:1209,0
DA:1210,0
DA:1211,0
DA:1213,0
DA:1215,0
DA:1219,24
DA:1220,10
DA:1221,0
DA:1222,0
DA:1223,0
DA:1224,10
DA:1225,10
DA:1226,10
DA:1227,10
DA:1229,10
DA:1230,10
DA:1231,10
DA:1232,0
DA:1234,0
DA:1235,0
DA:1236,0
DA:1239,0
DA:1240,0
DA:1241,0
DA:1244,10
DA:1249,24
DA:1250,10
DA:1252,10
DA:1253,10
DA:1256,24
DA:1257,10
DA:1258,23
DA:1259,23
DA:1260,23
DA:1261,0
DA:1262,0
DA:1263,0
DA:1264,0
DA:1265,0
DA:1266,0
DA:1267,0
DA:1268,0
DA:1269,0
DA:1270,0
DA:1271,0
DA:1272,0
DA:1278,0
DA:1279,0
DA:1280,0
DA:1281,0
DA:1282,0
DA:1283,0
DA:1284,0
DA:1285,0
DA:1286,0
DA:1287,0
DA:1288,0
DA:1289,0
DA:1290,0
DA:1291,0
DA:1297,0
DA:1298,0
DA:1299,0
DA:1300,0
DA:1306,0
DA:1307,0
DA:1313,0
DA:1314,0
DA:1315,0
DA:1316,0
DA:1317,0
DA:1318,0
DA:1319,0
DA:1320,0
DA:1326,0
DA:1327,0
DA:1328,0
DA:1329,0
DA:1330,0
DA:1331,0
DA:1332,0
DA:1333,0
DA:1334,0
DA:1335,0
DA:1336,0
DA:1337,0
DA:1338,0
DA:1339,0
DA:1340,0
DA:1341,0
DA:1342,0
DA:1343,0
DA:1349,0
DA:1350,0
DA:1351,0
DA:1352,0
DA:1358,0
DA:1359,0
DA:1360,0
DA:1361,0
DA:1362,0
DA:1363,0
DA:1364,0
DA:1365,0
DA:1366,0
DA:1367,0
DA:1370,0
DA:1371,0
DA:1372,0
DA:1373,0
DA:1374,0
DA:1375,0
DA:1376,0
DA:1377,0
DA:1378,0
DA:1379,0
DA:1385,0
DA:1386,0
DA:1387,0
DA:1388,0
DA:1389,0
DA:1390,0
DA:1391,0
DA:1392,0
DA:1395,0
DA:1396,0
DA:1397,0
DA:1398,0
DA:1399,0
DA:1400,0
DA:1401,0
DA:1402,0
DA:1408,0
DA:1409,0
DA:1410,0
DA:1411,0
DA:1412,0
DA:1413,0
DA:1414,0
DA:1415,0
DA:1416,0
DA:1417,0
DA:1421,0
DA:1424,23
DA:1427,10
DA:1430,24
DA:1431,0
DA:1433,24
DA:1434,0
DA:1436,0
DA:1437,0
DA:1439,0
DA:1440,0
DA:1444,24
DA:1445,10
DA:1446,10
DA:1448,10
DA:1450,10
DA:1453,24
DA:1455,10
DA:1456,0
DA:1459,10
DA:1462,24
DA:1463,0
DA:1465,0
DA:1466,0
DA:1467,0
DA:1468,0
DA:1469,0
DA:1470,0
DA:1471,0
DA:1472,0
DA:1473,0
DA:1475,0
DA:1476,0
DA:1477,0
DA:1478,0
DA:1479,0
DA:1481,0
DA:1482,0
DA:1483,0
DA:1484,0
DA:1485,0
DA:1487,0
DA:1498,0
DA:1504,24
DA:1505,0
DA:1508,24
DA:1509,10
DA:1512,24
DA:1513,0
DA:1516,24
DA:1517,0
DA:1518,0
DA:1521,24
DA:1522,0
DA:1523,0
DA:1525,0
DA:1536,0
DA:1538,0
DA:1539,0
DA:1542,0
DA:1544,0
DA:1546,0
DA:1547,0
DA:1551,0
DA:1553,0
DA:1554,0
DA:1555,0
DA:1560,24
DA:1571,0
DA:1577,24
DA:1579,24
DA:1580,24
DA:1581,24
DA:1584,0
DA:1585,0
DA:1586,0
DA:1587,0
DA:1588,0
DA:1589,0
DA:1590,0
DA:1592,0
DA:1593,0
DA:1594,0
DA:1595,0
DA:1596,0
DA:1597,0
DA:1598,0
DA:1602,24
DA:1607,24
DA:1608,0
DA:1612,24
DA:1613,0
DA:1617,24
DA:1618,0
DA:1619,0
DA:1620,0
DA:1621,0
DA:1624,24
DA:1626,0
DA:1627,0
DA:1629,0
DA:1633,24
DA:1635,0
DA:1636,0
DA:1639,24
DA:1640,0
DA:1641,0
DA:1642,0
DA:1644,0
DA:1646,0
DA:1647,0
DA:1650,0
DA:1651,0
DA:1654,0
DA:1655,0
DA:1656,0
DA:1658,0
DA:1661,0
DA:1662,0
DA:1665,24
DA:1666,0
DA:1673,0
DA:1675,0
DA:1678,24
DA:1681,0
DA:1685,0
DA:1686,0
DA:1687,0
DA:1689,0
DA:1692,0
DA:1698,0
DA:1699,0
DA:1701,0
DA:1704,0
DA:1705,0
DA:1708,0
DA:1716,24
DA:1717,0
DA:1719,0
DA:1720,0
DA:1721,0
DA:1724,0
DA:1729,0
DA:1730,0
DA:1733,24
DA:1734,0
DA:1742,0
DA:1743,0
DA:1746,24
DA:1747,0
DA:1750,24
DA:1751,0
DA:1758,24
DA:1763,24
DA:1764,24
DA:1766,24
DA:1770,24
DA:1771,24
DA:1772,24
DA:1774,0
DA:1777,0
DA:1778,0
DA:1787,24
DA:1789,0
DA:1790,0
DA:1793,0
DA:1794,0
DA:1797,0
DA:1801,24
DA:1810,24
DA:1817,24
DA:1818,144
DA:1819,144
DA:1821,0
DA:1824,0
DA:1825,0
DA:1832,0
DA:1834,0
DA:1842,0
DA:1843,0
DA:1858,0
DA:1859,0
DA:1863,0
DA:1864,0
DA:1867,0
DA:1868,0
DA:1870,0
DA:1871,0
DA:1872,0
DA:1873,0
DA:1874,0
DA:1876,0
DA:1880,0
DA:1881,0
DA:1885,0
DA:1889,0
DA:1919,0
DA:1920,0
DA:1921,0
DA:1924,0
DA:1925,0
DA:1928,0
DA:1929,0
DA:1930,0
DA:1931,0
DA:1933,0
DA:1934,0
DA:1935,0
DA:1936,0
DA:1939,0
DA:1940,0
DA:1941,0
DA:1944,0
DA:1945,0
DA:1948,0
DA:1949,0
DA:1950,0
DA:1951,0
DA:1953,0
DA:1954,0
DA:1955,0
DA:1957,0
DA:1959,0
DA:1960,0
DA:1962,0
DA:1973,0
DA:1974,0
DA:1976,0
DA:1978,0
DA:1979,0
DA:1980,0
DA:1981,0
DA:1982,0
DA:1985,0
DA:1986,0
DA:1987,0
DA:1988,0
DA:1989,0
DA:1990,0
DA:1992,0
DA:1995,0
DA:2000,0
DA:2001,0
DA:2003,0
DA:2004,0
DA:2005,0
DA:2006,0
DA:2007,0
DA:2008,0
DA:2010,0
DA:2011,0
DA:2012,0
DA:2013,0
DA:2014,0
DA:2016,0
DA:2017,0
DA:2020,0
DA:2023,0
DA:2025,0
DA:2026,0
DA:2027,0
DA:2029,0
DA:2030,0
DA:2032,0
DA:2033,0
DA:2038,0
DA:2039,0
DA:2040,0
DA:2043,0
DA:2044,0
DA:2049,0
DA:2050,0
DA:2051,0
DA:2054,0
DA:2055,0
DA:2062,0
DA:2063,0
DA:2064,0
DA:2067,0
DA:2068,0
DA:2074,0
DA:2075,0
DA:2079,0
DA:2080,0
DA:2081,0
DA:2082,0
DA:2085,0
DA:2091,0
DA:2092,0
DA:2093,0
DA:2096,0
DA:2097,0
DA:2100,0
DA:2101,0
DA:2106,0
DA:2107,0
DA:2108,0
DA:2110,0
DA:2111,0
DA:2112,0
DA:2116,0
DA:2117,0
DA:2118,0
DA:2119,0
DA:2122,0
DA:2123,0
DA:2124,0
DA:2127,0
DA:2128,0
DA:2129,0
DA:2130,0
DA:2134,0
DA:2135,0
DA:2137,0
DA:2138,0
DA:2139,0
DA:2140,0
DA:2141,0
DA:2145,0
DA:2146,0
DA:2147,0
DA:2149,0
DA:2150,0
DA:2151,0
DA:2152,0
DA:2154,0
DA:2155,0
DA:2156,0
DA:2157,0
DA:2158,0
DA:2160,0
DA:2161,0
DA:2165,0
DA:2166,0
DA:2167,0
DA:2168,0
DA:2169,0
DA:2172,0
DA:2173,0
DA:2176,0
DA:2177,0
DA:2178,0
DA:2179,0
DA:2185,0
DA:2187,0
DA:2197,0
DA:2199,0
DA:2200,0
DA:2202,0
DA:2206,0
DA:2208,0
DA:2209,0
DA:2210,0
DA:2211,0
DA:2214,0
DA:2215,0
DA:2216,0
DA:2217,0
DA:2218,0
DA:2219,0
DA:2223,0
DA:2227,0
DA:2228,0
DA:2231,0
DA:2235,0
DA:2237,0
DA:2238,0
DA:2239,0
DA:2240,0
DA:2241,0
DA:2242,0
DA:2243,0
DA:2247,0
DA:2251,0
DA:2252,0
DA:2260,0
DA:2264,0
DA:2268,0
DA:2269,0
DA:2270,0
DA:2271,0
DA:2273,0
DA:2274,0
DA:2277,0
DA:2282,0
DA:2283,0
DA:2284,0
DA:2286,0
DA:2293,0
DA:2294,0
DA:2299,0
DA:2300,0
DA:2301,0
DA:2302,0
DA:2307,0
DA:2308,0
DA:2311,0
DA:2312,0
DA:2315,0
DA:2316,0
DA:2317,0
DA:2320,0
DA:2321,0
DA:2324,0
DA:2325,0
DA:2328,0
DA:2329,0
DA:2337,0
DA:2338,0
DA:2343,0
DA:2369,0
DA:2385,0
DA:2387,0
DA:2391,0
DA:2392,0
DA:2393,0
DA:2394,0
DA:2397,0
DA:2398,0
DA:2400,0
DA:2404,0
DA:2410,0
DA:2434,0
DA:2435,0
DA:2436,0
DA:2438,0
DA:2440,0
DA:2441,0
DA:2443,0
DA:2444,0
DA:2445,0
DA:2446,0
DA:2447,0
DA:2448,0
DA:2449,0
DA:2450,0
DA:2451,0
DA:2452,0
DA:2454,0
DA:2457,0
DA:2462,0
DA:2464,0
DA:2465,0
DA:2467,0
DA:2468,0
DA:2471,0
DA:2475,0
DA:2477,0
DA:2478,0
DA:2479,0
DA:2482,0
DA:2483,0
DA:2487,0
DA:2491,0
DA:2495,0
DA:2498,0
DA:2499,0
DA:2502,0
DA:2506,0
DA:2510,0
DA:2516,0
DA:2526,0
DA:2531,0
DA:2532,0
DA:2534,0
DA:2535,0
DA:2538,0
DA:2539,0
DA:2542,0
DA:2543,0
DA:2546,0
DA:2548,0
DA:2552,0
DA:2555,0
DA:2559,0
DA:2563,0
DA:2567,0
DA:2568,0
DA:2569,0
DA:2570,0
DA:2572,0
DA:2573,0
DA:2576,0
DA:2577,0
DA:2579,0
DA:2581,0
DA:2583,0
DA:2584,0
DA:2588,0
DA:2589,0
DA:2592,0
DA:2595,0
DA:2596,0
DA:2597,0
DA:2598,0
DA:2600,0
DA:2604,0
DA:2605,0
DA:2608,0
DA:2609,0
DA:2613,0
DA:2614,0
DA:2619,0
DA:2623,0
DA:2624,0
DA:2625,0
DA:2626,0
DA:2628,0
DA:2630,0
DA:2634,0
DA:2646,24
DA:2648,24
DA:2653,0
DA:2654,0
DA:2657,0
DA:2658,0
DA:2661,0
DA:2663,0
DA:2664,0
DA:2665,0
DA:2666,0
DA:2669,0
DA:2670,0
DA:2675,0
DA:2676,0
DA:2678,0
DA:2680,0
DA:2681,0
DA:2683,0
DA:2686,0
DA:2687,0
DA:2688,0
DA:2693,0
DA:2694,0
DA:2696,0
DA:2697,0
DA:2698,0
DA:2700,0
DA:2705,0
DA:2707,0
DA:2710,0
DA:2711,0
DA:2714,0
DA:2719,0
DA:2720,0
DA:2721,0
DA:2722,0
DA:2727,0
DA:2730,0
DA:2731,0
DA:2738,0
DA:2741,0
DA:2747,0
DA:2751,24
DA:2783,24
DA:4912,24
DA:5022,24
DA:5026,24
DA:5029,24
DA:5032,24
DA:5035,24
DA:5038,24
DA:5051,0
DA:5052,0
DA:5053,0
DA:5055,0
DA:5056,0
DA:5057,0
DA:5058,0
DA:5060,0
DA:5061,0
DA:5085,0
DA:5086,0
DA:5087,0
DA:5088,0
DA:5089,0
DA:5090,0
DA:5092,0
DA:5096,0
DA:5113,0
DA:5114,0
DA:5116,0
DA:5119,0
DA:5120,0
DA:5121,0
DA:5122,0
DA:5123,0
DA:5125,0
DA:5126,0
DA:5128,0
DA:5131,0
DA:5132,0
DA:5136,0
DA:5137,0
DA:5139,0
DA:5141,0
DA:5144,0
DA:5145,0
DA:5149,0
DA:5151,0
DA:5152,0
DA:5154,0
DA:5155,0
DA:5156,0
DA:5159,0
DA:5160,0
DA:5163,0
DA:5164,0
DA:5165,0
DA:5166,0
DA:5167,0
DA:5171,0
DA:5173,0
DA:5177,0
DA:5179,0
DA:5180,0
DA:5181,0
DA:5184,0
DA:5185,0
DA:5188,0
DA:5189,0
DA:5190,0
DA:5193,0
DA:5195,0
DA:5196,0
DA:5197,0
DA:5199,0
DA:5200,0
DA:5201,0
DA:5203,0
DA:5204,0
DA:5205,0
DA:5208,0
DA:5209,0
DA:5221,0
DA:5223,0
DA:5227,0
DA:5228,0
DA:5230,0
DA:5231,0
DA:5232,0
DA:5233,0
DA:5237,0
DA:5238,0
DA:5239,0
DA:5240,0
DA:5244,0
DA:5245,0
DA:5246,0
DA:5247,0
DA:5248,0
DA:5249,0
DA:5251,0
DA:5254,0
DA:5256,0
DA:5257,0
DA:5261,0
DA:5262,0
DA:5267,0
DA:5268,0
DA:5270,0
DA:5271,0
DA:5274,0
DA:5275,0
DA:5277,0
DA:5278,0
DA:5280,0
DA:5282,0
DA:5286,0
DA:5287,0
DA:5290,0
DA:5291,0
DA:5293,0
DA:5294,0
DA:5296,0
DA:5297,0
DA:5298,0
DA:5299,0
DA:5301,0
DA:5302,0
DA:5304,0
DA:5308,0
DA:5311,0
DA:5314,0
DA:5317,0
DA:5323,0
DA:5326,0
DA:5327,0
DA:5328,0
DA:5333,0
DA:5334,0
DA:5335,0
DA:5336,0
DA:5339,0
DA:5340,0
DA:5341,0
DA:5342,0
DA:5343,0
DA:5344,0
DA:5346,0
DA:5349,0
DA:5350,0
DA:5351,0
DA:5352,0
DA:5355,0
DA:5356,0
DA:5357,0
DA:5358,0
DA:5360,0
DA:5361,0
DA:5364,0
DA:5366,0
DA:5367,0
DA:5368,0
DA:5370,0
DA:5371,0
DA:5373,0
DA:5374,0
DA:5375,0
DA:5377,0
DA:5381,0
DA:5382,0
DA:5383,0
DA:5384,0
DA:5385,0
DA:5387,0
DA:5390,0
DA:5393,0
DA:5397,0
DA:5398,0
DA:5399,0
DA:5403,0
DA:5404,0
DA:5405,0
DA:5409,0
DA:5410,0
DA:5411,0
DA:5412,0
DA:5414,0
DA:5415,0
DA:5416,0
DA:5421,0
DA:5422,0
DA:5424,0
DA:5425,0
DA:5427,0
DA:5428,0
DA:5429,0
DA:5430,0
DA:5432,0
DA:5436,0
DA:5437,0
DA:5441,0
DA:5442,0
DA:5446,0
DA:5450,0
DA:5451,0
DA:5455,0
DA:5456,0
DA:5459,0
DA:5462,0
DA:5463,0
DA:5464,0
DA:5465,0
DA:5468,0
DA:5469,0
DA:5470,0
DA:5471,0
DA:5474,0
DA:5476,0
DA:5477,0
DA:5480,0
DA:5481,0
DA:5482,0
DA:5484,0
DA:5485,0
DA:5486,0
DA:5489,0
DA:5492,0
DA:5494,0
DA:5495,0
DA:5498,0
DA:5499,0
DA:5501,0
DA:5502,0
DA:5504,0
DA:5505,0
DA:5507,0
DA:5508,0
DA:5513,0
DA:5514,0
DA:5516,0
DA:5518,0
DA:5521,0
DA:5522,0
DA:5529,0
DA:5530,0
DA:5532,0
DA:5537,0
DA:5538,0
DA:5539,0
DA:5541,0
DA:5542,0
DA:5543,0
DA:5544,0
DA:5546,0
DA:5550,0
DA:5554,0
DA:5555,0
DA:5557,0
DA:5558,0
DA:5560,0
DA:5564,0
DA:5565,0
DA:5567,0
DA:5568,0
DA:5570,0
DA:5574,0
DA:5576,0
DA:5577,0
DA:5579,0
DA:5580,0
DA:5581,0
DA:5583,0
DA:5587,0
DA:5588,0
DA:5589,0
DA:5590,0
DA:5592,0
DA:5595,0
DA:5596,0
DA:5597,0
DA:5598,0
DA:5600,0
DA:5601,0
DA:5602,0
DA:5603,0
DA:5604,0
DA:5607,0
DA:5608,0
DA:5609,0
DA:5610,0
DA:5611,0
DA:5614,0
DA:5617,0
DA:5618,0
DA:5620,0
DA:5621,0
DA:5622,0
DA:5623,0
DA:5627,0
DA:5629,0
DA:5636,0
DA:5637,0
DA:5640,0
DA:5641,0
DA:5642,0
DA:5643,0
DA:5645,0
DA:5646,0
DA:5647,0
DA:5648,0
DA:5649,0
DA:5652,0
DA:5655,0
DA:5656,0
DA:5657,0
DA:5658,0
DA:5659,0
DA:5662,0
DA:5663,0
DA:5664,0
DA:5665,0
DA:5668,0
DA:5671,0
DA:5672,0
DA:5673,0
DA:5676,0
DA:5677,0
DA:5678,0
DA:5681,0
DA:5682,0
DA:5683,0
DA:5686,0
DA:5687,0
DA:5689,0
DA:5695,0
DA:5696,0
DA:5698,0
DA:5704,0
DA:5705,0
DA:5706,0
DA:5707,0
DA:5709,0
DA:5710,0
DA:5711,0
DA:5712,0
DA:5713,0
DA:5715,0
DA:5717,0
DA:5719,0
DA:5722,0
DA:5723,0
DA:5724,0
DA:5725,0
DA:5727,0
DA:5728,0
DA:5729,0
DA:5730,0
DA:5731,0
DA:5733,0
DA:5735,0
DA:5737,0
DA:5740,0
DA:5741,0
DA:5742,0
DA:5743,0
DA:5746,0
DA:5747,0
DA:5748,0
DA:5749,0
DA:5752,0
DA:5753,0
DA:5754,0
DA:5755,0
DA:5758,0
DA:5759,0
DA:5761,0
DA:5767,0
DA:5768,0
DA:5770,0
DA:5776,0
DA:5777,0
DA:5778,0
DA:5781,0
DA:5782,0
DA:5783,0
DA:5786,0
DA:5787,0
DA:5788,0
DA:5791,0
DA:5792,0
DA:5793,0
DA:5797,0
DA:5798,0
DA:5799,0
DA:5802,0
DA:5803,0
DA:5804,0
DA:5805,0
DA:5806,0
DA:5808,0
DA:5809,0
DA:5810,0
DA:5811,0
DA:5812,0
DA:5815,0
DA:5818,0
DA:5819,0
DA:5820,0
DA:5821,0
DA:5822,0
DA:5824,0
DA:5825,0
DA:5826,0
DA:5827,0
DA:5828,0
DA:5831,0
DA:5834,0
DA:5835,0
DA:5836,0
DA:5837,0
DA:5838,0
DA:5839,0
DA:5840,0
DA:5844,0
DA:5845,0
DA:5846,0
DA:5851,0
DA:5852,0
DA:5853,0
DA:5854,0
DA:5855,0
DA:5856,0
DA:5857,0
DA:5859,0
DA:5861,0
DA:5864,0
DA:5865,0
DA:5866,0
DA:5867,0
DA:5868,0
DA:5869,0
DA:5870,0
DA:5872,0
DA:5874,0
DA:5878,0
DA:5879,0
DA:5880,0
DA:5884,0
DA:5885,0
DA:5886,0
DA:5887,0
DA:5888,0
DA:5889,0
DA:5890,0
DA:5891,0
DA:5892,0
DA:5894,0
DA:5896,0
DA:5899,0
DA:5900,0
DA:5901,0
DA:5902,0
DA:5903,0
DA:5904,0
DA:5905,0
DA:5906,0
DA:5907,0
DA:5909,0
DA:5911,0
DA:5914,0
DA:5915,0
DA:5916,0
DA:5917,0
DA:5918,0
DA:5925,0
DA:5926,0
DA:5927,0
DA:5928,0
DA:5929,0
DA:5930,0
DA:5933,0
DA:5936,0
DA:5937,0
DA:5938,0
DA:5939,0
DA:5940,0
DA:5947,0
DA:5948,0
DA:5949,0
DA:5950,0
DA:5951,0
DA:5952,0
DA:5955,0
DA:5958,0
DA:5959,0
DA:5960,0
DA:5961,0
DA:5962,0
DA:5963,0
DA:5964,0
DA:5965,0
DA:5968,0
DA:5969,0
DA:5970,0
DA:5971,0
DA:5972,0
DA:5973,0
DA:5974,0
DA:5976,0
DA:5978,0
DA:5981,0
DA:5982,0
DA:5983,0
DA:5984,0
DA:5985,0
DA:5986,0
DA:5987,0
DA:5989,0
DA:5991,0
DA:5994,0
DA:5995,0
DA:5996,0
DA:5997,0
DA:5998,0
DA:5999,0
DA:6000,0
DA:6001,0
DA:6002,0
DA:6004,0
DA:6006,0
DA:6009,0
DA:6010,0
DA:6011,0
DA:6012,0
DA:6013,0
DA:6014,0
DA:6015,0
DA:6016,0
DA:6017,0
DA:6018,0
DA:6020,0
DA:6022,0
DA:6026,0
DA:6027,0
DA:6028,0
DA:6032,0
DA:6033,0
DA:6035,0
DA:6036,0
DA:6039,0
DA:6040,0
DA:6043,0
DA:6044,0
DA:6048,0
DA:6049,0
DA:6051,0
DA:6052,0
DA:6055,0
DA:6056,0
DA:6059,0
DA:6060,0
DA:6064,0
DA:6065,0
DA:6066,0
DA:6067,0
DA:6068,0
DA:6069,0
DA:6072,0
DA:6073,0
DA:6076,0
DA:6077,0
DA:6079,0
DA:6080,0
DA:6083,0
DA:6084,0
DA:6085,0
DA:6088,0
DA:6090,0
DA:6091,0
DA:6092,0
DA:6095,0
DA:6098,0
DA:6102,0
DA:6103,0
DA:6104,0
DA:6105,0
DA:6107,0
DA:6110,0
DA:6111,0
DA:6113,0
DA:6114,0
DA:6117,0
DA:6118,0
DA:6119,0
DA:6122,0
DA:6123,0
DA:6124,0
DA:6125,0
DA:6129,0
DA:6136,0
DA:6137,0
DA:6138,0
DA:6139,0
DA:6141,0
DA:6142,0
DA:6143,0
DA:6145,0
DA:6148,0
DA:6155,0
DA:6160,0
DA:6161,0
DA:6162,0
DA:6165,0
DA:6168,0
DA:6169,0
DA:6171,0
DA:6172,0
DA:6173,0
DA:6174,0
DA:6175,0
DA:6176,0
DA:6177,0
DA:6178,0
DA:6179,0
DA:6180,0
DA:6181,0
DA:6182,0
DA:6183,0
DA:6184,0
DA:6185,0
DA:6186,0
DA:6187,0
DA:6188,0
DA:6189,0
DA:6190,0
DA:6191,0
DA:6192,0
DA:6193,0
DA:6194,0
DA:6195,0
DA:6196,0
DA:6197,0
DA:6198,0
DA:6199,0
DA:6200,0
DA:6201,0
DA:6202,0
DA:6203,0
DA:6204,0
DA:6205,0
DA:6206,0
DA:6207,0
DA:6208,0
DA:6209,0
DA:6210,0
DA:6211,0
DA:6212,0
DA:6213,0
DA:6214,0
DA:6215,0
DA:6216,0
DA:6217,0
DA:6218,0
DA:6220,0
DA:6223,0
DA:6227,0
DA:6229,0
DA:6231,0
DA:6232,0
DA:6234,0
DA:6238,0
DA:6239,0
DA:6243,0
DA:6249,0
DA:6250,0
DA:6254,0
DA:6256,0
DA:6257,0
DA:6258,0
DA:6259,0
DA:6261,0
DA:6262,0
DA:6265,0
DA:6267,0
DA:6269,0
DA:6270,0
DA:6271,0
DA:6272,0
DA:6275,0
DA:6276,0
DA:6281,0
DA:6283,0
DA:6284,0
DA:6285,0
DA:6287,0
DA:6288,0
DA:6291,0
DA:6292,0
DA:6295,0
DA:6297,0
DA:6298,0
DA:6302,0
DA:6303,0
DA:6304,0
DA:6305,0
DA:6306,0
DA:6307,0
DA:6311,0
DA:6312,0
DA:6313,0
DA:6318,0
DA:6319,0
DA:6320,0
DA:6327,0
DA:6331,0
DA:6335,0
DA:6336,0
DA:6338,0
DA:6340,0
DA:6345,0
DA:6346,0
DA:6347,0
DA:6349,0
DA:6350,0
DA:6351,0
DA:6352,0
DA:6353,0
DA:6356,0
DA:6360,0
DA:6364,0
DA:6365,0
DA:6366,0
DA:6368,0
DA:6372,0
DA:6373,0
DA:6375,0
DA:6381,0
DA:6384,0
DA:6387,0
DA:6391,0
DA:6392,0
DA:6393,0
DA:6394,0
DA:6395,0
DA:6396,0
DA:6397,0
DA:6400,0
DA:6401,0
DA:6403,0
DA:6404,0
DA:6406,0
DA:6407,0
DA:6408,0
DA:6409,0
DA:6410,0
DA:6411,0
DA:6412,0
DA:6413,0
DA:6414,0
DA:6420,0
DA:6421,0
DA:6429,0
DA:6430,0
DA:6433,0
DA:6436,0
DA:6438,0
DA:6441,0
DA:6444,0
DA:6445,0
DA:6446,0
DA:6447,0
DA:6448,0
DA:6451,0
DA:6452,0
DA:6453,0
DA:6454,0
DA:6455,0
DA:6456,0
DA:6457,0
DA:6460,0
DA:6465,0
DA:6466,0
DA:6470,0
DA:6474,0
DA:6478,0
DA:6479,0
DA:6480,0
DA:6484,0
DA:6486,0
DA:6487,0
DA:6488,0
DA:6489,0
DA:6490,0
DA:6492,0
DA:6493,0
DA:6494,0
DA:6495,0
DA:6496,0
DA:6497,0
DA:6500,0
DA:6503,0
DA:6504,0
DA:6509,0
DA:6511,0
DA:6512,0
DA:6513,0
DA:6514,0
DA:6515,0
DA:6516,0
DA:6517,0
DA:6519,0
DA:6521,0
DA:6522,0
DA:6523,0
DA:6524,0
DA:6526,0
DA:6527,0
DA:6528,0
DA:6529,0
DA:6531,0
DA:6532,0
DA:6533,0
DA:6534,0
DA:6536,0
DA:6537,0
DA:6539,0
DA:6542,0
DA:6544,0
DA:6545,0
DA:6546,0
DA:6547,0
DA:6548,0
DA:6549,0
DA:6550,0
DA:6552,0
DA:6554,0
DA:6555,0
DA:6556,0
DA:6558,0
DA:6559,0
DA:6560,0
DA:6561,0
DA:6563,0
DA:6564,0
DA:6566,0
DA:6568,0
DA:6569,0
DA:6570,0
DA:6573,0
DA:6574,0
DA:6575,0
DA:6576,0
DA:6577,0
DA:6578,0
DA:6580,0
DA:6581,0
DA:6585,0
DA:6587,0
DA:6588,0
DA:6589,0
DA:6591,0
DA:6601,0
DA:6607,0
DA:6626,0
DA:6627,0
DA:6654,0
DA:6655,0
DA:6658,24
DA:6661,24
DA:6663,24
DA:6664,24
DA:6668,24
DA:6672,24
DA:6673,0
DA:6674,0
DA:6675,0
DA:6676,0
DA:6679,24
DA:6682,0
DA:6683,0
DA:6686,0
DA:6687,0
DA:6689,0
DA:6690,0
DA:6691,0
DA:6693,0
DA:6697,0
DA:6699,0
DA:6700,0
DA:6702,0
DA:6703,0
DA:6706,0
DA:6707,0
DA:6709,0
DA:6710,0
DA:6712,0
DA:6713,0
DA:6716,0
DA:6717,0
DA:6718,0
DA:6719,0
DA:6720,0
DA:6722,0
DA:6723,0
DA:6724,0
DA:6725,0
DA:6726,0
DA:6728,0
DA:6729,0
DA:6730,0
DA:6731,0
DA:6734,0
DA:6737,24
DA:6740,0
DA:6741,0
DA:6743,0
DA:6744,0
DA:6748,0
DA:6749,0
DA:6753,0
DA:6755,0
DA:6756,0
DA:6758,0
DA:6761,0
DA:6764,0
DA:6766,0
DA:6767,0
DA:6769,0
DA:6772,0
DA:6773,0
DA:6774,0
DA:6778,0
DA:6780,0
DA:6785,0
DA:6788,24
DA:6790,24
DA:6791,0
DA:6792,0
DA:6794,0
DA:6797,0
DA:6799,0
DA:6800,0
DA:6801,0
DA:6805,0
DA:6806,0
DA:6808,0
DA:6812,24
DA:6815,0
DA:6816,0
DA:6818,0
DA:6819,0
DA:6821,0
DA:6822,0
DA:6823,0
DA:6825,0
DA:6827,0
DA:6828,0
DA:6829,0
DA:6831,0
DA:6832,0
DA:6833,0
DA:6835,0
DA:6836,0
DA:6840,0
DA:6841,0
DA:6843,0
DA:6844,0
DA:6845,0
DA:6847,0
DA:6850,0
DA:6851,0
DA:6854,0
DA:6857,24
DA:6860,0
DA:6861,0
DA:6864,0
DA:6865,0
DA:6866,0
DA:6867,0
DA:6868,0
DA:6869,0
DA:6873,0
DA:6874,0
DA:6875,0
DA:6876,0
DA:6878,0
DA:6879,0
DA:6880,0
DA:6883,0
DA:6885,0
DA:6886,0
DA:6889,0
DA:6890,0
DA:6892,0
DA:6894,0
DA:6897,24
DA:6899,0
DA:6900,0
DA:6901,0
DA:6902,0
DA:6904,0
DA:6905,0
DA:6908,24
DA:6910,0
DA:6911,0
DA:6912,0
DA:6913,0
DA:6915,0
DA:6916,0
DA:6920,0
DA:6924,0
DA:6928,0
DA:6932,0
DA:6937,24
DA:6939,24
DA:6940,24
DA:6941,24
DA:6952,0
DA:6953,0
DA:6954,0
DA:6956,0
DA:6957,0
DA:6958,0
DA:6964,0
DA:6965,0
DA:6972,24
DA:6973,24
DA:6974,24
DA:6977,0
DA:6978,0
DA:6980,0
DA:6982,0
DA:6983,0
DA:6984,0
DA:6985,0
DA:6986,0
DA:6987,0
DA:6988,0
DA:6990,0
DA:6992,0
DA:6995,24
DA:6996,0
DA:6997,0
DA:6998,0
DA:7002,24
DA:7003,24
DA:7004,24
DA:7005,24
DA:7006,24
DA:7007,24
DA:7012,24
DA:7013,24
DA:7014,24
DA:7015,24
DA:7016,24
DA:7017,24
DA:7018,24
DA:7020,24
DA:7021,0
DA:7025,24
DA:7026,0
DA:7028,24
DA:7029,0
DA:7031,24
DA:7032,0
DA:7037,0
DA:7041,0
DA:7068,0
DA:7071,0
DA:7072,0
DA:7073,0
DA:7074,0
DA:7080,0
DA:7081,0
DA:7084,0
DA:7085,0
DA:7087,0
DA:7089,0
DA:7090,0
DA:7091,0
DA:7095,0
DA:7096,0
DA:7098,0
DA:7099,0
DA:7101,0
DA:7102,0
DA:7104,0
DA:7105,0
DA:7107,0
DA:7108,0
DA:7109,0
DA:7111,0
DA:7118,0
DA:7119,0
DA:7123,0
DA:7127,0
DA:7128,0
DA:7160,0
DA:7162,0
DA:7165,0
DA:7166,0
DA:7169,0
DA:7172,0
DA:7173,0
DA:7175,0
DA:7178,0
DA:7179,0
DA:7184,0
DA:7206,0
DA:7209,0
DA:7214,0
DA:7217,0
DA:7219,0
DA:7222,0
DA:7223,0
DA:7227,0
DA:7230,0
DA:7231,0
DA:7238,0
DA:7239,0
DA:7240,0
DA:7242,0
DA:7248,0
DA:7251,0
DA:7253,0
DA:7257,0
DA:7258,0
DA:7259,0
DA:7262,0
DA:7264,0
DA:7265,0
DA:7266,0
DA:7267,0
DA:7268,0
DA:7269,0
DA:7270,0
DA:7271,0
DA:7277,0
DA:7281,0
DA:7282,0
DA:7283,0
DA:7288,0
DA:7290,0
DA:7291,0
DA:7296,0
DA:7300,0
DA:7303,0
DA:7306,0
DA:7308,0
DA:7309,0
DA:7310,0
DA:7311,0
DA:7312,0
DA:7313,0
DA:7314,0
DA:7319,0
DA:7321,0
DA:7322,0
DA:7324,0
DA:7327,0
DA:7329,0
DA:7336,0
DA:7337,0
DA:7339,0
DA:7340,0
DA:7341,0
DA:7342,0
DA:7343,0
DA:7347,0
DA:7351,0
DA:7352,0
DA:7353,0
DA:7357,0
DA:7358,0
DA:7359,0
DA:7360,0
DA:7361,0
DA:7362,0
DA:7363,0
DA:7364,0
DA:7365,0
DA:7366,0
DA:7367,0
DA:7368,0
DA:7369,0
DA:7370,0
DA:7372,0
DA:7373,0
DA:7375,0
DA:7376,0
DA:7379,0
DA:7380,0
DA:7381,0
DA:7384,0
DA:7385,0
DA:7386,0
DA:7388,0
DA:7390,0
DA:7391,0
DA:7394,0
DA:7396,0
DA:7397,0
DA:7400,0
DA:7412,0
DA:7419,0
DA:7420,0
[...]
BRDA:468,47,0,0
BRDA:468,47,1,0
BRDA:479,48,0,0
BRDA:479,48,1,0
BRDA:486,49,0,0
BRDA:486,49,1,0
BRDA:492,50,0,0
BRDA:492,50,1,0
BRDA:493,51,0,0
BRDA:493,51,1,0
BRDA:493,52,0,0
BRDA:493,52,1,0
BRDA:529,53,0,0
BRDA:529,53,1,0
BRDA:529,54,0,0
BRDA:529,54,1,0
BRDA:533,55,0,0
BRDA:533,55,1,0
BRDA:533,56,0,0
BRDA:533,56,1,0
BRDA:537,57,0,0
BRDA:537,57,1,0
BRDA:549,58,0,0
BRDA:549,58,1,0
BRDA:549,59,0,0
BRDA:549,59,1,0
BRDA:560,60,0,0
BRDA:560,60,1,0
BRDA:560,61,0,0
BRDA:560,61,1,0
BRDA:575,62,0,0
BRDA:575,62,1,0
BRDA:603,63,0,0
BRDA:603,63,1,0
BRDA:620,64,0,0
BRDA:620,64,1,0
BRDA:642,65,0,0
BRDA:642,65,1,0
BRDA:650,66,0,0
BRDA:650,66,1,0
BRDA:651,67,0,0
BRDA:651,67,1,0
BRDA:701,68,0,0
BRDA:701,68,1,0
BRDA:729,69,0,0
BRDA:729,69,1,0
BRDA:731,70,0,0
BRDA:731,70,1,0
BRDA:788,71,0,0
BRDA:788,71,1,0
BRDA:789,72,0,0
BRDA:789,72,1,0
BRDA:792,73,0,0
BRDA:792,73,1,0
BRDA:818,74,0,0
BRDA:818,74,1,0
BRDA:851,75,0,0
BRDA:851,75,1,9
BRDA:851,76,0,9
BRDA:851,76,1,0
BRDA:863,77,0,0
BRDA:863,77,1,9
BRF:153
BRH:75
end_of_record
TN:
SF:/Users/Elf/ReactNative/payever-mobile-rn/src/store/communication/__tests__/data/conversation.js
FNF:0
FNH:0
LF:0
LH:0
BRF:0
BRH:0
end_of_record
TN:
SF:/Users/Elf/ReactNative/payever-mobile-rn/src/store/communication/__tests__/data/index.js
FNF:0
FNH:0
LF:0
LH:0
BRF:0
BRH:0
end_of_record
TN:
SF:/Users/Elf/ReactNative/payever-mobile-rn/src/store/communication/__tests__/data/messengerData.js
FNF:0
FNH:0
LF:0
LH:0
BRF:0
BRH:0
end_of_record
TN:
SF:/Users/Elf/ReactNative/payever-mobile-rn/src/store/communication/models/Avatar.js
FN:6,(anonymous_0)
FNF:1
FNH:1
FNDA:18,(anonymous_0)
DA:7,18
LF:1
LH:1
BRF:0
BRH:0
end_of_record
TN:
SF:/Users/Elf/ReactNative/payever-mobile-rn/src/store/communication/models/Contact.js
FNF:0
FNH:0
LF:0
LH:0
BRF:0
BRH:0
end_of_record
TN:
SF:/Users/Elf/ReactNative/payever-mobile-rn/src/store/communication/models/Conversation.js
FN:23,(anonymous_0)
FN:24,(anonymous_1)
FN:42,(anonymous_2)
FN:47,(anonymous_3)
FN:54,(anonymous_4)
FN:58,(anonymous_5)
FN:62,(anonymous_6)
FN:69,(anonymous_7)
FN:72,(anonymous_8)
FN:77,(anonymous_9)
FN:86,(anonymous_10)
FN:96,(anonymous_11)
FN:128,(anonymous_12)
FN:144,(anonymous_13)
FN:164,(anonymous_14)
FN:168,(anonymous_15)
FN:170,(anonymous_16)
FN:171,(anonymous_17)
FN:175,(anonymous_18)
FN:177,(anonymous_19)
FN:178,(anonymous_20)
FN:182,(anonymous_21)
FN:189,(anonymous_22)
FN:196,(anonymous_23)
FN:197,(anonymous_24)
FN:204,(anonymous_25)
FN:220,(anonymous_26)
FN:221,(anonymous_27)
FN:225,(anonymous_28)
FNF:29
FNH:6
FNDA:9,(anonymous_0)
FNDA:297,(anonymous_1)
FNDA:6,(anonymous_2)
FNDA:2,(anonymous_3)
FNDA:0,(anonymous_4)
FNDA:0,(anonymous_5)
FNDA:0,(anonymous_6)
FNDA:0,(anonymous_7)
FNDA:0,(anonymous_8)
FNDA:0,(anonymous_9)
FNDA:0,(anonymous_10)
FNDA:0,(anonymous_11)
FNDA:0,(anonymous_12)
FNDA:0,(anonymous_13)
FNDA:0,(anonymous_14)
FNDA:0,(anonymous_15)
FNDA:0,(anonymous_16)
FNDA:0,(anonymous_17)
FNDA:0,(anonymous_18)
FNDA:0,(anonymous_19)
FNDA:0,(anonymous_20)
FNDA:0,(anonymous_21)
FNDA:0,(anonymous_22)
FNDA:0,(anonymous_23)
FNDA:0,(anonymous_24)
FNDA:9,(anonymous_25)
FNDA:0,(anonymous_26)
FNDA:0,(anonymous_27)
FNDA:1,(anonymous_28)
DA:24,297
DA:26,9
DA:27,9
DA:30,9
DA:32,9
DA:37,9
DA:38,9
DA:43,6
DA:48,2
DA:50,0
DA:55,0
DA:57,0
DA:58,0
DA:63,0
DA:64,0
DA:70,0
DA:71,0
DA:72,0
DA:78,0
DA:79,0
DA:82,0
DA:83,0
DA:86,0
DA:87,0
DA:88,0
DA:89,0
DA:92,0
DA:95,0
DA:96,0
DA:97,0
DA:100,0
DA:101,0
DA:103,0
DA:104,0
DA:105,0
DA:108,0
DA:111,0
DA:114,0
DA:115,0
DA:116,0
DA:119,0
DA:122,0
DA:127,0
DA:128,0
DA:131,0
DA:132,0
DA:133,0
DA:136,0
DA:138,0
DA:139,0
DA:145,0
DA:146,0
DA:147,0
DA:150,0
DA:156,0
DA:165,0
DA:169,0
DA:170,0
DA:171,0
DA:176,0
DA:177,0
DA:178,0
DA:185,0
DA:190,0
DA:191,0
DA:197,0
DA:198,0
DA:206,9
DA:207,9
DA:211,0
DA:214,9
DA:216,6
DA:221,0
DA:226,1
LF:74
LH:14
BRDA:24,0,0,9
BRDA:24,0,1,0
BRDA:26,1,0,9
BRDA:26,1,1,0
BRDA:43,2,0,6
BRDA:43,2,1,6
BRDA:48,3,0,2
BRDA:48,3,1,0
BRDA:50,4,0,0
BRDA:50,4,1,0
BRDA:55,5,0,0
BRDA:55,5,1,0
BRDA:57,6,0,0
BRDA:57,6,1,0
BRDA:63,7,0,0
BRDA:63,7,1,0
BRDA:63,8,0,0
BRDA:63,8,1,0
BRDA:70,9,0,0
BRDA:70,9,1,0
BRDA:70,10,0,0
BRDA:70,10,1,0
BRDA:78,11,0,0
BRDA:78,11,1,0
BRDA:82,12,0,0
BRDA:82,12,1,0
BRDA:87,13,0,0
BRDA:87,13,1,0
BRDA:95,14,0,0
BRDA:95,14,1,0
BRDA:100,15,0,0
BRDA:100,15,1,0
BRDA:104,16,0,0
BRDA:104,16,1,0
BRDA:105,17,0,0
BRDA:105,17,1,0
BRDA:115,18,0,0
BRDA:115,18,1,0
BRDA:128,19,0,0
BRDA:128,19,1,0
BRDA:131,20,0,0
BRDA:131,20,1,0
BRDA:138,21,0,0
BRDA:138,21,1,0
BRDA:138,22,0,0
BRDA:138,22,1,0
BRDA:138,22,2,0
BRDA:144,23,0,0
BRDA:145,24,0,0
BRDA:145,24,1,0
BRDA:190,25,0,0
BRDA:190,25,1,0
BRDA:214,26,0,3
BRDA:214,26,1,6
BRDA:214,27,0,9
BRDA:214,27,1,6
BRF:56
BRH:9
end_of_record
TN:
SF:/Users/Elf/ReactNative/payever-mobile-rn/src/store/communication/models/ConversationInfo.js
FN:20,(anonymous_0)
FN:24,(anonymous_1)
FN:29,(anonymous_2)
FN:34,(anonymous_3)
FNF:4
FNH:2
FNDA:18,(anonymous_0)
FNDA:0,(anonymous_1)
FNDA:3,(anonymous_2)
FNDA:0,(anonymous_3)
DA:21,18
DA:25,0
DA:30,3
DA:35,0
LF:4
LH:2
BRF:0
BRH:0
end_of_record
TN:
SF:/Users/Elf/ReactNative/payever-mobile-rn/src/store/communication/models/ConversationSettingsInfo.js
FN:15,(anonymous_0)
FNF:1
FNH:0
FNDA:0,(anonymous_0)
DA:16,0
LF:1
LH:0
BRF:0
BRH:0
end_of_record
TN:
SF:/Users/Elf/ReactNative/payever-mobile-rn/src/store/communication/models/Group.js
FN:18,(anonymous_0)
FN:23,(anonymous_1)
FN:28,(anonymous_2)
FNF:3
FNH:2
FNDA:54,(anonymous_0)
FNDA:9,(anonymous_1)
FNDA:0,(anonymous_2)
DA:19,54
DA:24,9
DA:29,0
LF:3
LH:2
BRDA:24,0,0,9
BRDA:24,0,1,9
BRF:2
BRH:2
end_of_record
TN:
SF:/Users/Elf/ReactNative/payever-mobile-rn/src/store/communication/models/GroupMemberInfo.js
FN:12,(anonymous_0)
FNF:1
FNH:0
FNDA:0,(anonymous_0)
DA:13,0
LF:1
LH:0
BRF:0
BRH:0
end_of_record
TN:
SF:/Users/Elf/ReactNative/payever-mobile-rn/src/store/communication/models/GroupSettingsInfo.js
FN:13,(anonymous_0)
FN:17,(anonymous_1)
FN:21,(anonymous_2)
FN:23,(anonymous_3)
FNF:4
FNH:0
FNDA:0,(anonymous_0)
FNDA:0,(anonymous_1)
FNDA:0,(anonymous_2)
FNDA:0,(anonymous_3)
DA:14,0
DA:18,0
DA:22,0
DA:23,0
LF:4
LH:0
BRF:0
BRH:0
end_of_record
TN:
SF:/Users/Elf/ReactNative/payever-mobile-rn/src/store/communication/models/Media.js
FN:16,(anonymous_0)
FN:21,(anonymous_1)
FNF:2
FNH:0
FNDA:0,(anonymous_0)
FNDA:0,(anonymous_1)
DA:17,0
DA:22,0
LF:2
LH:0
BRF:0
BRH:0
end_of_record
TN:
SF:/Users/Elf/ReactNative/payever-mobile-rn/src/store/communication/models/Message.js
FN:48,(anonymous_0)
FN:53,(anonymous_1)
FNF:2
FNH:1
FNDA:330,(anonymous_0)
FNDA:0,(anonymous_1)
DA:49,330
DA:50,20
DA:52,330
DA:53,0
DA:56,330
LF:5
LH:4
BRDA:49,0,0,20
BRDA:49,0,1,310
BRDA:52,1,0,0
BRDA:52,1,1,330
BRDA:52,2,0,330
BRDA:52,2,1,330
BRF:6
BRH:5
end_of_record
TN:
SF:/Users/Elf/ReactNative/payever-mobile-rn/src/store/communication/models/MessengerInfo.js
FN:23,(anonymous_0)
FN:25,(anonymous_1)
FN:28,(anonymous_2)
FN:41,(anonymous_3)
FN:46,(anonymous_4)
FN:47,(anonymous_5)
FN:51,(anonymous_6)
FN:52,(anonymous_7)
FN:55,(anonymous_8)
FN:67,(anonymous_9)
FN:73,(anonymous_10)
FN:74,(anonymous_11)
FN:77,(anonymous_12)
FNF:13
FNH:13
FNDA:18,(anonymous_0)
FNDA:18,(anonymous_1)
FNDA:54,(anonymous_2)
FNDA:1,(anonymous_3)
FNDA:3,(anonymous_4)
FNDA:3,(anonymous_5)
FNDA:3,(anonymous_6)
FNDA:9,(anonymous_7)
FNDA:3,(anonymous_8)
FNDA:17,(anonymous_9)
FNDA:17,(anonymous_10)
FNDA:17,(anonymous_11)
FNDA:1,(anonymous_12)
DA:24,18
DA:25,18
DA:27,18
DA:28,54
DA:30,18
DA:32,18
DA:33,18
DA:35,18
DA:36,18
DA:38,18
DA:42,1
DA:47,3
DA:52,9
DA:56,3
DA:57,3
DA:60,0
DA:61,0
DA:64,0
DA:68,17
DA:74,17
DA:78,1
DA:79,1
LF:22
LH:19
BRDA:24,0,0,18
BRDA:24,0,1,0
BRDA:27,1,0,18
BRDA:27,1,1,0
BRDA:30,2,0,18
BRDA:30,2,1,0
BRDA:32,3,0,18
BRDA:32,3,1,0
BRDA:56,4,0,3
BRDA:56,4,1,0
BRDA:60,5,0,0
BRDA:60,5,1,0
BRDA:68,6,0,17
BRDA:68,6,1,0
BRDA:68,6,2,0
BRDA:79,7,0,1
BRDA:79,7,1,0
BRF:17
BRH:7
end_of_record
TN:
SF:/Users/Elf/ReactNative/payever-mobile-rn/src/store/communication/models/UserSettings.js
FN:11,(anonymous_0)
FNF:1
FNH:1
FNDA:18,(anonymous_0)
DA:12,18
DA:13,18
DA:14,18
DA:16,18
DA:17,18
DA:18,18
DA:19,18
DA:22,18
LF:8
LH:8
BRDA:12,0,0,18
BRDA:12,0,1,0
BRF:2
BRH:1
end_of_record
TN:
SF:/Users/Elf/ReactNative/payever-mobile-rn/src/store/communication/ui/index.js
FN:13,(anonymous_0)
FN:18,(anonymous_1)
FN:23,(anonymous_2)
FN:28,(anonymous_3)
FN:33,(anonymous_4)
FN:38,(anonymous_5)
FNF:6
FNH:4
FNDA:0,(anonymous_0)
FNDA:2,(anonymous_1)
FNDA:1,(anonymous_2)
FNDA:1,(anonymous_3)
FNDA:0,(anonymous_4)
FNDA:1,(anonymous_5)
DA:14,0
DA:19,2
DA:24,1
DA:29,1
DA:34,0
DA:39,1
LF:6
LH:4
BRF:0
BRH:0
end_of_record
TN:
SF:/Users/Elf/ReactNative/payever-mobile-rn/src/store/contacts/index.js
FN:30,(anonymous_0)
FN:37,(anonymous_1)
FN:66,(anonymous_2)
FN:76,(anonymous_3)
FN:107,(anonymous_4)
FN:117,(anonymous_5)
FN:122,(anonymous_6)
FN:128,(anonymous_7)
FN:137,(anonymous_8)
FN:143,(anonymous_9)
FN:152,(anonymous_10)
FN:160,(anonymous_11)
FN:169,(anonymous_12)
FN:170,(anonymous_13)
FN:174,(anonymous_14)
FN:180,(anonymous_15)
FN:181,(anonymous_16)
FN:185,(anonymous_17)
FN:194,(anonymous_18)
FN:198,(anonymous_19)
FN:208,(anonymous_20)
FN:213,(anonymous_21)
FNF:22
FNH:18
FNDA:205,(anonymous_0)
FNDA:9,(anonymous_1)
FNDA:5,(anonymous_2)
FNDA:8,(anonymous_3)
FNDA:5,(anonymous_4)
FNDA:6,(anonymous_5)
FNDA:0,(anonymous_6)
FNDA:3,(anonymous_7)
FNDA:0,(anonymous_8)
FNDA:3,(anonymous_9)
FNDA:0,(anonymous_10)
FNDA:18,(anonymous_11)
FNDA:10,(anonymous_12)
FNDA:16,(anonymous_13)
FNDA:0,(anonymous_14)
FNDA:20,(anonymous_15)
FNDA:13,(anonymous_16)
FNDA:4,(anonymous_17)
FNDA:9,(anonymous_18)
FNDA:2,(anonymous_19)
FNDA:6,(anonymous_20)
FNDA:2,(anonymous_21)
DA:31,205
DA:33,205
DA:38,9
DA:39,9
DA:40,9
DA:42,9
DA:44,1
DA:45,1
DA:47,1
DA:50,9
DA:51,0
DA:54,9
DA:55,1
DA:56,1
DA:59,9
DA:67,5
DA:68,5
DA:69,5
DA:79,8
DA:80,8
DA:81,8
DA:83,8
DA:85,1
DA:86,1
DA:88,1
DA:91,8
DA:92,0
DA:95,8
DA:96,1
DA:97,1
DA:100,8
DA:108,5
DA:109,5
DA:110,5
DA:118,6
DA:120,3
DA:121,3
DA:122,0
DA:129,3
DA:131,1
DA:133,1
DA:134,1
DA:137,0
DA:144,3
DA:146,1
DA:147,1
DA:153,0
DA:154,0
DA:155,0
DA:161,18
DA:163,16
DA:164,16
DA:170,16
DA:175,0
DA:176,0
DA:181,20
DA:186,4
DA:187,4
DA:188,1
DA:189,1
DA:192,4
DA:194,9
DA:199,2
DA:200,2
DA:201,1
DA:202,1
DA:205,2
DA:207,2
DA:208,6
DA:214,2
DA:216,1
DA:218,1
LF:72
LH:63
BRDA:37,0,0,8
BRDA:42,1,0,1
BRDA:42,1,1,8
BRDA:42,2,0,9
BRDA:42,2,1,2
BRDA:47,3,0,0
BRDA:47,3,1,1
BRDA:50,4,0,0
BRDA:50,4,1,9
BRDA:50,5,0,9
BRDA:50,5,1,9
BRDA:50,5,2,1
BRDA:54,6,0,1
BRDA:54,6,1,8
BRDA:68,7,0,5
BRDA:68,7,1,0
BRDA:68,8,0,5
BRDA:68,8,1,5
BRDA:77,9,0,7
BRDA:83,10,0,1
BRDA:83,10,1,7
BRDA:83,11,0,8
BRDA:83,11,1,2
BRDA:88,12,0,0
BRDA:88,12,1,1
BRDA:91,13,0,0
BRDA:91,13,1,8
BRDA:91,14,0,8
BRDA:91,14,1,8
BRDA:91,14,2,1
BRDA:95,15,0,1
BRDA:95,15,1,7
BRDA:109,16,0,5
BRDA:109,16,1,0
BRDA:109,17,0,5
BRDA:109,17,1,5
BRDA:118,18,0,3
BRDA:118,18,1,3
BRDA:129,19,0,2
BRDA:129,19,1,1
BRDA:144,20,0,2
BRDA:144,20,1,1
BRDA:154,21,0,0
BRDA:154,21,1,0
BRDA:161,22,0,2
BRDA:161,22,1,16
BRDA:163,23,0,16
BRDA:163,23,1,0
BRDA:187,24,0,1
BRDA:187,24,1,3
BRDA:192,25,0,1
BRDA:192,25,1,3
BRDA:192,26,0,4
BRDA:192,26,1,4
BRDA:200,27,0,1
BRDA:200,27,1,1
BRDA:205,28,0,0
BRDA:205,28,1,2
BRDA:205,29,0,2
BRDA:205,29,1,2
BRDA:214,30,0,1
BRDA:214,30,1,1
BRF:62
BRH:52
end_of_record
TN:
SF:/Users/Elf/ReactNative/payever-mobile-rn/src/store/contacts/__tests__/data/contacts.js
FNF:0
FNH:0
LF:0
LH:0
BRF:0
BRH:0
end_of_record
TN:
SF:/Users/Elf/ReactNative/payever-mobile-rn/src/store/contacts/__tests__/data/groups.js
FNF:0
FNH:0
LF:0
LH:0
BRF:0
BRH:0
end_of_record
TN:
SF:/Users/Elf/ReactNative/payever-mobile-rn/src/store/contacts/__tests__/data/index.js
FNF:0
FNH:0
LF:0
LH:0
BRF:0
BRH:0
end_of_record
TN:
SF:/Users/Elf/ReactNative/payever-mobile-rn/src/store/contacts/models/CustomerContactInfo.js
FNF:0
FNH:0
LF:0
LH:0
BRF:0
BRH:0
end_of_record
TN:
SF:/Users/Elf/ReactNative/payever-mobile-rn/src/store/contacts/ui/index.js
FN:7,(anonymous_0)
FNF:1
FNH:0
FNDA:0,(anonymous_0)
DA:8,0
LF:1
LH:0
BRF:0
BRH:0
end_of_record
TN:
SF:/Users/Elf/ReactNative/payever-mobile-rn/src/store/offers/index.js
FN:12,(anonymous_0)
FN:17,(anonymous_1)
FN:20,(anonymous_2)
FNF:3
FNH:1
FNDA:205,(anonymous_0)
FNDA:0,(anonymous_1)
FNDA:0,(anonymous_2)
DA:13,205
DA:18,0
DA:19,0
DA:20,0
LF:4
LH:1
BRF:0
BRH:0
end_of_record
TN:
SF:/Users/Elf/ReactNative/payever-mobile-rn/src/store/offers/models/Offer.js
FN:27,(anonymous_0)
FN:31,(anonymous_1)
FN:49,(anonymous_2)
FN:50,(anonymous_3)
FN:51,(anonymous_4)
FN:61,(anonymous_5)
FN:71,(anonymous_6)
FNF:7
FNH:7
FNDA:20,(anonymous_0)
FNDA:20,(anonymous_1)
FNDA:20,(anonymous_2)
FNDA:20,(anonymous_3)
FNDA:20,(anonymous_4)
FNDA:20,(anonymous_5)
FNDA:20,(anonymous_6)
DA:28,20
DA:29,20
DA:30,20
DA:31,20
DA:34,0
DA:36,20
DA:50,20
DA:51,20
DA:52,20
DA:62,20
DA:72,20
LF:11
LH:10
BRDA:30,0,0,20
BRDA:30,0,1,0
BRDA:30,1,0,20
BRDA:30,1,1,20
BRDA:50,2,0,20
BRDA:50,2,1,0
BRDA:51,3,0,20
BRDA:51,3,1,0
BRF:8
BRH:5
end_of_record
TN:
SF:/Users/Elf/ReactNative/payever-mobile-rn/src/store/profiles/index.js
FN:29,(anonymous_0)
FN:33,(anonymous_1)
FN:51,(anonymous_2)
FN:56,(anonymous_3)
FN:57,(anonymous_4)
FN:60,(anonymous_5)
FN:69,(anonymous_6)
FN:81,(anonymous_7)
FN:83,(anonymous_8)
FN:84,(anonymous_9)
FN:92,(anonymous_10)
FN:105,(anonymous_11)
FN:107,(anonymous_12)
FN:108,(anonymous_13)
FN:116,(anonymous_14)
FN:129,(anonymous_15)
FN:131,(anonymous_16)
FN:132,(anonymous_17)
FN:133,(anonymous_18)
FN:141,(anonymous_19)
FN:147,(anonymous_20)
FN:148,(anonymous_21)
FN:155,(anonymous_22)
FN:160,(anonymous_23)
FN:167,(anonymous_24)
FN:173,(anonymous_25)
FN:178,(anonymous_26)
FN:184,(anonymous_27)
FN:191,(anonymous_28)
FN:198,(anonymous_29)
FN:199,(anonymous_30)
FNF:31
FNH:13
FNDA:205,(anonymous_0)
FNDA:10,(anonymous_1)
FNDA:10,(anonymous_2)
FNDA:4,(anonymous_3)
FNDA:78,(anonymous_4)
FNDA:6,(anonymous_5)
FNDA:2,(anonymous_6)
FNDA:0,(anonymous_7)
FNDA:0,(anonymous_8)
FNDA:0,(anonymous_9)
FNDA:2,(anonymous_10)
FNDA:0,(anonymous_11)
FNDA:0,(anonymous_12)
FNDA:0,(anonymous_13)
FNDA:2,(anonymous_14)
FNDA:0,(anonymous_15)
FNDA:0,(anonymous_16)
FNDA:0,(anonymous_17)
FNDA:0,(anonymous_18)
FNDA:3,(anonymous_19)
FNDA:0,(anonymous_20)
FNDA:0,(anonymous_21)
FNDA:4,(anonymous_22)
FNDA:3,(anonymous_23)
FNDA:0,(anonymous_24)
FNDA:4,(anonymous_25)
FNDA:0,(anonymous_26)
FNDA:0,(anonymous_27)
FNDA:0,(anonymous_28)
FNDA:0,(anonymous_29)
FNDA:0,(anonymous_30)
DA:30,205
DA:34,10
DA:35,10
DA:36,3
DA:39,10
DA:40,4
DA:43,10
DA:44,4
DA:47,10
DA:52,10
DA:54,10
DA:57,4
DA:58,78
DA:60,3
DA:61,6
DA:63,3
DA:70,2
DA:72,2
DA:74,2
DA:75,2
DA:76,1
DA:79,1
DA:82,0
DA:83,0
DA:84,0
DA:85,0
DA:86,0
DA:93,2
DA:95,2
DA:97,2
DA:98,2
DA:99,1
DA:102,1
DA:103,1
DA:106,0
DA:107,0
DA:108,0
DA:109,0
DA:110,0
DA:117,2
DA:119,2
DA:121,2
DA:122,2
DA:123,1
DA:126,1
DA:127,1
DA:130,0
DA:131,0
DA:132,0
DA:133,0
DA:134,0
DA:135,0
DA:142,3
DA:144,3
DA:146,1
DA:148,0
DA:149,0
DA:156,4
DA:161,3
DA:162,1
DA:164,1
DA:167,0
DA:174,4
DA:175,1
DA:177,1
DA:178,0
DA:185,0
DA:186,0
DA:192,0
DA:193,0
DA:194,0
DA:199,0
DA:200,0
DA:201,0
DA:204,0
LF:75
LH:46
BRDA:33,0,0,9
BRDA:35,1,0,3
BRDA:35,1,1,7
BRDA:35,2,0,10
BRDA:35,2,1,9
BRDA:39,3,0,4
BRDA:39,3,1,6
BRDA:43,4,0,4
BRDA:43,4,1,6
BRDA:51,5,0,9
BRDA:70,6,0,0
BRDA:70,6,1,2
BRDA:70,7,0,2
BRDA:70,7,1,2
BRDA:75,8,0,1
BRDA:75,8,1,1
BRDA:93,9,0,0
BRDA:93,9,1,2
BRDA:93,10,0,2
BRDA:93,10,1,2
BRDA:98,11,0,1
BRDA:98,11,1,1
BRDA:117,12,0,0
BRDA:117,12,1,2
BRDA:117,13,0,2
BRDA:117,13,1,2
BRDA:122,14,0,1
BRDA:122,14,1,1
BRDA:144,15,0,2
BRDA:144,15,1,1
BRDA:144,16,0,3
BRDA:144,16,1,2
BRDA:161,17,0,2
BRDA:161,17,1,1
BRDA:174,18,0,3
BRDA:174,18,1,1
BRDA:193,19,0,0
BRDA:193,19,1,0
BRDA:200,20,0,0
BRDA:200,20,1,0
BRDA:200,21,0,0
BRDA:200,21,1,0
BRF:42
BRH:33
end_of_record
TN:
SF:/Users/Elf/ReactNative/payever-mobile-rn/src/store/profiles/__tests__/data/index.js
FNF:0
FNH:0
LF:0
LH:0
BRF:0
BRH:0
end_of_record
TN:
SF:/Users/Elf/ReactNative/payever-mobile-rn/src/store/profiles/__tests__/data/profilesList.js
FNF:0
FNH:0
LF:0
LH:0
BRF:0
BRH:0
end_of_record
TN:
SF:/Users/Elf/ReactNative/payever-mobile-rn/src/store/profiles/models/ActivityItem.js
FN:33,(anonymous_0)
FN:39,(anonymous_1)
FN:45,(anonymous_2)
FN:51,(anonymous_3)
FN:60,(anonymous_4)
FNF:5
FNH:0
FNDA:0,(anonymous_0)
FNDA:0,(anonymous_1)
FNDA:0,(anonymous_2)
FNDA:0,(anonymous_3)
FNDA:0,(anonymous_4)
DA:4,24
DA:34,0
DA:35,0
DA:36,0
DA:40,0
DA:46,0
DA:52,0
DA:53,0
DA:57,0
DA:61,0
LF:10
LH:1
BRDA:52,0,0,0
BRDA:52,0,1,0
BRF:2
BRH:0
end_of_record
TN:
SF:/Users/Elf/ReactNative/payever-mobile-rn/src/store/profiles/models/AppItem.js
FN:41,(anonymous_0)
FN:49,(anonymous_1)
FN:57,(anonymous_2)
FNF:3
FNH:0
FNDA:0,(anonymous_0)
FNDA:0,(anonymous_1)
FNDA:0,(anonymous_2)
DA:4,24
DA:42,0
DA:43,0
DA:45,0
DA:46,0
DA:50,0
DA:51,0
DA:54,0
DA:58,0
DA:59,0
DA:62,0
DA:64,0
DA:65,0
DA:69,0
LF:14
LH:1
BRDA:50,0,0,0
BRDA:50,0,1,0
BRDA:58,1,0,0
BRDA:58,1,1,0
BRDA:64,2,0,0
BRDA:64,2,1,0
BRF:6
BRH:0
end_of_record
TN:
SF:/Users/Elf/ReactNative/payever-mobile-rn/src/store/profiles/models/Business.js
FN:15,(anonymous_0)
FNF:1
FNH:1
FNDA:84,(anonymous_0)
DA:16,84
LF:1
LH:1
BRF:0
BRH:0
end_of_record
TN:
SF:/Users/Elf/ReactNative/payever-mobile-rn/src/store/profiles/models/BusinessProfile.js
FN:17,(anonymous_0)
FN:27,(anonymous_1)
FN:35,(anonymous_2)
FNF:3
FNH:3
FNDA:84,(anonymous_0)
FNDA:58,(anonymous_1)
FNDA:58,(anonymous_2)
DA:18,84
DA:19,84
DA:20,84
DA:21,84
DA:24,84
DA:28,58
DA:29,15
DA:32,43
DA:36,58
LF:9
LH:9
BRDA:20,0,0,84
BRDA:20,0,1,0
BRDA:28,1,0,15
BRDA:28,1,1,43
BRDA:36,2,0,58
BRDA:36,2,1,0
BRF:6
BRH:4
end_of_record
TN:
SF:/Users/Elf/ReactNative/payever-mobile-rn/src/store/profiles/models/PersonalProfile.js
FN:9,(anonymous_0)
FN:19,(anonymous_1)
FN:27,(anonymous_2)
FN:31,(anonymous_3)
FNF:4
FNH:3
FNDA:3,(anonymous_0)
FNDA:3,(anonymous_1)
FNDA:3,(anonymous_2)
FNDA:0,(anonymous_3)
DA:10,3
DA:11,3
DA:12,3
DA:13,3
DA:16,3
DA:20,3
DA:21,3
DA:24,0
DA:28,3
DA:32,0
DA:33,0
DA:34,0
LF:12
LH:8
BRDA:12,0,0,3
BRDA:12,0,1,0
BRDA:20,1,0,3
BRDA:20,1,1,0
BRDA:20,2,0,3
BRDA:20,2,1,3
BRF:6
BRH:4
end_of_record
TN:
SF:/Users/Elf/ReactNative/payever-mobile-rn/src/store/profiles/models/Profile.js
FN:18,(anonymous_0)
FN:22,(anonymous_1)
FN:26,(anonymous_2)
FN:30,(anonymous_3)
FN:33,(anonymous_4)
FNF:5
FNH:1
FNDA:1,(anonymous_0)
FNDA:0,(anonymous_1)
FNDA:0,(anonymous_2)
FNDA:0,(anonymous_3)
FNDA:0,(anonymous_4)
DA:19,1
DA:23,0
DA:27,0
DA:31,0
DA:33,0
DA:34,0
DA:37,0
LF:7
LH:1
BRDA:31,0,0,0
BRDA:31,0,1,0
BRDA:34,1,0,0
BRDA:34,1,1,0
BRF:4
BRH:0
end_of_record
TN:
SF:/Users/Elf/ReactNative/payever-mobile-rn/src/store/profiles/models/UserAccount.js
FN:21,(anonymous_0)
FNF:1
FNH:1
FNDA:3,(anonymous_0)
DA:22,3
LF:1
LH:1
BRF:0
BRH:0
end_of_record
TN:
SF:/Users/Elf/ReactNative/payever-mobile-rn/src/store/search/index.js
FN:17,(anonymous_0)
FN:22,(anonymous_1)
FN:28,(anonymous_2)
FN:30,(anonymous_3)
FN:37,(anonymous_4)
FN:42,(anonymous_5)
FN:45,(anonymous_6)
FN:50,(anonymous_7)
FN:51,(anonymous_8)
FN:55,(anonymous_9)
FN:58,(anonymous_10)
FN:63,(anonymous_11)
FN:64,(anonymous_12)
FN:87,(anonymous_13)
FN:94,(anonymous_14)
FNF:15
FNH:12
FNDA:205,(anonymous_0)
FNDA:6,(anonymous_1)
FNDA:5,(anonymous_2)
FNDA:20,(anonymous_3)
FNDA:6,(anonymous_4)
FNDA:2,(anonymous_5)
FNDA:7,(anonymous_6)
FNDA:0,(anonymous_7)
FNDA:1,(anonymous_8)
FNDA:2,(anonymous_9)
FNDA:7,(anonymous_10)
FNDA:0,(anonymous_11)
FNDA:1,(anonymous_12)
FNDA:20,(anonymous_13)
FNDA:0,(anonymous_14)
DA:18,205
DA:23,6
DA:25,6
DA:27,6
DA:29,5
DA:30,20
DA:32,0
DA:34,0
DA:37,6
DA:43,2
DA:45,7
DA:46,2
DA:48,1
DA:49,1
DA:50,0
DA:51,1
DA:56,2
DA:58,7
DA:59,2
DA:61,1
DA:62,1
DA:63,0
DA:64,1
DA:88,20
DA:95,0
DA:96,0
DA:99,0
LF:27
LH:20
BRDA:29,0,0,5
BRDA:29,0,1,0
BRDA:46,1,0,1
BRDA:46,1,1,1
BRDA:59,2,0,1
BRDA:59,2,1,1
BRDA:95,3,0,0
BRDA:95,3,1,0
BRF:8
BRH:5
end_of_record
TN:
SF:/Users/Elf/ReactNative/payever-mobile-rn/src/store/search/__tests__/data/index.js
FNF:0
FNH:0
LF:0
LH:0
BRF:0
BRH:0
end_of_record
TN:
SF:/Users/Elf/ReactNative/payever-mobile-rn/src/store/ui/index.js
FN:11,(anonymous_0)
FN:16,(anonymous_1)
FN:21,(anonymous_2)
FNF:3
FNH:1
FNDA:205,(anonymous_0)
FNDA:0,(anonymous_1)
FNDA:0,(anonymous_2)
DA:12,205
DA:17,0
DA:22,0
LF:3
LH:1
BRF:0
BRH:0
end_of_record
