TN:
SF:/Users/Elf/ReactNative/payever-mobile-rn/src/common/Navigation.js
FN:24,(anonymous_0)
FN:47,registerScreens
FN:50,(anonymous_2)
FN:54,showScreen
FN:74,toggleMenu
FN:82,hideMenu
FN:92,patchRnnScreenClass
FN:95,getChildContext
FNF:8
FNH:1
FNDA:0,(anonymous_0)
FNDA:0,registerScreens
FNDA:0,(anonymous_2)
FNDA:0,showScreen
FNDA:0,toggleMenu
FNDA:0,hideMenu
FNDA:1,patchRnnScreenClass
FNDA:0,getChildContext
DA:10,1
DA:12,1
DA:25,0
DA:28,0
DA:29,0
DA:31,0
DA:32,0
DA:37,0
DA:38,0
DA:39,0
DA:43,0
DA:48,0
DA:49,0
DA:50,0
DA:55,0
DA:75,0
DA:83,0
DA:94,1
DA:95,1
DA:96,0
LF:20
LH:4
BRDA:29,0,0,0
BRDA:29,0,1,0
BRDA:38,1,0,0
BRDA:38,1,1,0
BRDA:49,2,0,0
BRDA:49,2,1,0
BRDA:54,3,0,0
BRDA:74,4,0,0
BRDA:82,5,0,0
BRF:9
BRH:0
end_of_record
TN:
SF:/Users/Elf/ReactNative/payever-mobile-rn/src/common/api/MessengerApi/SocketApi.js
FN:8,(anonymous_0)
FN:15,(anonymous_1)
FN:47,(anonymous_2)
FN:60,(anonymous_3)
FN:70,(anonymous_4)
FN:74,(anonymous_5)
FN:84,(anonymous_6)
FN:90,(anonymous_7)
FN:98,(anonymous_8)
FN:104,(anonymous_9)
FN:114,(anonymous_10)
FN:120,(anonymous_11)
FN:126,(anonymous_12)
FN:132,(anonymous_13)
FN:138,(anonymous_14)
FN:144,(anonymous_15)
FN:152,(anonymous_16)
FN:153,(anonymous_17)
FN:171,(anonymous_18)
FN:172,(anonymous_19)
FN:178,(anonymous_20)
FN:182,(anonymous_21)
FNF:22
FNH:0
FNDA:0,(anonymous_0)
FNDA:0,(anonymous_1)
FNDA:0,(anonymous_2)
FNDA:0,(anonymous_3)
FNDA:0,(anonymous_4)
FNDA:0,(anonymous_5)
FNDA:0,(anonymous_6)
FNDA:0,(anonymous_7)
FNDA:0,(anonymous_8)
FNDA:0,(anonymous_9)
FNDA:0,(anonymous_10)
FNDA:0,(anonymous_11)
FNDA:0,(anonymous_12)
FNDA:0,(anonymous_13)
FNDA:0,(anonymous_14)
FNDA:0,(anonymous_15)
FNDA:0,(anonymous_16)
FNDA:0,(anonymous_17)
FNDA:0,(anonymous_18)
FNDA:0,(anonymous_19)
FNDA:0,(anonymous_20)
FNDA:0,(anonymous_21)
DA:9,0
DA:10,0
DA:11,0
DA:12,0
DA:24,0
DA:26,0
DA:27,0
DA:30,0
DA:31,0
DA:34,0
DA:35,0
DA:38,0
DA:42,0
DA:55,0
DA:65,0
DA:71,0
DA:75,0
DA:76,0
DA:79,0
DA:85,0
DA:91,0
DA:93,0
DA:99,0
DA:109,0
DA:115,0
DA:121,0
DA:127,0
DA:133,0
DA:139,0
DA:145,0
DA:146,0
DA:148,0
DA:152,0
DA:153,0
DA:154,0
DA:155,0
DA:157,0
DA:158,0
DA:165,0
DA:172,0
DA:173,0
DA:174,0
DA:179,0
DA:183,0
LF:44
LH:0
BRDA:16,0,0,0
BRDA:18,1,0,0
BRDA:19,2,0,0
BRDA:20,3,0,0
BRDA:21,4,0,0
BRDA:24,5,0,0
BRDA:24,5,1,0
BRDA:24,5,2,0
BRDA:24,5,3,0
BRDA:49,6,0,0
BRDA:51,7,0,0
BRDA:52,8,0,0
BRDA:53,9,0,0
BRDA:63,10,0,0
BRDA:70,11,0,0
BRDA:74,12,0,0
BRDA:75,13,0,0
BRDA:75,13,1,0
BRDA:84,14,0,0
BRDA:90,15,0,0
BRDA:91,16,0,0
BRDA:91,16,1,0
BRDA:98,17,0,0
BRDA:107,18,0,0
BRDA:114,19,0,0
BRDA:120,20,0,0
BRDA:126,21,0,0
BRDA:132,22,0,0
BRDA:138,23,0,0
BRDA:146,24,0,0
BRDA:146,24,1,0
BRDA:146,24,2,0
BRDA:154,25,0,0
BRDA:154,25,1,0
BRDA:157,26,0,0
BRDA:157,26,1,0
BRF:36
BRH:0
end_of_record
TN:
SF:/Users/Elf/ReactNative/payever-mobile-rn/src/common/api/MessengerApi/WampClient.js
FN:38,(anonymous_0)
FN:52,(anonymous_1)
FN:56,(anonymous_2)
FN:72,(anonymous_3)
FN:81,(anonymous_4)
FN:86,(anonymous_5)
FN:95,(anonymous_6)
FN:97,(anonymous_7)
FN:101,(anonymous_8)
FN:162,(anonymous_9)
FN:169,(anonymous_10)
FN:177,(anonymous_11)
FN:191,(anonymous_12)
FN:196,(anonymous_13)
FN:212,(anonymous_14)
FN:217,(anonymous_15)
FN:230,(anonymous_16)
FN:236,(anonymous_17)
FN:241,(anonymous_18)
FN:250,(anonymous_19)
FN:265,(anonymous_20)
FN:269,(anonymous_21)
FN:270,(anonymous_22)
FN:273,(anonymous_23)
FN:282,(anonymous_24)
FNF:25
FNH:0
FNDA:0,(anonymous_0)
FNDA:0,(anonymous_1)
FNDA:0,(anonymous_2)
FNDA:0,(anonymous_3)
FNDA:0,(anonymous_4)
FNDA:0,(anonymous_5)
FNDA:0,(anonymous_6)
FNDA:0,(anonymous_7)
FNDA:0,(anonymous_8)
FNDA:0,(anonymous_9)
FNDA:0,(anonymous_10)
FNDA:0,(anonymous_11)
FNDA:0,(anonymous_12)
FNDA:0,(anonymous_13)
FNDA:0,(anonymous_14)
FNDA:0,(anonymous_15)
FNDA:0,(anonymous_16)
FNDA:0,(anonymous_17)
FNDA:0,(anonymous_18)
FNDA:0,(anonymous_19)
FNDA:0,(anonymous_20)
FNDA:0,(anonymous_21)
FNDA:0,(anonymous_22)
FNDA:0,(anonymous_23)
FNDA:0,(anonymous_24)
DA:5,1
DA:6,1
DA:7,1
DA:8,1
DA:9,1
DA:10,1
DA:11,1
DA:12,1
DA:13,1
DA:15,1
DA:39,0
DA:41,0
DA:42,0
DA:44,0
DA:45,0
DA:46,0
DA:48,0
DA:49,0
DA:53,0
DA:57,0
DA:59,0
DA:60,0
DA:63,0
DA:67,0
DA:68,0
DA:69,0
DA:73,0
DA:74,0
DA:76,0
DA:78,0
DA:82,0
DA:87,0
DA:88,0
DA:91,0
DA:96,0
DA:97,0
DA:102,0
DA:103,0
DA:104,0
DA:106,0
DA:107,0
DA:110,0
DA:112,0
DA:113,0
DA:117,0
DA:119,0
DA:120,0
DA:124,0
DA:125,0
DA:130,0
DA:131,0
DA:132,0
DA:134,0
DA:135,0
DA:136,0
DA:137,0
DA:138,0
DA:139,0
DA:143,0
DA:144,0
DA:145,0
DA:146,0
DA:147,0
DA:148,0
DA:149,0
DA:152,0
DA:153,0
DA:155,0
DA:157,0
DA:163,0
DA:164,0
DA:165,0
DA:170,0
DA:171,0
DA:178,0
DA:179,0
DA:180,0
DA:181,0
DA:187,0
DA:190,0
DA:191,0
DA:192,0
DA:193,0
DA:195,0
DA:196,0
DA:197,0
DA:202,0
DA:204,0
DA:213,0
DA:216,0
DA:217,0
DA:218,0
DA:219,0
DA:220,0
DA:222,0
DA:223,0
DA:225,0
DA:231,0
DA:232,0
DA:233,0
DA:237,0
DA:238,0
DA:242,0
DA:243,0
DA:245,0
DA:246,0
DA:251,0
DA:252,0
DA:253,0
DA:254,0
DA:255,0
DA:258,0
DA:260,0
DA:261,0
DA:266,0
DA:270,0
DA:271,0
DA:272,0
DA:273,0
DA:274,0
DA:275,0
DA:276,0
DA:278,0
DA:281,0
DA:282,0
DA:283,0
DA:284,0
DA:285,0
LF:128
LH:10
BRDA:53,0,0,0
BRDA:53,0,1,0
BRDA:59,1,0,0
BRDA:59,1,1,0
BRDA:73,2,0,0
BRDA:73,2,1,0
BRDA:74,3,0,0
BRDA:74,3,1,0
BRDA:81,4,0,0
BRDA:87,5,0,0
BRDA:87,5,1,0
BRDA:96,6,0,0
BRDA:96,6,1,0
BRDA:112,7,0,0
BRDA:112,7,1,0
BRDA:117,8,0,0
BRDA:117,8,1,0
BRDA:117,8,2,0
BRDA:117,8,3,0
BRDA:135,9,0,0
BRDA:135,9,1,0
BRDA:138,10,0,0
BRDA:138,10,1,0
BRDA:143,11,0,0
BRDA:143,11,1,0
BRDA:147,12,0,0
BRDA:147,12,1,0
BRDA:152,13,0,0
BRDA:152,13,1,0
BRDA:164,14,0,0
BRDA:164,14,1,0
BRDA:170,15,0,0
BRDA:170,15,1,0
BRDA:180,16,0,0
BRDA:180,16,1,0
BRDA:190,17,0,0
BRDA:190,17,1,0
BRDA:195,18,0,0
BRDA:195,18,1,0
BRDA:220,19,0,0
BRDA:220,19,1,0
BRDA:223,20,0,0
BRDA:223,20,1,0
BRDA:242,21,0,0
BRDA:242,21,1,0
BRDA:245,22,0,0
BRDA:245,22,1,0
BRDA:245,23,0,0
BRDA:245,23,1,0
BRDA:252,24,0,0
BRDA:252,24,1,0
BRDA:255,25,0,0
BRDA:255,25,1,0
BRDA:260,26,0,0
BRDA:260,26,1,0
BRDA:275,27,0,0
BRDA:275,27,1,0
BRDA:283,28,0,0
BRDA:283,28,1,0
BRF:59
BRH:0
end_of_record
TN:
SF:/Users/Elf/ReactNative/payever-mobile-rn/src/common/api/MessengerApi/index.js
FN:14,(anonymous_0)
FN:18,(anonymous_1)
FN:22,(anonymous_2)
FN:26,(anonymous_3)
FN:41,(anonymous_4)
FN:48,(anonymous_5)
FN:63,(anonymous_6)
FN:67,(anonymous_7)
FN:79,(anonymous_8)
FN:83,(anonymous_9)
FN:93,(anonymous_10)
FN:111,(anonymous_11)
FN:115,(anonymous_12)
FN:131,(anonymous_13)
FN:159,(anonymous_14)
FN:167,(anonymous_15)
FN:180,(anonymous_16)
FN:190,(anonymous_17)
FN:196,(anonymous_18)
FNF:19
FNH:0
FNDA:0,(anonymous_0)
FNDA:0,(anonymous_1)
FNDA:0,(anonymous_2)
FNDA:0,(anonymous_3)
FNDA:0,(anonymous_4)
FNDA:0,(anonymous_5)
FNDA:0,(anonymous_6)
FNDA:0,(anonymous_7)
FNDA:0,(anonymous_8)
FNDA:0,(anonymous_9)
FNDA:0,(anonymous_10)
FNDA:0,(anonymous_11)
FNDA:0,(anonymous_12)
FNDA:0,(anonymous_13)
FNDA:0,(anonymous_14)
FNDA:0,(anonymous_15)
FNDA:0,(anonymous_16)
FNDA:0,(anonymous_17)
FNDA:0,(anonymous_18)
DA:15,0
DA:19,0
DA:23,0
DA:27,0
DA:28,0
DA:31,0
DA:33,0
DA:34,0
DA:35,0
DA:42,0
DA:43,0
DA:45,0
DA:53,0
DA:64,0
DA:72,0
DA:80,0
DA:84,0
DA:99,0
DA:112,0
DA:120,0
DA:138,0
DA:160,0
DA:162,0
DA:171,0
DA:181,0
DA:196,0
DA:197,0
DA:199,0
LF:28
LH:0
BRDA:27,0,0,0
BRDA:27,0,1,0
BRDA:42,1,0,0
BRDA:42,1,1,0
BRDA:70,2,0,0
BRDA:155,3,0,0
BRDA:155,3,1,0
BRDA:155,4,0,0
BRDA:155,4,1,0
BRDA:160,5,0,0
BRDA:160,5,1,0
BRF:11
BRH:0
end_of_record
TN:
SF:/Users/Elf/ReactNative/payever-mobile-rn/src/common/ui/Button.js
FN:22,(anonymous_0)
FN:32,(anonymous_1)
FN:53,(anonymous_2)
FNF:3
FNH:0
FNDA:0,(anonymous_0)
FNDA:0,(anonymous_1)
FNDA:0,(anonymous_2)
DA:23,0
DA:25,0
DA:27,0
DA:33,0
DA:34,0
DA:36,0
DA:38,0
DA:39,0
DA:44,0
DA:45,0
DA:54,0
DA:55,0
DA:56,0
DA:58,0
DA:59,0
DA:62,0
DA:63,0
DA:66,0
DA:67,0
DA:68,0
DA:71,0
DA:89,1
LF:22
LH:1
BRDA:25,0,0,0
BRDA:25,0,1,0
BRDA:28,1,0,0
BRDA:28,1,1,0
BRDA:36,2,0,0
BRDA:36,2,1,0
BRDA:36,3,0,0
BRDA:36,3,1,0
BRDA:38,4,0,0
BRDA:38,4,1,0
BRDA:38,5,0,0
BRDA:38,5,1,0
BRDA:44,6,0,0
BRDA:44,6,1,0
BRDA:44,7,0,0
BRDA:44,7,1,0
BRDA:58,8,0,0
BRDA:58,8,1,0
BRDA:62,9,0,0
BRDA:62,9,1,0
BRDA:66,10,0,0
BRDA:66,10,1,0
BRF:22
BRH:0
end_of_record
TN:
SF:/Users/Elf/ReactNative/payever-mobile-rn/src/common/ui/DataSource.js
FN:10,(anonymous_0)
FN:24,(anonymous_1)
FN:29,(anonymous_2)
FN:34,(anonymous_3)
FN:39,(anonymous_4)
FN:44,(anonymous_5)
FNF:6
FNH:3
FNDA:1,(anonymous_0)
FNDA:0,(anonymous_1)
FNDA:0,(anonymous_2)
FNDA:3,(anonymous_3)
FNDA:2,(anonymous_4)
FNDA:0,(anonymous_5)
DA:11,1
DA:18,1
DA:19,1
DA:21,1
DA:25,0
DA:26,0
DA:30,0
DA:31,0
DA:35,3
DA:36,3
DA:40,2
DA:41,2
DA:45,0
DA:46,0
LF:14
LH:8
BRDA:19,0,0,1
BRDA:19,0,1,1
BRDA:25,1,0,0
BRDA:25,1,1,0
BRDA:30,2,0,0
BRDA:30,2,1,0
BRDA:35,3,0,3
BRDA:35,3,1,1
BRDA:40,4,0,2
BRDA:40,4,1,1
BRDA:45,5,0,0
BRDA:45,5,1,0
BRF:12
BRH:6
end_of_record
TN:
SF:/Users/Elf/ReactNative/payever-mobile-rn/src/common/ui/Loader.js
FN:15,(anonymous_0)
FN:20,(anonymous_1)
FN:24,(anonymous_2)
FN:33,(anonymous_3)
FN:36,(anonymous_4)
FN:59,(anonymous_5)
FN:70,(anonymous_6)
FNF:7
FNH:0
FNDA:0,(anonymous_0)
FNDA:0,(anonymous_1)
FNDA:0,(anonymous_2)
FNDA:0,(anonymous_3)
FNDA:0,(anonymous_4)
FNDA:0,(anonymous_5)
FNDA:0,(anonymous_6)
DA:16,0
DA:17,0
DA:21,0
DA:26,0
DA:27,0
DA:33,0
DA:37,0
DA:38,0
DA:39,0
DA:43,0
DA:48,0
DA:60,0
DA:61,0
DA:62,0
DA:63,0
DA:65,0
DA:67,0
DA:71,0
DA:72,0
DA:73,0
DA:75,0
DA:79,1
LF:22
LH:1
BRDA:38,0,0,0
BRDA:38,0,1,0
BRDA:61,1,0,0
BRDA:61,1,1,0
BRDA:62,2,0,0
BRDA:62,2,1,0
BRDA:72,3,0,0
BRDA:72,3,1,0
BRF:8
BRH:0
end_of_record
TN:
SF:/Users/Elf/ReactNative/payever-mobile-rn/src/common/ui/StyleSheet.js
FN:36,getRemKoef
FNF:1
FNH:1
FNDA:1,getRemKoef
DA:5,1
DA:9,1
DA:34,1
DA:37,1
DA:38,0
DA:41,1
DA:42,0
DA:45,1
DA:46,0
DA:49,1
LF:10
LH:7
BRDA:31,0,0,1
BRDA:31,0,1,0
BRDA:37,1,0,0
BRDA:37,1,1,1
BRDA:41,2,0,0
BRDA:41,2,1,1
BRDA:45,3,0,0
BRDA:45,3,1,1
BRF:8
BRH:4
end_of_record
TN:
SF:/Users/Elf/ReactNative/payever-mobile-rn/src/common/ui/Text.js
FN:13,(anonymous_0)
FNF:1
FNH:0
FNDA:0,(anonymous_0)
DA:14,0
DA:23,1
LF:2
LH:1
BRF:0
BRH:0
end_of_record
TN:
SF:/Users/Elf/ReactNative/payever-mobile-rn/src/common/ui/TextButton.js
FN:15,(anonymous_0)
FNF:1
FNH:0
FNDA:0,(anonymous_0)
DA:16,0
DA:18,0
DA:33,1
LF:3
LH:1
BRF:0
BRH:0
end_of_record
TN:
SF:/Users/Elf/ReactNative/payever-mobile-rn/src/common/ui/Html/parseHtml.js
FN:10,parseHtml
FN:50,(anonymous_1)
FN:52,(anonymous_2)
FN:59,push
FN:69,needToTrimLeft
FNF:5
FNH:5
FNDA:1,parseHtml
FNDA:1,(anonymous_1)
FNDA:1,(anonymous_2)
FNDA:3,push
FNDA:2,needToTrimLeft
DA:4,1
DA:11,1
DA:16,1
DA:24,1
DA:26,1
DA:34,2
DA:36,2
DA:38,2
DA:39,1
DA:42,2
DA:46,1
DA:50,1
DA:52,1
DA:54,1
DA:55,1
DA:56,1
DA:60,3
DA:61,3
DA:62,3
DA:63,3
DA:64,3
DA:65,1
DA:70,2
DA:71,2
DA:72,1
DA:75,1
DA:76,1
DA:77,1
DA:78,0
DA:80,1
LF:30
LH:29
BRDA:29,0,0,0
BRDA:29,0,1,1
BRDA:36,1,0,0
BRDA:36,1,1,2
BRDA:38,2,0,1
BRDA:38,2,1,1
BRDA:59,3,0,1
BRDA:61,4,0,3
BRDA:61,4,1,2
BRDA:64,5,0,1
BRDA:64,5,1,2
BRDA:71,6,0,1
BRDA:71,6,1,1
BRDA:71,7,0,2
BRDA:71,7,1,1
BRDA:77,8,0,0
BRDA:77,8,1,1
BRF:17
BRH:14
end_of_record
TN:
SF:/Users/Elf/ReactNative/payever-mobile-rn/src/common/ui/Html/vendors/htmlparser2.js
FN:2,(anonymous_0)
FN:20,(anonymous_1)
FN:22,e
FN:23,s
FN:33,(anonymous_4)
FN:45,(anonymous_5)
FN:48,CollectingHandler
FN:54,(anonymous_7)
FN:57,(anonymous_8)
FN:63,(anonymous_9)
FN:69,(anonymous_10)
FN:78,(anonymous_11)
FN:83,(anonymous_12)
FN:103,(anonymous_13)
FN:109,FeedHandler
FN:117,getElements
FN:121,getOneElement
FN:125,fetch
FN:131,addConditionally
FN:136,(anonymous_19)
FN:140,(anonymous_20)
FN:157,(anonymous_21)
FN:180,(anonymous_22)
FN:203,(anonymous_23)
FN:298,Parser
FN:325,(anonymous_25)
FN:338,(anonymous_26)
FN:345,(anonymous_27)
FN:368,(anonymous_28)
FN:383,(anonymous_29)
FN:408,(anonymous_30)
FN:416,(anonymous_31)
FN:431,(anonymous_32)
FN:438,(anonymous_33)
FN:442,(anonymous_34)
FN:453,(anonymous_35)
FN:464,(anonymous_36)
FN:471,(anonymous_37)
FN:478,(anonymous_38)
FN:485,(anonymous_39)
FN:497,(anonymous_40)
FN:501,(anonymous_41)
FN:514,(anonymous_42)
FN:527,(anonymous_43)
FN:532,(anonymous_44)
FN:536,(anonymous_45)
FN:540,(anonymous_46)
FN:544,(anonymous_47)
FN:555,(anonymous_48)
FN:558,ProxyHandler
FN:563,(anonymous_50)
FN:566,(anonymous_51)
FN:571,(anonymous_52)
FN:576,(anonymous_53)
FN:584,(anonymous_54)
FN:589,Stream
FN:597,Cbs
FN:603,(anonymous_57)
FN:605,(anonymous_58)
FN:609,(anonymous_59)
FN:613,(anonymous_60)
FN:621,(anonymous_61)
FN:708,whitespace
FN:712,characterState
FN:713,(anonymous_64)
FN:718,ifElseState
FN:722,(anonymous_66)
FN:731,(anonymous_67)
FN:742,consumeSpecialNameChar
FN:745,(anonymous_69)
FN:755,Tokenizer
FN:770,(anonymous_71)
FN:787,(anonymous_72)
FN:808,(anonymous_73)
FN:816,(anonymous_74)
FN:833,(anonymous_75)
FN:841,(anonymous_76)
FN:849,(anonymous_77)
FN:862,(anonymous_78)
FN:873,(anonymous_79)
FN:882,(anonymous_80)
FN:896,(anonymous_81)
FN:910,(anonymous_82)
FN:923,(anonymous_83)
FN:936,(anonymous_84)
FN:950,(anonymous_85)
FN:956,(anonymous_86)
FN:964,(anonymous_87)
FN:972,(anonymous_88)
FN:981,(anonymous_89)
FN:985,(anonymous_90)
FN:993,(anonymous_91)
FN:1011,(anonymous_92)
FN:1021,(anonymous_93)
FN:1027,(anonymous_94)
FN:1039,(anonymous_95)
FN:1050,(anonymous_96)
FN:1064,(anonymous_97)
FN:1077,(anonymous_98)
FN:1091,(anonymous_99)
FN:1103,(anonymous_100)
FN:1117,(anonymous_101)
FN:1132,(anonymous_102)
FN:1151,(anonymous_103)
FN:1174,(anonymous_104)
FN:1191,(anonymous_105)
FN:1205,(anonymous_106)
FN:1219,(anonymous_107)
FN:1249,(anonymous_108)
FN:1256,(anonymous_109)
FN:1430,(anonymous_110)
FN:1433,(anonymous_111)
FN:1444,(anonymous_112)
FN:1453,(anonymous_113)
FN:1462,(anonymous_114)
FN:1504,(anonymous_115)
FN:1508,(anonymous_116)
FN:1512,(anonymous_117)
FN:1516,(anonymous_118)
FN:1521,(anonymous_119)
FN:1535,(anonymous_120)
FN:1541,Stream
FN:1546,(anonymous_122)
FN:1553,(anonymous_123)
FN:1558,(anonymous_124)
FN:1570,(anonymous_125)
FN:1576,(anonymous_126)
FN:1583,DomHandler
FN:1607,(anonymous_128)
FN:1612,(anonymous_129)
FN:1617,(anonymous_130)
FN:1625,(anonymous_131)
FN:1633,(anonymous_132)
FN:1639,(anonymous_133)
FN:1665,(anonymous_134)
FN:1678,(anonymous_135)
FN:1716,(anonymous_136)
FN:1733,(anonymous_137)
FN:1746,(anonymous_138)
FN:1750,(anonymous_139)
FN:1761,(anonymous_140)
FN:1770,(anonymous_141)
FN:1773,(anonymous_142)
FN:1776,(anonymous_143)
FN:1784,(anonymous_144)
FN:1817,(anonymous_145)
FN:1820,(anonymous_146)
FN:1823,(anonymous_147)
FN:1831,(anonymous_148)
FN:1841,(anonymous_149)
FN:1842,(anonymous_150)
FN:1855,(anonymous_151)
FN:1858,(anonymous_152)
FN:1919,(anonymous_153)
FN:1973,(anonymous_154)
FN:1985,(anonymous_155)
FN:1999,(anonymous_156)
FN:2003,(anonymous_157)
FN:2024,(anonymous_158)
FN:2026,(anonymous_159)
FN:2032,(anonymous_160)
FN:2037,(anonymous_161)
FN:2039,(anonymous_162)
FN:2043,(anonymous_163)
FN:2048,(anonymous_164)
FN:2050,(anonymous_165)
FN:2054,(anonymous_166)
FN:2061,getAttribCheck
FN:2063,(anonymous_168)
FN:2067,(anonymous_169)
FN:2073,combineFuncs
FN:2074,(anonymous_171)
FN:2079,(anonymous_172)
FN:2080,(anonymous_173)
FN:2091,(anonymous_174)
FN:2096,(anonymous_175)
FN:2100,(anonymous_176)
FN:2105,(anonymous_177)
FN:2106,(anonymous_178)
FN:2116,(anonymous_179)
FN:2134,(anonymous_180)
FN:2145,(anonymous_181)
FN:2165,(anonymous_182)
FN:2184,(anonymous_183)
FN:2196,filter
FN:2205,find
FN:2226,findOneChild
FN:2234,findOne
FN:2250,existsOne
FN:2267,findAll
FN:2281,(anonymous_190)
FN:2292,getInnerHTML
FN:2293,(anonymous_192)
FN:2298,getText
FN:2306,(anonymous_194)
FN:2307,(anonymous_195)
FN:2311,(anonymous_196)
FN:2315,(anonymous_197)
FN:2320,(anonymous_198)
FN:2324,(anonymous_199)
FN:2328,(anonymous_200)
FN:2333,(anonymous_201)
FN:2384,formatAttrs
FN:2434,(anonymous_203)
FN:2460,renderTag
FN:2490,renderDirective
FN:2494,renderText
FN:2505,renderCdata
FN:2509,renderComment
FN:2514,(anonymous_209)
FN:2525,(anonymous_210)
FN:2530,(anonymous_211)
FN:2534,(anonymous_212)
FN:2538,(anonymous_213)
FN:2542,(anonymous_214)
FN:2566,(anonymous_215)
FN:2575,getStrictDecoder
FN:2583,(anonymous_217)
FN:2588,(anonymous_218)
FN:2607,replacer
FN:2613,(anonymous_220)
FN:2618,sorter
FN:2622,getReplacer
FN:2623,replace
FN:2645,(anonymous_224)
FN:2651,decodeCodePoint
FN:2674,(anonymous_226)
FN:2685,getInverseObj
FN:2686,(anonymous_228)
FN:2692,getInverseReplacer
FN:2696,(anonymous_230)
FN:2713,singleCharReplacer
FN:2717,astralReplacer
FN:2725,getInverse
FN:2726,func
FN:2730,(anonymous_235)
FN:2740,escapeXML
FN:2750,(anonymous_237)
FN:2782,(anonymous_238)
FN:4911,(anonymous_239)
FN:5021,(anonymous_240)
FN:5025,(anonymous_241)
FN:5028,(anonymous_242)
FN:5031,(anonymous_243)
FN:5034,(anonymous_244)
FN:5037,(anonymous_245)
FN:5040,(anonymous_246)
FN:5043,(anonymous_247)
FN:5085,(anonymous_248)
FN:5089,(anonymous_249)
FN:5112,Buffer
FN:5176,SlowBuffer
FN:5184,isBuffer
FN:5188,compare
FN:5208,isEncoding
FN:5227,concat
FN:5254,byteLength
FN:5290,toString
FN:5333,equals
FN:5339,inspect
FN:5349,compare
FN:5355,indexOf
FN:5380,arrayIndexOf
FN:5397,get
FN:5403,set
FN:5408,hexWrite
FN:5435,utf8Write
FN:5440,asciiWrite
FN:5445,binaryWrite
FN:5449,base64Write
FN:5454,utf16leWrite
FN:5459,write
FN:5521,toJSON
FN:5528,base64Slice
FN:5536,utf8Slice
FN:5553,asciiSlice
FN:5563,binarySlice
FN:5573,hexSlice
FN:5586,utf16leSlice
FN:5595,slice
FN:5635,checkOffset
FN:5640,readUIntLE
FN:5655,readUIntBE
FN:5671,readUInt8
FN:5676,readUInt16LE
FN:5681,readUInt16BE
FN:5686,readUInt32LE
FN:5695,readUInt32BE
FN:5704,readIntLE
FN:5722,readIntBE
FN:5740,readInt8
FN:5746,readInt16LE
FN:5752,readInt16BE
FN:5758,readInt32LE
FN:5767,readInt32BE
FN:5776,readFloatLE
FN:5781,readFloatBE
FN:5786,readDoubleLE
FN:5791,readDoubleBE
FN:5796,checkInt
FN:5802,writeUIntLE
FN:5818,writeUIntBE
FN:5834,writeUInt8
FN:5843,objectWriteUInt16
FN:5851,writeUInt16LE
FN:5864,writeUInt16BE
FN:5877,objectWriteUInt32
FN:5884,writeUInt32LE
FN:5899,writeUInt32BE
FN:5914,writeIntLE
FN:5936,writeIntBE
FN:5958,writeInt8
FN:5968,writeInt16LE
FN:5981,writeInt16BE
FN:5994,writeInt32LE
FN:6009,writeInt32BE
FN:6025,checkIEEE754
FN:6031,writeFloat
FN:6039,writeFloatLE
FN:6043,writeFloatBE
FN:6047,writeDouble
FN:6055,writeDoubleLE
FN:6059,writeDoubleBE
FN:6064,copy
FN:6102,fill
FN:6136,toArrayBuffer
FN:6160,_augment
FN:6225,base64clean
FN:6237,stringtrim
FN:6242,isArrayish
FN:6248,toHex
FN:6253,utf8ToBytes
FN:6334,asciiToBytes
FN:6343,utf16leToBytes
FN:6359,base64ToBytes
FN:6363,blitBuffer
FN:6371,decodeUtf8Char
FN:6380,(anonymous_337)
FN:6384,(anonymous_338)
FN:6399,decode
FN:6417,b64ToByteArray
FN:6440,push
FN:6463,uint8ToBase64
FN:6469,encode
FN:6473,tripletToBase64
FN:6508,(anonymous_345)
FN:6509,(anonymous_346)
FN:6542,(anonymous_347)
FN:6595,(anonymous_348)
FN:6626,(anonymous_349)
FN:6631,(anonymous_350)
FN:6653,EventEmitter
FN:6672,(anonymous_352)
FN:6679,(anonymous_353)
FN:6737,(anonymous_354)
FN:6790,(anonymous_355)
FN:6796,g
FN:6812,(anonymous_357)
FN:6857,(anonymous_358)
FN:6897,(anonymous_359)
FN:6908,(anonymous_360)
FN:6919,isFunction
FN:6923,isNumber
FN:6927,isObject
FN:6931,isUndefined
FN:6936,(anonymous_365)
FN:6939,inherits
FN:6952,inherits
FN:6954,(anonymous_368)
FN:6963,(anonymous_369)
FN:6964,(anonymous_370)
FN:6969,(anonymous_371)
FN:6976,drainQueue
FN:6995,(anonymous_373)
FN:7009,noop
FN:7020,(anonymous_375)
FN:7025,(anonymous_376)
FN:7028,(anonymous_377)
FN:7031,(anonymous_378)
FN:7036,(anonymous_379)
FN:7040,(anonymous_380)
FN:7041,(anonymous_381)
FN:7071,(anonymous_382)
FN:7089,(anonymous_383)
FN:7094,Duplex
FN:7115,onend
FN:7126,forEach
FN:7134,(anonymous_387)
FN:7171,PassThrough
FN:7178,(anonymous_389)
FN:7183,(anonymous_390)
FN:7184,(anonymous_391)
FN:7222,(anonymous_392)
FN:7242,(anonymous_393)
FN:7250,ReadableState
FN:7318,Readable
FN:7336,(anonymous_396)
FN:7351,(anonymous_397)
FN:7356,readableAddChunk
FN:7411,needMoreData
FN:7419,(anonymous_400)
FN:7430,roundUpToNextPowerOf2
FN:7442,howMuchToRead
FN:7480,(anonymous_403)
FN:7595,chunkInvalid
FN:7604,onEofChunk
FN:7621,emitReadable
FN:7628,(anonymous_407)
FN:7636,emitReadable_
FN:7649,maybeReadMore
FN:7652,(anonymous_410)
FN:7658,maybeReadMore_
FN:7677,(anonymous_412)
FN:7681,(anonymous_413)
FN:7710,onunpipe
FN:7717,onend
FN:7729,cleanup
FN:7752,ondata
FN:7765,onerror
FN:7784,onclose
FN:7790,onfinish
FN:7798,unpipe
FN:7815,pipeOnDrain
FN:7816,(anonymous_423)
FN:7829,(anonymous_424)
FN:7886,(anonymous_425)
FN:7903,(anonymous_426)
FN:7919,(anonymous_427)
FN:7933,resume
FN:7936,(anonymous_429)
FN:7942,resume_
FN:7950,(anonymous_431)
FN:7960,flow
FN:7973,(anonymous_433)
FN:7978,(anonymous_434)
FN:7989,(anonymous_435)
FN:8007,(anonymous_436)
FN:8008,(anonymous_437)
FN:8017,(anonymous_438)
FN:8023,(anonymous_439)
FN:8040,fromList
FN:8104,endReadable
FN:8114,(anonymous_442)
FN:8125,forEach
FN:8131,indexOf
FN:8151,(anonymous_445)
FN:8228,TransformState
FN:8229,(anonymous_447)
FN:8239,afterTransform
FN:8265,Transform
FN:8284,(anonymous_450)
FN:8286,(anonymous_451)
FN:8294,(anonymous_452)
FN:8309,(anonymous_453)
FN:8313,(anonymous_454)
FN:8330,(anonymous_455)
FN:8344,done
FN:8363,(anonymous_457)
FN:8364,(anonymous_458)
FN:8408,WriteReq
FN:8414,WritableState
FN:8478,(anonymous_461)
FN:8502,Writable
FN:8519,(anonymous_463)
FN:8524,writeAfterEnd
FN:8528,(anonymous_465)
FN:8538,validChunk
FN:8543,(anonymous_467)
FN:8551,(anonymous_468)
FN:8566,(anonymous_469)
FN:8579,(anonymous_470)
FN:8585,(anonymous_471)
FN:8597,decodeChunk
FN:8609,writeOrBuffer
FN:8630,doWrite
FN:8642,onwriteError
FN:8644,(anonymous_476)
FN:8657,onwriteStateUpdate
FN:8664,onwrite
FN:8683,(anonymous_479)
FN:8692,afterWrite
FN:8703,onwriteDrain
FN:8712,clearBuffer
FN:8724,(anonymous_483)
FN:8763,(anonymous_484)
FN:8770,(anonymous_485)
FN:8797,needFinish
FN:8802,prefinish
FN:8809,finishMaybe
FN:8822,endWritable
FN:8836,(anonymous_490)
FN:8837,(anonymous_491)
FN:8861,isArray
FN:8867,isBoolean
FN:8873,isNull
FN:8879,isNullOrUndefined
FN:8885,isNumber
FN:8891,isString
FN:8897,isSymbol
FN:8903,isUndefined
FN:8909,isRegExp
FN:8915,isObject
FN:8921,isDate
FN:8927,isError
FN:8934,isFunction
FN:8940,isPrimitive
FN:8951,isBuffer
FN:8957,objectToString
FN:8962,(anonymous_508)
FN:8966,(anonymous_509)
FN:8983,(anonymous_510)
FN:8987,(anonymous_511)
FN:8991,(anonymous_512)
FN:9032,Stream
FN:9036,(anonymous_514)
FN:9039,ondata
FN:9049,ondrain
FN:9066,onend
FN:9074,onclose
FN:9082,onerror
FN:9093,cleanup
FN:9129,(anonymous_521)
FN:9154,(anonymous_522)
FN:9174,assertEncoding
FN:9188,(anonymous_524)
FN:9231,(anonymous_525)
FN:9303,(anonymous_526)
FN:9335,(anonymous_527)
FN:9350,passThroughWrite
FN:9354,utf16DetectIncompleteChar
FN:9359,base64DetectIncompleteChar
FN:9365,(anonymous_531)
FN:9366,isBuffer
FN:9373,(anonymous_533)
FN:9374,(anonymous_534)
FN:9397,(anonymous_535)
FN:9409,(anonymous_536)
FN:9441,(anonymous_537)
FN:9444,(anonymous_538)
FN:9455,deprecated
FN:9475,(anonymous_540)
FN:9482,(anonymous_541)
FN:9487,(anonymous_542)
FN:9503,inspect
FN:9562,stylizeWithColor
FN:9574,stylizeNoColor
FN:9579,arrayToHash
FN:9582,(anonymous_547)
FN:9590,formatValue
FN:9692,(anonymous_549)
FN:9703,formatPrimitive
FN:9722,formatError
FN:9727,formatArray
FN:9737,(anonymous_553)
FN:9747,formatProperty
FN:9773,(anonymous_555)
FN:9777,(anonymous_556)
FN:9806,reduceToSingleString
FN:9808,(anonymous_558)
FN:9829,isArray
FN:9835,isBoolean
FN:9841,isNull
FN:9847,isNullOrUndefined
FN:9853,isNumber
FN:9859,isString
FN:9865,isSymbol
FN:9871,isUndefined
FN:9877,isRegExp
FN:9883,isObject
FN:9889,isDate
FN:9895,isError
FN:9902,isFunction
FN:9908,isPrimitive
FN:9921,objectToString
FN:9926,pad
FN:9935,timestamp
FN:9945,(anonymous_576)
FN:9965,(anonymous_577)
FN:9977,hasOwnProperty
FN:9983,(anonymous_579)
FN:9987,defineProp
FN:10022,(anonymous_581)
FN:10027,(anonymous_582)
FN:10032,(anonymous_583)
FNF:584
FNH:60
FNDA:1,(anonymous_0)
FNDA:1,(anonymous_1)
FNDA:1,e
FNDA:20,s
FNDA:19,(anonymous_4)
FNDA:0,(anonymous_5)
FNDA:0,CollectingHandler
FNDA:0,(anonymous_7)
FNDA:0,(anonymous_8)
FNDA:0,(anonymous_9)
FNDA:0,(anonymous_10)
FNDA:0,(anonymous_11)
FNDA:0,(anonymous_12)
FNDA:0,(anonymous_13)
FNDA:0,FeedHandler
FNDA:0,getElements
FNDA:0,getOneElement
FNDA:0,fetch
FNDA:0,addConditionally
FNDA:0,(anonymous_19)
FNDA:0,(anonymous_20)
FNDA:0,(anonymous_21)
FNDA:0,(anonymous_22)
FNDA:1,(anonymous_23)
FNDA:1,Parser
FNDA:4,(anonymous_25)
FNDA:2,(anonymous_26)
FNDA:1,(anonymous_27)
FNDA:1,(anonymous_28)
FNDA:1,(anonymous_29)
FNDA:0,(anonymous_30)
FNDA:0,(anonymous_31)
FNDA:0,(anonymous_32)
FNDA:0,(anonymous_33)
FNDA:0,(anonymous_34)
FNDA:0,(anonymous_35)
FNDA:0,(anonymous_36)
FNDA:0,(anonymous_37)
FNDA:0,(anonymous_38)
FNDA:0,(anonymous_39)
FNDA:0,(anonymous_40)
FNDA:1,(anonymous_41)
FNDA:0,(anonymous_42)
FNDA:0,(anonymous_43)
FNDA:1,(anonymous_44)
FNDA:1,(anonymous_45)
FNDA:0,(anonymous_46)
FNDA:0,(anonymous_47)
FNDA:0,(anonymous_48)
FNDA:0,ProxyHandler
FNDA:0,(anonymous_50)
FNDA:0,(anonymous_51)
FNDA:0,(anonymous_52)
FNDA:0,(anonymous_53)
FNDA:0,(anonymous_54)
FNDA:0,Stream
FNDA:0,Cbs
FNDA:0,(anonymous_57)
FNDA:0,(anonymous_58)
FNDA:0,(anonymous_59)
FNDA:0,(anonymous_60)
FNDA:1,(anonymous_61)
FNDA:2,whitespace
FNDA:1,characterState
FNDA:0,(anonymous_64)
FNDA:14,ifElseState
FNDA:0,(anonymous_66)
FNDA:0,(anonymous_67)
FNDA:7,consumeSpecialNameChar
FNDA:0,(anonymous_69)
FNDA:1,Tokenizer
FNDA:11,(anonymous_71)
FNDA:2,(anonymous_72)
FNDA:1,(anonymous_73)
FNDA:1,(anonymous_74)
FNDA:1,(anonymous_75)
FNDA:1,(anonymous_76)
FNDA:1,(anonymous_77)
FNDA:0,(anonymous_78)
FNDA:0,(anonymous_79)
FNDA:0,(anonymous_80)
FNDA:0,(anonymous_81)
FNDA:0,(anonymous_82)
FNDA:0,(anonymous_83)
FNDA:0,(anonymous_84)
FNDA:0,(anonymous_85)
FNDA:0,(anonymous_86)
FNDA:0,(anonymous_87)
FNDA:0,(anonymous_88)
FNDA:0,(anonymous_89)
FNDA:0,(anonymous_90)
FNDA:0,(anonymous_91)
FNDA:0,(anonymous_92)
FNDA:0,(anonymous_93)
FNDA:0,(anonymous_94)
FNDA:0,(anonymous_95)
FNDA:0,(anonymous_96)
FNDA:0,(anonymous_97)
FNDA:0,(anonymous_98)
FNDA:0,(anonymous_99)
FNDA:0,(anonymous_100)
FNDA:0,(anonymous_101)
FNDA:0,(anonymous_102)
FNDA:0,(anonymous_103)
FNDA:0,(anonymous_104)
FNDA:0,(anonymous_105)
FNDA:0,(anonymous_106)
FNDA:1,(anonymous_107)
FNDA:1,(anonymous_108)
FNDA:1,(anonymous_109)
FNDA:0,(anonymous_110)
FNDA:0,(anonymous_111)
FNDA:1,(anonymous_112)
FNDA:1,(anonymous_113)
FNDA:0,(anonymous_114)
FNDA:0,(anonymous_115)
FNDA:4,(anonymous_116)
FNDA:3,(anonymous_117)
FNDA:2,(anonymous_118)
FNDA:0,(anonymous_119)
FNDA:0,(anonymous_120)
FNDA:0,Stream
FNDA:0,(anonymous_122)
FNDA:0,(anonymous_123)
FNDA:1,(anonymous_124)
FNDA:0,(anonymous_125)
FNDA:1,(anonymous_126)
FNDA:0,DomHandler
FNDA:0,(anonymous_128)
FNDA:0,(anonymous_129)
FNDA:0,(anonymous_130)
FNDA:0,(anonymous_131)
FNDA:0,(anonymous_132)
FNDA:0,(anonymous_133)
FNDA:0,(anonymous_134)
FNDA:0,(anonymous_135)
FNDA:0,(anonymous_136)
FNDA:0,(anonymous_137)
FNDA:0,(anonymous_138)
FNDA:0,(anonymous_139)
FNDA:1,(anonymous_140)
FNDA:1,(anonymous_141)
FNDA:0,(anonymous_142)
FNDA:0,(anonymous_143)
FNDA:1,(anonymous_144)
FNDA:6,(anonymous_145)
FNDA:0,(anonymous_146)
FNDA:0,(anonymous_147)
FNDA:0,(anonymous_148)
FNDA:0,(anonymous_149)
FNDA:0,(anonymous_150)
FNDA:0,(anonymous_151)
FNDA:0,(anonymous_152)
FNDA:0,(anonymous_153)
FNDA:0,(anonymous_154)
FNDA:0,(anonymous_155)
FNDA:0,(anonymous_156)
FNDA:0,(anonymous_157)
FNDA:0,(anonymous_158)
FNDA:0,(anonymous_159)
FNDA:0,(anonymous_160)
FNDA:0,(anonymous_161)
FNDA:0,(anonymous_162)
FNDA:0,(anonymous_163)
FNDA:0,(anonymous_164)
FNDA:0,(anonymous_165)
FNDA:0,(anonymous_166)
FNDA:0,getAttribCheck
FNDA:0,(anonymous_168)
FNDA:0,(anonymous_169)
FNDA:0,combineFuncs
FNDA:0,(anonymous_171)
FNDA:0,(anonymous_172)
FNDA:0,(anonymous_173)
FNDA:0,(anonymous_174)
FNDA:0,(anonymous_175)
FNDA:0,(anonymous_176)
FNDA:0,(anonymous_177)
FNDA:0,(anonymous_178)
FNDA:0,(anonymous_179)
FNDA:0,(anonymous_180)
FNDA:0,(anonymous_181)
FNDA:0,(anonymous_182)
FNDA:0,(anonymous_183)
FNDA:0,filter
FNDA:0,find
FNDA:0,findOneChild
FNDA:0,findOne
FNDA:0,existsOne
FNDA:0,findAll
FNDA:0,(anonymous_190)
FNDA:0,getInnerHTML
FNDA:0,(anonymous_192)
FNDA:0,getText
FNDA:0,(anonymous_194)
FNDA:0,(anonymous_195)
FNDA:0,(anonymous_196)
FNDA:0,(anonymous_197)
FNDA:0,(anonymous_198)
FNDA:0,(anonymous_199)
FNDA:0,(anonymous_200)
FNDA:0,(anonymous_201)
FNDA:0,formatAttrs
FNDA:0,(anonymous_203)
FNDA:0,renderTag
FNDA:0,renderDirective
FNDA:0,renderText
FNDA:0,renderCdata
FNDA:0,renderComment
FNDA:0,(anonymous_209)
FNDA:0,(anonymous_210)
FNDA:0,(anonymous_211)
FNDA:0,(anonymous_212)
FNDA:0,(anonymous_213)
FNDA:0,(anonymous_214)
FNDA:0,(anonymous_215)
FNDA:0,getStrictDecoder
FNDA:0,(anonymous_217)
FNDA:0,(anonymous_218)
FNDA:0,replacer
FNDA:0,(anonymous_220)
FNDA:0,sorter
FNDA:0,getReplacer
FNDA:0,replace
FNDA:1,(anonymous_224)
FNDA:0,decodeCodePoint
FNDA:0,(anonymous_226)
FNDA:0,getInverseObj
FNDA:0,(anonymous_228)
FNDA:0,getInverseReplacer
FNDA:0,(anonymous_230)
FNDA:0,singleCharReplacer
FNDA:0,astralReplacer
FNDA:0,getInverse
FNDA:0,func
FNDA:0,(anonymous_235)
FNDA:0,escapeXML
FNDA:1,(anonymous_237)
FNDA:1,(anonymous_238)
FNDA:1,(anonymous_239)
FNDA:1,(anonymous_240)
FNDA:1,(anonymous_241)
FNDA:1,(anonymous_242)
FNDA:1,(anonymous_243)
FNDA:1,(anonymous_244)
FNDA:1,(anonymous_245)
FNDA:0,(anonymous_246)
FNDA:0,(anonymous_247)
FNDA:0,(anonymous_248)
FNDA:0,(anonymous_249)
FNDA:0,Buffer
FNDA:0,SlowBuffer
FNDA:0,isBuffer
FNDA:0,compare
FNDA:0,isEncoding
FNDA:0,concat
FNDA:0,byteLength
FNDA:0,toString
FNDA:0,equals
FNDA:0,inspect
FNDA:0,compare
FNDA:0,indexOf
FNDA:0,arrayIndexOf
FNDA:0,get
FNDA:0,set
FNDA:0,hexWrite
FNDA:0,utf8Write
FNDA:0,asciiWrite
FNDA:0,binaryWrite
FNDA:0,base64Write
FNDA:0,utf16leWrite
FNDA:0,write
FNDA:0,toJSON
FNDA:0,base64Slice
FNDA:0,utf8Slice
FNDA:0,asciiSlice
FNDA:0,binarySlice
FNDA:0,hexSlice
FNDA:0,utf16leSlice
FNDA:0,slice
FNDA:0,checkOffset
FNDA:0,readUIntLE
FNDA:0,readUIntBE
FNDA:0,readUInt8
FNDA:0,readUInt16LE
FNDA:0,readUInt16BE
FNDA:0,readUInt32LE
FNDA:0,readUInt32BE
FNDA:0,readIntLE
FNDA:0,readIntBE
FNDA:0,readInt8
FNDA:0,readInt16LE
FNDA:0,readInt16BE
FNDA:0,readInt32LE
FNDA:0,readInt32BE
FNDA:0,readFloatLE
FNDA:0,readFloatBE
FNDA:0,readDoubleLE
FNDA:0,readDoubleBE
FNDA:0,checkInt
FNDA:0,writeUIntLE
FNDA:0,writeUIntBE
FNDA:0,writeUInt8
FNDA:0,objectWriteUInt16
FNDA:0,writeUInt16LE
FNDA:0,writeUInt16BE
FNDA:0,objectWriteUInt32
FNDA:0,writeUInt32LE
FNDA:0,writeUInt32BE
FNDA:0,writeIntLE
FNDA:0,writeIntBE
FNDA:0,writeInt8
FNDA:0,writeInt16LE
FNDA:0,writeInt16BE
FNDA:0,writeInt32LE
FNDA:0,writeInt32BE
FNDA:0,checkIEEE754
FNDA:0,writeFloat
FNDA:0,writeFloatLE
FNDA:0,writeFloatBE
FNDA:0,writeDouble
FNDA:0,writeDoubleLE
FNDA:0,writeDoubleBE
FNDA:0,copy
FNDA:0,fill
FNDA:0,toArrayBuffer
FNDA:0,_augment
FNDA:0,base64clean
FNDA:0,stringtrim
FNDA:0,isArrayish
FNDA:0,toHex
FNDA:0,utf8ToBytes
FNDA:0,asciiToBytes
FNDA:0,utf16leToBytes
FNDA:0,base64ToBytes
FNDA:0,blitBuffer
FNDA:0,decodeUtf8Char
FNDA:0,(anonymous_337)
FNDA:0,(anonymous_338)
FNDA:0,decode
FNDA:0,b64ToByteArray
FNDA:0,push
FNDA:0,uint8ToBase64
FNDA:0,encode
FNDA:0,tripletToBase64
FNDA:0,(anonymous_345)
FNDA:0,(anonymous_346)
FNDA:0,(anonymous_347)
FNDA:0,(anonymous_348)
FNDA:0,(anonymous_349)
FNDA:1,(anonymous_350)
FNDA:0,EventEmitter
FNDA:0,(anonymous_352)
FNDA:0,(anonymous_353)
FNDA:0,(anonymous_354)
FNDA:0,(anonymous_355)
FNDA:0,g
FNDA:0,(anonymous_357)
FNDA:0,(anonymous_358)
FNDA:0,(anonymous_359)
FNDA:0,(anonymous_360)
FNDA:0,isFunction
FNDA:0,isNumber
FNDA:0,isObject
FNDA:0,isUndefined
FNDA:1,(anonymous_365)
FNDA:1,inherits
FNDA:0,inherits
FNDA:0,(anonymous_368)
FNDA:0,(anonymous_369)
FNDA:0,(anonymous_370)
FNDA:1,(anonymous_371)
FNDA:0,drainQueue
FNDA:0,(anonymous_373)
FNDA:0,noop
FNDA:0,(anonymous_375)
FNDA:0,(anonymous_376)
FNDA:0,(anonymous_377)
FNDA:0,(anonymous_378)
FNDA:0,(anonymous_379)
FNDA:0,(anonymous_380)
FNDA:0,(anonymous_381)
FNDA:0,(anonymous_382)
FNDA:0,(anonymous_383)
FNDA:0,Duplex
FNDA:0,onend
FNDA:0,forEach
FNDA:0,(anonymous_387)
FNDA:0,PassThrough
FNDA:0,(anonymous_389)
FNDA:0,(anonymous_390)
FNDA:0,(anonymous_391)
FNDA:0,(anonymous_392)
FNDA:0,(anonymous_393)
FNDA:0,ReadableState
FNDA:0,Readable
FNDA:0,(anonymous_396)
FNDA:0,(anonymous_397)
FNDA:0,readableAddChunk
FNDA:0,needMoreData
FNDA:0,(anonymous_400)
FNDA:0,roundUpToNextPowerOf2
FNDA:0,howMuchToRead
FNDA:0,(anonymous_403)
FNDA:0,chunkInvalid
FNDA:0,onEofChunk
FNDA:0,emitReadable
FNDA:0,(anonymous_407)
FNDA:0,emitReadable_
FNDA:0,maybeReadMore
FNDA:0,(anonymous_410)
FNDA:0,maybeReadMore_
FNDA:0,(anonymous_412)
FNDA:0,(anonymous_413)
FNDA:0,onunpipe
FNDA:0,onend
FNDA:0,cleanup
FNDA:0,ondata
FNDA:0,onerror
FNDA:0,onclose
FNDA:0,onfinish
FNDA:0,unpipe
FNDA:0,pipeOnDrain
FNDA:0,(anonymous_423)
FNDA:0,(anonymous_424)
FNDA:0,(anonymous_425)
FNDA:0,(anonymous_426)
FNDA:0,(anonymous_427)
FNDA:0,resume
FNDA:0,(anonymous_429)
FNDA:0,resume_
FNDA:0,(anonymous_431)
FNDA:0,flow
FNDA:0,(anonymous_433)
FNDA:0,(anonymous_434)
FNDA:0,(anonymous_435)
FNDA:0,(anonymous_436)
FNDA:0,(anonymous_437)
FNDA:0,(anonymous_438)
FNDA:0,(anonymous_439)
FNDA:0,fromList
FNDA:0,endReadable
FNDA:0,(anonymous_442)
FNDA:0,forEach
FNDA:0,indexOf
FNDA:0,(anonymous_445)
FNDA:0,TransformState
FNDA:0,(anonymous_447)
FNDA:0,afterTransform
FNDA:0,Transform
FNDA:0,(anonymous_450)
FNDA:0,(anonymous_451)
FNDA:0,(anonymous_452)
FNDA:0,(anonymous_453)
FNDA:0,(anonymous_454)
FNDA:0,(anonymous_455)
FNDA:0,done
FNDA:0,(anonymous_457)
FNDA:0,(anonymous_458)
FNDA:0,WriteReq
FNDA:0,WritableState
FNDA:0,(anonymous_461)
FNDA:0,Writable
FNDA:0,(anonymous_463)
FNDA:0,writeAfterEnd
FNDA:0,(anonymous_465)
FNDA:0,validChunk
FNDA:0,(anonymous_467)
FNDA:0,(anonymous_468)
FNDA:0,(anonymous_469)
FNDA:0,(anonymous_470)
FNDA:0,(anonymous_471)
FNDA:0,decodeChunk
FNDA:0,writeOrBuffer
FNDA:0,doWrite
FNDA:0,onwriteError
FNDA:0,(anonymous_476)
FNDA:0,onwriteStateUpdate
FNDA:0,onwrite
FNDA:0,(anonymous_479)
FNDA:0,afterWrite
FNDA:0,onwriteDrain
FNDA:0,clearBuffer
FNDA:0,(anonymous_483)
FNDA:0,(anonymous_484)
FNDA:0,(anonymous_485)
FNDA:0,needFinish
FNDA:0,prefinish
FNDA:0,finishMaybe
FNDA:0,endWritable
FNDA:0,(anonymous_490)
FNDA:0,(anonymous_491)
FNDA:0,isArray
FNDA:0,isBoolean
FNDA:0,isNull
FNDA:0,isNullOrUndefined
FNDA:0,isNumber
FNDA:0,isString
FNDA:0,isSymbol
FNDA:0,isUndefined
FNDA:0,isRegExp
FNDA:0,isObject
FNDA:0,isDate
FNDA:0,isError
FNDA:0,isFunction
FNDA:0,isPrimitive
FNDA:0,isBuffer
FNDA:0,objectToString
FNDA:0,(anonymous_508)
FNDA:0,(anonymous_509)
FNDA:0,(anonymous_510)
FNDA:0,(anonymous_511)
FNDA:0,(anonymous_512)
FNDA:0,Stream
FNDA:0,(anonymous_514)
FNDA:0,ondata
FNDA:0,ondrain
FNDA:0,onend
FNDA:0,onclose
FNDA:0,onerror
FNDA:0,cleanup
FNDA:0,(anonymous_521)
FNDA:0,(anonymous_522)
FNDA:0,assertEncoding
FNDA:0,(anonymous_524)
FNDA:0,(anonymous_525)
FNDA:0,(anonymous_526)
FNDA:0,(anonymous_527)
FNDA:0,passThroughWrite
FNDA:0,utf16DetectIncompleteChar
FNDA:0,base64DetectIncompleteChar
FNDA:1,(anonymous_531)
FNDA:0,isBuffer
FNDA:1,(anonymous_533)
FNDA:1,(anonymous_534)
FNDA:0,(anonymous_535)
FNDA:0,(anonymous_536)
FNDA:0,(anonymous_537)
FNDA:0,(anonymous_538)
FNDA:0,deprecated
FNDA:0,(anonymous_540)
FNDA:0,(anonymous_541)
FNDA:0,(anonymous_542)
FNDA:0,inspect
FNDA:0,stylizeWithColor
FNDA:0,stylizeNoColor
FNDA:0,arrayToHash
FNDA:0,(anonymous_547)
FNDA:0,formatValue
FNDA:0,(anonymous_549)
FNDA:0,formatPrimitive
FNDA:0,formatError
FNDA:0,formatArray
FNDA:0,(anonymous_553)
FNDA:0,formatProperty
FNDA:0,(anonymous_555)
FNDA:0,(anonymous_556)
FNDA:0,reduceToSingleString
FNDA:0,(anonymous_558)
FNDA:0,isArray
FNDA:0,isBoolean
FNDA:0,isNull
FNDA:0,isNullOrUndefined
FNDA:0,isNumber
FNDA:0,isString
FNDA:0,isSymbol
FNDA:0,isUndefined
FNDA:0,isRegExp
FNDA:0,isObject
FNDA:0,isDate
FNDA:0,isError
FNDA:0,isFunction
FNDA:0,isPrimitive
FNDA:0,objectToString
FNDA:0,pad
FNDA:0,timestamp
FNDA:0,(anonymous_576)
FNDA:0,(anonymous_577)
FNDA:0,hasOwnProperty
FNDA:1,(anonymous_579)
FNDA:0,defineProp
FNDA:0,(anonymous_581)
FNDA:0,(anonymous_582)
FNDA:0,(anonymous_583)
DA:2,1
DA:3,1
DA:4,1
DA:5,0
DA:6,0
DA:9,0
DA:10,0
DA:11,0
DA:12,0
DA:13,0
DA:14,0
DA:16,0
DA:18,0
DA:22,1
DA:24,20
DA:25,17
DA:26,0
DA:27,0
DA:28,0
DA:29,0
DA:30,0
DA:32,17
DA:33,17
DA:34,19
DA:35,19
DA:38,20
DA:41,1
DA:42,1
DA:43,1
DA:46,0
DA:49,0
DA:50,0
DA:53,0
DA:54,0
DA:55,0
DA:56,0
DA:57,0
DA:58,0
DA:59,0
DA:61,0
DA:62,0
DA:63,0
DA:64,0
DA:65,0
DA:67,0
DA:68,0
DA:69,0
DA:70,0
DA:71,0
DA:74,0
DA:78,0
DA:79,0
DA:80,0
DA:83,0
DA:84,0
DA:86,0
DA:87,0
DA:89,0
DA:91,0
DA:92,0
DA:93,0
DA:94,0
DA:96,0
DA:104,0
DA:105,0
DA:106,0
DA:110,0
DA:113,0
DA:115,0
DA:118,0
DA:122,0
DA:126,0
DA:132,0
DA:133,0
DA:136,0
DA:137,0
DA:140,0
DA:141,0
DA:142,0
DA:145,0
DA:146,0
DA:147,0
DA:149,0
DA:150,0
DA:151,0
DA:152,0
DA:153,0
DA:154,0
DA:155,0
DA:157,0
DA:158,0
DA:160,0
DA:162,0
DA:163,0
DA:164,0
DA:165,0
DA:166,0
DA:167,0
DA:170,0
DA:172,0
DA:173,0
DA:174,0
DA:175,0
DA:176,0
DA:177,0
DA:178,0
DA:180,0
DA:181,0
DA:183,0
DA:185,0
DA:186,0
DA:187,0
DA:188,0
DA:189,0
DA:190,0
DA:194,0
DA:195,0
DA:200,0
DA:204,1
DA:229,1
DA:239,1
DA:262,1
DA:296,1
DA:299,1
DA:300,1
DA:302,1
DA:303,1
DA:304,1
DA:305,1
DA:306,1
DA:308,1
DA:309,1
DA:311,1
DA:314,1
DA:318,1
DA:320,1
DA:323,1
DA:325,1
DA:326,4
DA:327,1
DA:328,1
DA:330,0
DA:333,3
DA:334,4
DA:338,1
DA:339,2
DA:340,2
DA:342,2
DA:345,1
DA:346,1
DA:347,1
DA:350,1
DA:352,1
DA:353,0
DA:360,1
DA:361,1
DA:364,1
DA:365,1
DA:368,1
DA:369,1
DA:371,1
DA:372,1
DA:373,1
DA:376,1
DA:377,0
DA:380,1
DA:383,1
DA:384,1
DA:386,1
DA:387,1
DA:390,1
DA:391,1
DA:392,1
DA:393,1
DA:394,1
DA:395,1
DA:397,0
DA:398,0
DA:399,0
DA:400,0
DA:402,0
DA:403,0
DA:404,0
DA:408,1
DA:409,0
DA:410,0
DA:412,0
DA:416,1
DA:417,0
DA:419,0
DA:423,0
DA:424,0
DA:425,0
DA:427,0
DA:431,1
DA:432,0
DA:433,0
DA:435,0
DA:438,1
DA:439,0
DA:442,1
DA:443,0
DA:444,0
DA:447,0
DA:449,0
DA:450,0
DA:453,1
DA:454,0
DA:455,0
DA:457,0
DA:458,0
DA:461,0
DA:464,1
DA:465,0
DA:466,0
DA:467,0
DA:471,1
DA:472,0
DA:473,0
DA:474,0
DA:478,1
DA:479,0
DA:481,0
DA:482,0
DA:485,1
DA:486,0
DA:488,0
DA:489,0
DA:490,0
DA:491,0
DA:493,0
DA:497,1
DA:498,0
DA:501,1
DA:502,1
DA:503,1
DA:509,1
DA:514,1
DA:515,0
DA:516,0
DA:518,0
DA:519,0
DA:520,0
DA:521,0
DA:523,0
DA:527,1
DA:528,0
DA:529,0
DA:532,1
DA:533,1
DA:536,1
DA:537,1
DA:540,1
DA:541,0
DA:544,1
DA:545,0
DA:549,1
DA:550,1
DA:552,1
DA:556,0
DA:559,0
DA:562,0
DA:563,0
DA:564,0
DA:565,0
DA:566,0
DA:567,0
DA:569,0
DA:570,0
DA:571,0
DA:572,0
DA:574,0
DA:575,0
DA:576,0
DA:577,0
DA:580,0
DA:585,0
DA:587,0
DA:590,0
DA:593,0
DA:595,0
DA:598,0
DA:601,0
DA:603,0
DA:604,0
DA:605,0
DA:606,0
DA:608,0
DA:609,0
DA:610,0
DA:612,0
DA:613,0
DA:614,0
DA:617,0
DA:622,1
DA:624,1
DA:625,1
DA:626,1
DA:627,1
DA:629,1
DA:631,1
DA:632,1
DA:633,1
DA:634,1
DA:635,1
DA:636,1
DA:637,1
DA:640,1
DA:641,1
DA:642,1
DA:643,1
DA:644,1
DA:645,1
DA:646,1
DA:649,1
DA:650,1
DA:653,1
DA:656,1
DA:657,1
DA:658,1
DA:659,1
DA:662,1
DA:663,1
DA:664,1
DA:665,1
DA:666,1
DA:667,1
DA:668,1
DA:669,1
DA:670,1
DA:673,1
DA:674,1
DA:676,1
DA:677,1
DA:678,1
DA:679,1
DA:680,1
DA:681,1
DA:682,1
DA:683,1
DA:684,1
DA:685,1
DA:687,1
DA:688,1
DA:689,1
DA:690,1
DA:691,1
DA:692,1
DA:693,1
DA:694,1
DA:696,1
DA:697,1
DA:698,1
DA:699,1
DA:700,1
DA:702,1
DA:704,1
DA:705,1
DA:706,1
DA:709,2
DA:713,1
DA:714,0
DA:719,14
DA:721,14
DA:722,1
DA:723,0
DA:724,0
DA:726,0
DA:727,0
DA:731,13
DA:732,0
DA:733,0
DA:735,0
DA:736,0
DA:743,7
DA:745,7
DA:746,0
DA:747,0
DA:749,0
DA:750,0
DA:756,1
DA:757,1
DA:758,1
DA:759,1
DA:760,1
DA:761,1
DA:762,1
DA:763,1
DA:764,1
DA:765,1
DA:766,1
DA:767,1
DA:770,1
DA:771,11
DA:772,2
DA:773,1
DA:775,2
DA:776,2
DA:777,9
DA:778,0
DA:779,0
DA:781,0
DA:782,0
DA:783,0
DA:787,1
DA:788,2
DA:789,1
DA:790,1
DA:791,0
DA:792,1
DA:793,0
DA:794,0
DA:795,1
DA:796,0
DA:797,0
DA:798,1
DA:799,0
DA:800,0
DA:802,1
DA:804,1
DA:808,1
DA:809,1
DA:810,1
DA:811,1
DA:812,1
DA:816,1
DA:817,1
DA:818,1
DA:819,0
DA:820,1
DA:821,0
DA:822,0
DA:824,0
DA:825,0
DA:828,1
DA:829,1
DA:833,1
DA:834,1
DA:835,1
DA:836,1
DA:837,1
DA:841,1
DA:843,1
DA:844,1
DA:845,1
DA:849,1
DA:850,1
DA:851,1
DA:852,1
DA:853,1
DA:854,0
DA:855,0
DA:856,0
DA:857,0
DA:858,0
DA:862,1
DA:863,0
DA:864,0
DA:865,0
DA:866,0
DA:867,0
DA:868,0
DA:869,0
DA:873,1
DA:874,0
DA:875,0
DA:876,0
DA:877,0
DA:878,0
DA:882,1
DA:883,0
DA:884,0
DA:885,0
DA:886,0
DA:887,0
DA:888,0
DA:889,0
DA:890,0
DA:891,0
DA:892,0
DA:896,1
DA:897,0
DA:898,0
DA:899,0
DA:900,0
DA:901,0
DA:902,0
DA:903,0
DA:904,0
DA:905,0
DA:906,0
DA:910,1
DA:911,0
DA:912,0
DA:913,0
DA:914,0
DA:915,0
DA:916,0
DA:917,0
DA:918,0
DA:919,0
DA:923,1
DA:924,0
DA:925,0
DA:926,0
DA:927,0
DA:928,0
DA:929,0
DA:930,0
DA:931,0
DA:932,0
DA:936,1
DA:937,0
DA:938,0
DA:939,0
DA:940,0
DA:941,0
DA:942,0
DA:943,0
DA:944,0
DA:945,0
DA:946,0
DA:950,1
DA:951,0
DA:956,1
DA:957,0
DA:958,0
DA:959,0
DA:960,0
DA:964,1
DA:965,0
DA:966,0
DA:967,0
DA:968,0
DA:972,1
DA:973,0
DA:974,0
DA:975,0
DA:977,0
DA:981,1
DA:982,0
DA:985,1
DA:986,0
DA:987,0
DA:989,0
DA:993,1
DA:994,0
DA:996,0
DA:997,0
DA:998,0
DA:999,0
DA:1000,0
DA:1005,1
DA:1006,1
DA:1007,1
DA:1008,1
DA:1009,1
DA:1011,1
DA:1012,0
DA:1013,0
DA:1014,0
DA:1016,0
DA:1017,0
DA:1021,1
DA:1022,0
DA:1025,1
DA:1027,1
DA:1028,0
DA:1030,0
DA:1031,0
DA:1032,0
DA:1033,0
DA:1034,0
DA:1039,1
DA:1040,0
DA:1041,0
DA:1042,0
DA:1043,0
DA:1045,0
DA:1046,0
DA:1050,1
DA:1051,0
DA:1052,0
DA:1053,0
DA:1054,0
DA:1056,0
DA:1059,1
DA:1060,1
DA:1061,1
DA:1062,1
DA:1064,1
DA:1065,0
DA:1066,0
DA:1068,0
DA:1069,0
DA:1072,1
DA:1073,1
DA:1074,1
DA:1075,1
DA:1077,1
DA:1078,0
DA:1079,0
DA:1080,0
DA:1081,0
DA:1082,0
DA:1084,0
DA:1087,1
DA:1088,1
DA:1089,1
DA:1091,1
DA:1092,0
DA:1093,0
DA:1095,0
DA:1096,0
DA:1099,1
DA:1100,1
DA:1101,1
DA:1103,1
DA:1104,0
DA:1105,0
DA:1106,0
DA:1107,0
DA:1108,0
DA:1110,0
DA:1113,1
DA:1114,1
DA:1117,1
DA:1119,0
DA:1120,0
DA:1121,0
DA:1123,0
DA:1124,0
DA:1125,0
DA:1132,1
DA:1133,0
DA:1134,0
DA:1136,0
DA:1138,0
DA:1139,0
DA:1141,0
DA:1142,0
DA:1143,0
DA:1144,0
DA:1146,0
DA:1151,1
DA:1152,0
DA:1153,0
DA:1154,0
DA:1155,0
DA:1157,0
DA:1158,0
DA:1159,0
DA:1160,0
DA:1161,0
DA:1162,0
DA:1163,0
DA:1166,0
DA:1169,0
DA:1170,0
DA:1174,1
DA:1175,0
DA:1177,0
DA:1179,0
DA:1180,0
DA:1182,0
DA:1183,0
DA:1185,0
DA:1188,0
DA:1191,1
DA:1192,0
DA:1193,0
DA:1194,0
DA:1195,0
DA:1196,0
DA:1197,0
DA:1199,0
DA:1201,0
DA:1205,1
DA:1206,0
DA:1207,0
DA:1208,0
DA:1209,0
DA:1210,0
DA:1211,0
DA:1213,0
DA:1215,0
DA:1219,1
DA:1220,1
DA:1221,0
DA:1222,0
DA:1223,0
DA:1224,1
DA:1225,1
DA:1226,1
DA:1227,1
DA:1229,1
DA:1230,1
DA:1231,1
DA:1232,0
DA:1234,0
DA:1235,0
DA:1236,0
DA:1239,0
DA:1240,0
DA:1241,0
DA:1244,1
DA:1249,1
DA:1250,1
DA:1252,1
DA:1253,1
DA:1256,1
DA:1257,1
DA:1258,18
DA:1259,18
DA:1260,11
DA:1261,7
DA:1262,2
DA:1263,5
DA:1264,1
DA:1265,4
DA:1266,1
DA:1267,3
DA:1268,1
DA:1269,2
DA:1270,1
DA:1271,1
DA:1272,0
DA:1278,1
DA:1279,1
DA:1280,0
DA:1281,0
DA:1282,0
DA:1283,0
DA:1284,0
DA:1285,0
DA:1286,0
DA:1287,0
DA:1288,0
DA:1289,0
DA:1290,0
DA:1291,0
DA:1297,0
DA:1298,0
DA:1299,0
DA:1300,0
DA:1306,0
DA:1307,0
DA:1313,0
DA:1314,0
DA:1315,0
DA:1316,0
DA:1317,0
DA:1318,0
DA:1319,0
DA:1320,0
DA:1326,0
DA:1327,0
DA:1328,0
DA:1329,0
DA:1330,0
DA:1331,0
DA:1332,0
DA:1333,0
DA:1334,0
DA:1335,0
DA:1336,0
DA:1337,0
DA:1338,0
DA:1339,0
DA:1340,0
DA:1341,0
DA:1342,0
DA:1343,0
DA:1349,0
DA:1350,0
DA:1351,0
DA:1352,0
DA:1358,0
DA:1359,0
DA:1360,0
DA:1361,0
DA:1362,0
DA:1363,0
DA:1364,0
DA:1365,0
DA:1366,0
DA:1367,0
DA:1370,0
DA:1371,0
DA:1372,0
DA:1373,0
DA:1374,0
DA:1375,0
DA:1376,0
DA:1377,0
DA:1378,0
DA:1379,0
DA:1385,0
DA:1386,0
DA:1387,0
DA:1388,0
DA:1389,0
DA:1390,0
DA:1391,0
DA:1392,0
DA:1395,0
DA:1396,0
DA:1397,0
DA:1398,0
DA:1399,0
DA:1400,0
DA:1401,0
DA:1402,0
DA:1408,0
DA:1409,0
DA:1410,0
DA:1411,0
DA:1412,0
DA:1413,0
DA:1414,0
DA:1415,0
DA:1416,0
DA:1417,0
DA:1421,0
DA:1424,18
DA:1427,1
DA:1430,1
DA:1431,0
DA:1433,1
DA:1434,0
DA:1436,0
DA:1437,0
DA:1439,0
DA:1440,0
DA:1444,1
DA:1445,1
DA:1446,1
DA:1448,1
DA:1450,1
DA:1453,1
DA:1455,1
DA:1456,0
DA:1459,1
DA:1462,1
DA:1463,0
DA:1465,0
DA:1466,0
DA:1467,0
DA:1468,0
DA:1469,0
DA:1470,0
DA:1471,0
DA:1472,0
DA:1473,0
DA:1475,0
DA:1476,0
DA:1477,0
DA:1478,0
DA:1479,0
DA:1481,0
DA:1482,0
DA:1483,0
DA:1484,0
DA:1485,0
DA:1487,0
DA:1498,0
DA:1504,1
DA:1505,0
DA:1508,1
DA:1509,4
DA:1512,1
DA:1513,3
DA:1516,1
DA:1517,2
DA:1518,2
DA:1521,1
DA:1522,0
DA:1523,0
DA:1525,0
DA:1536,0
DA:1538,0
DA:1539,0
DA:1542,0
DA:1544,0
DA:1546,0
DA:1547,0
DA:1551,0
DA:1553,0
DA:1554,0
DA:1555,0
DA:1560,1
DA:1571,0
DA:1577,1
DA:1579,1
DA:1580,1
DA:1581,1
DA:1584,0
DA:1585,0
DA:1586,0
DA:1587,0
DA:1588,0
DA:1589,0
DA:1590,0
DA:1592,0
DA:1593,0
DA:1594,0
DA:1595,0
DA:1596,0
DA:1597,0
DA:1598,0
DA:1602,1
DA:1607,1
DA:1608,0
DA:1612,1
DA:1613,0
DA:1617,1
DA:1618,0
DA:1619,0
DA:1620,0
DA:1621,0
DA:1624,1
DA:1626,0
DA:1627,0
DA:1629,0
DA:1633,1
DA:1635,0
DA:1636,0
DA:1639,1
DA:1640,0
DA:1641,0
DA:1642,0
DA:1644,0
DA:1646,0
DA:1647,0
DA:1650,0
DA:1651,0
DA:1654,0
DA:1655,0
DA:1656,0
DA:1658,0
DA:1661,0
DA:1662,0
DA:1665,1
DA:1666,0
DA:1673,0
DA:1675,0
DA:1678,1
DA:1681,0
DA:1685,0
DA:1686,0
DA:1687,0
DA:1689,0
DA:1692,0
DA:1698,0
DA:1699,0
DA:1701,0
DA:1704,0
DA:1705,0
DA:1708,0
DA:1716,1
DA:1717,0
DA:1719,0
DA:1720,0
DA:1721,0
DA:1724,0
DA:1729,0
DA:1730,0
DA:1733,1
DA:1734,0
DA:1742,0
DA:1743,0
DA:1746,1
DA:1747,0
DA:1750,1
DA:1751,0
DA:1758,1
DA:1763,1
DA:1764,1
DA:1766,1
DA:1770,1
DA:1771,1
DA:1772,1
DA:1774,0
DA:1777,0
DA:1778,0
DA:1787,1
DA:1789,0
DA:1790,0
DA:1793,0
DA:1794,0
DA:1797,0
DA:1801,1
DA:1810,1
DA:1817,1
DA:1818,6
DA:1819,6
DA:1821,0
DA:1824,0
DA:1825,0
DA:1832,0
DA:1834,0
DA:1842,0
DA:1843,0
DA:1858,0
DA:1859,0
DA:1863,0
DA:1864,0
DA:1867,0
DA:1868,0
DA:1870,0
DA:1871,0
DA:1872,0
DA:1873,0
DA:1874,0
DA:1876,0
DA:1880,0
DA:1881,0
DA:1885,0
DA:1889,0
DA:1919,0
DA:1920,0
DA:1921,0
DA:1924,0
DA:1925,0
DA:1928,0
DA:1929,0
DA:1930,0
DA:1931,0
DA:1933,0
DA:1934,0
DA:1935,0
DA:1936,0
DA:1939,0
DA:1940,0
DA:1941,0
DA:1944,0
DA:1945,0
DA:1948,0
DA:1949,0
DA:1950,0
DA:1951,0
DA:1953,0
DA:1954,0
DA:1955,0
DA:1957,0
DA:1959,0
DA:1960,0
DA:1962,0
DA:1973,0
DA:1974,0
DA:1976,0
DA:1978,0
DA:1979,0
DA:1980,0
DA:1981,0
DA:1982,0
DA:1985,0
DA:1986,0
DA:1987,0
DA:1988,0
DA:1989,0
DA:1990,0
DA:1992,0
DA:1995,0
DA:2000,0
DA:2001,0
DA:2003,0
DA:2004,0
DA:2005,0
DA:2006,0
DA:2007,0
DA:2008,0
DA:2010,0
DA:2011,0
DA:2012,0
DA:2013,0
DA:2014,0
DA:2016,0
DA:2017,0
DA:2020,0
DA:2023,0
DA:2025,0
DA:2026,0
DA:2027,0
DA:2029,0
DA:2030,0
DA:2032,0
DA:2033,0
DA:2038,0
DA:2039,0
DA:2040,0
DA:2043,0
DA:2044,0
DA:2049,0
DA:2050,0
DA:2051,0
DA:2054,0
DA:2055,0
DA:2062,0
DA:2063,0
DA:2064,0
DA:2067,0
DA:2068,0
DA:2074,0
DA:2075,0
DA:2079,0
DA:2080,0
DA:2081,0
DA:2082,0
DA:2085,0
DA:2091,0
DA:2092,0
DA:2093,0
DA:2096,0
DA:2097,0
DA:2100,0
DA:2101,0
DA:2106,0
DA:2107,0
DA:2108,0
DA:2110,0
DA:2111,0
DA:2112,0
DA:2116,0
DA:2117,0
DA:2118,0
DA:2119,0
DA:2122,0
DA:2123,0
DA:2124,0
DA:2127,0
DA:2128,0
DA:2129,0
DA:2130,0
DA:2134,0
DA:2135,0
DA:2137,0
DA:2138,0
DA:2139,0
DA:2140,0
DA:2141,0
DA:2145,0
DA:2146,0
DA:2147,0
DA:2149,0
DA:2150,0
DA:2151,0
DA:2152,0
DA:2154,0
DA:2155,0
DA:2156,0
DA:2157,0
DA:2158,0
DA:2160,0
DA:2161,0
DA:2165,0
DA:2166,0
DA:2167,0
DA:2168,0
DA:2169,0
DA:2172,0
DA:2173,0
DA:2176,0
DA:2177,0
DA:2178,0
DA:2179,0
DA:2185,0
DA:2187,0
DA:2197,0
DA:2199,0
DA:2200,0
DA:2202,0
DA:2206,0
DA:2208,0
DA:2209,0
DA:2210,0
DA:2211,0
DA:2214,0
DA:2215,0
DA:2216,0
DA:2217,0
DA:2218,0
DA:2219,0
DA:2223,0
DA:2227,0
DA:2228,0
DA:2231,0
DA:2235,0
DA:2237,0
DA:2238,0
DA:2239,0
DA:2240,0
DA:2241,0
DA:2242,0
DA:2243,0
DA:2247,0
DA:2251,0
DA:2252,0
DA:2260,0
DA:2264,0
DA:2268,0
DA:2269,0
DA:2270,0
DA:2271,0
DA:2273,0
DA:2274,0
DA:2277,0
DA:2282,0
DA:2283,0
DA:2284,0
DA:2286,0
DA:2293,0
DA:2294,0
DA:2299,0
DA:2300,0
DA:2301,0
DA:2302,0
DA:2307,0
DA:2308,0
DA:2311,0
DA:2312,0
DA:2315,0
DA:2316,0
DA:2317,0
DA:2320,0
DA:2321,0
DA:2324,0
DA:2325,0
DA:2328,0
DA:2329,0
DA:2337,0
DA:2338,0
DA:2343,0
DA:2369,0
DA:2385,0
DA:2387,0
DA:2391,0
DA:2392,0
DA:2393,0
DA:2394,0
DA:2397,0
DA:2398,0
DA:2400,0
DA:2404,0
DA:2410,0
DA:2434,0
DA:2435,0
DA:2436,0
DA:2438,0
DA:2440,0
DA:2441,0
DA:2443,0
DA:2444,0
DA:2445,0
DA:2446,0
DA:2447,0
DA:2448,0
DA:2449,0
DA:2450,0
DA:2451,0
DA:2452,0
DA:2454,0
DA:2457,0
DA:2462,0
DA:2464,0
DA:2465,0
DA:2467,0
DA:2468,0
DA:2471,0
DA:2475,0
DA:2477,0
DA:2478,0
DA:2479,0
DA:2482,0
DA:2483,0
DA:2487,0
DA:2491,0
DA:2495,0
DA:2498,0
DA:2499,0
DA:2502,0
DA:2506,0
DA:2510,0
DA:2516,0
DA:2526,0
DA:2531,0
DA:2532,0
DA:2534,0
DA:2535,0
DA:2538,0
DA:2539,0
DA:2542,0
DA:2543,0
DA:2546,0
DA:2548,0
DA:2552,0
DA:2555,0
DA:2559,0
DA:2563,0
DA:2567,0
DA:2568,0
DA:2569,0
DA:2570,0
DA:2572,0
DA:2573,0
DA:2576,0
DA:2577,0
DA:2579,0
DA:2581,0
DA:2583,0
DA:2584,0
DA:2588,0
DA:2589,0
DA:2592,0
DA:2595,0
DA:2596,0
DA:2597,0
DA:2598,0
DA:2600,0
DA:2604,0
DA:2605,0
DA:2608,0
DA:2609,0
DA:2613,0
DA:2614,0
DA:2619,0
DA:2623,0
DA:2624,0
DA:2625,0
DA:2626,0
DA:2628,0
DA:2630,0
DA:2634,0
DA:2646,1
DA:2648,1
DA:2653,0
DA:2654,0
DA:2657,0
DA:2658,0
DA:2661,0
DA:2663,0
DA:2664,0
DA:2665,0
DA:2666,0
DA:2669,0
DA:2670,0
DA:2675,0
DA:2676,0
DA:2678,0
DA:2680,0
DA:2681,0
DA:2683,0
DA:2686,0
DA:2687,0
DA:2688,0
DA:2693,0
DA:2694,0
DA:2696,0
DA:2697,0
DA:2698,0
DA:2700,0
DA:2705,0
DA:2707,0
DA:2710,0
DA:2711,0
DA:2714,0
DA:2719,0
DA:2720,0
DA:2721,0
DA:2722,0
DA:2727,0
DA:2730,0
DA:2731,0
DA:2738,0
DA:2741,0
DA:2747,0
DA:2751,1
DA:2783,1
DA:4912,1
DA:5022,1
DA:5026,1
DA:5029,1
DA:5032,1
DA:5035,1
DA:5038,1
DA:5051,0
DA:5052,0
DA:5053,0
DA:5055,0
DA:5056,0
DA:5057,0
DA:5058,0
DA:5060,0
DA:5061,0
DA:5085,0
DA:5086,0
DA:5087,0
DA:5088,0
DA:5089,0
DA:5090,0
DA:5092,0
DA:5096,0
DA:5113,0
DA:5114,0
DA:5116,0
DA:5119,0
DA:5120,0
DA:5121,0
DA:5122,0
DA:5123,0
DA:5125,0
DA:5126,0
DA:5128,0
DA:5131,0
DA:5132,0
DA:5136,0
DA:5137,0
DA:5139,0
DA:5141,0
DA:5144,0
DA:5145,0
DA:5149,0
DA:5151,0
DA:5152,0
DA:5154,0
DA:5155,0
DA:5156,0
DA:5159,0
DA:5160,0
DA:5163,0
DA:5164,0
DA:5165,0
DA:5166,0
DA:5167,0
DA:5171,0
DA:5173,0
DA:5177,0
DA:5179,0
DA:5180,0
DA:5181,0
DA:5184,0
DA:5185,0
DA:5188,0
DA:5189,0
DA:5190,0
DA:5193,0
DA:5195,0
DA:5196,0
DA:5197,0
DA:5199,0
DA:5200,0
DA:5201,0
DA:5203,0
DA:5204,0
DA:5205,0
DA:5208,0
DA:5209,0
DA:5221,0
DA:5223,0
DA:5227,0
DA:5228,0
DA:5230,0
DA:5231,0
DA:5232,0
DA:5233,0
DA:5237,0
DA:5238,0
DA:5239,0
DA:5240,0
DA:5244,0
DA:5245,0
DA:5246,0
DA:5247,0
DA:5248,0
DA:5249,0
DA:5251,0
DA:5254,0
DA:5256,0
DA:5257,0
DA:5261,0
DA:5262,0
DA:5267,0
DA:5268,0
DA:5270,0
DA:5271,0
DA:5274,0
DA:5275,0
DA:5277,0
DA:5278,0
DA:5280,0
DA:5282,0
DA:5286,0
DA:5287,0
DA:5290,0
DA:5291,0
DA:5293,0
DA:5294,0
DA:5296,0
DA:5297,0
DA:5298,0
DA:5299,0
DA:5301,0
DA:5302,0
DA:5304,0
DA:5308,0
DA:5311,0
DA:5314,0
DA:5317,0
DA:5323,0
DA:5326,0
DA:5327,0
DA:5328,0
DA:5333,0
DA:5334,0
DA:5335,0
DA:5336,0
DA:5339,0
DA:5340,0
DA:5341,0
DA:5342,0
DA:5343,0
DA:5344,0
DA:5346,0
DA:5349,0
DA:5350,0
DA:5351,0
DA:5352,0
DA:5355,0
DA:5356,0
DA:5357,0
DA:5358,0
DA:5360,0
DA:5361,0
DA:5364,0
DA:5366,0
DA:5367,0
DA:5368,0
DA:5370,0
DA:5371,0
DA:5373,0
DA:5374,0
DA:5375,0
DA:5377,0
DA:5381,0
DA:5382,0
DA:5383,0
DA:5384,0
DA:5385,0
DA:5387,0
DA:5390,0
DA:5393,0
DA:5397,0
DA:5398,0
DA:5399,0
DA:5403,0
DA:5404,0
DA:5405,0
DA:5409,0
DA:5410,0
DA:5411,0
DA:5412,0
DA:5414,0
DA:5415,0
DA:5416,0
DA:5421,0
DA:5422,0
DA:5424,0
DA:5425,0
DA:5427,0
DA:5428,0
DA:5429,0
DA:5430,0
DA:5432,0
DA:5436,0
DA:5437,0
DA:5441,0
DA:5442,0
DA:5446,0
DA:5450,0
DA:5451,0
DA:5455,0
DA:5456,0
DA:5459,0
DA:5462,0
DA:5463,0
DA:5464,0
DA:5465,0
DA:5468,0
DA:5469,0
DA:5470,0
DA:5471,0
DA:5474,0
DA:5476,0
DA:5477,0
DA:5480,0
DA:5481,0
DA:5482,0
DA:5484,0
DA:5485,0
DA:5486,0
DA:5489,0
DA:5492,0
DA:5494,0
DA:5495,0
DA:5498,0
DA:5499,0
DA:5501,0
DA:5502,0
DA:5504,0
DA:5505,0
DA:5507,0
DA:5508,0
DA:5513,0
DA:5514,0
DA:5516,0
DA:5518,0
DA:5521,0
DA:5522,0
DA:5529,0
DA:5530,0
DA:5532,0
DA:5537,0
DA:5538,0
DA:5539,0
DA:5541,0
DA:5542,0
DA:5543,0
DA:5544,0
DA:5546,0
DA:5550,0
DA:5554,0
DA:5555,0
DA:5557,0
DA:5558,0
DA:5560,0
DA:5564,0
DA:5565,0
DA:5567,0
DA:5568,0
DA:5570,0
DA:5574,0
DA:5576,0
DA:5577,0
DA:5579,0
DA:5580,0
DA:5581,0
DA:5583,0
DA:5587,0
DA:5588,0
DA:5589,0
DA:5590,0
DA:5592,0
DA:5595,0
DA:5596,0
DA:5597,0
DA:5598,0
DA:5600,0
DA:5601,0
DA:5602,0
DA:5603,0
DA:5604,0
DA:5607,0
DA:5608,0
DA:5609,0
DA:5610,0
DA:5611,0
DA:5614,0
DA:5617,0
DA:5618,0
DA:5620,0
DA:5621,0
DA:5622,0
DA:5623,0
DA:5627,0
DA:5629,0
DA:5636,0
DA:5637,0
DA:5640,0
DA:5641,0
DA:5642,0
DA:5643,0
DA:5645,0
DA:5646,0
DA:5647,0
DA:5648,0
DA:5649,0
DA:5652,0
DA:5655,0
DA:5656,0
DA:5657,0
DA:5658,0
DA:5659,0
DA:5662,0
DA:5663,0
DA:5664,0
DA:5665,0
DA:5668,0
DA:5671,0
DA:5672,0
DA:5673,0
DA:5676,0
DA:5677,0
DA:5678,0
DA:5681,0
DA:5682,0
DA:5683,0
DA:5686,0
DA:5687,0
DA:5689,0
DA:5695,0
DA:5696,0
DA:5698,0
DA:5704,0
DA:5705,0
DA:5706,0
DA:5707,0
DA:5709,0
DA:5710,0
DA:5711,0
DA:5712,0
DA:5713,0
DA:5715,0
DA:5717,0
DA:5719,0
DA:5722,0
DA:5723,0
DA:5724,0
DA:5725,0
DA:5727,0
DA:5728,0
DA:5729,0
DA:5730,0
DA:5731,0
DA:5733,0
DA:5735,0
DA:5737,0
DA:5740,0
DA:5741,0
DA:5742,0
DA:5743,0
DA:5746,0
DA:5747,0
DA:5748,0
DA:5749,0
DA:5752,0
DA:5753,0
DA:5754,0
DA:5755,0
DA:5758,0
DA:5759,0
DA:5761,0
DA:5767,0
DA:5768,0
DA:5770,0
DA:5776,0
DA:5777,0
DA:5778,0
DA:5781,0
DA:5782,0
DA:5783,0
DA:5786,0
DA:5787,0
DA:5788,0
DA:5791,0
DA:5792,0
DA:5793,0
DA:5797,0
DA:5798,0
DA:5799,0
DA:5802,0
DA:5803,0
DA:5804,0
DA:5805,0
DA:5806,0
DA:5808,0
DA:5809,0
DA:5810,0
DA:5811,0
DA:5812,0
DA:5815,0
DA:5818,0
DA:5819,0
DA:5820,0
DA:5821,0
DA:5822,0
DA:5824,0
DA:5825,0
DA:5826,0
DA:5827,0
DA:5828,0
DA:5831,0
DA:5834,0
DA:5835,0
DA:5836,0
DA:5837,0
DA:5838,0
DA:5839,0
DA:5840,0
DA:5844,0
DA:5845,0
DA:5846,0
DA:5851,0
DA:5852,0
DA:5853,0
DA:5854,0
DA:5855,0
DA:5856,0
DA:5857,0
DA:5859,0
DA:5861,0
DA:5864,0
DA:5865,0
DA:5866,0
DA:5867,0
DA:5868,0
DA:5869,0
DA:5870,0
DA:5872,0
DA:5874,0
DA:5878,0
DA:5879,0
DA:5880,0
DA:5884,0
DA:5885,0
DA:5886,0
DA:5887,0
DA:5888,0
DA:5889,0
DA:5890,0
DA:5891,0
DA:5892,0
DA:5894,0
DA:5896,0
DA:5899,0
DA:5900,0
DA:5901,0
DA:5902,0
DA:5903,0
DA:5904,0
DA:5905,0
DA:5906,0
DA:5907,0
DA:5909,0
DA:5911,0
DA:5914,0
DA:5915,0
DA:5916,0
DA:5917,0
DA:5918,0
DA:5925,0
DA:5926,0
DA:5927,0
DA:5928,0
DA:5929,0
DA:5930,0
DA:5933,0
DA:5936,0
DA:5937,0
DA:5938,0
DA:5939,0
DA:5940,0
DA:5947,0
DA:5948,0
DA:5949,0
DA:5950,0
DA:5951,0
DA:5952,0
DA:5955,0
DA:5958,0
DA:5959,0
DA:5960,0
DA:5961,0
DA:5962,0
DA:5963,0
DA:5964,0
DA:5965,0
DA:5968,0
DA:5969,0
DA:5970,0
DA:5971,0
DA:5972,0
DA:5973,0
DA:5974,0
DA:5976,0
DA:5978,0
DA:5981,0
DA:5982,0
DA:5983,0
DA:5984,0
DA:5985,0
DA:5986,0
DA:5987,0
DA:5989,0
DA:5991,0
DA:5994,0
DA:5995,0
DA:5996,0
DA:5997,0
DA:5998,0
DA:5999,0
DA:6000,0
DA:6001,0
DA:6002,0
DA:6004,0
DA:6006,0
DA:6009,0
DA:6010,0
DA:6011,0
DA:6012,0
DA:6013,0
DA:6014,0
DA:6015,0
DA:6016,0
DA:6017,0
DA:6018,0
DA:6020,0
DA:6022,0
DA:6026,0
DA:6027,0
DA:6028,0
DA:6032,0
DA:6033,0
DA:6035,0
DA:6036,0
DA:6039,0
DA:6040,0
DA:6043,0
DA:6044,0
DA:6048,0
DA:6049,0
DA:6051,0
DA:6052,0
DA:6055,0
DA:6056,0
DA:6059,0
DA:6060,0
DA:6064,0
DA:6065,0
DA:6066,0
DA:6067,0
DA:6068,0
DA:6069,0
DA:6072,0
DA:6073,0
DA:6076,0
DA:6077,0
DA:6079,0
DA:6080,0
DA:6083,0
DA:6084,0
DA:6085,0
DA:6088,0
DA:6090,0
DA:6091,0
DA:6092,0
DA:6095,0
DA:6098,0
DA:6102,0
DA:6103,0
DA:6104,0
DA:6105,0
DA:6107,0
DA:6110,0
DA:6111,0
DA:6113,0
DA:6114,0
DA:6117,0
DA:6118,0
DA:6119,0
DA:6122,0
DA:6123,0
DA:6124,0
DA:6125,0
DA:6129,0
DA:6136,0
DA:6137,0
DA:6138,0
DA:6139,0
DA:6141,0
DA:6142,0
DA:6143,0
DA:6145,0
DA:6148,0
DA:6155,0
DA:6160,0
DA:6161,0
DA:6162,0
DA:6165,0
DA:6168,0
DA:6169,0
DA:6171,0
DA:6172,0
DA:6173,0
DA:6174,0
DA:6175,0
DA:6176,0
DA:6177,0
DA:6178,0
DA:6179,0
DA:6180,0
DA:6181,0
DA:6182,0
DA:6183,0
DA:6184,0
DA:6185,0
DA:6186,0
DA:6187,0
DA:6188,0
DA:6189,0
DA:6190,0
DA:6191,0
DA:6192,0
DA:6193,0
DA:6194,0
DA:6195,0
DA:6196,0
DA:6197,0
DA:6198,0
DA:6199,0
DA:6200,0
DA:6201,0
DA:6202,0
DA:6203,0
DA:6204,0
DA:6205,0
DA:6206,0
DA:6207,0
DA:6208,0
DA:6209,0
DA:6210,0
DA:6211,0
DA:6212,0
DA:6213,0
DA:6214,0
DA:6215,0
DA:6216,0
DA:6217,0
DA:6218,0
DA:6220,0
DA:6223,0
DA:6227,0
DA:6229,0
DA:6231,0
DA:6232,0
DA:6234,0
DA:6238,0
DA:6239,0
DA:6243,0
DA:6249,0
DA:6250,0
DA:6254,0
DA:6256,0
DA:6257,0
DA:6258,0
DA:6259,0
DA:6261,0
DA:6262,0
DA:6265,0
DA:6267,0
DA:6269,0
DA:6270,0
DA:6271,0
DA:6272,0
DA:6275,0
DA:6276,0
DA:6281,0
DA:6283,0
DA:6284,0
DA:6285,0
DA:6287,0
DA:6288,0
DA:6291,0
DA:6292,0
DA:6295,0
DA:6297,0
DA:6298,0
DA:6302,0
DA:6303,0
DA:6304,0
DA:6305,0
DA:6306,0
DA:6307,0
DA:6311,0
DA:6312,0
DA:6313,0
DA:6318,0
DA:6319,0
DA:6320,0
DA:6327,0
DA:6331,0
DA:6335,0
DA:6336,0
DA:6338,0
DA:6340,0
DA:6345,0
DA:6346,0
DA:6347,0
DA:6349,0
DA:6350,0
DA:6351,0
DA:6352,0
DA:6353,0
DA:6356,0
DA:6360,0
DA:6364,0
DA:6365,0
DA:6366,0
DA:6368,0
DA:6372,0
DA:6373,0
DA:6375,0
DA:6381,0
DA:6384,0
DA:6387,0
DA:6391,0
DA:6392,0
DA:6393,0
DA:6394,0
DA:6395,0
DA:6396,0
DA:6397,0
DA:6400,0
DA:6401,0
DA:6403,0
DA:6404,0
DA:6406,0
DA:6407,0
DA:6408,0
DA:6409,0
DA:6410,0
DA:6411,0
DA:6412,0
DA:6413,0
DA:6414,0
DA:6420,0
DA:6421,0
DA:6429,0
DA:6430,0
DA:6433,0
DA:6436,0
DA:6438,0
DA:6441,0
DA:6444,0
DA:6445,0
DA:6446,0
DA:6447,0
DA:6448,0
DA:6451,0
DA:6452,0
DA:6453,0
DA:6454,0
DA:6455,0
DA:6456,0
DA:6457,0
DA:6460,0
DA:6465,0
DA:6466,0
DA:6470,0
DA:6474,0
DA:6478,0
DA:6479,0
DA:6480,0
DA:6484,0
DA:6486,0
DA:6487,0
DA:6488,0
DA:6489,0
DA:6490,0
DA:6492,0
DA:6493,0
DA:6494,0
DA:6495,0
DA:6496,0
DA:6497,0
DA:6500,0
DA:6503,0
DA:6504,0
DA:6509,0
DA:6511,0
DA:6512,0
DA:6513,0
DA:6514,0
DA:6515,0
DA:6516,0
DA:6517,0
DA:6519,0
DA:6521,0
DA:6522,0
DA:6523,0
DA:6524,0
DA:6526,0
DA:6527,0
DA:6528,0
DA:6529,0
DA:6531,0
DA:6532,0
DA:6533,0
DA:6534,0
DA:6536,0
DA:6537,0
DA:6539,0
DA:6542,0
DA:6544,0
DA:6545,0
DA:6546,0
DA:6547,0
DA:6548,0
DA:6549,0
DA:6550,0
DA:6552,0
DA:6554,0
DA:6555,0
DA:6556,0
DA:6558,0
DA:6559,0
DA:6560,0
DA:6561,0
DA:6563,0
DA:6564,0
DA:6566,0
DA:6568,0
DA:6569,0
DA:6570,0
DA:6573,0
DA:6574,0
DA:6575,0
DA:6576,0
DA:6577,0
DA:6578,0
DA:6580,0
DA:6581,0
DA:6585,0
DA:6587,0
DA:6588,0
DA:6589,0
DA:6591,0
DA:6601,0
DA:6607,0
DA:6626,0
DA:6627,0
DA:6654,0
DA:6655,0
DA:6658,1
DA:6661,1
DA:6663,1
DA:6664,1
DA:6668,1
DA:6672,1
DA:6673,0
DA:6674,0
DA:6675,0
DA:6676,0
DA:6679,1
DA:6682,0
DA:6683,0
DA:6686,0
DA:6687,0
DA:6689,0
DA:6690,0
DA:6691,0
DA:6693,0
DA:6697,0
DA:6699,0
DA:6700,0
DA:6702,0
DA:6703,0
DA:6706,0
DA:6707,0
DA:6709,0
DA:6710,0
DA:6712,0
DA:6713,0
DA:6716,0
DA:6717,0
DA:6718,0
DA:6719,0
DA:6720,0
DA:6722,0
DA:6723,0
DA:6724,0
DA:6725,0
DA:6726,0
DA:6728,0
DA:6729,0
DA:6730,0
DA:6731,0
DA:6734,0
DA:6737,1
DA:6740,0
DA:6741,0
DA:6743,0
DA:6744,0
DA:6748,0
DA:6749,0
DA:6753,0
DA:6755,0
DA:6756,0
DA:6758,0
DA:6761,0
DA:6764,0
DA:6766,0
DA:6767,0
DA:6769,0
DA:6772,0
DA:6773,0
DA:6774,0
DA:6778,0
DA:6780,0
DA:6785,0
DA:6788,1
DA:6790,1
DA:6791,0
DA:6792,0
DA:6794,0
DA:6797,0
DA:6799,0
DA:6800,0
DA:6801,0
DA:6805,0
DA:6806,0
DA:6808,0
DA:6812,1
DA:6815,0
DA:6816,0
DA:6818,0
DA:6819,0
DA:6821,0
DA:6822,0
DA:6823,0
DA:6825,0
DA:6827,0
DA:6828,0
DA:6829,0
DA:6831,0
DA:6832,0
DA:6833,0
DA:6835,0
DA:6836,0
DA:6840,0
DA:6841,0
DA:6843,0
DA:6844,0
DA:6845,0
DA:6847,0
DA:6850,0
DA:6851,0
DA:6854,0
DA:6857,1
DA:6860,0
DA:6861,0
DA:6864,0
DA:6865,0
DA:6866,0
DA:6867,0
DA:6868,0
DA:6869,0
DA:6873,0
DA:6874,0
DA:6875,0
DA:6876,0
DA:6878,0
DA:6879,0
DA:6880,0
DA:6883,0
DA:6885,0
DA:6886,0
DA:6889,0
DA:6890,0
DA:6892,0
DA:6894,0
DA:6897,1
DA:6899,0
DA:6900,0
DA:6901,0
DA:6902,0
DA:6904,0
DA:6905,0
DA:6908,1
DA:6910,0
DA:6911,0
DA:6912,0
DA:6913,0
DA:6915,0
DA:6916,0
DA:6920,0
DA:6924,0
DA:6928,0
DA:6932,0
DA:6937,1
DA:6939,1
DA:6940,1
DA:6941,1
DA:6952,0
DA:6953,0
DA:6954,0
DA:6956,0
DA:6957,0
DA:6958,0
DA:6964,0
DA:6965,0
DA:6972,1
DA:6973,1
DA:6974,1
DA:6977,0
DA:6978,0
DA:6980,0
DA:6982,0
DA:6983,0
DA:6984,0
DA:6985,0
DA:6986,0
DA:6987,0
DA:6988,0
DA:6990,0
DA:6992,0
DA:6995,1
DA:6996,0
DA:6997,0
DA:6998,0
DA:7002,1
DA:7003,1
DA:7004,1
DA:7005,1
DA:7006,1
DA:7007,1
DA:7012,1
DA:7013,1
DA:7014,1
DA:7015,1
DA:7016,1
DA:7017,1
DA:7018,1
DA:7020,1
DA:7021,0
DA:7025,1
DA:7026,0
DA:7028,1
DA:7029,0
DA:7031,1
DA:7032,0
DA:7037,0
DA:7041,0
DA:7068,0
DA:7071,0
DA:7072,0
DA:7073,0
DA:7074,0
DA:7080,0
DA:7081,0
DA:7084,0
DA:7085,0
DA:7087,0
DA:7089,0
DA:7090,0
DA:7091,0
DA:7095,0
DA:7096,0
DA:7098,0
DA:7099,0
DA:7101,0
DA:7102,0
DA:7104,0
DA:7105,0
DA:7107,0
DA:7108,0
DA:7109,0
DA:7111,0
DA:7118,0
DA:7119,0
DA:7123,0
DA:7127,0
DA:7128,0
DA:7160,0
DA:7162,0
DA:7165,0
DA:7166,0
DA:7169,0
DA:7172,0
DA:7173,0
DA:7175,0
DA:7178,0
DA:7179,0
DA:7184,0
DA:7206,0
DA:7209,0
DA:7214,0
DA:7217,0
DA:7219,0
DA:7222,0
DA:7223,0
DA:7227,0
DA:7230,0
DA:7231,0
DA:7238,0
DA:7239,0
DA:7240,0
DA:7242,0
DA:7248,0
DA:7251,0
DA:7253,0
DA:7257,0
DA:7258,0
DA:7259,0
DA:7262,0
DA:7264,0
DA:7265,0
DA:7266,0
DA:7267,0
DA:7268,0
DA:7269,0
DA:7270,0
DA:7271,0
DA:7277,0
DA:7281,0
DA:7282,0
DA:7283,0
DA:7288,0
DA:7290,0
DA:7291,0
DA:7296,0
DA:7300,0
DA:7303,0
DA:7306,0
DA:7308,0
DA:7309,0
DA:7310,0
DA:7311,0
DA:7312,0
DA:7313,0
DA:7314,0
DA:7319,0
DA:7321,0
DA:7322,0
DA:7324,0
DA:7327,0
DA:7329,0
DA:7336,0
DA:7337,0
DA:7339,0
DA:7340,0
DA:7341,0
DA:7342,0
DA:7343,0
DA:7347,0
DA:7351,0
DA:7352,0
DA:7353,0
DA:7357,0
DA:7358,0
DA:7359,0
DA:7360,0
DA:7361,0
DA:7362,0
DA:7363,0
DA:7364,0
DA:7365,0
DA:7366,0
DA:7367,0
DA:7368,0
DA:7369,0
DA:7370,0
DA:7372,0
DA:7373,0
DA:7375,0
DA:7376,0
DA:7379,0
DA:7380,0
DA:7381,0
DA:7384,0
DA:7385,0
DA:7386,0
DA:7388,0
DA:7390,0
DA:7391,0
DA:7394,0
DA:7396,0
DA:7397,0
DA:7400,0
DA:7412,0
DA:7419,0
DA:7420,0
DA:7421,0
DA:7422,0
DA:7423,0
DA:7424,0
DA:7428,0
DA:7431,0
DA:7432,0
DA:7435,0
DA:7436,0
DA:7437,0
DA:7439,0
DA:7443,0
DA:7444,0
DA:7446,0
DA:7447,0
DA:7449,0
DA:7451,0
DA:7452,0
DA:7454,0
DA:7457,0
DA:7458,0
DA:7464,0
DA:7465,0
DA:7468,0
DA:7469,0
DA:7470,0
DA:7471,0
DA:7473,0
DA:7476,0
DA:7480,0
DA:7481,0
DA:7482,0
DA:7483,0
DA:7485,0
DA:7486,0
DA:7491,0
DA:7494,0
DA:7495,0
DA:7496,0
DA:7498,0
DA:7499,0
DA:7502,0
DA:7505,0
DA:7506,0
DA:7507,0
DA:7508,0
DA:7534,0
DA:7535,0
DA:7538,0
DA:7539,0
DA:7540,0
DA:7545,0
DA:7546,0
DA:7547,0
DA:7550,0
DA:7551,0
DA:7552,0
DA:7553,0
DA:7555,0
DA:7556,0
DA:7558,0
DA:7559,0
DA:7564,0
DA:7565,0
DA:7568,0
DA:7569,0
DA:7571,0
DA:7573,0
DA:7574,0
DA:7575,0
DA:7578,0
DA:7582,0
DA:7583,0
DA:7586,0
DA:7587,0
DA:7589,0
DA:7590,0
DA:7592,0
DA:7596,0
DA:7597,0
DA:7598,0
DA:7600,0
DA:7605,0
DA:7606,0
DA:7607,0
DA:7608,0
DA:7609,0
DA:7612,0
DA:7615,0
DA:7622,0
DA:7623,0
DA:7624,0
DA:7625,0
DA:7626,0
DA:7627,0
DA:7628,0
DA:7629,0
DA:7632,0
DA:7637,0
DA:7638,0
DA:7639,0
DA:7650,0
DA:7651,0
DA:7652,0
DA:7653,0
DA:7659,0
DA:7660,0
DA:7662,0
DA:7663,0
DA:7664,0
DA:7666,0
DA:7668,0
DA:7670,0
DA:7677,0
DA:7678,0
DA:7681,0
DA:7682,0
DA:7683,0
DA:7685,0
DA:7687,0
DA:7688,0
DA:7690,0
DA:7691,0
DA:7693,0
DA:7694,0
DA:7696,0
DA:7697,0
DA:7699,0
DA:7703,0
DA:7704,0
DA:7705,0
DA:7707,0
DA:7709,0
DA:7711,0
DA:7712,0
DA:7713,0
DA:7718,0
DA:7719,0
DA:7726,0
DA:7727,0
DA:7730,0
DA:7732,0
DA:7733,0
DA:7734,0
DA:7735,0
DA:7736,0
DA:7737,0
DA:7738,0
DA:7739,0
DA:7746,0
DA:7748,0
DA:7751,0
DA:7753,0
DA:7754,0
DA:7755,0
DA:7756,0
DA:7758,0
DA:7759,0
DA:7766,0
DA:7767,0
DA:7768,0
DA:7769,0
DA:7770,0
DA:7775,0
DA:7776,0
DA:7777,0
DA:7778,0
DA:7780,0
DA:7785,0
DA:7786,0
DA:7789,0
DA:7791,0
DA:7792,0
DA:7793,0
DA:7796,0
DA:7799,0
DA:7800,0
DA:7804,0
DA:7807,0
DA:7808,0
DA:7809,0
DA:7812,0
DA:7816,0
DA:7817,0
DA:7818,0
DA:7819,0
DA:7820,0
DA:7821,0
DA:7822,0
DA:7823,0
DA:7829,0
DA:7830,0
DA:7833,0
DA:7834,0
DA:7837,0
DA:7839,0
DA:7840,0
DA:7842,0
DA:7843,0
DA:7846,0
DA:7847,0
DA:7848,0
DA:7849,0
DA:7850,0
DA:7851,0
DA:7856,0
DA:7858,0
DA:7859,0
DA:7860,0
DA:7861,0
DA:7862,0
DA:7864,0
DA:7865,0
DA:7866,0
DA:7870,0
DA:7871,0
DA:7872,0
DA:7874,0
DA:7875,0
DA:7876,0
DA:7877,0
DA:7879,0
DA:7881,0
DA:7886,0
DA:7887,0
DA:7891,0
DA:7892,0
DA:7895,0
DA:7896,0
DA:7897,0
DA:7898,0
DA:7899,0
DA:7900,0
DA:7901,0
DA:7902,0
DA:7903,0
DA:7904,0
DA:7905,0
DA:7907,0
DA:7908,0
DA:7913,0
DA:7915,0
DA:7919,0
DA:7920,0
DA:7921,0
DA:7922,0
DA:7923,0
DA:7924,0
DA:7925,0
DA:7926,0
DA:7928,0
DA:7930,0
DA:7934,0
DA:7935,0
DA:7936,0
DA:7937,0
DA:7943,0
DA:7944,0
DA:7945,0
DA:7946,0
DA:7947,0
DA:7950,0
DA:7951,0
DA:7952,0
DA:7953,0
DA:7954,0
DA:7955,0
DA:7957,0
DA:7961,0
DA:7962,0
DA:7963,0
DA:7964,0
DA:7965,0
DA:7973,0
DA:7974,0
DA:7975,0
DA:7977,0
DA:7978,0
DA:7979,0
DA:7980,0
DA:7981,0
DA:7982,0
DA:7983,0
DA:7986,0
DA:7989,0
DA:7990,0
DA:7991,0
DA:7992,0
DA:7993,0
DA:7994,0
DA:7996,0
DA:7997,0
DA:7998,0
DA:7999,0
DA:8005,0
DA:8006,0
DA:8007,0
DA:8008,0
DA:8009,0
DA:8016,0
DA:8017,0
DA:8018,0
DA:8023,0
DA:8024,0
DA:8025,0
DA:8026,0
DA:8027,0
DA:8031,0
DA:8036,0
DA:8041,0
DA:8042,0
DA:8043,0
DA:8044,0
DA:8048,0
DA:8049,0
DA:8051,0
DA:8052,0
DA:8053,0
DA:8054,0
DA:8055,0
DA:8057,0
DA:8058,0
DA:8060,0
DA:8061,0
DA:8064,0
DA:8067,0
DA:8068,0
DA:8069,0
DA:8070,0
DA:8072,0
DA:8076,0
DA:8077,0
DA:8079,0
DA:8081,0
DA:8082,0
DA:8083,0
DA:8084,0
DA:8086,0
DA:8087,0
DA:8089,0
DA:8091,0
DA:8092,0
DA:8094,0
DA:8096,0
DA:8101,0
DA:8105,0
DA:8109,0
DA:8110,0
DA:8112,0
DA:8113,0
DA:8114,0
DA:8116,0
DA:8117,0
DA:8118,0
DA:8119,0
DA:8126,0
DA:8127,0
DA:8132,0
DA:8133,0
DA:8135,0
DA:8216,0
DA:8218,0
DA:8221,0
DA:8222,0
DA:8225,0
DA:8229,0
DA:8230,0
DA:8233,0
DA:8234,0
DA:8235,0
DA:8236,0
DA:8240,0
DA:8241,0
DA:8243,0
DA:8245,0
DA:8246,0
DA:8248,0
DA:8249,0
DA:8251,0
DA:8252,0
DA:8254,0
DA:8255,0
DA:8257,0
DA:8258,0
DA:8259,0
DA:8260,0
DA:8266,0
DA:8267,0
DA:8269,0
DA:8271,0
DA:8274,0
DA:8277,0
DA:8282,0
DA:8284,0
DA:8285,0
DA:8286,0
DA:8287,0
DA:8290,0
DA:8294,0
DA:8295,0
DA:8296,0
DA:8309,0
DA:8310,0
DA:8313,0
DA:8314,0
DA:8315,0
DA:8316,0
DA:8317,0
DA:8318,0
DA:8319,0
DA:8320,0
DA:8323,0
DA:8330,0
DA:8331,0
DA:8333,0
DA:8334,0
DA:8335,0
DA:8339,0
DA:8345,0
DA:8346,0
DA:8350,0
DA:8351,0
DA:8353,0
DA:8354,0
DA:8356,0
DA:8357,0
DA:8359,0
DA:8364,0
DA:8390,0
DA:8393,0
DA:8396,0
DA:8400,0
DA:8401,0
DA:8404,0
DA:8406,0
DA:8409,0
DA:8410,0
DA:8411,0
DA:8415,0
DA:8417,0
DA:8422,0
DA:8423,0
DA:8424,0
DA:8428,0
DA:8430,0
DA:8431,0
DA:8434,0
DA:8436,0
DA:8438,0
DA:8440,0
DA:8442,0
DA:8447,0
DA:8448,0
DA:8453,0
DA:8458,0
DA:8461,0
DA:8464,0
DA:8470,0
DA:8475,0
DA:8478,0
DA:8479,0
DA:8483,0
DA:8486,0
DA:8488,0
DA:8492,0
DA:8496,0
DA:8499,0
DA:8503,0
DA:8507,0
DA:8508,0
DA:8510,0
DA:8513,0
DA:8515,0
DA:8519,0
DA:8520,0
DA:8525,0
DA:8527,0
DA:8528,0
DA:8529,0
DA:8539,0
DA:8540,0
DA:8541,0
DA:8542,0
DA:8543,0
DA:8544,0
DA:8546,0
DA:8548,0
DA:8551,0
DA:8552,0
DA:8553,0
DA:8555,0
DA:8556,0
DA:8557,0
DA:8560,0
DA:8561,0
DA:8562,0
DA:8563,0
DA:8565,0
DA:8566,0
DA:8569,0
DA:8570,0
DA:8571,0
DA:8572,0
DA:8573,0
DA:8576,0
DA:8579,0
DA:8580,0
DA:8582,0
DA:8585,0
DA:8586,0
DA:8588,0
DA:8589,0
DA:8591,0
DA:8593,0
DA:8598,0
DA:8601,0
DA:8603,0
DA:8610,0
DA:8611,0
DA:8612,0
DA:8613,0
DA:8615,0
DA:8617,0
DA:8619,0
DA:8620,0
DA:8622,0
DA:8623,0
DA:8625,0
DA:8627,0
DA:8631,0
DA:8632,0
DA:8633,0
DA:8634,0
DA:8635,0
DA:8636,0
DA:8638,0
DA:8639,0
DA:8643,0
DA:8644,0
DA:8645,0
DA:8646,0
DA:8649,0
DA:8650,0
DA:8653,0
DA:8654,0
DA:8658,0
DA:8659,0
DA:8660,0
DA:8661,0
DA:8665,0
DA:8666,0
DA:8667,0
DA:8669,0
DA:8671,0
DA:8672,0
DA:8675,0
DA:8677,0
DA:8679,0
DA:8682,0
DA:8683,0
DA:8684,0
DA:8687,0
DA:8693,0
DA:8694,0
DA:8695,0
DA:8696,0
DA:8697,0
DA:8704,0
DA:8705,0
DA:8706,0
DA:8713,0
DA:8715,0
DA:8717,0
DA:8718,0
DA:8719,0
DA:8723,0
DA:8724,0
DA:8725,0
DA:8726,0
DA:8727,0
DA:8732,0
DA:8735,0
DA:8736,0
DA:8737,0
DA:8738,0
DA:8739,0
DA:8740,0
DA:8742,0
DA:8748,0
DA:8749,0
DA:8750,0
DA:8754,0
DA:8755,0
DA:8757,0
DA:8760,0
DA:8763,0
DA:8764,0
DA:8768,0
DA:8770,0
DA:8771,0
DA:8773,0
DA:8774,0
DA:8775,0
DA:8776,0
DA:8777,0
DA:8778,0
DA:8779,0
DA:8782,0
DA:8783,0
DA:8786,0
DA:8787,0
DA:8788,0
DA:8792,0
DA:8793,0
DA:8798,0
DA:8803,0
DA:8804,0
DA:8805,0
DA:8810,0
DA:8811,0
DA:8812,0
DA:8813,0
DA:8814,0
DA:8815,0
DA:8817,0
DA:8819,0
DA:8823,0
DA:8824,0
DA:8825,0
DA:8826,0
DA:8827,0
DA:8829,0
DA:8831,0
DA:8837,0
DA:8862,0
DA:8865,0
DA:8868,0
DA:8871,0
DA:8874,0
DA:8877,0
DA:8880,0
DA:8883,0
DA:8886,0
DA:8889,0
DA:8892,0
DA:8895,0
DA:8898,0
DA:8901,0
DA:8904,0
DA:8907,0
DA:8910,0
DA:8913,0
DA:8916,0
DA:8919,0
DA:8922,0
DA:8925,0
DA:8928,0
DA:8932,0
DA:8935,0
DA:8938,0
DA:8941,0
DA:8949,0
DA:8952,0
DA:8955,0
DA:8958,0
DA:8963,0
DA:8967,0
DA:8968,0
DA:8969,0
DA:8970,0
DA:8971,0
DA:8972,0
DA:8973,0
DA:8984,0
DA:8988,0
DA:9013,0
DA:9015,0
DA:9016,0
DA:9018,0
DA:9019,0
DA:9020,0
DA:9021,0
DA:9022,0
DA:9023,0
DA:9026,0
DA:9033,0
DA:9036,0
DA:9037,0
DA:9040,0
DA:9041,0
DA:9042,0
DA:9047,0
DA:9050,0
DA:9051,0
DA:9055,0
DA:9059,0
DA:9060,0
DA:9061,0
DA:9064,0
DA:9067,0
DA:9068,0
DA:9070,0
DA:9075,0
DA:9076,0
DA:9078,0
DA:9083,0
DA:9084,0
DA:9085,0
DA:9089,0
DA:9090,0
DA:9094,0
DA:9095,0
DA:9097,0
DA:9098,0
DA:9100,0
DA:9101,0
DA:9103,0
DA:9104,0
DA:9106,0
DA:9109,0
DA:9110,0
DA:9112,0
DA:9114,0
DA:9117,0
DA:9151,0
DA:9153,0
DA:9155,0
DA:9167,0
DA:9169,0
DA:9175,0
DA:9176,0
DA:9188,0
DA:9189,0
DA:9190,0
DA:9191,0
DA:9194,0
DA:9195,0
DA:9199,0
DA:9200,0
DA:9201,0
DA:9204,0
DA:9205,0
DA:9206,0
DA:9208,0
DA:9209,0
DA:9214,0
DA:9216,0
DA:9218,0
DA:9231,0
DA:9232,0
DA:9234,0
DA:9236,0
DA:9241,0
DA:9242,0
DA:9244,0
DA:9246,0
DA:9250,0
DA:9253,0
DA:9256,0
DA:9257,0
DA:9258,0
DA:9259,0
DA:9260,0
DA:9262,0
DA:9265,0
DA:9266,0
DA:9268,0
DA:9272,0
DA:9274,0
DA:9275,0
DA:9277,0
DA:9278,0
DA:9281,0
DA:9283,0
DA:9284,0
DA:9286,0
DA:9287,0
DA:9288,0
DA:9289,0
DA:9290,0
DA:9291,0
DA:9292,0
DA:9296,0
DA:9303,0
DA:9305,0
DA:9309,0
DA:9310,0
DA:9315,0
DA:9316,0
DA:9317,0
DA:9321,0
DA:9322,0
DA:9323,0
DA:9327,0
DA:9328,0
DA:9329,0
DA:9332,0
DA:9335,0
DA:9336,0
DA:9337,0
DA:9338,0
DA:9340,0
DA:9341,0
DA:9342,0
DA:9343,0
DA:9344,0
DA:9347,0
DA:9351,0
DA:9355,0
DA:9356,0
DA:9360,0
DA:9361,0
DA:9366,1
DA:9367,0
DA:9374,1
DA:9396,1
DA:9397,1
DA:9398,0
DA:9399,0
DA:9400,0
DA:9401,0
DA:9403,0
DA:9406,0
DA:9407,0
DA:9408,0
DA:9409,0
DA:9410,0
DA:9411,0
DA:9412,0
DA:9414,0
DA:9416,0
DA:9418,0
DA:9419,0
DA:9421,0
DA:9424,0
DA:9427,0
DA:9428,0
DA:9429,0
DA:9431,0
DA:9434,0
DA:9441,1
DA:9443,0
DA:9444,0
DA:9445,0
DA:9449,0
DA:9450,0
DA:9453,0
DA:9456,0
DA:9457,0
DA:9458,0
DA:9459,0
DA:9460,0
DA:9462,0
DA:9464,0
DA:9466,0
DA:9469,0
DA:9473,1
DA:9475,1
DA:9476,0
DA:9477,0
DA:9478,0
DA:9479,0
DA:9480,0
DA:9481,0
DA:9482,0
DA:9483,0
DA:9484,0
DA:9487,0
DA:9491,0
DA:9505,0
DA:9510,0
DA:9511,0
DA:9512,0
DA:9514,0
DA:9515,0
DA:9517,0
DA:9520,0
DA:9521,0
DA:9522,0
DA:9523,0
DA:9524,0
DA:9525,0
DA:9528,1
DA:9532,1
DA:9549,1
DA:9563,0
DA:9565,0
DA:9566,0
DA:9569,0
DA:9575,0
DA:9580,0
DA:9582,0
DA:9583,0
DA:9586,0
DA:9593,0
DA:9600,0
DA:9601,0
DA:9602,0
DA:9604,0
DA:9608,0
DA:9609,0
DA:9610,0
DA:9614,0
DA:9615,0
DA:9617,0
DA:9618,0
DA:9623,0
DA:9625,0
DA:9629,0
DA:9630,0
DA:9631,0
DA:9632,0
DA:9634,0
DA:9635,0
DA:9637,0
DA:9638,0
DA:9640,0
DA:9641,0
DA:9645,0
DA:9648,0
DA:9649,0
DA:9650,0
DA:9654,0
DA:9655,0
DA:9656,0
DA:9660,0
DA:9661,0
DA:9665,0
DA:9666,0
DA:9670,0
DA:9671,0
DA:9674,0
DA:9675,0
DA:9678,0
DA:9679,0
DA:9680,0
DA:9682,0
DA:9686,0
DA:9689,0
DA:9690,0
DA:9692,0
DA:9693,0
DA:9697,0
DA:9699,0
DA:9704,0
DA:9705,0
DA:9706,0
DA:9707,0
DA:9710,0
DA:9712,0
DA:9713,0
DA:9714,0
DA:9715,0
DA:9717,0
DA:9718,0
DA:9723,0
DA:9728,0
DA:9729,0
DA:9730,0
DA:9731,0
DA:9734,0
DA:9737,0
DA:9738,0
DA:9739,0
DA:9743,0
DA:9749,0
DA:9750,0
DA:9751,0
DA:9752,0
DA:9754,0
DA:9757,0
DA:9758,0
DA:9761,0
DA:9762,0
DA:9764,0
DA:9765,0
DA:9766,0
DA:9767,0
DA:9769,0
DA:9771,0
DA:9772,0
DA:9773,0
DA:9774,0
DA:9777,0
DA:9778,0
DA:9783,0
DA:9786,0
DA:9787,0
DA:9788,0
DA:9790,0
DA:9791,0
DA:9792,0
DA:9793,0
DA:9795,0
DA:9798,0
DA:9802,0
DA:9807,0
DA:9808,0
DA:9809,0
DA:9810,0
DA:9811,0
DA:9814,0
DA:9815,0
DA:9823,0
DA:9830,0
DA:9833,1
DA:9836,0
DA:9839,1
DA:9842,0
DA:9845,1
DA:9848,0
DA:9851,1
DA:9854,0
DA:9857,1
DA:9860,0
DA:9863,1
DA:9866,0
DA:9869,1
DA:9872,0
DA:9875,1
DA:9878,0
DA:9881,1
DA:9884,0
DA:9887,1
DA:9890,0
DA:9893,1
DA:9896,0
DA:9900,1
DA:9903,0
DA:9906,1
DA:9909,0
DA:9917,1
DA:9919,1
DA:9922,0
DA:9927,0
DA:9931,1
DA:9936,0
DA:9937,0
DA:9940,0
DA:9945,1
DA:9946,0
DA:9963,1
DA:9965,1
DA:9967,0
DA:9969,0
DA:9970,0
DA:9971,0
DA:9972,0
DA:9974,0
DA:9978,0
DA:9984,1
DA:9985,1
DA:9988,0
DA:9989,0
DA:9990,0
DA:9993,1
DA:9999,0
DA:10002,0
DA:10005,0
DA:10008,0
DA:10011,0
DA:10014,0
DA:10019,0
DA:10023,0
DA:10024,0
DA:10025,0
DA:10028,0
DA:10029,0
DA:10030,0
DA:10033,0
DA:10034,0
LF:3652
LH:439
BRDA:3,0,0,1
BRDA:3,0,1,0
BRDA:3,1,0,1
BRDA:3,1,1,1
BRDA:5,2,0,0
BRDA:5,2,1,0
BRDA:5,3,0,0
BRDA:5,3,1,0
BRDA:9,4,0,0
BRDA:9,4,1,0
BRDA:11,5,0,0
BRDA:11,5,1,0
BRDA:13,6,0,0
BRDA:13,6,1,0
BRDA:24,7,0,17
BRDA:24,7,1,3
BRDA:25,8,0,0
BRDA:25,8,1,17
BRDA:26,9,0,0
BRDA:26,9,1,0
BRDA:27,10,0,0
BRDA:27,10,1,0
BRDA:27,11,0,0
BRDA:27,11,1,0
BRDA:28,12,0,0
BRDA:28,12,1,0
BRDA:35,13,0,19
BRDA:35,13,1,0
BRDA:41,14,0,1
BRDA:41,14,1,1
BRDA:49,15,0,0
BRDA:49,15,1,0
BRDA:55,16,0,0
BRDA:55,16,1,0
BRDA:59,17,0,0
BRDA:59,17,1,0
BRDA:61,18,0,0
BRDA:61,18,1,0
BRDA:65,19,0,0
BRDA:65,19,1,0
BRDA:67,20,0,0
BRDA:67,20,1,0
BRDA:71,21,0,0
BRDA:71,21,1,0
BRDA:80,22,0,0
BRDA:80,22,1,0
BRDA:84,23,0,0
BRDA:84,23,1,0
BRDA:87,24,0,0
BRDA:87,24,1,0
BRDA:91,25,0,0
BRDA:91,25,1,0
BRDA:93,26,0,0
BRDA:93,26,1,0
BRDA:133,27,0,0
BRDA:133,27,1,0
BRDA:137,28,0,0
BRDA:137,28,1,0
BRDA:137,28,2,0
BRDA:145,29,0,0
BRDA:145,29,1,0
BRDA:146,30,0,0
BRDA:146,30,1,0
BRDA:152,31,0,0
BRDA:152,31,1,0
BRDA:152,32,0,0
BRDA:152,32,1,0
BRDA:152,32,2,0
BRDA:154,33,0,0
BRDA:154,33,1,0
BRDA:164,34,0,0
BRDA:164,34,1,0
BRDA:164,35,0,0
BRDA:164,35,1,0
BRDA:164,35,2,0
BRDA:165,36,0,0
BRDA:165,36,1,0
BRDA:165,37,0,0
BRDA:165,37,1,0
BRDA:166,38,0,0
BRDA:166,38,1,0
BRDA:177,39,0,0
BRDA:177,39,1,0
BRDA:189,40,0,0
BRDA:189,40,1,0
BRDA:196,41,0,0
BRDA:196,41,1,0
BRDA:299,42,0,1
BRDA:299,42,1,0
BRDA:300,43,0,1
BRDA:300,43,1,0
BRDA:311,44,0,1
BRDA:311,44,1,0
BRDA:314,45,0,1
BRDA:314,45,1,0
BRDA:320,46,0,0
BRDA:320,46,1,1
BRDA:326,47,0,1
BRDA:326,47,1,3
BRDA:327,48,0,1
BRDA:327,48,1,0
BRDA:342,49,0,2
BRDA:342,49,1,0
BRDA:346,50,0,1
BRDA:346,50,1,0
BRDA:352,51,0,0
BRDA:352,51,1,1
BRDA:352,52,0,1
BRDA:352,52,1,1
BRDA:360,53,0,1
BRDA:360,53,1,0
BRDA:360,54,0,1
BRDA:360,54,1,1
BRDA:364,55,0,0
BRDA:364,55,1,1
BRDA:365,56,0,1
BRDA:365,56,1,0
BRDA:371,57,0,1
BRDA:371,57,1,0
BRDA:372,58,0,1
BRDA:372,58,1,0
BRDA:376,59,0,0
BRDA:376,59,1,1
BRDA:376,60,0,1
BRDA:376,60,1,1
BRDA:376,60,2,1
BRDA:386,61,0,1
BRDA:386,61,1,0
BRDA:390,62,0,1
BRDA:390,62,1,0
BRDA:390,63,0,1
BRDA:390,63,1,1
BRDA:390,63,2,0
BRDA:392,64,0,1
BRDA:392,64,1,0
BRDA:393,65,0,1
BRDA:393,65,1,0
BRDA:398,66,0,0
BRDA:398,66,1,0
BRDA:398,67,0,0
BRDA:398,67,1,0
BRDA:402,68,0,0
BRDA:402,68,1,0
BRDA:402,69,0,0
BRDA:402,69,1,0
BRDA:402,69,2,0
BRDA:409,70,0,0
BRDA:409,70,1,0
BRDA:409,71,0,0
BRDA:409,71,1,0
BRDA:423,72,0,0
BRDA:423,72,1,0
BRDA:424,73,0,0
BRDA:424,73,1,0
BRDA:432,74,0,0
BRDA:432,74,1,0
BRDA:443,75,0,0
BRDA:443,75,1,0
BRDA:444,76,0,0
BRDA:444,76,1,0
BRDA:445,77,0,0
BRDA:445,77,1,0
BRDA:455,78,0,0
BRDA:455,78,1,0
BRDA:457,79,0,0
BRDA:457,79,1,0
BRDA:465,80,0,0
BRDA:465,80,1,0
BRDA:472,81,0,0
BRDA:472,81,1,0
BRDA:481,82,0,0
BRDA:481,82,1,0
BRDA:482,83,0,0
BRDA:482,83,1,0
BRDA:488,84,0,0
BRDA:488,84,1,0
BRDA:488,85,0,0
BRDA:488,85,1,0
BRDA:489,86,0,0
BRDA:489,86,1,0
BRDA:490,87,0,0
BRDA:490,87,1,0
BRDA:491,88,0,0
BRDA:491,88,1,0
BRDA:498,89,0,0
BRDA:498,89,1,0
BRDA:502,90,0,1
BRDA:502,90,1,0
BRDA:509,91,0,1
BRDA:509,91,1,0
BRDA:515,92,0,0
BRDA:515,92,1,0
BRDA:523,93,0,0
BRDA:523,93,1,0
BRDA:559,94,0,0
BRDA:559,94,1,0
BRDA:564,95,0,0
BRDA:564,95,1,0
BRDA:567,96,0,0
BRDA:567,96,1,0
BRDA:569,97,0,0
BRDA:569,97,1,0
BRDA:572,98,0,0
BRDA:572,98,1,0
BRDA:574,99,0,0
BRDA:574,99,1,0
BRDA:577,100,0,0
BRDA:577,100,1,0
BRDA:604,101,0,0
BRDA:604,101,1,0
BRDA:608,102,0,0
BRDA:608,102,1,0
BRDA:612,103,0,0
BRDA:612,103,1,0
BRDA:709,104,0,2
BRDA:709,104,1,2
BRDA:709,104,2,2
BRDA:709,104,3,2
BRDA:709,104,4,2
BRDA:714,105,0,0
BRDA:714,105,1,0
BRDA:721,106,0,1
BRDA:721,106,1,13
BRDA:723,107,0,0
BRDA:723,107,1,0
BRDA:732,108,0,0
BRDA:732,108,1,0
BRDA:732,109,0,0
BRDA:732,109,1,0
BRDA:746,110,0,0
BRDA:746,110,1,0
BRDA:746,111,0,0
BRDA:746,111,1,0
BRDA:766,112,0,1
BRDA:766,112,1,1
BRDA:767,113,0,1
BRDA:767,113,1,1
BRDA:771,114,0,2
BRDA:771,114,1,9
BRDA:772,115,0,1
BRDA:772,115,1,1
BRDA:777,116,0,0
BRDA:777,116,1,9
BRDA:777,117,0,9
BRDA:777,117,1,9
BRDA:777,117,2,9
BRDA:778,118,0,0
BRDA:778,118,1,0
BRDA:788,119,0,1
BRDA:788,119,1,1
BRDA:790,120,0,0
BRDA:790,120,1,1
BRDA:790,121,0,1
BRDA:790,121,1,1
BRDA:790,121,2,1
BRDA:792,122,0,0
BRDA:792,122,1,1
BRDA:795,123,0,0
BRDA:795,123,1,1
BRDA:798,124,0,0
BRDA:798,124,1,1
BRDA:802,125,0,0
BRDA:802,125,1,1
BRDA:802,126,0,1
BRDA:802,126,1,1
BRDA:802,126,2,1
BRDA:809,127,0,1
BRDA:809,127,1,0
BRDA:809,128,0,1
BRDA:809,128,1,1
BRDA:809,128,2,0
BRDA:817,129,0,0
BRDA:817,129,1,1
BRDA:818,130,0,0
BRDA:818,130,1,1
BRDA:820,131,0,0
BRDA:820,131,1,1
BRDA:821,132,0,0
BRDA:821,132,1,0
BRDA:821,133,0,0
BRDA:821,133,1,0
BRDA:834,134,0,1
BRDA:834,134,1,0
BRDA:834,135,0,1
BRDA:834,135,1,0
BRDA:843,136,0,1
BRDA:843,136,1,0
BRDA:850,137,0,1
BRDA:850,137,1,0
BRDA:854,138,0,0
BRDA:854,138,1,0
BRDA:856,139,0,0
BRDA:856,139,1,0
BRDA:863,140,0,0
BRDA:863,140,1,0
BRDA:867,141,0,0
BRDA:867,141,1,0
BRDA:874,142,0,0
BRDA:874,142,1,0
BRDA:874,143,0,0
BRDA:874,143,1,0
BRDA:874,143,2,0
BRDA:874,143,3,0
BRDA:883,144,0,0
BRDA:883,144,1,0
BRDA:885,145,0,0
BRDA:885,145,1,0
BRDA:885,146,0,0
BRDA:885,146,1,0
BRDA:889,147,0,0
BRDA:889,147,1,0
BRDA:897,148,0,0
BRDA:897,148,1,0
BRDA:900,149,0,0
BRDA:900,149,1,0
BRDA:903,150,0,0
BRDA:903,150,1,0
BRDA:911,151,0,0
BRDA:911,151,1,0
BRDA:915,152,0,0
BRDA:915,152,1,0
BRDA:915,153,0,0
BRDA:915,153,1,0
BRDA:924,154,0,0
BRDA:924,154,1,0
BRDA:928,155,0,0
BRDA:928,155,1,0
BRDA:928,156,0,0
BRDA:928,156,1,0
BRDA:937,157,0,0
BRDA:937,157,1,0
BRDA:937,158,0,0
BRDA:937,158,1,0
BRDA:942,159,0,0
BRDA:942,159,1,0
BRDA:942,160,0,0
BRDA:942,160,1,0
BRDA:951,161,0,0
BRDA:951,161,1,0
BRDA:952,162,0,0
BRDA:952,162,1,0
BRDA:957,163,0,0
BRDA:957,163,1,0
BRDA:965,164,0,0
BRDA:965,164,1,0
BRDA:973,165,0,0
BRDA:973,165,1,0
BRDA:982,166,0,0
BRDA:982,166,1,0
BRDA:986,167,0,0
BRDA:986,167,1,0
BRDA:994,168,0,0
BRDA:994,168,1,0
BRDA:999,169,0,0
BRDA:999,169,1,0
BRDA:1012,170,0,0
BRDA:1012,170,1,0
BRDA:1022,171,0,0
BRDA:1022,171,1,0
BRDA:1028,172,0,0
BRDA:1028,172,1,0
BRDA:1033,173,0,0
BRDA:1033,173,1,0
BRDA:1040,174,0,0
BRDA:1040,174,1,0
BRDA:1040,175,0,0
BRDA:1040,175,1,0
BRDA:1042,176,0,0
BRDA:1042,176,1,0
BRDA:1042,177,0,0
BRDA:1042,177,1,0
BRDA:1051,178,0,0
BRDA:1051,178,1,0
BRDA:1051,179,0,0
BRDA:1051,179,1,0
BRDA:1051,179,2,0
BRDA:1053,180,0,0
BRDA:1053,180,1,0
BRDA:1053,181,0,0
BRDA:1053,181,1,0
BRDA:1053,181,2,0
BRDA:1065,182,0,0
BRDA:1065,182,1,0
BRDA:1065,183,0,0
BRDA:1065,183,1,0
BRDA:1065,183,2,0
BRDA:1078,184,0,0
BRDA:1078,184,1,0
BRDA:1078,185,0,0
BRDA:1078,185,1,0
BRDA:1092,186,0,0
BRDA:1092,186,1,0
BRDA:1092,187,0,0
BRDA:1092,187,1,0
BRDA:1092,187,2,0
BRDA:1104,188,0,0
BRDA:1104,188,1,0
BRDA:1104,189,0,0
BRDA:1104,189,1,0
BRDA:1119,190,0,0
BRDA:1119,190,1,0
BRDA:1121,191,0,0
BRDA:1121,191,1,0
BRDA:1123,192,0,0
BRDA:1123,192,1,0
BRDA:1136,193,0,0
BRDA:1136,193,1,0
BRDA:1141,194,0,0
BRDA:1141,194,1,0
BRDA:1152,195,0,0
BRDA:1152,195,1,0
BRDA:1154,196,0,0
BRDA:1154,196,1,0
BRDA:1154,197,0,0
BRDA:1154,197,1,0
BRDA:1158,198,0,0
BRDA:1158,198,1,0
BRDA:1158,199,0,0
BRDA:1158,199,1,0
BRDA:1158,199,2,0
BRDA:1158,199,3,0
BRDA:1158,199,4,0
BRDA:1158,199,5,0
BRDA:1159,200,0,0
BRDA:1159,200,1,0
BRDA:1160,201,0,0
BRDA:1160,201,1,0
BRDA:1161,202,0,0
BRDA:1161,202,1,0
BRDA:1162,203,0,0
BRDA:1162,203,1,0
BRDA:1177,204,0,0
BRDA:1177,204,1,0
BRDA:1192,205,0,0
BRDA:1192,205,1,0
BRDA:1195,206,0,0
BRDA:1195,206,1,0
BRDA:1195,207,0,0
BRDA:1195,207,1,0
BRDA:1196,208,0,0
BRDA:1196,208,1,0
BRDA:1206,209,0,0
BRDA:1206,209,1,0
BRDA:1209,210,0,0
BRDA:1209,210,1,0
BRDA:1209,211,0,0
BRDA:1209,211,1,0
BRDA:1209,211,2,0
BRDA:1209,211,3,0
BRDA:1209,211,4,0
BRDA:1209,211,5,0
BRDA:1210,212,0,0
BRDA:1210,212,1,0
BRDA:1220,213,0,0
BRDA:1220,213,1,1
BRDA:1224,214,0,1
BRDA:1224,214,1,0
BRDA:1225,215,0,1
BRDA:1225,215,1,0
BRDA:1226,216,0,1
BRDA:1226,216,1,0
BRDA:1232,217,0,0
BRDA:1232,217,1,0
BRDA:1250,218,0,0
BRDA:1250,218,1,1
BRDA:1257,219,0,19
BRDA:1257,219,1,18
BRDA:1259,220,0,11
BRDA:1259,220,1,7
BRDA:1261,221,0,2
BRDA:1261,221,1,5
BRDA:1263,222,0,1
BRDA:1263,222,1,4
BRDA:1265,223,0,1
BRDA:1265,223,1,3
BRDA:1267,224,0,1
BRDA:1267,224,1,2
BRDA:1269,225,0,1
BRDA:1269,225,1,1
BRDA:1271,226,0,0
BRDA:1271,226,1,1
BRDA:1278,227,0,1
BRDA:1278,227,1,0
BRDA:1280,228,0,0
BRDA:1280,228,1,0
BRDA:1282,229,0,0
BRDA:1282,229,1,0
BRDA:1284,230,0,0
BRDA:1284,230,1,0
BRDA:1286,231,0,0
BRDA:1286,231,1,0
BRDA:1288,232,0,0
BRDA:1288,232,1,0
BRDA:1290,233,0,0
BRDA:1290,233,1,0
BRDA:1297,234,0,0
BRDA:1297,234,1,0
BRDA:1299,235,0,0
BRDA:1299,235,1,0
BRDA:1306,236,0,0
BRDA:1306,236,1,0
BRDA:1313,237,0,0
BRDA:1313,237,1,0
BRDA:1315,238,0,0
BRDA:1315,238,1,0
BRDA:1317,239,0,0
BRDA:1317,239,1,0
BRDA:1319,240,0,0
[...]
DA:260,0
DA:266,0
DA:276,0
DA:290,5
DA:291,5
DA:292,4
DA:294,3
DA:298,3
DA:299,1
DA:302,3
DA:303,0
DA:306,3
DA:307,3
DA:308,2
DA:309,2
DA:310,2
DA:313,1
DA:316,0
DA:320,9
DA:322,9
DA:323,11
DA:324,5
DA:327,11
DA:328,8
DA:331,3
DA:332,1
DA:335,2
DA:338,9
DA:339,2
DA:340,2
DA:341,2
DA:344,7
DA:345,3
DA:348,4
DA:351,1
LF:112
LH:31
BRDA:94,0,0,0
BRDA:94,0,1,0
BRDA:96,1,0,0
BRDA:96,1,1,0
BRDA:100,2,0,0
BRDA:100,2,1,0
BRDA:100,3,0,0
BRDA:100,3,1,0
BRDA:105,4,0,0
BRDA:105,4,1,0
BRDA:109,5,0,0
BRDA:109,5,1,0
BRDA:109,6,0,0
BRDA:109,6,1,0
BRDA:117,7,0,0
BRDA:117,7,1,0
BRDA:120,8,0,0
BRDA:120,8,1,0
BRDA:125,9,0,0
BRDA:125,9,1,0
BRDA:136,10,0,0
BRDA:136,10,1,0
BRDA:145,11,0,0
BRDA:145,11,1,0
BRDA:145,12,0,0
BRDA:145,12,1,0
BRDA:149,13,0,0
BRDA:149,13,1,0
BRDA:149,13,2,0
BRDA:149,13,3,0
BRDA:149,13,4,0
BRDA:149,13,5,0
BRDA:149,13,6,0
BRDA:163,14,0,0
BRDA:163,14,1,0
BRDA:187,15,0,0
BRDA:187,15,1,0
BRDA:195,16,0,0
BRDA:195,16,1,0
BRDA:201,17,0,0
BRDA:201,17,1,0
BRDA:207,18,0,0
BRDA:207,18,1,0
BRDA:207,19,0,0
BRDA:207,19,1,0
BRDA:220,20,0,0
BRDA:220,20,1,0
BRDA:224,21,0,0
BRDA:224,21,1,0
BRDA:232,22,0,0
BRDA:232,22,1,0
BRDA:233,23,0,0
BRDA:233,23,1,0
BRDA:233,24,0,0
BRDA:233,24,1,0
BRDA:238,25,0,0
BRDA:238,25,1,0
BRDA:253,26,0,0
BRDA:253,26,1,0
BRDA:263,27,0,0
BRDA:263,27,1,0
BRDA:283,28,0,0
BRDA:283,28,1,0
BRDA:290,29,0,0
BRDA:290,29,1,5
BRDA:291,30,0,1
BRDA:291,30,1,4
BRDA:292,31,0,1
BRDA:292,31,1,3
BRDA:298,32,0,1
BRDA:298,32,1,2
BRDA:298,33,0,3
BRDA:298,33,1,3
BRDA:302,34,0,0
BRDA:302,34,1,3
BRDA:306,35,0,3
BRDA:306,35,1,0
BRDA:307,36,0,2
BRDA:307,36,1,1
BRDA:323,37,0,5
BRDA:323,37,1,6
BRDA:323,38,0,11
BRDA:323,38,1,9
BRDA:323,38,2,6
BRDA:327,39,0,8
BRDA:327,39,1,3
BRDA:331,40,0,1
BRDA:331,40,1,2
BRDA:331,41,0,3
BRDA:331,41,1,1
BRDA:338,42,0,2
BRDA:338,42,1,7
BRDA:338,43,0,9
BRDA:338,43,1,5
BRDA:344,44,0,3
BRDA:344,44,1,4
BRF:96
BRH:30
end_of_record
TN:
SF:/Users/Elf/ReactNative/payever-mobile-rn/src/common/ui/images/index.js
FN:13,getIconByUrl
FNF:1
FNH:0
FNDA:0,getIconByUrl
DA:14,0
DA:16,0
DA:17,0
LF:3
LH:0
BRDA:14,0,0,0
BRDA:14,0,1,0
BRF:2
BRH:0
end_of_record
TN:
SF:/Users/Elf/ReactNative/payever-mobile-rn/src/common/ui/images/app-icons/index.js
FNF:0
FNH:0
LF:0
LH:0
BRF:0
BRH:0
end_of_record
TN:
SF:/Users/Elf/ReactNative/payever-mobile-rn/src/common/utils/format.js
FNF:0
FNH:0
DA:5,5
DA:6,5
DA:10,0
DA:17,6
DA:18,5
DA:19,5
DA:28,5
LF:7
LH:6
BRDA:4,0,0,4
BRDA:5,1,0,5
BRDA:5,1,1,0
BRDA:17,2,0,1
BRDA:17,2,1,5
BRF:5
BRH:4
end_of_record
TN:
SF:/Users/Elf/ReactNative/payever-mobile-rn/src/config/_autogenerated.js
FNF:0
FNH:0
LF:0
LH:0
BRF:0
BRH:0
end_of_record
TN:
SF:/Users/Elf/ReactNative/payever-mobile-rn/src/config/index.js
FN:19,(anonymous_0)
FNF:1
FNH:1
FNDA:1,(anonymous_0)
DA:20,1
DA:21,1
LF:2
LH:2
BRDA:20,0,0,1
BRDA:20,0,1,1
BRF:2
BRH:2
end_of_record
TN:
SF:/Users/Elf/ReactNative/payever-mobile-rn/src/store/communication/SocketHandlers.js
FN:12,(anonymous_0)
FN:17,(anonymous_1)
FN:22,(anonymous_2)
FN:30,(anonymous_3)
FN:34,(anonymous_4)
FN:38,(anonymous_5)
FN:42,(anonymous_6)
FN:52,(anonymous_7)
FN:59,(anonymous_8)
FNF:9
FNH:0
FNDA:0,(anonymous_0)
FNDA:0,(anonymous_1)
FNDA:0,(anonymous_2)
FNDA:0,(anonymous_3)
FNDA:0,(anonymous_4)
FNDA:0,(anonymous_5)
FNDA:0,(anonymous_6)
FNDA:0,(anonymous_7)
FNDA:0,(anonymous_8)
DA:13,0
DA:14,0
DA:18,0
DA:19,0
DA:22,0
DA:23,0
DA:24,0
DA:25,0
DA:31,0
DA:35,0
DA:39,0
DA:43,0
DA:44,0
DA:47,0
DA:48,0
DA:53,0
DA:54,0
DA:56,0
DA:57,0
DA:59,0
DA:60,0
LF:21
LH:0
BRDA:18,0,0,0
BRDA:18,0,1,0
BRDA:24,1,0,0
BRDA:24,1,1,0
BRDA:43,2,0,0
BRDA:43,2,1,0
BRDA:43,3,0,0
BRDA:43,3,1,0
BRDA:54,4,0,0
BRDA:54,4,1,0
BRDA:57,5,0,0
BRDA:57,5,1,0
BRF:12
BRH:0
end_of_record
TN:
SF:/Users/Elf/ReactNative/payever-mobile-rn/src/store/communication/index.js
FN:67,(anonymous_0)
FN:76,(anonymous_1)
FN:81,(anonymous_2)
FN:87,(anonymous_3)
FN:100,(anonymous_4)
FN:115,(anonymous_5)
FN:124,(anonymous_6)
FN:150,(anonymous_7)
FN:163,(anonymous_8)
FN:179,(anonymous_9)
FN:184,(anonymous_10)
FN:203,(anonymous_11)
FN:216,(anonymous_12)
FN:223,(anonymous_13)
FN:230,(anonymous_14)
FN:233,(anonymous_15)
FN:238,(anonymous_16)
FN:263,(anonymous_17)
FN:304,(anonymous_18)
FN:318,(anonymous_19)
FN:330,(anonymous_20)
FN:335,(anonymous_21)
FN:338,(anonymous_22)
FN:340,(anonymous_23)
FN:347,(anonymous_24)
FN:352,(anonymous_25)
FN:363,(anonymous_26)
FN:368,(anonymous_27)
FN:373,(anonymous_28)
FN:378,(anonymous_29)
FN:384,(anonymous_30)
FN:392,(anonymous_31)
FN:397,(anonymous_32)
FN:406,(anonymous_33)
FN:407,(anonymous_34)
FN:426,(anonymous_35)
FN:431,(anonymous_36)
FN:432,(anonymous_37)
FN:439,(anonymous_38)
FN:446,(anonymous_39)
FN:481,(anonymous_40)
FN:490,(anonymous_41)
FN:491,(anonymous_42)
FN:499,(anonymous_43)
FN:509,(anonymous_44)
FN:511,(anonymous_45)
FN:519,(anonymous_46)
FN:520,(anonymous_47)
FN:528,(anonymous_48)
FN:531,(anonymous_49)
FN:539,(anonymous_50)
FN:546,(anonymous_51)
FN:555,(anonymous_52)
FN:557,(anonymous_53)
FN:562,(anonymous_54)
FN:569,(anonymous_55)
FN:570,(anonymous_56)
FN:574,(anonymous_57)
FN:581,(anonymous_58)
FN:583,(anonymous_59)
FN:587,(anonymous_60)
FN:592,(anonymous_61)
FN:597,(anonymous_62)
FN:602,(anonymous_63)
FN:607,(anonymous_64)
FN:612,(anonymous_65)
FN:620,(anonymous_66)
FN:635,(anonymous_67)
FN:642,(anonymous_68)
FN:648,(anonymous_69)
FN:653,(anonymous_70)
FN:659,(anonymous_71)
FN:664,(anonymous_72)
FN:679,(anonymous_73)
FN:684,(anonymous_74)
FN:689,(anonymous_75)
FN:694,(anonymous_76)
FN:699,(anonymous_77)
FN:711,(anonymous_78)
FN:715,(anonymous_79)
FN:723,(anonymous_80)
FN:726,(anonymous_81)
FN:736,(anonymous_82)
FN:737,(anonymous_83)
FN:743,(anonymous_84)
FN:749,(anonymous_85)
FN:753,(anonymous_86)
FN:756,(anonymous_87)
FN:771,(anonymous_88)
FN:779,(anonymous_89)
FN:782,(anonymous_90)
FN:788,(anonymous_91)
FN:800,(anonymous_92)
FN:808,(anonymous_93)
FN:820,(anonymous_94)
FN:838,(anonymous_95)
FNF:96
FNH:0
FNDA:0,(anonymous_0)
FNDA:0,(anonymous_1)
FNDA:0,(anonymous_2)
FNDA:0,(anonymous_3)
FNDA:0,(anonymous_4)
FNDA:0,(anonymous_5)
FNDA:0,(anonymous_6)
FNDA:0,(anonymous_7)
FNDA:0,(anonymous_8)
FNDA:0,(anonymous_9)
FNDA:0,(anonymous_10)
FNDA:0,(anonymous_11)
FNDA:0,(anonymous_12)
FNDA:0,(anonymous_13)
FNDA:0,(anonymous_14)
FNDA:0,(anonymous_15)
FNDA:0,(anonymous_16)
FNDA:0,(anonymous_17)
FNDA:0,(anonymous_18)
FNDA:0,(anonymous_19)
FNDA:0,(anonymous_20)
FNDA:0,(anonymous_21)
FNDA:0,(anonymous_22)
FNDA:0,(anonymous_23)
FNDA:0,(anonymous_24)
FNDA:0,(anonymous_25)
FNDA:0,(anonymous_26)
FNDA:0,(anonymous_27)
FNDA:0,(anonymous_28)
FNDA:0,(anonymous_29)
FNDA:0,(anonymous_30)
FNDA:0,(anonymous_31)
FNDA:0,(anonymous_32)
FNDA:0,(anonymous_33)
FNDA:0,(anonymous_34)
FNDA:0,(anonymous_35)
FNDA:0,(anonymous_36)
FNDA:0,(anonymous_37)
FNDA:0,(anonymous_38)
FNDA:0,(anonymous_39)
FNDA:0,(anonymous_40)
FNDA:0,(anonymous_41)
FNDA:0,(anonymous_42)
FNDA:0,(anonymous_43)
FNDA:0,(anonymous_44)
FNDA:0,(anonymous_45)
FNDA:0,(anonymous_46)
FNDA:0,(anonymous_47)
FNDA:0,(anonymous_48)
FNDA:0,(anonymous_49)
FNDA:0,(anonymous_50)
FNDA:0,(anonymous_51)
FNDA:0,(anonymous_52)
FNDA:0,(anonymous_53)
FNDA:0,(anonymous_54)
FNDA:0,(anonymous_55)
FNDA:0,(anonymous_56)
FNDA:0,(anonymous_57)
FNDA:0,(anonymous_58)
FNDA:0,(anonymous_59)
FNDA:0,(anonymous_60)
FNDA:0,(anonymous_61)
FNDA:0,(anonymous_62)
FNDA:0,(anonymous_63)
FNDA:0,(anonymous_64)
FNDA:0,(anonymous_65)
FNDA:0,(anonymous_66)
FNDA:0,(anonymous_67)
FNDA:0,(anonymous_68)
FNDA:0,(anonymous_69)
FNDA:0,(anonymous_70)
FNDA:0,(anonymous_71)
FNDA:0,(anonymous_72)
FNDA:0,(anonymous_73)
FNDA:0,(anonymous_74)
FNDA:0,(anonymous_75)
FNDA:0,(anonymous_76)
FNDA:0,(anonymous_77)
FNDA:0,(anonymous_78)
FNDA:0,(anonymous_79)
FNDA:0,(anonymous_80)
FNDA:0,(anonymous_81)
FNDA:0,(anonymous_82)
FNDA:0,(anonymous_83)
FNDA:0,(anonymous_84)
FNDA:0,(anonymous_85)
FNDA:0,(anonymous_86)
FNDA:0,(anonymous_87)
FNDA:0,(anonymous_88)
FNDA:0,(anonymous_89)
FNDA:0,(anonymous_90)
FNDA:0,(anonymous_91)
FNDA:0,(anonymous_92)
FNDA:0,(anonymous_93)
FNDA:0,(anonymous_94)
FNDA:0,(anonymous_95)
DA:25,1
DA:68,0
DA:69,0
DA:72,0
DA:73,0
DA:77,0
DA:82,0
DA:83,0
DA:88,0
DA:91,0
DA:92,0
DA:95,0
DA:98,0
DA:101,0
DA:102,0
DA:104,0
DA:105,0
DA:106,0
DA:109,0
DA:116,0
DA:117,0
DA:118,0
DA:120,0
DA:125,0
DA:129,0
DA:133,0
DA:135,0
DA:136,0
DA:137,0
DA:140,0
DA:143,0
DA:144,0
DA:151,0
DA:152,0
DA:154,0
DA:155,0
DA:158,0
DA:159,0
DA:164,0
DA:165,0
DA:166,0
DA:167,0
DA:169,0
DA:172,0
DA:173,0
DA:180,0
DA:181,0
DA:182,0
DA:183,0
DA:184,0
DA:187,0
DA:188,0
DA:189,0
DA:190,0
DA:194,0
DA:195,0
DA:196,0
DA:204,0
DA:206,0
DA:207,0
DA:208,0
DA:212,0
DA:217,0
DA:218,0
DA:220,0
DA:224,0
DA:231,0
DA:232,0
DA:233,0
DA:239,0
DA:241,0
DA:243,0
DA:249,0
DA:250,0
DA:251,0
DA:254,0
DA:255,0
DA:256,0
DA:259,0
DA:268,0
DA:270,0
DA:271,0
DA:272,0
DA:275,0
DA:287,0
DA:289,0
DA:291,0
DA:305,0
DA:314,0
DA:319,0
DA:320,0
DA:321,0
DA:322,0
DA:324,0
DA:331,0
DA:336,0
DA:337,0
DA:339,0
DA:340,0
DA:341,0
DA:348,0
DA:354,0
DA:355,0
DA:356,0
DA:357,0
DA:359,0
DA:364,0
DA:369,0
DA:374,0
DA:379,0
DA:380,0
DA:382,0
DA:385,0
DA:386,0
DA:387,0
DA:393,0
DA:394,0
DA:398,0
DA:399,0
DA:401,0
DA:402,0
DA:403,0
DA:405,0
DA:406,0
DA:407,0
DA:410,0
DA:427,0
DA:432,0
DA:433,0
DA:434,0
DA:436,0
DA:439,0
DA:440,0
DA:441,0
DA:447,0
DA:450,0
DA:451,0
DA:452,0
DA:455,0
DA:458,0
DA:460,0
DA:461,0
DA:464,0
DA:465,0
DA:467,0
DA:468,0
DA:472,0
DA:474,0
DA:475,0
DA:482,0
DA:483,0
DA:491,0
DA:492,0
DA:495,0
DA:500,0
DA:501,0
DA:502,0
DA:505,0
DA:506,0
DA:509,0
DA:510,0
DA:511,0
DA:515,0
DA:520,0
DA:521,0
DA:522,0
DA:529,0
DA:531,0
DA:532,0
DA:533,0
DA:540,0
DA:542,0
DA:547,0
DA:549,0
DA:556,0
DA:557,0
DA:563,0
DA:570,0
DA:575,0
DA:577,0
DA:582,0
DA:583,0
DA:591,0
DA:592,0
DA:598,0
DA:603,0
DA:608,0
DA:609,0
DA:611,0
DA:613,0
DA:619,0
DA:620,0
DA:621,0
DA:625,0
DA:636,0
DA:637,0
DA:643,0
DA:645,0
DA:648,0
DA:654,0
DA:656,0
DA:659,0
DA:665,0
DA:667,0
DA:671,0
DA:672,0
DA:673,0
DA:674,0
DA:680,0
DA:681,0
DA:684,0
DA:690,0
DA:691,0
DA:694,0
DA:700,0
DA:701,0
DA:702,0
DA:703,0
DA:704,0
DA:707,0
DA:712,0
DA:714,0
DA:716,0
DA:717,0
DA:724,0
DA:725,0
DA:727,0
DA:730,0
DA:737,0
DA:738,0
DA:739,0
DA:742,0
DA:743,0
DA:744,0
DA:750,0
DA:752,0
DA:755,0
DA:756,0
DA:759,0
DA:760,0
DA:761,0
DA:764,0
DA:765,0
DA:767,0
DA:770,0
DA:771,0
DA:780,0
DA:781,0
DA:783,0
DA:784,0
DA:787,0
DA:789,0
DA:793,0
DA:795,0
DA:801,0
DA:802,0
DA:803,0
DA:809,0
DA:810,0
DA:812,0
DA:821,0
DA:823,0
DA:824,0
DA:827,0
DA:833,0
DA:835,0
DA:836,0
DA:838,0
DA:839,0
LF:269
LH:1
BRDA:91,0,0,0
BRDA:91,0,1,0
BRDA:104,1,0,0
BRDA:104,1,1,0
BRDA:104,2,0,0
BRDA:104,2,1,0
BRDA:115,3,0,0
BRDA:135,4,0,0
BRDA:135,4,1,0
BRDA:152,5,0,0
BRDA:152,5,1,0
BRDA:154,6,0,0
BRDA:154,6,1,0
BRDA:154,7,0,0
BRDA:154,7,1,0
BRDA:165,8,0,0
BRDA:165,8,1,0
BRDA:167,9,0,0
BRDA:167,9,1,0
BRDA:172,10,0,0
BRDA:172,10,1,0
BRDA:180,11,0,0
BRDA:180,11,1,0
BRDA:183,12,0,0
BRDA:183,12,1,0
BRDA:187,13,0,0
BRDA:187,13,1,0
BRDA:189,14,0,0
BRDA:189,14,1,0
BRDA:194,15,0,0
BRDA:194,15,1,0
BRDA:204,16,0,0
BRDA:204,16,1,0
BRDA:206,17,0,0
BRDA:206,17,1,0
BRDA:238,18,0,0
BRDA:249,19,0,0
BRDA:249,19,1,0
BRDA:255,20,0,0
BRDA:255,20,1,0
BRDA:255,21,0,0
BRDA:255,21,1,0
BRDA:266,22,0,0
BRDA:271,23,0,0
BRDA:271,23,1,0
BRDA:271,24,0,0
BRDA:271,24,1,0
BRDA:320,25,0,0
BRDA:320,25,1,0
BRDA:321,26,0,0
BRDA:321,26,1,0
BRDA:339,27,0,0
BRDA:339,27,1,0
BRDA:401,28,0,0
BRDA:401,28,1,0
BRDA:402,29,0,0
BRDA:402,29,1,0
BRDA:405,30,0,0
BRDA:405,30,1,0
BRDA:431,31,0,0
BRDA:433,32,0,0
BRDA:433,32,1,0
BRDA:433,33,0,0
BRDA:433,33,1,0
BRDA:434,34,0,0
BRDA:434,34,1,0
BRDA:440,35,0,0
BRDA:440,35,1,0
BRDA:451,36,0,0
BRDA:451,36,1,0
BRDA:458,37,0,0
BRDA:458,37,1,0
BRDA:464,38,0,0
BRDA:464,38,1,0
BRDA:465,39,0,0
BRDA:465,39,1,0
BRDA:465,40,0,0
BRDA:465,40,1,0
BRDA:501,41,0,0
BRDA:501,41,1,0
BRDA:501,42,0,0
BRDA:501,42,1,0
BRDA:505,43,0,0
BRDA:505,43,1,0
BRDA:505,44,0,0
BRDA:505,44,1,0
BRDA:509,45,0,0
BRDA:509,45,1,0
BRDA:521,46,0,0
BRDA:521,46,1,0
BRDA:521,47,0,0
BRDA:521,47,1,0
BRDA:532,48,0,0
BRDA:532,48,1,0
BRDA:532,49,0,0
BRDA:532,49,1,0
BRDA:547,50,0,0
BRDA:547,50,1,0
BRDA:575,51,0,0
BRDA:575,51,1,0
BRDA:592,52,0,0
BRDA:592,52,1,0
BRDA:614,53,0,0
BRDA:614,53,1,0
BRDA:622,54,0,0
BRDA:622,54,1,0
BRDA:623,55,0,0
BRDA:623,55,1,0
BRDA:673,56,0,0
BRDA:673,56,1,0
BRDA:701,57,0,0
BRDA:701,57,1,0
BRDA:703,58,0,0
BRDA:703,58,1,0
BRDA:760,59,0,0
BRDA:760,59,1,0
BRDA:761,60,0,0
BRDA:761,60,1,0
BRDA:764,61,0,0
BRDA:764,61,1,0
BRDA:790,62,0,0
BRDA:790,62,1,0
BRDA:823,63,0,0
BRDA:823,63,1,0
BRDA:823,64,0,0
BRDA:823,64,1,0
BRDA:835,65,0,0
BRDA:835,65,1,0
BRF:128
BRH:0
end_of_record
TN:
SF:/Users/Elf/ReactNative/payever-mobile-rn/src/store/communication/models/Avatar.js
FN:6,(anonymous_0)
FNF:1
FNH:0
FNDA:0,(anonymous_0)
DA:7,0
LF:1
LH:0
BRF:0
BRH:0
end_of_record
TN:
SF:/Users/Elf/ReactNative/payever-mobile-rn/src/store/communication/models/Contact.js
FNF:0
FNH:0
LF:0
LH:0
BRF:0
BRH:0
end_of_record
TN:
SF:/Users/Elf/ReactNative/payever-mobile-rn/src/store/communication/models/Conversation.js
FN:23,(anonymous_0)
FN:24,(anonymous_1)
FN:42,(anonymous_2)
FN:47,(anonymous_3)
FN:54,(anonymous_4)
FN:58,(anonymous_5)
FN:62,(anonymous_6)
FN:69,(anonymous_7)
FN:72,(anonymous_8)
FN:77,(anonymous_9)
FN:86,(anonymous_10)
FN:96,(anonymous_11)
FN:128,(anonymous_12)
FN:144,(anonymous_13)
FN:164,(anonymous_14)
FN:168,(anonymous_15)
FN:170,(anonymous_16)
FN:171,(anonymous_17)
FN:175,(anonymous_18)
FN:177,(anonymous_19)
FN:178,(anonymous_20)
FN:182,(anonymous_21)
FN:189,(anonymous_22)
FN:196,(anonymous_23)
FN:197,(anonymous_24)
FN:204,(anonymous_25)
FN:220,(anonymous_26)
FN:221,(anonymous_27)
FN:225,(anonymous_28)
FNF:29
FNH:0
FNDA:0,(anonymous_0)
FNDA:0,(anonymous_1)
FNDA:0,(anonymous_2)
FNDA:0,(anonymous_3)
FNDA:0,(anonymous_4)
FNDA:0,(anonymous_5)
FNDA:0,(anonymous_6)
FNDA:0,(anonymous_7)
FNDA:0,(anonymous_8)
FNDA:0,(anonymous_9)
FNDA:0,(anonymous_10)
FNDA:0,(anonymous_11)
FNDA:0,(anonymous_12)
FNDA:0,(anonymous_13)
FNDA:0,(anonymous_14)
FNDA:0,(anonymous_15)
FNDA:0,(anonymous_16)
FNDA:0,(anonymous_17)
FNDA:0,(anonymous_18)
FNDA:0,(anonymous_19)
FNDA:0,(anonymous_20)
FNDA:0,(anonymous_21)
FNDA:0,(anonymous_22)
FNDA:0,(anonymous_23)
FNDA:0,(anonymous_24)
FNDA:0,(anonymous_25)
FNDA:0,(anonymous_26)
FNDA:0,(anonymous_27)
FNDA:0,(anonymous_28)
DA:24,0
DA:26,0
DA:27,0
DA:30,0
DA:32,0
DA:37,0
DA:38,0
DA:43,0
DA:48,0
DA:50,0
DA:55,0
DA:57,0
DA:58,0
DA:63,0
DA:64,0
DA:70,0
DA:71,0
DA:72,0
DA:78,0
DA:79,0
DA:82,0
DA:83,0
DA:86,0
DA:87,0
DA:88,0
DA:89,0
DA:92,0
DA:95,0
DA:96,0
DA:97,0
DA:100,0
DA:101,0
DA:103,0
DA:104,0
DA:105,0
DA:108,0
DA:111,0
DA:114,0
DA:115,0
DA:116,0
DA:119,0
DA:122,0
DA:127,0
DA:128,0
DA:131,0
DA:132,0
DA:133,0
DA:136,0
DA:138,0
DA:139,0
DA:145,0
DA:146,0
DA:147,0
DA:150,0
DA:156,0
DA:165,0
DA:169,0
DA:170,0
DA:171,0
DA:176,0
DA:177,0
DA:178,0
DA:185,0
DA:190,0
DA:191,0
DA:197,0
DA:198,0
DA:206,0
DA:207,0
DA:211,0
DA:214,0
DA:216,0
DA:221,0
DA:226,0
LF:74
LH:0
BRDA:24,0,0,0
BRDA:24,0,1,0
BRDA:26,1,0,0
BRDA:26,1,1,0
BRDA:43,2,0,0
BRDA:43,2,1,0
BRDA:48,3,0,0
BRDA:48,3,1,0
BRDA:50,4,0,0
BRDA:50,4,1,0
BRDA:55,5,0,0
BRDA:55,5,1,0
BRDA:57,6,0,0
BRDA:57,6,1,0
BRDA:63,7,0,0
BRDA:63,7,1,0
BRDA:63,8,0,0
BRDA:63,8,1,0
BRDA:70,9,0,0
BRDA:70,9,1,0
BRDA:70,10,0,0
BRDA:70,10,1,0
BRDA:78,11,0,0
BRDA:78,11,1,0
BRDA:82,12,0,0
BRDA:82,12,1,0
BRDA:87,13,0,0
BRDA:87,13,1,0
BRDA:95,14,0,0
BRDA:95,14,1,0
BRDA:100,15,0,0
BRDA:100,15,1,0
BRDA:104,16,0,0
BRDA:104,16,1,0
BRDA:105,17,0,0
BRDA:105,17,1,0
BRDA:115,18,0,0
BRDA:115,18,1,0
BRDA:128,19,0,0
BRDA:128,19,1,0
BRDA:131,20,0,0
BRDA:131,20,1,0
BRDA:138,21,0,0
BRDA:138,21,1,0
BRDA:138,22,0,0
BRDA:138,22,1,0
BRDA:138,22,2,0
BRDA:144,23,0,0
BRDA:145,24,0,0
BRDA:145,24,1,0
BRDA:190,25,0,0
BRDA:190,25,1,0
BRDA:214,26,0,0
BRDA:214,26,1,0
BRDA:214,27,0,0
BRDA:214,27,1,0
BRF:56
BRH:0
end_of_record
TN:
SF:/Users/Elf/ReactNative/payever-mobile-rn/src/store/communication/models/ConversationInfo.js
FN:20,(anonymous_0)
FN:24,(anonymous_1)
FN:29,(anonymous_2)
FN:34,(anonymous_3)
FNF:4
FNH:0
FNDA:0,(anonymous_0)
FNDA:0,(anonymous_1)
FNDA:0,(anonymous_2)
FNDA:0,(anonymous_3)
DA:21,0
DA:25,0
DA:30,0
DA:35,0
LF:4
LH:0
BRF:0
BRH:0
end_of_record
TN:
SF:/Users/Elf/ReactNative/payever-mobile-rn/src/store/communication/models/ConversationSettingsInfo.js
FN:15,(anonymous_0)
FNF:1
FNH:0
FNDA:0,(anonymous_0)
DA:16,0
LF:1
LH:0
BRF:0
BRH:0
end_of_record
TN:
SF:/Users/Elf/ReactNative/payever-mobile-rn/src/store/communication/models/Group.js
FN:18,(anonymous_0)
FN:23,(anonymous_1)
FN:28,(anonymous_2)
FNF:3
FNH:0
FNDA:0,(anonymous_0)
FNDA:0,(anonymous_1)
FNDA:0,(anonymous_2)
DA:19,0
DA:24,0
DA:29,0
LF:3
LH:0
BRDA:24,0,0,0
BRDA:24,0,1,0
BRF:2
BRH:0
end_of_record
TN:
SF:/Users/Elf/ReactNative/payever-mobile-rn/src/store/communication/models/GroupMemberInfo.js
FN:12,(anonymous_0)
FNF:1
FNH:0
FNDA:0,(anonymous_0)
DA:13,0
LF:1
LH:0
BRF:0
BRH:0
end_of_record
TN:
SF:/Users/Elf/ReactNative/payever-mobile-rn/src/store/communication/models/GroupSettingsInfo.js
FN:13,(anonymous_0)
FN:17,(anonymous_1)
FN:21,(anonymous_2)
FN:23,(anonymous_3)
FNF:4
FNH:0
FNDA:0,(anonymous_0)
FNDA:0,(anonymous_1)
FNDA:0,(anonymous_2)
FNDA:0,(anonymous_3)
DA:14,0
DA:18,0
DA:22,0
DA:23,0
LF:4
LH:0
BRF:0
BRH:0
end_of_record
TN:
SF:/Users/Elf/ReactNative/payever-mobile-rn/src/store/communication/models/Media.js
FN:16,(anonymous_0)
FN:21,(anonymous_1)
FNF:2
FNH:0
FNDA:0,(anonymous_0)
FNDA:0,(anonymous_1)
DA:17,0
DA:22,0
LF:2
LH:0
BRF:0
BRH:0
end_of_record
TN:
SF:/Users/Elf/ReactNative/payever-mobile-rn/src/store/communication/models/Message.js
FN:48,(anonymous_0)
FN:53,(anonymous_1)
FNF:2
FNH:0
FNDA:0,(anonymous_0)
FNDA:0,(anonymous_1)
DA:49,0
DA:50,0
DA:52,0
DA:53,0
DA:56,0
LF:5
LH:0
BRDA:49,0,0,0
BRDA:49,0,1,0
BRDA:52,1,0,0
BRDA:52,1,1,0
BRDA:52,2,0,0
BRDA:52,2,1,0
BRF:6
BRH:0
end_of_record
TN:
SF:/Users/Elf/ReactNative/payever-mobile-rn/src/store/communication/models/MessengerInfo.js
FN:23,(anonymous_0)
FN:25,(anonymous_1)
FN:28,(anonymous_2)
FN:41,(anonymous_3)
FN:46,(anonymous_4)
FN:47,(anonymous_5)
FN:51,(anonymous_6)
FN:52,(anonymous_7)
FN:55,(anonymous_8)
FN:67,(anonymous_9)
FN:73,(anonymous_10)
FN:74,(anonymous_11)
FN:77,(anonymous_12)
FNF:13
FNH:0
FNDA:0,(anonymous_0)
FNDA:0,(anonymous_1)
FNDA:0,(anonymous_2)
FNDA:0,(anonymous_3)
FNDA:0,(anonymous_4)
FNDA:0,(anonymous_5)
FNDA:0,(anonymous_6)
FNDA:0,(anonymous_7)
FNDA:0,(anonymous_8)
FNDA:0,(anonymous_9)
FNDA:0,(anonymous_10)
FNDA:0,(anonymous_11)
FNDA:0,(anonymous_12)
DA:24,0
DA:25,0
DA:27,0
DA:28,0
DA:30,0
DA:32,0
DA:33,0
DA:35,0
DA:36,0
DA:38,0
DA:42,0
DA:47,0
DA:52,0
DA:56,0
DA:57,0
DA:60,0
DA:61,0
DA:64,0
DA:68,0
DA:74,0
DA:78,0
DA:79,0
LF:22
LH:0
BRDA:24,0,0,0
BRDA:24,0,1,0
BRDA:27,1,0,0
BRDA:27,1,1,0
BRDA:30,2,0,0
BRDA:30,2,1,0
BRDA:32,3,0,0
BRDA:32,3,1,0
BRDA:56,4,0,0
BRDA:56,4,1,0
BRDA:60,5,0,0
BRDA:60,5,1,0
BRDA:68,6,0,0
BRDA:68,6,1,0
BRDA:68,6,2,0
BRDA:79,7,0,0
BRDA:79,7,1,0
BRF:17
BRH:0
end_of_record
TN:
SF:/Users/Elf/ReactNative/payever-mobile-rn/src/store/communication/models/UserSettings.js
FN:11,(anonymous_0)
FNF:1
FNH:0
FNDA:0,(anonymous_0)
DA:12,0
DA:13,0
DA:14,0
DA:16,0
DA:17,0
DA:18,0
DA:19,0
DA:22,0
LF:8
LH:0
BRDA:12,0,0,0
BRDA:12,0,1,0
BRF:2
BRH:0
end_of_record
TN:
SF:/Users/Elf/ReactNative/payever-mobile-rn/src/store/communication/ui/index.js
FN:13,(anonymous_0)
FN:18,(anonymous_1)
FN:23,(anonymous_2)
FN:28,(anonymous_3)
FN:33,(anonymous_4)
FN:38,(anonymous_5)
FNF:6
FNH:0
FNDA:0,(anonymous_0)
FNDA:0,(anonymous_1)
FNDA:0,(anonymous_2)
FNDA:0,(anonymous_3)
FNDA:0,(anonymous_4)
FNDA:0,(anonymous_5)
DA:14,0
DA:19,0
DA:24,0
DA:29,0
DA:34,0
DA:39,0
LF:6
LH:0
BRF:0
BRH:0
end_of_record
TN:
SF:/Users/Elf/ReactNative/payever-mobile-rn/src/store/offers/models/Offer.js
FN:27,(anonymous_0)
FN:31,(anonymous_1)
FN:49,(anonymous_2)
FN:50,(anonymous_3)
FN:51,(anonymous_4)
FN:61,(anonymous_5)
FN:71,(anonymous_6)
FNF:7
FNH:0
FNDA:0,(anonymous_0)
FNDA:0,(anonymous_1)
FNDA:0,(anonymous_2)
FNDA:0,(anonymous_3)
FNDA:0,(anonymous_4)
FNDA:0,(anonymous_5)
FNDA:0,(anonymous_6)
DA:28,0
DA:29,0
DA:30,0
DA:31,0
DA:34,0
DA:36,0
DA:50,0
DA:51,0
DA:52,0
DA:62,0
DA:72,0
LF:11
LH:0
BRDA:30,0,0,0
BRDA:30,0,1,0
BRDA:30,1,0,0
BRDA:30,1,1,0
BRDA:50,2,0,0
BRDA:50,2,1,0
BRDA:51,3,0,0
BRDA:51,3,1,0
BRF:8
BRH:0
end_of_record
